2024-12-24 23:40:16,934 - INFO - QA: 开始执行 QAFilter3 过滤程序...
2024-12-24 23:40:16,934 - INFO - QA: 当前时间 23:40 晚于收盘时间 16:00，将 2024-12-24 视为处理日期。
2024-12-24 23:40:16,934 - INFO - QA: 处理日期: 2024-12-24
2024-12-24 23:40:16,982 - INFO - QA: 从 Filter2Out.csv 读取到 3805 个股票代码
2024-12-24 23:40:18,012 - INFO - QA: 
过滤结果统计:
2024-12-24 23:40:18,013 - INFO - QA: 过滤前股票数量: 3805
2024-12-24 23:40:18,013 - INFO - QA: 过滤后股票数量: 3604
2024-12-24 23:40:18,013 - INFO - QA: 过滤掉的股票数量: 201
2024-12-24 23:40:18,013 - INFO - QA: 过滤比例: 5.28%
2024-12-24 23:40:18,013 - INFO - QA: 处理耗时: 1.03 秒
2024-12-24 23:40:18,026 - INFO - QA: 过滤结果已保存到数据库
2024-12-24 23:40:18,032 - INFO - QA: 已将过滤后的股票保存至 Filter3Out.csv
2024-12-24 23:40:18,032 - INFO - QA: 
QAFilter3 过滤程序执行完成
2024-12-25 16:06:05,716 - INFO - QA: 开始执行 QAFilter3 过滤程序...
2024-12-25 16:06:05,716 - INFO - QA: 当前时间 16:06 晚于收盘时间 15:30，将 2024-12-25 视为处理日期。
2024-12-25 16:06:05,716 - INFO - QA: 处理日期: 2024-12-25
2024-12-25 16:06:05,723 - INFO - QA: 从 Filter2Out.csv 读取到 3648 个股票代码
2024-12-25 16:06:06,570 - INFO - QA: 
过滤结果统计:
2024-12-25 16:06:06,570 - INFO - QA: 过滤前股票数量: 3648
2024-12-25 16:06:06,570 - INFO - QA: 过滤后股票数量: 3504
2024-12-25 16:06:06,570 - INFO - QA: 过滤掉的股票数量: 144
2024-12-25 16:06:06,570 - INFO - QA: 过滤比例: 3.95%
2024-12-25 16:06:06,570 - INFO - QA: 处理耗时: 0.85 秒
2024-12-25 16:06:06,573 - INFO - QA: 过滤结果已保存到数据库
2024-12-25 16:06:06,582 - INFO - QA: 已将过滤后的股票保存至 Filter3Out.csv
2024-12-25 16:06:06,582 - INFO - QA: 
QAFilter3 过滤程序执行完成
2024-12-26 21:52:20,065 - INFO - QA: 开始执行 QAFilter3 过滤程序...
2024-12-26 21:52:20,065 - INFO - QA: 当前时间 21:52 晚于收盘时间 15:30，将 2024-12-26 视为处理日期。
2024-12-26 21:52:20,065 - INFO - QA: 处理日期: 2024-12-26
2024-12-26 21:52:20,069 - INFO - QA: 从 Filter2Out.csv 读取到 3628 个股票代码
2024-12-26 21:52:20,896 - INFO - QA: 
过滤结果统计:
2024-12-26 21:52:20,896 - INFO - QA: 过滤前股票数量: 3628
2024-12-26 21:52:20,896 - INFO - QA: 过滤后股票数量: 3464
2024-12-26 21:52:20,896 - INFO - QA: 过滤掉的股票数量: 164
2024-12-26 21:52:20,896 - INFO - QA: 过滤比例: 4.52%
2024-12-26 21:52:20,896 - INFO - QA: 处理耗时: 0.83 秒
2024-12-26 21:52:20,900 - INFO - QA: 过滤结果已保存到数据库
2024-12-26 21:52:20,903 - INFO - QA: 已将过滤后的股票保存至 Filter3Out.csv
2024-12-26 21:52:20,903 - INFO - QA: 
QAFilter3 过滤程序执行完成
2024-12-27 08:05:24,253 - INFO - QA: 开始执行 QAFilter3 过滤程序...
2024-12-27 08:05:24,254 - INFO - QA: 当前时间 08:05 早于收盘时间 15:30，将 2024-12-26 视为处理日期。
2024-12-27 08:05:24,254 - INFO - QA: 处理日期: 2024-12-26
2024-12-27 08:05:24,261 - INFO - QA: 从 Filter2Out.csv 读取到 3628 个股票代码
2024-12-27 08:05:25,166 - INFO - QA: 
过滤结果统计:
2024-12-27 08:05:25,166 - INFO - QA: 过滤前股票数量: 3628
2024-12-27 08:05:25,166 - INFO - QA: 过滤后股票数量: 3464
2024-12-27 08:05:25,166 - INFO - QA: 过滤掉的股票数量: 164
2024-12-27 08:05:25,166 - INFO - QA: 过滤比例: 4.52%
2024-12-27 08:05:25,166 - INFO - QA: 处理耗时: 0.90 秒
2024-12-27 08:05:25,169 - INFO - QA: Debug信息已保存至 debug_filter3.csv
2024-12-27 08:05:25,173 - INFO - QA: 过滤结果已保存到数据库
2024-12-27 08:05:25,174 - INFO - QA: 请增加DEBUG逻辑
2024-12-27 08:05:25,176 - INFO - QA: 已将过滤后的股票保存至 Filter3Out.csv
2024-12-27 08:05:25,176 - INFO - QA: 
QAFilter3 过滤程序执行完成
2024-12-27 16:46:49,777 - INFO - QA: 开始执行 QAFilter3 过滤程序...
2024-12-27 16:46:49,777 - INFO - QA: 当前时间 16:46 晚于收盘时间 15:30，将 2024-12-27 视为处理日期。
2024-12-27 16:46:49,777 - INFO - QA: 处理日期: 2024-12-27
2024-12-27 16:46:49,779 - INFO - QA: 从 Filter2Out.csv 读取到 3817 个股票代码
2024-12-27 16:46:50,623 - INFO - QA: 
过滤结果统计:
2024-12-27 16:46:50,623 - INFO - QA: 过滤前股票数量: 3817
2024-12-27 16:46:50,623 - INFO - QA: 过滤后股票数量: 3636
2024-12-27 16:46:50,623 - INFO - QA: 过滤掉的股票数量: 181
2024-12-27 16:46:50,623 - INFO - QA: 过滤比例: 4.74%
2024-12-27 16:46:50,623 - INFO - QA: 处理耗时: 0.84 秒
2024-12-27 16:46:50,625 - INFO - QA: Debug信息已保存至 debug_filter3.csv
2024-12-27 16:46:50,626 - INFO - QA: 过滤结果已保存到数据库
2024-12-27 16:46:50,629 - INFO - QA: 已将过滤后的股票保存至 Filter3Out.csv
2024-12-27 16:46:50,629 - INFO - QA: 
QAFilter3 过滤程序执行完成
2024-12-30 16:33:01,238 - INFO - QA: 开始执行 QAFilter3 过滤程序...
2024-12-30 16:33:01,238 - INFO - QA: 当前时间 16:33 晚于收盘时间 15:30，将 2024-12-30 视为处理日期。
2024-12-30 16:33:01,238 - INFO - QA: 处理日期: 2024-12-30
2024-12-30 16:33:01,241 - INFO - QA: 从 Filter2Out.csv 读取到 3704 个股票代码
2024-12-30 16:33:02,087 - INFO - QA: 
过滤结果统计:
2024-12-30 16:33:02,087 - INFO - QA: 过滤前股票数量: 3704
2024-12-30 16:33:02,087 - INFO - QA: 过滤后股票数量: 3517
2024-12-30 16:33:02,087 - INFO - QA: 过滤掉的股票数量: 187
2024-12-30 16:33:02,087 - INFO - QA: 过滤比例: 5.05%
2024-12-30 16:33:02,087 - INFO - QA: 处理耗时: 0.85 秒
2024-12-30 16:33:02,089 - INFO - QA: Debug信息已保存至 debug_filter3.csv
2024-12-30 16:33:02,092 - INFO - QA: 过滤结果已保存到数据库
2024-12-30 16:33:02,094 - INFO - QA: 已将过滤后的股票保存至 Filter3Out.csv
2024-12-30 16:33:02,094 - INFO - QA: 
QAFilter3 过滤程序执行完成
2024-12-31 23:46:27,891 - INFO - QA: 开始执行 QAFilter3 过滤程序...
2024-12-31 23:46:27,891 - INFO - QA: 当前时间 23:46 晚于收盘时间 15:30，将 2024-12-31 视为处理日期。
2024-12-31 23:46:27,891 - INFO - QA: 处理日期: 2024-12-31
2024-12-31 23:46:27,893 - INFO - QA: 从 Filter2Out.csv 读取到 3409 个股票代码
2024-12-31 23:46:28,730 - INFO - QA: 
过滤结果统计:
2024-12-31 23:46:28,730 - INFO - QA: 过滤前股票数量: 3409
2024-12-31 23:46:28,731 - INFO - QA: 过滤后股票数量: 3302
2024-12-31 23:46:28,731 - INFO - QA: 过滤掉的股票数量: 107
2024-12-31 23:46:28,731 - INFO - QA: 过滤比例: 3.14%
2024-12-31 23:46:28,731 - INFO - QA: 处理耗时: 0.84 秒
2024-12-31 23:46:28,732 - INFO - QA: Debug信息已保存至 debug_filter3.csv
2024-12-31 23:46:28,733 - INFO - QA: 过滤结果已保存到数据库
2024-12-31 23:46:28,735 - INFO - QA: 已将过滤后的股票保存至 Filter3Out.csv
2024-12-31 23:46:28,735 - INFO - QA: 
QAFilter3 过滤程序执行完成
2025-01-06 15:25:12,874 - INFO - QA: 开始执行 QAFilter3 过滤程序...
2025-01-06 15:25:12,875 - INFO - QA: 当前时间 15:25 早于收盘时间 15:30，将 2025-01-03 视为处理日期。
2025-01-06 15:25:12,875 - INFO - QA: 处理日期: 2025-01-03
2025-01-06 15:25:12,877 - INFO - QA: 从 Filter2Out.csv 读取到 2417 个股票代码
2025-01-06 15:25:13,665 - INFO - QA: 
过滤结果统计:
2025-01-06 15:25:13,665 - INFO - QA: 过滤前股票数量: 2417
2025-01-06 15:25:13,665 - INFO - QA: 过滤后股票数量: 2365
2025-01-06 15:25:13,665 - INFO - QA: 过滤掉的股票数量: 52
2025-01-06 15:25:13,665 - INFO - QA: 过滤比例: 2.15%
2025-01-06 15:25:13,665 - INFO - QA: 处理耗时: 0.79 秒
2025-01-06 15:25:13,667 - INFO - QA: 过滤结果已保存到数据库
2025-01-06 15:25:13,669 - INFO - QA: 已将过滤后的股票保存至 Filter3Out.csv
2025-01-06 15:25:13,670 - INFO - QA: 
QAFilter3 过滤程序执行完成
2025-01-06 15:47:25,552 - INFO - QA: 开始执行 QAFilter3 过滤程序...
2025-01-06 15:47:25,552 - INFO - QA: 当前时间 15:47 晚于收盘时间 15:30，将 2025-01-06 视为处理日期。
2025-01-06 15:47:25,552 - INFO - QA: 处理日期: 2025-01-06
2025-01-06 15:47:25,554 - INFO - QA: 从 Filter2Out.csv 读取到 2372 个股票代码
2025-01-06 15:47:26,292 - INFO - QA: 
过滤结果统计:
2025-01-06 15:47:26,292 - INFO - QA: 过滤前股票数量: 2372
2025-01-06 15:47:26,292 - INFO - QA: 过滤后股票数量: 2229
2025-01-06 15:47:26,292 - INFO - QA: 过滤掉的股票数量: 143
2025-01-06 15:47:26,292 - INFO - QA: 过滤比例: 6.03%
2025-01-06 15:47:26,292 - INFO - QA: 处理耗时: 0.74 秒
2025-01-06 15:47:26,293 - INFO - QA: 过滤结果已保存到数据库
2025-01-06 15:47:26,295 - INFO - QA: 已将过滤后的股票保存至 Filter3Out.csv
2025-01-06 15:47:26,295 - INFO - QA: 
QAFilter3 过滤程序执行完成
2025-01-07 20:39:08,791 - INFO - QA: 开始执行 QAFilter3 过滤程序...
2025-01-07 20:39:08,792 - INFO - QA: 当前时间 20:39 晚于收盘时间 15:30，将 2025-01-07 视为处理日期。
2025-01-07 20:39:08,792 - INFO - QA: 处理日期: 2025-01-07
2025-01-07 20:39:08,793 - INFO - QA: 从 Filter2Out.csv 读取到 2574 个股票代码
2025-01-07 20:39:09,549 - INFO - QA: 
过滤结果统计:
2025-01-07 20:39:09,549 - INFO - QA: 过滤前股票数量: 2574
2025-01-07 20:39:09,549 - INFO - QA: 过滤后股票数量: 2387
2025-01-07 20:39:09,549 - INFO - QA: 过滤掉的股票数量: 187
2025-01-07 20:39:09,549 - INFO - QA: 过滤比例: 7.26%
2025-01-07 20:39:09,549 - INFO - QA: 处理耗时: 0.76 秒
2025-01-07 20:39:09,552 - INFO - QA: 过滤结果已保存到数据库
2025-01-07 20:39:09,555 - INFO - QA: 已将过滤后的股票保存至 temp.csv
2025-01-07 20:39:09,556 - INFO - QA: 
QAFilter3 过滤程序执行完成
2025-01-08 16:40:26,983 - INFO - QA: 开始执行 QAFilter3 过滤程序...
2025-01-08 16:40:26,983 - INFO - QA: 当前时间 16:40 晚于收盘时间 15:30，将 2025-01-08 视为处理日期。
2025-01-08 16:40:26,983 - INFO - QA: 处理日期: 2025-01-08
2025-01-08 16:40:26,985 - INFO - QA: 从 Filter2Out.csv 读取到 2510 个股票代码
2025-01-08 16:40:27,747 - INFO - QA: 
过滤结果统计:
2025-01-08 16:40:27,747 - INFO - QA: 过滤前股票数量: 2510
2025-01-08 16:40:27,747 - INFO - QA: 过滤后股票数量: 2344
2025-01-08 16:40:27,747 - INFO - QA: 过滤掉的股票数量: 166
2025-01-08 16:40:27,747 - INFO - QA: 过滤比例: 6.61%
2025-01-08 16:40:27,747 - INFO - QA: 处理耗时: 0.76 秒
2025-01-08 16:40:27,749 - INFO - QA: 过滤结果已保存到数据库
2025-01-08 16:40:27,751 - INFO - QA: 已将过滤后的股票保存至 temp.csv
2025-01-08 16:40:27,751 - INFO - QA: 
QAFilter3 过滤程序执行完成
2025-01-09 22:06:18,238 - INFO - QA: 开始执行 QAFilter3 过滤程序...
2025-01-09 22:06:18,238 - INFO - QA: 当前时间 22:06 晚于收盘时间 15:30，将 2025-01-09 视为处理日期。
2025-01-09 22:06:18,238 - INFO - QA: 处理日期: 2025-01-09
2025-01-09 22:06:18,240 - INFO - QA: 从 Filter2Out.csv 读取到 2453 个股票代码
2025-01-09 22:06:18,992 - INFO - QA: 
过滤结果统计:
2025-01-09 22:06:18,992 - INFO - QA: 过滤前股票数量: 2453
2025-01-09 22:06:18,992 - INFO - QA: 过滤后股票数量: 2303
2025-01-09 22:06:18,993 - INFO - QA: 过滤掉的股票数量: 150
2025-01-09 22:06:18,993 - INFO - QA: 过滤比例: 6.11%
2025-01-09 22:06:18,993 - INFO - QA: 处理耗时: 0.75 秒
2025-01-09 22:06:18,996 - INFO - QA: 过滤结果已保存到数据库
2025-01-09 22:06:18,999 - INFO - QA: 已将过滤后的股票保存至 temp.csv
2025-01-09 22:06:18,999 - INFO - QA: 
QAFilter3 过滤程序执行完成
2025-01-10 21:42:56,560 - INFO - QA: 开始执行 QAFilter3 过滤程序...
2025-01-10 21:42:56,560 - INFO - QA: 当前时间 21:42 晚于收盘时间 15:30，将 2025-01-10 视为处理日期。
2025-01-10 21:42:56,560 - INFO - QA: 处理日期: 2025-01-10
2025-01-10 21:42:56,562 - INFO - QA: 从 Filter2Out.csv 读取到 2280 个股票代码
2025-01-10 21:42:57,297 - INFO - QA: 
过滤结果统计:
2025-01-10 21:42:57,297 - INFO - QA: 过滤前股票数量: 2280
2025-01-10 21:42:57,297 - INFO - QA: 过滤后股票数量: 2191
2025-01-10 21:42:57,297 - INFO - QA: 过滤掉的股票数量: 89
2025-01-10 21:42:57,297 - INFO - QA: 过滤比例: 3.90%
2025-01-10 21:42:57,297 - INFO - QA: 处理耗时: 0.73 秒
2025-01-10 21:42:57,298 - INFO - QA: 过滤结果已保存到数据库
2025-01-10 21:42:57,301 - INFO - QA: 已将过滤后的股票保存至 temp.csv
2025-01-10 21:42:57,301 - INFO - QA: 
QAFilter3 过滤程序执行完成
2025-01-13 20:36:09,387 - INFO - QA: 开始执行 QAFilter3 过滤程序...
2025-01-13 20:36:09,387 - INFO - QA: 当前时间 20:36 晚于收盘时间 15:30，将 2025-01-13 视为处理日期。
2025-01-13 20:36:09,387 - INFO - QA: 处理日期: 2025-01-13
2025-01-13 20:36:09,389 - INFO - QA: 从 Filter2Out.csv 读取到 2225 个股票代码
2025-01-13 20:36:10,133 - INFO - QA: 
过滤结果统计:
2025-01-13 20:36:10,133 - INFO - QA: 过滤前股票数量: 2225
2025-01-13 20:36:10,133 - INFO - QA: 过滤后股票数量: 1904
2025-01-13 20:36:10,133 - INFO - QA: 过滤掉的股票数量: 321
2025-01-13 20:36:10,133 - INFO - QA: 过滤比例: 14.43%
2025-01-13 20:36:10,133 - INFO - QA: 处理耗时: 0.74 秒
2025-01-13 20:36:10,134 - INFO - QA: 过滤结果已保存到数据库
2025-01-13 20:36:10,136 - INFO - QA: 已将过滤后的股票保存至 Filter4Out.csv
2025-01-13 20:36:10,136 - INFO - QA: 
QAFilter3 过滤程序执行完成
2025-01-14 17:53:38,430 - INFO - QA: 开始执行 QAFilter3 过滤程序...
2025-01-14 17:53:38,430 - INFO - QA: 当前时间 17:53 晚于收盘时间 15:30，将 2025-01-14 视为处理日期。
2025-01-14 17:53:38,430 - INFO - QA: 处理日期: 2025-01-14
2025-01-14 17:53:38,432 - INFO - QA: 从 Filter2Out.csv 读取到 2730 个股票代码
2025-01-14 17:53:39,219 - INFO - QA: 
过滤结果统计:
2025-01-14 17:53:39,219 - INFO - QA: 过滤前股票数量: 2730
2025-01-14 17:53:39,219 - INFO - QA: 过滤后股票数量: 2519
2025-01-14 17:53:39,219 - INFO - QA: 过滤掉的股票数量: 211
2025-01-14 17:53:39,220 - INFO - QA: 过滤比例: 7.73%
2025-01-14 17:53:39,220 - INFO - QA: 处理耗时: 0.79 秒
2025-01-14 17:53:39,222 - INFO - QA: 过滤结果已保存到数据库
2025-01-14 17:53:39,225 - INFO - QA: 已将过滤后的股票保存至 Filter3Out.csv
2025-01-14 17:53:39,225 - INFO - QA: 
QAFilter3 过滤程序执行完成
2025-01-15 21:15:41,446 - INFO - QA: 开始执行 QAFilter3 过滤程序...
2025-01-15 21:15:41,446 - INFO - QA: 当前时间 21:15 晚于收盘时间 15:30，将 2025-01-15 视为处理日期。
2025-01-15 21:15:41,446 - INFO - QA: 处理日期: 2025-01-15
2025-01-15 21:15:41,448 - INFO - QA: 从 Filter2Out.csv 读取到 2710 个股票代码
2025-01-15 21:15:42,223 - INFO - QA: 
过滤结果统计:
2025-01-15 21:15:42,223 - INFO - QA: 过滤前股票数量: 2710
2025-01-15 21:15:42,223 - INFO - QA: 过滤后股票数量: 2536
2025-01-15 21:15:42,223 - INFO - QA: 过滤掉的股票数量: 174
2025-01-15 21:15:42,223 - INFO - QA: 过滤比例: 6.42%
2025-01-15 21:15:42,223 - INFO - QA: 处理耗时: 0.77 秒
2025-01-15 21:15:42,225 - INFO - QA: 过滤结果已保存到数据库
2025-01-15 21:15:42,227 - INFO - QA: 已将过滤后的股票保存至 Filter3Out.csv
2025-01-15 21:15:42,227 - INFO - QA: 
QAFilter3 过滤程序执行完成
2025-01-16 19:08:50,356 - INFO - QA: 开始执行 QAFilter3 过滤程序...
2025-01-16 19:08:50,356 - INFO - QA: 当前时间 19:08 晚于收盘时间 15:30，将 2025-01-16 视为处理日期。
2025-01-16 19:08:50,356 - INFO - QA: 处理日期: 2025-01-16
2025-01-16 19:08:50,358 - INFO - QA: 从 Filter2Out.csv 读取到 2754 个股票代码
2025-01-16 19:08:51,138 - INFO - QA: 
过滤结果统计:
2025-01-16 19:08:51,138 - INFO - QA: 过滤前股票数量: 2754
2025-01-16 19:08:51,138 - INFO - QA: 过滤后股票数量: 2591
2025-01-16 19:08:51,138 - INFO - QA: 过滤掉的股票数量: 163
2025-01-16 19:08:51,138 - INFO - QA: 过滤比例: 5.92%
2025-01-16 19:08:51,138 - INFO - QA: 处理耗时: 0.78 秒
2025-01-16 19:08:51,141 - INFO - QA: 过滤结果已保存到数据库
2025-01-16 19:08:51,143 - INFO - QA: 已将过滤后的股票保存至 temp.csv
2025-01-16 19:08:51,143 - INFO - QA: 
QAFilter3 过滤程序执行完成
2025-01-17 20:12:16,796 - INFO - QA: 开始执行 QAFilter3 过滤程序...
2025-01-17 20:12:16,796 - INFO - QA: 当前时间 20:12 晚于收盘时间 15:30，将 2025-01-17 视为处理日期。
2025-01-17 20:12:16,797 - INFO - QA: 处理日期: 2025-01-17
2025-01-17 20:12:16,798 - INFO - QA: 从 Filter2Out.csv 读取到 2927 个股票代码
2025-01-17 20:12:17,598 - INFO - QA: 
过滤结果统计:
2025-01-17 20:12:17,598 - INFO - QA: 过滤前股票数量: 2927
2025-01-17 20:12:17,598 - INFO - QA: 过滤后股票数量: 2755
2025-01-17 20:12:17,598 - INFO - QA: 过滤掉的股票数量: 172
2025-01-17 20:12:17,598 - INFO - QA: 过滤比例: 5.88%
2025-01-17 20:12:17,598 - INFO - QA: 处理耗时: 0.80 秒
2025-01-17 20:12:17,599 - INFO - QA: 过滤结果已保存到数据库
2025-01-17 20:12:17,602 - INFO - QA: 已将过滤后的股票保存至 temp.csv
2025-01-17 20:12:17,602 - INFO - QA: 
QAFilter3 过滤程序执行完成
2025-01-20 16:38:28,996 - INFO - QA: 开始执行 QAFilter3 过滤程序...
2025-01-20 16:38:28,996 - INFO - QA: 当前时间 16:38 晚于收盘时间 15:30，将 2025-01-20 视为处理日期。
2025-01-20 16:38:28,996 - INFO - QA: 处理日期: 2025-01-20
2025-01-20 16:38:28,998 - INFO - QA: 从 Filter2Out.csv 读取到 3053 个股票代码
2025-01-20 16:38:29,813 - INFO - QA: 
过滤结果统计:
2025-01-20 16:38:29,813 - INFO - QA: 过滤前股票数量: 3053
2025-01-20 16:38:29,813 - INFO - QA: 过滤后股票数量: 2837
2025-01-20 16:38:29,813 - INFO - QA: 过滤掉的股票数量: 216
2025-01-20 16:38:29,813 - INFO - QA: 过滤比例: 7.08%
2025-01-20 16:38:29,813 - INFO - QA: 处理耗时: 0.82 秒
2025-01-20 16:38:29,825 - INFO - QA: 过滤结果已保存到数据库
2025-01-20 16:38:29,827 - INFO - QA: 已将过滤后的股票保存至 temp.csv
2025-01-20 16:38:29,827 - INFO - QA: 
QAFilter3 过滤程序执行完成
2025-01-20 21:22:48,571 - INFO - QA: 开始执行 QAFilter3 过滤程序...
2025-01-20 21:22:48,572 - INFO - QA: 当前时间 21:22 晚于收盘时间 15:30，将 2025-01-20 视为处理日期。
2025-01-20 21:22:48,572 - INFO - QA: 处理日期: 2025-01-20
2025-01-20 21:22:48,578 - INFO - QA: 从 Filter2Out.csv 读取到 3053 个股票代码
2025-01-20 21:22:49,537 - INFO - QA: 
过滤结果统计:
2025-01-20 21:22:49,537 - INFO - QA: 过滤前股票数量: 3053
2025-01-20 21:22:49,537 - INFO - QA: 过滤后股票数量: 2837
2025-01-20 21:22:49,537 - INFO - QA: 过滤掉的股票数量: 216
2025-01-20 21:22:49,537 - INFO - QA: 过滤比例: 7.08%
2025-01-20 21:22:49,537 - INFO - QA: 处理耗时: 0.96 秒
2025-01-20 21:22:49,545 - INFO - QA: 过滤结果已保存到数据库
2025-01-20 21:22:49,551 - INFO - QA: 已将过滤后的股票保存至 Filter3Out.csv
2025-01-20 21:22:49,551 - INFO - QA: 
QAFilter3 过滤程序执行完成
2025-01-20 22:00:07,808 - INFO - QA: 开始执行 QAFilter3 过滤程序...
2025-01-20 22:00:07,809 - INFO - QA: 当前时间 22:00 晚于收盘时间 15:30，将 2025-01-20 视为处理日期。
2025-01-20 22:00:07,809 - INFO - QA: 处理日期: 2025-01-20
2025-01-20 22:00:07,814 - INFO - QA: 从 Filter2Out.csv 读取到 3053 个股票代码
2025-01-20 22:00:08,659 - INFO - QA: 
过滤结果统计:
2025-01-20 22:00:08,659 - INFO - QA: 过滤前股票数量: 3053
2025-01-20 22:00:08,659 - INFO - QA: 过滤后股票数量: 2837
2025-01-20 22:00:08,659 - INFO - QA: 过滤掉的股票数量: 216
2025-01-20 22:00:08,659 - INFO - QA: 过滤比例: 7.08%
2025-01-20 22:00:08,659 - INFO - QA: 处理耗时: 0.84 秒
2025-01-20 22:00:08,661 - INFO - QA: 过滤结信息已保存到数据库
2025-01-20 22:00:08,664 - INFO - QA: 已将过滤后的股票保存至 Filter3Out.csv
2025-01-20 22:00:08,664 - INFO - QA: 
QAFilter3 过滤程序执行完成
2025-01-21 20:10:59,204 - INFO - QA: 开始执行 QAFilter3 过滤程序...
2025-01-21 20:10:59,204 - INFO - QA: 当前时间 20:10 晚于收盘时间 15:30，将 2025-01-21 视为处理日期。
2025-01-21 20:10:59,204 - INFO - QA: 处理日期: 2025-01-21
2025-01-21 20:10:59,206 - INFO - QA: 从 Filter2Out.csv 读取到 2992 个股票代码
2025-01-21 20:11:00,076 - INFO - QA: 
过滤结果统计:
2025-01-21 20:11:00,076 - INFO - QA: 过滤前股票数量: 2992
2025-01-21 20:11:00,076 - INFO - QA: 过滤后股票数量: 2777
2025-01-21 20:11:00,076 - INFO - QA: 过滤掉的股票数量: 215
2025-01-21 20:11:00,076 - INFO - QA: 过滤比例: 7.19%
2025-01-21 20:11:00,076 - INFO - QA: 处理耗时: 0.87 秒
2025-01-21 20:11:00,078 - INFO - QA: 过滤结信息已保存到数据库
2025-01-21 20:11:00,080 - INFO - QA: 已将过滤后的股票保存至 Filter3Out.csv
2025-01-21 20:11:00,080 - INFO - QA: 
QAFilter3 过滤程序执行完成
2025-01-22 15:37:54,907 - INFO - QA: 开始执行 QAFilter3 过滤程序...
2025-01-22 15:37:54,908 - INFO - QA: 当前时间 15:37 晚于收盘时间 15:30，将 2025-01-22 视为处理日期。
2025-01-22 15:37:54,908 - INFO - QA: 处理日期: 2025-01-22
2025-01-22 15:37:54,910 - INFO - QA: 从 Filter2Out.csv 读取到 2820 个股票代码
2025-01-22 15:37:55,743 - INFO - QA: 
过滤结果统计:
2025-01-22 15:37:55,743 - INFO - QA: 过滤前股票数量: 2820
2025-01-22 15:37:55,743 - INFO - QA: 过滤后股票数量: 2605
2025-01-22 15:37:55,743 - INFO - QA: 过滤掉的股票数量: 215
2025-01-22 15:37:55,743 - INFO - QA: 过滤比例: 7.62%
2025-01-22 15:37:55,743 - INFO - QA: 处理耗时: 0.83 秒
2025-01-22 15:37:55,744 - INFO - QA: 过滤结信息已保存到数据库
2025-01-22 15:37:55,746 - INFO - QA: 已将过滤后的股票保存至 Filter3Out.csv
2025-01-22 15:37:55,746 - INFO - QA: 
QAFilter3 过滤程序执行完成
2025-01-23 05:51:19,353 - INFO - QA: 开始执行 QAFilter3 过滤程序...
2025-01-23 05:51:19,353 - INFO - QA: 当前时间 05:51 早于收盘时间 15:30，将 2025-01-22 视为处理日期。
2025-01-23 05:51:19,353 - INFO - QA: 处理日期: 2025-01-22
2025-01-23 05:51:19,371 - INFO - QA: 从 Filter2Out.csv 读取到 2773 个股票代码
2025-01-23 05:51:20,200 - INFO - QA: 
过滤结果统计:
2025-01-23 05:51:20,200 - INFO - QA: 过滤前股票数量: 2773
2025-01-23 05:51:20,200 - INFO - QA: 过滤后股票数量: 2563
2025-01-23 05:51:20,200 - INFO - QA: 过滤掉的股票数量: 210
2025-01-23 05:51:20,200 - INFO - QA: 过滤比例: 7.57%
2025-01-23 05:51:20,201 - INFO - QA: 处理耗时: 0.83 秒
2025-01-23 05:51:20,208 - INFO - QA: 过滤结信息已保存到数据库
2025-01-23 05:51:20,215 - INFO - QA: 已将过滤后的股票保存至 Filter3Out.csv
2025-01-23 05:51:20,215 - INFO - QA: 
QAFilter3 过滤程序执行完成
2025-01-23 06:08:20,738 - INFO - QA: 开始执行 QAFilter3 过滤程序...
2025-01-23 06:08:20,738 - INFO - QA: 当前时间 06:08 早于收盘时间 15:30，将 2025-01-22 视为处理日期。
2025-01-23 06:08:20,738 - INFO - QA: 处理日期: 2025-01-22
2025-01-23 06:08:21,573 - INFO - QA: 
过滤结果统计:
2025-01-23 06:08:21,573 - INFO - QA: 过滤前股票数量: 2773
2025-01-23 06:08:21,573 - INFO - QA: 过滤后股票数量: 2563
2025-01-23 06:08:21,573 - INFO - QA: 处理耗时: 0.82 秒
2025-01-23 06:08:21,582 - INFO - QA: 已在 Filter0Out.csv 中标注被过滤股票
2025-01-23 06:08:21,588 - INFO - QA: 过滤信息已保存到数据库
2025-01-23 06:08:21,593 - INFO - QA: 已将过滤后的股票保存至 Filter3Out.csv
2025-01-23 06:08:21,593 - INFO - QA: 
QAFilter3 过滤程序执行完成
2025-01-23 15:37:58,591 - INFO - QA: 开始执行 QAFilter3 过滤程序...
2025-01-23 15:37:58,591 - INFO - QA: 当前时间 15:37 晚于收盘时间 15:30，将 2025-01-23 视为处理日期。
2025-01-23 15:37:58,591 - INFO - QA: 处理日期: 2025-01-23
2025-01-23 15:37:59,414 - INFO - QA: 
过滤结果统计:
2025-01-23 15:37:59,414 - INFO - QA: 过滤前股票数量: 2745
2025-01-23 15:37:59,414 - INFO - QA: 过滤后股票数量: 2580
2025-01-23 15:37:59,414 - INFO - QA: 处理耗时: 0.82 秒
2025-01-23 15:37:59,419 - INFO - QA: 已在 Filter0Out.csv 中标注被过滤股票
2025-01-23 15:37:59,419 - INFO - QA: 过滤信息已保存到数据库
2025-01-23 15:37:59,422 - INFO - QA: 已将过滤后的股票保存至 Filter3Out.csv
2025-01-23 15:37:59,422 - INFO - QA: 
QAFilter3 过滤程序执行完成
2025-01-23 16:16:52,728 - INFO - QA: 开始执行 QAFilter3 过滤程序...
2025-01-23 16:16:52,728 - INFO - QA: 当前时间 16:16 晚于收盘时间 15:30，将 2025-01-23 视为处理日期。
2025-01-23 16:16:53,540 - INFO - QA: 过滤前股票数量: 2055
2025-01-23 16:16:53,540 - INFO - QA: 过滤后股票数量: 1924
2025-01-23 16:16:53,564 - INFO - QA: 已更新 1924 条FilterResults记录
2025-01-23 16:16:53,565 - INFO - QA: 过滤信息已保存到数据库
2025-01-23 16:16:53,566 - INFO - QA: QAFilter3 过滤程序执行完成
2025-01-23 16:26:48,862 - INFO - QA: 开始执行 QAFilter3 过滤程序...
2025-01-23 16:26:48,862 - INFO - QA: 当前时间 16:26 晚于收盘时间 15:30，将 2025-01-23 视为处理日期。
2025-01-23 16:26:49,626 - INFO - QA: 过滤前股票数量: 2055
2025-01-23 16:26:49,626 - INFO - QA: 过滤后股票数量: 1924
2025-01-23 16:26:49,645 - INFO - QA: 已更新 1924 条FilterResults记录
2025-01-23 16:26:49,646 - INFO - QA: 过滤信息已保存到数据库
2025-01-23 16:26:49,647 - INFO - QA: QAFilter3 过滤程序执行完成
2025-01-23 16:28:50,265 - INFO - QA: 开始执行 QAFilter3 过滤程序...
2025-01-23 16:28:50,265 - INFO - QA: 当前时间 16:28 晚于收盘时间 15:30，将 2025-01-23 视为处理日期。
2025-01-23 16:28:51,003 - INFO - QA: 过滤前股票数量: 2055
2025-01-23 16:28:51,003 - INFO - QA: 过滤后股票数量: 1924
2025-01-23 16:28:51,022 - INFO - QA: 已更新 1924 条FilterResults记录
2025-01-23 16:28:51,023 - INFO - QA: 过滤信息已保存到数据库
2025-01-23 16:28:51,023 - INFO - QA: QAFilter3 过滤程序执行完成
2025-01-23 16:31:55,382 - INFO - QA: 开始执行 QAFilter3 过滤程序...
2025-01-23 16:31:55,382 - INFO - QA: 当前时间 16:31 晚于收盘时间 15:30，将 2025-01-23 视为处理日期。
2025-01-23 16:31:56,137 - INFO - QA: 过滤前股票数量: 2055
2025-01-23 16:31:56,138 - INFO - QA: 过滤后股票数量: 1924
2025-01-23 16:31:56,140 - INFO - QA: 已更新 131 条FilterResults记录
2025-01-23 16:31:56,140 - INFO - QA: 过滤信息已保存到数据库
2025-01-23 16:31:56,141 - INFO - QA: QAFilter3 过滤程序执行完成
2025-01-23 16:32:53,730 - INFO - QA: 开始执行 QAFilter3 过滤程序...
2025-01-23 16:32:53,730 - INFO - QA: 当前时间 16:32 晚于收盘时间 15:30，将 2025-01-23 视为处理日期。
2025-01-23 16:32:54,496 - INFO - QA: 过滤前股票数量: 2055
2025-01-23 16:32:54,496 - INFO - QA: 过滤后股票数量: 1924
2025-01-23 16:32:54,498 - INFO - QA: 已更新 131 条FilterResults记录
2025-01-23 16:32:54,498 - INFO - QA: 过滤信息已保存到数据库
2025-01-23 16:32:54,499 - INFO - QA: QAFilter3 过滤程序执行完成
2025-01-23 16:35:43,635 - INFO - QA: 开始执行 QAFilter3 过滤程序...
2025-01-23 16:35:43,635 - INFO - QA: 当前时间 16:35 晚于收盘时间 15:30，将 2025-01-23 视为处理日期。
2025-01-23 16:35:44,475 - INFO - QA: 过滤前股票数量: 2796
2025-01-23 16:35:44,475 - INFO - QA: 过滤后股票数量: 2626
2025-01-23 16:35:44,479 - INFO - QA: 已更新 170 条FilterResults记录
2025-01-23 16:35:44,479 - INFO - QA: 过滤信息已保存到数据库
2025-01-23 16:35:44,480 - INFO - QA: QAFilter3 过滤程序执行完成
2025-01-24 16:06:28,532 - INFO - QA: 开始执行 QAFilter3 过滤程序...
2025-01-24 16:06:28,532 - INFO - QA: 当前时间 16:06 晚于收盘时间 15:30，将 2025-01-24 视为处理日期。
2025-01-24 16:06:29,687 - INFO - QA: 过滤前股票数量: 2919
2025-01-24 16:06:29,687 - INFO - QA: 过滤后股票数量: 2683
2025-01-24 16:06:29,691 - INFO - QA: 已更新 236 条FilterResults记录
2025-01-24 16:06:29,692 - INFO - QA: 过滤信息已保存到数据库
2025-01-24 16:06:29,692 - INFO - QA: QAFilter3 过滤程序执行完成
2025-01-26 19:16:26,783 - INFO - QA: 开始执行 QAFilter3 过滤程序...
2025-01-26 19:16:26,783 - INFO - QA: 当前时间 19:16 晚于收盘时间 15:30，将 2025-01-26 视为处理日期。
2025-01-26 19:16:27,644 - INFO - QA: 过滤前股票数量: 2820
2025-01-26 19:16:27,644 - INFO - QA: 过滤后股票数量: 2593
2025-01-26 19:16:27,647 - INFO - QA: 已更新 227 条FilterResults记录
2025-01-26 19:16:27,647 - INFO - QA: 过滤信息已保存到数据库
2025-01-26 19:16:27,648 - INFO - QA: QAFilter3 过滤程序执行完成
2025-01-28 07:32:24,288 - INFO - QA: 开始执行 QAFilter3 过滤程序...
2025-01-28 07:32:24,288 - INFO - QA: 今天非工作日，将 2025-01-27 视为处理日期。
2025-01-28 07:32:25,145 - INFO - QA: 过滤前股票数量: 2851
2025-01-28 07:32:25,145 - INFO - QA: 过滤后股票数量: 2636
2025-01-28 07:32:25,148 - INFO - QA: 已更新 215 条FilterResults记录
2025-01-28 07:32:25,149 - INFO - QA: 过滤信息已保存到数据库
2025-01-28 07:32:25,149 - INFO - QA: QAFilter3 过滤程序执行完成
2025-02-05 22:28:10,823 - INFO - QA: 开始执行 QAFilter3 过滤程序...
2025-02-05 22:28:10,823 - INFO - QA: 当前时间 22:28 晚于收盘时间 15:30，将 2025-02-05 视为处理日期。
2025-02-05 22:28:11,647 - INFO - QA: 过滤前股票数量: 2890
2025-02-05 22:28:11,648 - INFO - QA: 过滤后股票数量: 2630
2025-02-05 22:28:11,663 - INFO - QA: 已更新 260 条FilterResults记录
2025-02-05 22:28:11,664 - INFO - QA: 过滤信息已保存到数据库
2025-02-05 22:28:11,664 - INFO - QA: QAFilter3 过滤程序执行完成
2025-02-06 22:14:00,435 - INFO - QA: 开始执行 QAFilter3 过滤程序...
2025-02-06 22:14:00,436 - INFO - QA: 当前时间 22:14 晚于收盘时间 15:30，将 2025-02-06 视为处理日期。
2025-02-06 22:14:01,266 - INFO - QA: 过滤前股票数量: 3135
2025-02-06 22:14:01,266 - INFO - QA: 过滤后股票数量: 2837
2025-02-06 22:14:01,279 - INFO - QA: 已更新 298 条FilterResults记录
2025-02-06 22:14:01,280 - INFO - QA: 过滤信息已保存到数据库
2025-02-06 22:14:01,280 - INFO - QA: QAFilter3 过滤程序执行完成
2025-02-07 22:55:50,444 - INFO - QA: 开始执行 QAFilter3 过滤程序...
2025-02-07 22:55:50,445 - INFO - QA: 当前时间 22:55 晚于收盘时间 15:30，将 2025-02-07 视为处理日期。
2025-02-07 22:55:51,270 - INFO - QA: 过滤前股票数量: 3134
2025-02-07 22:55:51,271 - INFO - QA: 过滤后股票数量: 2868
2025-02-07 22:55:51,282 - INFO - QA: 已更新 266 条FilterResults记录
2025-02-07 22:55:51,283 - INFO - QA: 过滤信息已保存到数据库
2025-02-07 22:55:51,283 - INFO - QA: QAFilter3 过滤程序执行完成
2025-02-10 16:38:41,263 - INFO - QA: 开始执行 QAFilter3 过滤程序...
2025-02-10 16:38:41,263 - INFO - QA: 当前时间 16:38 晚于收盘时间 15:30，将 2025-02-10 视为处理日期。
2025-02-10 16:38:42,120 - INFO - QA: 过滤前股票数量: 3283
2025-02-10 16:38:42,120 - INFO - QA: 过滤后股票数量: 3012
2025-02-10 16:38:42,129 - INFO - QA: 已更新 271 条FilterResults记录
2025-02-10 16:38:42,129 - INFO - QA: 过滤信息已保存到数据库
2025-02-10 16:38:42,130 - INFO - QA: QAFilter3 过滤程序执行完成
2025-02-11 15:40:57,525 - INFO - QA: 开始执行 QAFilter3 过滤程序...
2025-02-11 15:40:57,526 - INFO - QA: 当前时间 15:40 晚于收盘时间 15:30，将 2025-02-11 视为处理日期。
2025-02-11 15:40:58,458 - INFO - QA: 过滤前股票数量: 3422
2025-02-11 15:40:58,458 - INFO - QA: 过滤后股票数量: 3169
2025-02-11 15:40:58,472 - INFO - QA: 已更新 253 条FilterResults记录
2025-02-11 15:40:58,473 - INFO - QA: 过滤信息已保存到数据库
2025-02-11 15:40:58,474 - INFO - QA: QAFilter3 过滤程序执行完成
2025-02-12 16:11:11,629 - INFO - QA: 开始执行 QAFilter3 过滤程序...
2025-02-12 16:11:11,630 - INFO - QA: 当前时间 16:11 晚于收盘时间 15:30，将 2025-02-12 视为处理日期。
2025-02-12 16:11:12,529 - INFO - QA: 过滤前股票数量: 3477
2025-02-12 16:11:12,529 - INFO - QA: 过滤后股票数量: 3203
2025-02-12 16:11:12,543 - INFO - QA: 已更新 274 条FilterResults记录
2025-02-12 16:11:12,544 - INFO - QA: 过滤信息已保存到数据库
2025-02-12 16:11:12,544 - INFO - QA: QAFilter3 过滤程序执行完成
