2025-01-20 22:05:15,137 - INFO - QA: 当前时间 22:05 晚于收盘时间 15:30，将 2025-01-20 视为处理日期。
2025-01-20 22:05:15,137 - INFO - QA: 
开始执行涨幅过滤...
2025-01-20 22:05:27,768 - INFO - QA: 
Filter1 过滤结果统计:
2025-01-20 22:05:27,768 - INFO - QA: 过滤前股票数量: 4950
2025-01-20 22:05:27,768 - INFO - QA: 过滤后股票数量: 4882
2025-01-20 22:05:27,768 - INFO - QA: 过滤掉的股票数量: 68
2025-01-20 22:05:27,768 - INFO - QA: 过滤比例: 1.37%
2025-01-20 22:05:27,768 - INFO - QA: 涨幅过滤耗时: 12.63 秒
2025-01-20 22:05:27,867 - INFO - QA: 
开始执行均线过滤...
2025-01-20 22:05:28,498 - INFO - QA: 
Filter2 过滤结果统计:
2025-01-20 22:05:28,498 - INFO - QA: 过滤前股票数量: 4882
2025-01-20 22:05:28,498 - INFO - QA: 过滤后股票数量: 3053
2025-01-20 22:05:28,498 - INFO - QA: 过滤掉的股票数量: 1829
2025-01-20 22:05:28,498 - INFO - QA: 过滤比例: 37.46%
2025-01-20 22:05:28,498 - INFO - QA: 均线过滤耗时: 0.63 秒
2025-01-20 22:05:28,504 - ERROR - QA: 过滤器执行失败: 'CombinedFilter' object has no attribute 'run_gap_filter'
2025-01-20 22:06:46,707 - INFO - QA: 当前时间 22:06 晚于收盘时间 15:30，将 2025-01-20 视为处理日期。
2025-01-20 22:06:46,708 - INFO - QA: 
开始执行涨幅过滤...
2025-01-20 22:06:59,109 - INFO - QA: 
Filter1 过滤结果统计:
2025-01-20 22:06:59,110 - INFO - QA: 过滤前股票数量: 4950
2025-01-20 22:06:59,110 - INFO - QA: 过滤后股票数量: 4882
2025-01-20 22:06:59,110 - INFO - QA: 过滤掉的股票数量: 68
2025-01-20 22:06:59,110 - INFO - QA: 过滤比例: 1.37%
2025-01-20 22:06:59,110 - INFO - QA: 涨幅过滤耗时: 12.40 秒
2025-01-20 22:06:59,182 - INFO - QA: 
开始执行均线过滤...
2025-01-20 22:06:59,837 - INFO - QA: 
Filter2 过滤结果统计:
2025-01-20 22:06:59,837 - INFO - QA: 过滤前股票数量: 4882
2025-01-20 22:06:59,837 - INFO - QA: 过滤后股票数量: 3053
2025-01-20 22:06:59,837 - INFO - QA: 过滤掉的股票数量: 1829
2025-01-20 22:06:59,837 - INFO - QA: 过滤比例: 37.46%
2025-01-20 22:06:59,838 - INFO - QA: 均线过滤耗时: 0.66 秒
2025-01-20 22:06:59,844 - INFO - QA: 
开始执行缺口过滤...
2025-01-20 22:07:00,757 - INFO - QA: 
Filter3 过滤结果统计:
2025-01-20 22:07:00,757 - INFO - QA: 过滤前股票数量: 3053
2025-01-20 22:07:00,757 - INFO - QA: 过滤后股票数量: 2839
2025-01-20 22:07:00,757 - INFO - QA: 过滤掉的股票数量: 214
2025-01-20 22:07:00,757 - INFO - QA: 过滤比例: 7.01%
2025-01-20 22:07:00,757 - INFO - QA: 缺口过滤耗时: 0.91 秒
2025-01-20 22:07:00,762 - INFO - QA: 过滤结信息已保存到数据库
2025-01-20 22:07:00,764 - INFO - QA: 
最终过滤结果统计:
2025-01-20 22:07:00,764 - INFO - QA: 初始股票数量: 4950
2025-01-20 22:07:00,764 - INFO - QA: 最终保留数量: 2839
2025-01-20 22:07:00,764 - INFO - QA: 总过滤比例: 42.65%
2025-01-20 22:07:00,764 - INFO - QA: 结果已保存至: Filter1Out.csv
