2024-12-24 15:35:00,186 - INFO - QA: 成功读取 4911 个股票代码
2024-12-24 15:35:08,143 - INFO - QA: 成功获取并处理股票数据
2024-12-24 15:35:08,243 - INFO - 过滤结果已保存: Filter2, 输入:4911, 输出:3713
2024-12-24 15:35:08,250 - INFO - QA: 已将过滤后的股票保存至 /Users/wuzhong/LocalFile/StockFilter/QA/CSVs/Filter2Out.csv
2024-12-24 23:31:57,853 - INFO - QA: 开始执行 QAFilter2 过滤程序...
2024-12-24 23:31:57,853 - INFO - QA: 当前时间 23:31 晚于收盘时间 16:00，将 2024-12-24 视为处理日期。
2024-12-24 23:31:57,853 - INFO - QA: 处理日期: 2024-12-24
2024-12-24 23:31:57,903 - INFO - QA: 从 Filter1Out.csv 读取到 4863 个股票代码
2024-12-24 23:31:58,620 - INFO - QA: 
过滤结果统计:
2024-12-24 23:31:58,621 - INFO - QA: 过滤前股票数量: 4863
2024-12-24 23:31:58,621 - INFO - QA: 过滤后股票数量: 3805
2024-12-24 23:31:58,621 - INFO - QA: 过滤掉的股票数量: 1058
2024-12-24 23:31:58,621 - INFO - QA: 过滤比例: 21.76%
2024-12-24 23:31:58,621 - INFO - QA: 处理耗时: 0.72 秒
2024-12-24 23:31:58,627 - INFO - QA: 过滤结果已保存到数据库
2024-12-24 23:31:58,633 - INFO - QA: 已将过滤后的股票保存至 Filter2Out.csv
2024-12-24 23:31:58,633 - INFO - QA: 
QAFilter2 过滤程序执行完成
2024-12-25 16:05:28,476 - INFO - QA: 开始执行 QAFilter2 过滤程序...
2024-12-25 16:05:28,476 - INFO - QA: 当前时间 16:05 晚于收盘时间 15:30，将 2024-12-25 视为处理日期。
2024-12-25 16:05:28,477 - INFO - QA: 处理日期: 2024-12-25
2024-12-25 16:05:28,481 - INFO - QA: 从 Filter1Out.csv 读取到 4955 个股票代码
2024-12-25 16:05:29,065 - INFO - QA: 
过滤结果统计:
2024-12-25 16:05:29,065 - INFO - QA: 过滤前股票数量: 4955
2024-12-25 16:05:29,065 - INFO - QA: 过滤后股票数量: 3648
2024-12-25 16:05:29,065 - INFO - QA: 过滤掉的股票数量: 1307
2024-12-25 16:05:29,065 - INFO - QA: 过滤比例: 26.38%
2024-12-25 16:05:29,065 - INFO - QA: 处理耗时: 0.58 秒
2024-12-25 16:05:29,067 - INFO - QA: 过滤结果已保存到数据库
2024-12-25 16:05:29,070 - INFO - QA: 已将过滤后的股票保存至 Filter2Out.csv
2024-12-25 16:05:29,070 - INFO - QA: 
QAFilter2 过滤程序执行完成
2024-12-26 21:52:13,628 - INFO - QA: 开始执行 QAFilter2 过滤程序...
2024-12-26 21:52:13,628 - INFO - QA: 当前时间 21:52 晚于收盘时间 15:30，将 2024-12-26 视为处理日期。
2024-12-26 21:52:13,628 - INFO - QA: 处理日期: 2024-12-26
2024-12-26 21:52:13,633 - INFO - QA: 从 Filter1Out.csv 读取到 4833 个股票代码
2024-12-26 21:52:14,198 - INFO - QA: 
过滤结果统计:
2024-12-26 21:52:14,198 - INFO - QA: 过滤前股票数量: 4833
2024-12-26 21:52:14,198 - INFO - QA: 过滤后股票数量: 3628
2024-12-26 21:52:14,198 - INFO - QA: 过滤掉的股票数量: 1205
2024-12-26 21:52:14,198 - INFO - QA: 过滤比例: 24.93%
2024-12-26 21:52:14,198 - INFO - QA: 处理耗时: 0.56 秒
2024-12-26 21:52:14,199 - INFO - QA: 过滤结果已保存到数据库
2024-12-26 21:52:14,202 - INFO - QA: 已将过滤后的股票保存至 Filter2Out.csv
2024-12-26 21:52:14,202 - INFO - QA: 
QAFilter2 过滤程序执行完成
2024-12-27 08:58:20,349 - INFO - QA: 开始执行 QAFilter2 过滤程序...
2024-12-27 08:58:20,349 - INFO - QA: 当前时间 08:58 早于收盘时间 15:30，将 2024-12-26 视为处理日期。
2024-12-27 08:58:20,349 - INFO - QA: 处理日期: 2024-12-26
2024-12-27 08:58:20,395 - INFO - QA: 从 Filter1Out.csv 读取到 4833 个股票代码
2024-12-27 08:58:21,070 - INFO - QA: 
过滤结果统计:
2024-12-27 08:58:21,070 - INFO - QA: 过滤前股票数量: 4833
2024-12-27 08:58:21,070 - INFO - QA: 过滤后股票数量: 3628
2024-12-27 08:58:21,070 - INFO - QA: 过滤掉的股票数量: 1205
2024-12-27 08:58:21,070 - INFO - QA: 过滤比例: 24.93%
2024-12-27 08:58:21,070 - INFO - QA: 处理耗时: 0.67 秒
2024-12-27 08:58:21,074 - INFO - QA: Debug信息已保存至 debug_filter2.csv
2024-12-27 08:58:21,082 - INFO - QA: 过滤结果已保存到数据库
2024-12-27 08:58:21,084 - INFO - QA: 请增加DEBUG逻辑
2024-12-27 08:58:21,086 - INFO - QA: 已将过滤后的股票保存至 Filter2Out.csv
2024-12-27 08:58:21,086 - INFO - QA: 
QAFilter2 过滤程序执行完成
2024-12-27 16:46:48,978 - INFO - QA: 开始执行 QAFilter2 过滤程序...
2024-12-27 16:46:48,978 - INFO - QA: 当前时间 16:46 晚于收盘时间 15:30，将 2024-12-27 视为处理日期。
2024-12-27 16:46:48,978 - INFO - QA: 处理日期: 2024-12-27
2024-12-27 16:46:48,984 - INFO - QA: 从 Filter1Out.csv 读取到 4892 个股票代码
2024-12-27 16:46:49,769 - INFO - QA: 
过滤结果统计:
2024-12-27 16:46:49,769 - INFO - QA: 过滤前股票数量: 4892
2024-12-27 16:46:49,769 - INFO - QA: 过滤后股票数量: 3817
2024-12-27 16:46:49,769 - INFO - QA: 过滤掉的股票数量: 1075
2024-12-27 16:46:49,769 - INFO - QA: 过滤比例: 21.97%
2024-12-27 16:46:49,769 - INFO - QA: 处理耗时: 0.79 秒
2024-12-27 16:46:49,773 - INFO - QA: Debug信息已保存至 debug_filter2.csv
2024-12-27 16:46:49,774 - INFO - QA: 过滤结果已保存到数据库
2024-12-27 16:46:49,776 - INFO - QA: 已将过滤后的股票保存至 Filter2Out.csv
2024-12-27 16:46:49,776 - INFO - QA: 
QAFilter2 过滤程序执行完成
2024-12-30 16:33:00,603 - INFO - QA: 开始执行 QAFilter2 过滤程序...
2024-12-30 16:33:00,604 - INFO - QA: 当前时间 16:33 晚于收盘时间 15:30，将 2024-12-30 视为处理日期。
2024-12-30 16:33:00,604 - INFO - QA: 处理日期: 2024-12-30
2024-12-30 16:33:00,608 - INFO - QA: 从 Filter1Out.csv 读取到 4878 个股票代码
2024-12-30 16:33:01,230 - INFO - QA: 
过滤结果统计:
2024-12-30 16:33:01,230 - INFO - QA: 过滤前股票数量: 4878
2024-12-30 16:33:01,230 - INFO - QA: 过滤后股票数量: 3704
2024-12-30 16:33:01,230 - INFO - QA: 过滤掉的股票数量: 1174
2024-12-30 16:33:01,230 - INFO - QA: 过滤比例: 24.07%
2024-12-30 16:33:01,230 - INFO - QA: 处理耗时: 0.62 秒
2024-12-30 16:33:01,233 - INFO - QA: Debug信息已保存至 debug_filter2.csv
2024-12-30 16:33:01,234 - INFO - QA: 过滤结果已保存到数据库
2024-12-30 16:33:01,237 - INFO - QA: 已将过滤后的股票保存至 Filter2Out.csv
2024-12-30 16:33:01,237 - INFO - QA: 
QAFilter2 过滤程序执行完成
2024-12-31 23:46:27,218 - INFO - QA: 开始执行 QAFilter2 过滤程序...
2024-12-31 23:46:27,218 - INFO - QA: 当前时间 23:46 晚于收盘时间 15:30，将 2024-12-31 视为处理日期。
2024-12-31 23:46:27,218 - INFO - QA: 处理日期: 2024-12-31
2024-12-31 23:46:27,222 - INFO - QA: 从 Filter1Out.csv 读取到 4929 个股票代码
2024-12-31 23:46:27,882 - INFO - QA: 
过滤结果统计:
2024-12-31 23:46:27,882 - INFO - QA: 过滤前股票数量: 4929
2024-12-31 23:46:27,882 - INFO - QA: 过滤后股票数量: 3409
2024-12-31 23:46:27,882 - INFO - QA: 过滤掉的股票数量: 1520
2024-12-31 23:46:27,882 - INFO - QA: 过滤比例: 30.84%
2024-12-31 23:46:27,882 - INFO - QA: 处理耗时: 0.66 秒
2024-12-31 23:46:27,886 - INFO - QA: Debug信息已保存至 debug_filter2.csv
2024-12-31 23:46:27,887 - INFO - QA: 过滤结果已保存到数据库
2024-12-31 23:46:27,890 - INFO - QA: 已将过滤后的股票保存至 Filter2Out.csv
2024-12-31 23:46:27,890 - INFO - QA: 
QAFilter2 过滤程序执行完成
2025-01-03 16:19:39,012 - INFO - QA: 开始执行 QAFilter2 过滤程序...
2025-01-03 16:19:39,012 - INFO - QA: 当前时间 16:19 晚于收盘时间 15:30，将 2025-01-03 视为处理日期。
2025-01-03 16:19:39,012 - INFO - QA: 处理日期: 2025-01-03
2025-01-03 16:19:39,016 - INFO - QA: 从 Filter1Out.csv 读取到 4930 个股票代码
2025-01-03 16:19:39,587 - ERROR - QA: 处理股票数据失败: 缺少必要的数据列
2025-01-06 15:25:12,161 - INFO - QA: 开始执行 QAFilter2 过滤程序...
2025-01-06 15:25:12,161 - INFO - QA: 当前时间 15:25 早于收盘时间 15:30，将 2025-01-03 视为处理日期。
2025-01-06 15:25:12,161 - INFO - QA: 处理日期: 2025-01-03
2025-01-06 15:25:12,166 - INFO - QA: 从 Filter1Out.csv 读取到 4919 个股票代码
2025-01-06 15:25:12,870 - INFO - QA: 
过滤结果统计:
2025-01-06 15:25:12,870 - INFO - QA: 过滤前股票数量: 4919
2025-01-06 15:25:12,870 - INFO - QA: 过滤后股票数量: 2417
2025-01-06 15:25:12,870 - INFO - QA: 过滤掉的股票数量: 2502
2025-01-06 15:25:12,870 - INFO - QA: 过滤比例: 50.86%
2025-01-06 15:25:12,870 - INFO - QA: 处理耗时: 0.70 秒
2025-01-06 15:25:12,872 - INFO - QA: 过滤结果已保存到数据库
2025-01-06 15:25:12,873 - INFO - QA: 已将过滤后的股票保存至 Filter2Out.csv
2025-01-06 15:25:12,873 - INFO - QA: 
QAFilter2 过滤程序执行完成
2025-01-06 15:34:32,430 - INFO - QA: 开始执行 QAFilter2 过滤程序...
2025-01-06 15:34:32,430 - INFO - QA: 当前时间 15:34 晚于收盘时间 15:30，将 2025-01-06 视为处理日期。
2025-01-06 15:34:32,430 - INFO - QA: 处理日期: 2025-01-06
2025-01-06 15:34:32,434 - INFO - QA: 从 Filter1Out.csv 读取到 4919 个股票代码
2025-01-06 15:34:33,009 - ERROR - QA: 处理股票数据失败: 缺少必要的数据列
2025-01-06 15:47:24,883 - INFO - QA: 开始执行 QAFilter2 过滤程序...
2025-01-06 15:47:24,884 - INFO - QA: 当前时间 15:47 晚于收盘时间 15:30，将 2025-01-06 视为处理日期。
2025-01-06 15:47:24,884 - INFO - QA: 处理日期: 2025-01-06
2025-01-06 15:47:24,888 - INFO - QA: 从 Filter1Out.csv 读取到 4920 个股票代码
2025-01-06 15:47:25,549 - INFO - QA: 
过滤结果统计:
2025-01-06 15:47:25,549 - INFO - QA: 过滤前股票数量: 4920
2025-01-06 15:47:25,549 - INFO - QA: 过滤后股票数量: 2372
2025-01-06 15:47:25,549 - INFO - QA: 过滤掉的股票数量: 2548
2025-01-06 15:47:25,549 - INFO - QA: 过滤比例: 51.79%
2025-01-06 15:47:25,549 - INFO - QA: 处理耗时: 0.66 秒
2025-01-06 15:47:25,550 - INFO - QA: 过滤结果已保存到数据库
2025-01-06 15:47:25,551 - INFO - QA: 已将过滤后的股票保存至 Filter2Out.csv
2025-01-06 15:47:25,551 - INFO - QA: 
QAFilter2 过滤程序执行完成
2025-01-07 20:39:08,094 - INFO - QA: 开始执行 QAFilter2 过滤程序...
2025-01-07 20:39:08,095 - INFO - QA: 当前时间 20:39 晚于收盘时间 15:30，将 2025-01-07 视为处理日期。
2025-01-07 20:39:08,095 - INFO - QA: 处理日期: 2025-01-07
2025-01-07 20:39:08,099 - INFO - QA: 从 Filter1Out.csv 读取到 4852 个股票代码
2025-01-07 20:39:08,785 - INFO - QA: 
过滤结果统计:
2025-01-07 20:39:08,786 - INFO - QA: 过滤前股票数量: 4852
2025-01-07 20:39:08,786 - INFO - QA: 过滤后股票数量: 2574
2025-01-07 20:39:08,786 - INFO - QA: 过滤掉的股票数量: 2278
2025-01-07 20:39:08,786 - INFO - QA: 过滤比例: 46.95%
2025-01-07 20:39:08,786 - INFO - QA: 处理耗时: 0.69 秒
2025-01-07 20:39:08,788 - INFO - QA: 过滤结果已保存到数据库
2025-01-07 20:39:08,790 - INFO - QA: 已将过滤后的股票保存至 Filter2Out.csv
2025-01-07 20:39:08,790 - INFO - QA: 
QAFilter2 过滤程序执行完成
2025-01-08 16:40:26,316 - INFO - QA: 开始执行 QAFilter2 过滤程序...
2025-01-08 16:40:26,317 - INFO - QA: 当前时间 16:40 晚于收盘时间 15:30，将 2025-01-08 视为处理日期。
2025-01-08 16:40:26,317 - INFO - QA: 处理日期: 2025-01-08
2025-01-08 16:40:26,320 - INFO - QA: 从 Filter1Out.csv 读取到 4841 个股票代码
2025-01-08 16:40:26,979 - INFO - QA: 
过滤结果统计:
2025-01-08 16:40:26,979 - INFO - QA: 过滤前股票数量: 4841
2025-01-08 16:40:26,979 - INFO - QA: 过滤后股票数量: 2510
2025-01-08 16:40:26,979 - INFO - QA: 过滤掉的股票数量: 2331
2025-01-08 16:40:26,979 - INFO - QA: 过滤比例: 48.15%
2025-01-08 16:40:26,979 - INFO - QA: 处理耗时: 0.66 秒
2025-01-08 16:40:26,980 - INFO - QA: 过滤结果已保存到数据库
2025-01-08 16:40:26,982 - INFO - QA: 已将过滤后的股票保存至 Filter2Out.csv
2025-01-08 16:40:26,982 - INFO - QA: 
QAFilter2 过滤程序执行完成
2025-01-09 22:06:17,584 - INFO - QA: 开始执行 QAFilter2 过滤程序...
2025-01-09 22:06:17,584 - INFO - QA: 当前时间 22:06 晚于收盘时间 15:30，将 2025-01-09 视为处理日期。
2025-01-09 22:06:17,584 - INFO - QA: 处理日期: 2025-01-09
2025-01-09 22:06:17,588 - INFO - QA: 从 Filter1Out.csv 读取到 4780 个股票代码
2025-01-09 22:06:18,234 - INFO - QA: 
过滤结果统计:
2025-01-09 22:06:18,234 - INFO - QA: 过滤前股票数量: 4780
2025-01-09 22:06:18,234 - INFO - QA: 过滤后股票数量: 2453
2025-01-09 22:06:18,234 - INFO - QA: 过滤掉的股票数量: 2327
2025-01-09 22:06:18,234 - INFO - QA: 过滤比例: 48.68%
2025-01-09 22:06:18,234 - INFO - QA: 处理耗时: 0.65 秒
2025-01-09 22:06:18,235 - INFO - QA: 过滤结果已保存到数据库
2025-01-09 22:06:18,237 - INFO - QA: 已将过滤后的股票保存至 Filter2Out.csv
2025-01-09 22:06:18,237 - INFO - QA: 
QAFilter2 过滤程序执行完成
2025-01-10 21:42:55,885 - INFO - QA: 开始执行 QAFilter2 过滤程序...
2025-01-10 21:42:55,885 - INFO - QA: 当前时间 21:42 晚于收盘时间 15:30，将 2025-01-10 视为处理日期。
2025-01-10 21:42:55,885 - INFO - QA: 处理日期: 2025-01-10
2025-01-10 21:42:55,890 - INFO - QA: 从 Filter1Out.csv 读取到 4912 个股票代码
2025-01-10 21:42:56,555 - INFO - QA: 
过滤结果统计:
2025-01-10 21:42:56,555 - INFO - QA: 过滤前股票数量: 4912
2025-01-10 21:42:56,555 - INFO - QA: 过滤后股票数量: 2280
2025-01-10 21:42:56,555 - INFO - QA: 过滤掉的股票数量: 2632
2025-01-10 21:42:56,555 - INFO - QA: 过滤比例: 53.58%
2025-01-10 21:42:56,555 - INFO - QA: 处理耗时: 0.66 秒
2025-01-10 21:42:56,557 - INFO - QA: 过滤结果已保存到数据库
2025-01-10 21:42:56,559 - INFO - QA: 已将过滤后的股票保存至 Filter2Out.csv
2025-01-10 21:42:56,559 - INFO - QA: 
QAFilter2 过滤程序执行完成
2025-01-13 20:36:08,711 - INFO - QA: 开始执行 QAFilter2 过滤程序...
2025-01-13 20:36:08,711 - INFO - QA: 当前时间 20:36 晚于收盘时间 15:30，将 2025-01-13 视为处理日期。
2025-01-13 20:36:08,711 - INFO - QA: 处理日期: 2025-01-13
2025-01-13 20:36:08,715 - INFO - QA: 从 Filter1Out.csv 读取到 4908 个股票代码
2025-01-13 20:36:09,383 - INFO - QA: 
过滤结果统计:
2025-01-13 20:36:09,383 - INFO - QA: 过滤前股票数量: 4908
2025-01-13 20:36:09,383 - INFO - QA: 过滤后股票数量: 2225
2025-01-13 20:36:09,383 - INFO - QA: 过滤掉的股票数量: 2683
2025-01-13 20:36:09,383 - INFO - QA: 过滤比例: 54.67%
2025-01-13 20:36:09,383 - INFO - QA: 处理耗时: 0.67 秒
2025-01-13 20:36:09,384 - INFO - QA: 过滤结果已保存到数据库
2025-01-13 20:36:09,386 - INFO - QA: 已将过滤后的股票保存至 Filter2Out.csv
2025-01-13 20:36:09,386 - INFO - QA: 
QAFilter2 过滤程序执行完成
2025-01-14 17:53:37,751 - INFO - QA: 开始执行 QAFilter2 过滤程序...
2025-01-14 17:53:37,751 - INFO - QA: 当前时间 17:53 晚于收盘时间 15:30，将 2025-01-14 视为处理日期。
2025-01-14 17:53:37,751 - INFO - QA: 处理日期: 2025-01-14
2025-01-14 17:53:37,756 - INFO - QA: 从 Filter1Out.csv 读取到 4780 个股票代码
2025-01-14 17:53:38,426 - INFO - QA: 
过滤结果统计:
2025-01-14 17:53:38,426 - INFO - QA: 过滤前股票数量: 4780
2025-01-14 17:53:38,426 - INFO - QA: 过滤后股票数量: 2730
2025-01-14 17:53:38,426 - INFO - QA: 过滤掉的股票数量: 2050
2025-01-14 17:53:38,426 - INFO - QA: 过滤比例: 42.89%
2025-01-14 17:53:38,426 - INFO - QA: 处理耗时: 0.67 秒
2025-01-14 17:53:38,427 - INFO - QA: 过滤结果已保存到数据库
2025-01-14 17:53:38,429 - INFO - QA: 已将过滤后的股票保存至 Filter2Out.csv
2025-01-14 17:53:38,429 - INFO - QA: 
QAFilter2 过滤程序执行完成
2025-01-15 21:15:40,784 - INFO - QA: 开始执行 QAFilter2 过滤程序...
2025-01-15 21:15:40,784 - INFO - QA: 当前时间 21:15 晚于收盘时间 15:30，将 2025-01-15 视为处理日期。
2025-01-15 21:15:40,784 - INFO - QA: 处理日期: 2025-01-15
2025-01-15 21:15:40,789 - INFO - QA: 从 Filter1Out.csv 读取到 4830 个股票代码
2025-01-15 21:15:41,442 - INFO - QA: 
过滤结果统计:
2025-01-15 21:15:41,442 - INFO - QA: 过滤前股票数量: 4830
2025-01-15 21:15:41,442 - INFO - QA: 过滤后股票数量: 2710
2025-01-15 21:15:41,442 - INFO - QA: 过滤掉的股票数量: 2120
2025-01-15 21:15:41,442 - INFO - QA: 过滤比例: 43.89%
2025-01-15 21:15:41,442 - INFO - QA: 处理耗时: 0.65 秒
2025-01-15 21:15:41,443 - INFO - QA: 过滤结果已保存到数据库
2025-01-15 21:15:41,445 - INFO - QA: 已将过滤后的股票保存至 Filter2Out.csv
2025-01-15 21:15:41,445 - INFO - QA: 
QAFilter2 过滤程序执行完成
2025-01-16 19:08:49,705 - INFO - QA: 开始执行 QAFilter2 过滤程序...
2025-01-16 19:08:49,705 - INFO - QA: 当前时间 19:08 晚于收盘时间 15:30，将 2025-01-16 视为处理日期。
2025-01-16 19:08:49,705 - INFO - QA: 处理日期: 2025-01-16
2025-01-16 19:08:49,709 - INFO - QA: 从 Filter1Out.csv 读取到 4770 个股票代码
2025-01-16 19:08:50,351 - INFO - QA: 
过滤结果统计:
2025-01-16 19:08:50,351 - INFO - QA: 过滤前股票数量: 4770
2025-01-16 19:08:50,351 - INFO - QA: 过滤后股票数量: 2754
2025-01-16 19:08:50,351 - INFO - QA: 过滤掉的股票数量: 2016
2025-01-16 19:08:50,351 - INFO - QA: 过滤比例: 42.26%
2025-01-16 19:08:50,351 - INFO - QA: 处理耗时: 0.64 秒
2025-01-16 19:08:50,352 - INFO - QA: 过滤结果已保存到数据库
2025-01-16 19:08:50,355 - INFO - QA: 已将过滤后的股票保存至 Filter2Out.csv
2025-01-16 19:08:50,355 - INFO - QA: 
QAFilter2 过滤程序执行完成
2025-01-17 20:12:16,145 - INFO - QA: 开始执行 QAFilter2 过滤程序...
2025-01-17 20:12:16,146 - INFO - QA: 当前时间 20:12 晚于收盘时间 15:30，将 2025-01-17 视为处理日期。
2025-01-17 20:12:16,146 - INFO - QA: 处理日期: 2025-01-17
2025-01-17 20:12:16,150 - INFO - QA: 从 Filter1Out.csv 读取到 4917 个股票代码
2025-01-17 20:12:16,792 - INFO - QA: 
过滤结果统计:
2025-01-17 20:12:16,792 - INFO - QA: 过滤前股票数量: 4917
2025-01-17 20:12:16,792 - INFO - QA: 过滤后股票数量: 2927
2025-01-17 20:12:16,792 - INFO - QA: 过滤掉的股票数量: 1990
2025-01-17 20:12:16,792 - INFO - QA: 过滤比例: 40.47%
2025-01-17 20:12:16,792 - INFO - QA: 处理耗时: 0.64 秒
2025-01-17 20:12:16,793 - INFO - QA: 过滤结果已保存到数据库
2025-01-17 20:12:16,795 - INFO - QA: 已将过滤后的股票保存至 Filter2Out.csv
2025-01-17 20:12:16,795 - INFO - QA: 
QAFilter2 过滤程序执行完成
2025-01-20 16:38:28,343 - INFO - QA: 开始执行 QAFilter2 过滤程序...
2025-01-20 16:38:28,343 - INFO - QA: 当前时间 16:38 晚于收盘时间 15:30，将 2025-01-20 视为处理日期。
2025-01-20 16:38:28,343 - INFO - QA: 处理日期: 2025-01-20
2025-01-20 16:38:28,346 - INFO - QA: 从 Filter1Out.csv 读取到 4882 个股票代码
2025-01-20 16:38:28,993 - INFO - QA: 
过滤结果统计:
2025-01-20 16:38:28,993 - INFO - QA: 过滤前股票数量: 4882
2025-01-20 16:38:28,993 - INFO - QA: 过滤后股票数量: 3053
2025-01-20 16:38:28,993 - INFO - QA: 过滤掉的股票数量: 1829
2025-01-20 16:38:28,993 - INFO - QA: 过滤比例: 37.46%
2025-01-20 16:38:28,993 - INFO - QA: 处理耗时: 0.65 秒
2025-01-20 16:38:28,993 - INFO - QA: 过滤结果已保存到数据库
2025-01-20 16:38:28,995 - INFO - QA: 已将过滤后的股票保存至 Filter2Out.csv
2025-01-20 16:38:28,995 - INFO - QA: 
QAFilter2 过滤程序执行完成
2025-01-21 20:10:58,568 - INFO - QA: 开始执行 QAFilter2 过滤程序...
2025-01-21 20:10:58,569 - INFO - QA: 当前时间 20:10 晚于收盘时间 15:30，将 2025-01-21 视为处理日期。
2025-01-21 20:10:58,569 - INFO - QA: 处理日期: 2025-01-21
2025-01-21 20:10:58,571 - INFO - QA: 从 Filter1Out.csv 读取到 4889 个股票代码
2025-01-21 20:10:59,200 - INFO - QA: 
过滤结果统计:
2025-01-21 20:10:59,200 - INFO - QA: 过滤前股票数量: 4889
2025-01-21 20:10:59,200 - INFO - QA: 过滤后股票数量: 2992
2025-01-21 20:10:59,200 - INFO - QA: 过滤掉的股票数量: 1897
2025-01-21 20:10:59,200 - INFO - QA: 过滤比例: 38.80%
2025-01-21 20:10:59,200 - INFO - QA: 处理耗时: 0.63 秒
2025-01-21 20:10:59,201 - INFO - QA: 过滤结信息已保存到数据库
2025-01-21 20:10:59,203 - INFO - QA: 已将过滤后的股票保存至 Filter2Out.csv
2025-01-21 20:10:59,203 - INFO - QA: 
QAFilter2 过滤程序执行完成
2025-01-22 15:37:54,274 - INFO - QA: 开始执行 QAFilter2 过滤程序...
2025-01-22 15:37:54,275 - INFO - QA: 当前时间 15:37 晚于收盘时间 15:30，将 2025-01-22 视为处理日期。
2025-01-22 15:37:54,275 - INFO - QA: 处理日期: 2025-01-22
2025-01-22 15:37:54,276 - INFO - QA: 从 Filter1Out.csv 读取到 4904 个股票代码
2025-01-22 15:37:54,903 - INFO - QA: 
过滤结果统计:
2025-01-22 15:37:54,903 - INFO - QA: 过滤前股票数量: 4904
2025-01-22 15:37:54,903 - INFO - QA: 过滤后股票数量: 2820
2025-01-22 15:37:54,903 - INFO - QA: 过滤掉的股票数量: 2084
2025-01-22 15:37:54,903 - INFO - QA: 过滤比例: 42.50%
2025-01-22 15:37:54,903 - INFO - QA: 处理耗时: 0.63 秒
2025-01-22 15:37:54,904 - INFO - QA: 过滤结信息已保存到数据库
2025-01-22 15:37:54,906 - INFO - QA: 已将过滤后的股票保存至 Filter2Out.csv
2025-01-22 15:37:54,906 - INFO - QA: 
QAFilter2 过滤程序执行完成
2025-01-22 19:51:21,951 - INFO - QA: 开始执行 QAFilter2 过滤程序...
2025-01-22 19:51:21,951 - INFO - QA: 当前时间 19:51 晚于收盘时间 15:30，将 2025-01-22 视为处理日期。
2025-01-22 19:51:21,951 - INFO - QA: 处理日期: 2025-01-22
2025-01-22 19:51:21,999 - INFO - QA: 从 Filter1Out.csv 读取到 4818 个股票代码
2025-01-22 19:51:22,618 - INFO - QA: 
过滤结果统计:
2025-01-22 19:51:22,618 - INFO - QA: 过滤前股票数量: 4818
2025-01-22 19:51:22,618 - INFO - QA: 过滤后股票数量: 2773
2025-01-22 19:51:22,618 - INFO - QA: 过滤掉的股票数量: 2045
2025-01-22 19:51:22,618 - INFO - QA: 过滤比例: 42.44%
2025-01-22 19:51:22,618 - INFO - QA: 处理耗时: 0.62 秒
2025-01-22 19:51:22,628 - INFO - QA: 已在 Filter0Out.csv 中标注被过滤股票
2025-01-22 19:51:22,635 - INFO - QA: 过滤结信息已保存到数据库
2025-01-22 19:51:22,639 - INFO - QA: 已将过滤后的股票保存至 Filter2Out.csv
2025-01-22 19:51:22,639 - INFO - QA: 
QAFilter2 过滤程序执行完成
2025-01-22 19:52:15,359 - INFO - QA: 开始执行 QAFilter2 过滤程序...
2025-01-22 19:52:15,359 - INFO - QA: 当前时间 19:52 晚于收盘时间 15:30，将 2025-01-22 视为处理日期。
2025-01-22 19:52:15,360 - INFO - QA: 处理日期: 2025-01-22
2025-01-22 19:52:15,403 - INFO - QA: 从 Filter1Out.csv 读取到 4818 个股票代码
2025-01-22 19:52:16,058 - INFO - QA: 
过滤结果统计:
2025-01-22 19:52:16,058 - INFO - QA: 过滤前股票数量: 4818
2025-01-22 19:52:16,058 - INFO - QA: 过滤后股票数量: 2773
2025-01-22 19:52:16,058 - INFO - QA: 过滤掉的股票数量: 2045
2025-01-22 19:52:16,058 - INFO - QA: 过滤比例: 42.44%
2025-01-22 19:52:16,058 - INFO - QA: 处理耗时: 0.65 秒
2025-01-22 19:52:16,069 - INFO - QA: 已在 Filter0Out.csv 中标注被过滤股票
2025-01-22 19:52:16,076 - INFO - QA: 过滤结信息已保存到数据库
2025-01-22 19:52:16,081 - INFO - QA: 已将过滤后的股票保存至 Filter2Out.csv
2025-01-22 19:52:16,081 - INFO - QA: 
QAFilter2 过滤程序执行完成
2025-01-22 21:19:11,446 - INFO - QA: 开始执行 QAFilter2 过滤程序...
2025-01-22 21:19:11,447 - INFO - QA: 当前时间 21:19 晚于收盘时间 15:30，将 2025-01-22 视为处理日期。
2025-01-22 21:19:11,447 - INFO - QA: 处理日期: 2025-01-22
2025-01-22 21:19:12,129 - INFO - QA: 过滤前股票数量: 4818
2025-01-22 21:19:12,129 - INFO - QA: 过滤后股票数量: 2773
2025-01-22 21:19:12,138 - INFO - QA: 已在 Filter0Out.csv 中标注被过滤股票
2025-01-22 21:19:12,144 - INFO - QA: 过滤结信息已保存到数据库
2025-01-22 21:19:12,148 - INFO - QA: 已将过滤后的股票保存至 Filter2Out.csv
2025-01-22 21:19:12,148 - INFO - QA: 
QAFilter2 过滤程序执行完成
2025-01-23 13:48:48,510 - INFO - QA: 开始执行 QAFilter2 过滤程序...
2025-01-23 13:48:48,510 - INFO - QA: 当前时间 13:48 早于收盘时间 15:30，将 2025-01-22 视为处理日期。
2025-01-23 13:48:48,562 - INFO - QA: 从数据库获取到 0 个待处理的股票
2025-01-23 13:48:48,562 - INFO - QA: 没有需要处理的股票
2025-01-23 13:52:40,661 - INFO - QA: 开始执行 QAFilter2 过滤程序...
2025-01-23 13:52:40,661 - INFO - QA: 当前时间 13:52 早于收盘时间 15:30，将 2025-01-22 视为处理日期。
2025-01-23 13:52:40,683 - ERROR - QA: 获取待处理股票代码失败: 0
2025-01-23 13:54:26,747 - INFO - QA: 开始执行 QAFilter2 过滤程序...
2025-01-23 13:54:26,748 - INFO - QA: 当前时间 13:54 早于收盘时间 15:30，将 2025-01-22 视为处理日期。
2025-01-23 13:54:26,792 - ERROR - QA: 获取待处理股票代码失败: 从 FilterResults 表获取股票代码失败: 0
2025-01-23 13:54:39,156 - INFO - QA: 开始执行 QAFilter2 过滤程序...
2025-01-23 13:54:39,156 - INFO - QA: 当前时间 13:54 早于收盘时间 15:30，将 2025-01-22 视为处理日期。
2025-01-23 13:54:39,173 - ERROR - QA: 获取待处理股票代码失败: 从 FilterResults 表获取股票代码失败: 0
2025-01-23 13:54:39,188 - ERROR - QA: 检查数据表时出错: 0
2025-01-23 14:01:38,627 - INFO - QA: 开始执行 QAFilter2 过滤程序...
2025-01-23 14:01:38,627 - INFO - QA: 当前时间 14:01 早于收盘时间 15:30，将 2025-01-22 视为处理日期。
2025-01-23 14:01:38,662 - ERROR - QA: 获取待处理股票代码失败: 从 FilterResults 表获取股票代码失败: 0
2025-01-23 14:01:38,664 - ERROR - QA: 检查数据表时出错: 0
2025-01-23 14:05:16,647 - INFO - QA: 开始执行 QAFilter2 过滤程序...
2025-01-23 14:05:16,647 - INFO - QA: 当前时间 14:05 早于收盘时间 15:30，将 2025-01-22 视为处理日期。
2025-01-23 14:05:17,320 - INFO - QA: 过滤前股票数量: 4818
2025-01-23 14:05:17,320 - INFO - QA: 过滤后股票数量: 2773
2025-01-23 14:05:17,328 - INFO - QA: Debug信息已保存至 debug_filter2.csv
2025-01-23 14:05:17,338 - INFO - QA: 已在 Filter0Out.csv 中标注被过滤股票
2025-01-23 14:05:17,344 - INFO - QA: 过滤信息已保存到数据库
2025-01-23 14:05:17,348 - INFO - QA: 已将过滤后的股票保存至 Filter2Out.csv
2025-01-23 14:05:17,348 - INFO - QA: 
QAFilter2 过滤程序执行完成
2025-01-23 14:13:10,268 - INFO - QA: 开始执行 QAFilter2 过滤程序...
2025-01-23 14:13:10,268 - INFO - QA: 当前时间 14:13 早于收盘时间 15:30，将 2025-01-22 视为处理日期。
2025-01-23 14:13:10,322 - ERROR - QA: 获取待处理股票代码失败: 从 FilterResults 表获取股票代码失败: 0
2025-01-23 14:15:37,884 - INFO - QA: 开始执行 QAFilter2 过滤程序...
2025-01-23 14:15:37,884 - INFO - QA: 当前时间 14:15 早于收盘时间 15:30，将 2025-01-22 视为处理日期。
2025-01-23 14:15:37,933 - ERROR - QA: 获取待处理股票代码失败: 从 FilterResults 表获取股票代码失败:
错误类型: KeyError
错误信息: 0
2025-01-23 14:18:26,536 - INFO - QA: 开始执行 QAFilter2 过滤程序...
2025-01-23 14:18:26,536 - INFO - QA: 当前时间 14:18 早于收盘时间 15:30，将 2025-01-22 视为处理日期。
2025-01-23 14:18:26,598 - ERROR - QA: 获取待处理股票代码失败: 从 FilterResults 表获取股票代码失败:
错误类型: KeyError
错误信息: 0
2025-01-23 14:28:38,936 - INFO - QA: 开始执行 QAFilter2 过滤程序...
2025-01-23 14:28:38,936 - INFO - QA: 当前时间 14:28 早于收盘时间 15:30，将 2025-01-22 视为处理日期。
2025-01-23 14:28:38,991 - ERROR - QA: 获取待处理股票代码失败: 从 FilterResults 表获取股票代码失败:
错误类型: KeyError
错误信息: 0
2025-01-23 15:33:43,247 - INFO - QA: 开始执行 QAFilter2 过滤程序...
2025-01-23 15:33:43,247 - INFO - QA: 当前时间 15:33 晚于收盘时间 15:30，将 2025-01-23 视为处理日期。
2025-01-23 15:33:43,312 - ERROR - QA: 获取待处理股票代码失败: 从 FilterResults 表获取股票代码失败:
错误类型: KeyError
错误信息: 0
2025-01-23 15:33:49,173 - INFO - QA: 开始执行 QAFilter2 过滤程序...
2025-01-23 15:33:49,173 - INFO - QA: 当前时间 15:33 晚于收盘时间 15:30，将 2025-01-23 视为处理日期。
2025-01-23 15:33:49,181 - ERROR - QA: 获取待处理股票代码失败: 从 FilterResults 表获取股票代码失败:
错误类型: KeyError
错误信息: 0
2025-01-23 15:36:12,393 - INFO - QA: 开始执行 QAFilter2 过滤程序...
2025-01-23 15:36:12,394 - INFO - QA: 当前时间 15:36 晚于收盘时间 15:30，将 2025-01-23 视为处理日期。
2025-01-23 15:36:12,965 - ERROR - QA: 处理股票数据失败: 缺少必要的数据列
2025-01-23 15:36:41,557 - INFO - QA: 开始执行 QAFilter2 过滤程序...
2025-01-23 15:36:41,558 - INFO - QA: 当前时间 15:36 晚于收盘时间 15:30，将 2025-01-23 视为处理日期。
2025-01-23 15:36:42,151 - ERROR - QA: 处理股票数据失败: 缺少必要的数据列
2025-01-23 15:37:57,930 - INFO - QA: 开始执行 QAFilter2 过滤程序...
2025-01-23 15:37:57,930 - INFO - QA: 当前时间 15:37 晚于收盘时间 15:30，将 2025-01-23 视为处理日期。
2025-01-23 15:37:58,573 - INFO - QA: 过滤前股票数量: 4818
2025-01-23 15:37:58,574 - INFO - QA: 过滤后股票数量: 2745
2025-01-23 15:37:58,581 - INFO - QA: Debug信息已保存至 debug_filter2.csv
2025-01-23 15:37:58,587 - INFO - QA: 已在 Filter0Out.csv 中标注被过滤股票
2025-01-23 15:37:58,588 - INFO - QA: 过滤信息已保存到数据库
2025-01-23 15:37:58,590 - INFO - QA: 已将过滤后的股票保存至 Filter2Out.csv
2025-01-23 15:37:58,590 - INFO - QA: 
QAFilter2 过滤程序执行完成
2025-01-23 15:39:49,187 - INFO - QA: 开始执行 QAFilter2 过滤程序...
2025-01-23 15:39:49,188 - INFO - QA: 当前时间 15:39 晚于收盘时间 15:30，将 2025-01-23 视为处理日期。
2025-01-23 15:39:49,824 - INFO - QA: 过滤前股票数量: 4818
2025-01-23 15:39:49,824 - INFO - QA: 过滤后股票数量: 2745
2025-01-23 15:39:49,831 - INFO - QA: Debug信息已保存至 debug_filter2.csv
2025-01-23 15:39:49,837 - INFO - QA: 已在 Filter0Out.csv 中标注被过滤股票
2025-01-23 15:39:49,837 - INFO - QA: 过滤信息已保存到数据库
2025-01-23 15:39:49,840 - INFO - QA: 已将过滤后的股票保存至 Filter2Out.csv
2025-01-23 15:39:49,840 - INFO - QA: 
QAFilter2 过滤程序执行完成
2025-01-23 15:44:58,865 - INFO - QA: 开始执行 QAFilter2 过滤程序...
2025-01-23 15:44:58,865 - INFO - QA: 当前时间 15:44 晚于收盘时间 15:30，将 2025-01-23 视为处理日期。
2025-01-23 15:44:58,915 - ERROR - QA: 读取股票代码失败: 0
2025-01-23 15:48:13,589 - INFO - QA: 开始执行 QAFilter2 过滤程序...
2025-01-23 15:48:13,589 - INFO - QA: 当前时间 15:48 晚于收盘时间 15:30，将 2025-01-23 视为处理日期。
2025-01-23 15:48:13,613 - ERROR - QA: 读取股票代码失败: 获取股票代码时发生错误: 0, SQL: 
        SELECT ID 
        FROM FilterResults
        WHERE FilterDate = %s AND FilteredBy = 0
        ORDER BY ID
        , Date: 2025-01-23
2025-01-23 15:51:33,148 - INFO - QA: 开始执行 QAFilter2 过滤程序...
2025-01-23 15:51:33,148 - INFO - QA: 当前时间 15:51 晚于收盘时间 15:30，将 2025-01-23 视为处理日期。
2025-01-23 15:51:33,210 - ERROR - QA: 读取股票代码失败: 
        获取股票代码时发生错误: 0
        SQL: 
        SELECT ID 
        FROM StkFilterQA.FilterResults
        WHERE FilterDate = %s AND FilteredBy = 0
        ORDER BY ID
        
        Date: 2025-01-23
        Cursor: <pymysql.cursors.DictCursor object at 0x12f1751c0>
        
2025-01-23 15:53:15,104 - INFO - QA: 开始执行 QAFilter2 过滤程序...
2025-01-23 15:53:15,104 - INFO - QA: 当前时间 15:53 晚于收盘时间 15:30，将 2025-01-23 视为处理日期。
2025-01-23 15:53:15,800 - INFO - QA: 过滤前股票数量: 4851
2025-01-23 15:53:15,800 - INFO - QA: 过滤后股票数量: 2796
2025-01-23 15:53:15,808 - INFO - QA: Debug信息已保存至 debug_filter2.csv
2025-01-23 15:53:15,839 - INFO - QA: 已更新 2796 条FilterResults记录
2025-01-23 15:53:15,841 - INFO - QA: 过滤信息已保存到数据库
2025-01-23 15:53:15,843 - INFO - QA: 已将过滤后的股票保存至 Filter2Out.csv
2025-01-23 15:53:15,843 - INFO - QA: 
QAFilter2 过滤程序执行完成
2025-01-23 15:57:27,909 - INFO - QA: 开始执行 QAFilter2 过滤程序...
2025-01-23 15:57:27,909 - INFO - QA: 当前时间 15:57 晚于收盘时间 15:30，将 2025-01-23 视为处理日期。
2025-01-23 15:57:28,591 - INFO - QA: 过滤前股票数量: 4851
2025-01-23 15:57:28,591 - INFO - QA: 过滤后股票数量: 2796
2025-01-23 15:57:28,624 - INFO - QA: 已更新 2796 条FilterResults记录
2025-01-23 15:57:28,628 - INFO - QA: 过滤信息已保存到数据库
2025-01-23 15:57:28,628 - INFO - QA: 
QAFilter2 过滤程序执行完成
2025-01-23 15:59:25,945 - INFO - QA: 开始执行 QAFilter2 过滤程序...
2025-01-23 15:59:25,945 - INFO - QA: 当前时间 15:59 晚于收盘时间 15:30，将 2025-01-23 视为处理日期。
2025-01-23 15:59:26,569 - INFO - QA: 过滤前股票数量: 2055
2025-01-23 15:59:26,569 - INFO - QA: 过滤后股票数量: 0
2025-01-23 15:59:26,571 - ERROR - QA: 更新FilterResults表时出错: (1064, "You have an error in your SQL syntax; check the manual that corresponds to your MySQL server version for the right syntax to use near ')' at line 3")
2025-01-23 15:59:26,572 - INFO - QA: 过滤信息已保存到数据库
2025-01-23 15:59:26,573 - INFO - QA: 
QAFilter2 过滤程序执行完成
2025-01-23 15:59:45,031 - INFO - QA: 开始执行 QAFilter2 过滤程序...
2025-01-23 15:59:45,031 - INFO - QA: 当前时间 15:59 晚于收盘时间 15:30，将 2025-01-23 视为处理日期。
2025-01-23 15:59:45,041 - ERROR - QA: 读取股票代码失败: 
        获取股票代码时发生错误: name 'debug' is not defined
        SQL: 
        SELECT ID 
        FROM StkFilterQA.FilterResults
        WHERE FilterDate = %s AND FilteredBy = 0
        ORDER BY ID
        
        Date: 2025-01-23
        Results type: <class 'list'>
        First result: {'ID': '000002'}
        
2025-01-23 16:00:08,393 - INFO - QA: 开始执行 QAFilter2 过滤程序...
2025-01-23 16:00:08,394 - INFO - QA: 当前时间 16:00 晚于收盘时间 15:30，将 2025-01-23 视为处理日期。
2025-01-23 16:00:09,026 - INFO - QA: 过滤前股票数量: 2055
2025-01-23 16:00:09,026 - INFO - QA: 过滤后股票数量: 0
2025-01-23 16:00:09,027 - ERROR - QA: 更新FilterResults表时出错: (1064, "You have an error in your SQL syntax; check the manual that corresponds to your MySQL server version for the right syntax to use near ')' at line 3")
2025-01-23 16:00:09,029 - INFO - QA: 过滤信息已保存到数据库
2025-01-23 16:00:09,031 - INFO - QA: 
QAFilter2 过滤程序执行完成
2025-01-23 16:00:28,888 - INFO - QA: 开始执行 QAFilter2 过滤程序...
2025-01-23 16:00:28,888 - INFO - QA: 当前时间 16:00 晚于收盘时间 15:30，将 2025-01-23 视为处理日期。
2025-01-23 16:00:29,488 - INFO - QA: 过滤前股票数量: 2055
2025-01-23 16:00:29,488 - INFO - QA: 过滤后股票数量: 0
2025-01-23 16:00:29,488 - ERROR - QA: 更新FilterResults表时出错: (1064, "You have an error in your SQL syntax; check the manual that corresponds to your MySQL server version for the right syntax to use near ')' at line 3")
2025-01-23 16:00:29,491 - INFO - QA: 过滤信息已保存到数据库
2025-01-23 16:00:29,493 - INFO - QA: 已将过滤后的股票保存至 Filter2Out.csv
2025-01-23 16:00:29,493 - INFO - QA: 
QAFilter2 过滤程序执行完成
2025-01-23 16:01:42,698 - INFO - QA: 开始执行 QAFilter2 过滤程序...
2025-01-23 16:01:42,698 - INFO - QA: 当前时间 16:01 晚于收盘时间 15:30，将 2025-01-23 视为处理日期。
2025-01-23 16:01:43,322 - INFO - QA: 过滤前股票数量: 2055
2025-01-23 16:01:43,322 - INFO - QA: 过滤后股票数量: 0
2025-01-23 16:01:43,322 - ERROR - QA: 更新FilterResults表时出错: (1064, "You have an error in your SQL syntax; check the manual that corresponds to your MySQL server version for the right syntax to use near ')' at line 3")
2025-01-23 16:01:43,324 - INFO - QA: 过滤信息已保存到数据库
2025-01-23 16:01:43,326 - INFO - QA: 已将过滤后的股票保存至 Filter2Out.csv
2025-01-23 16:01:43,326 - INFO - QA: 
QAFilter2 过滤程序执行完成
2025-01-23 16:04:30,434 - INFO - QA: 开始执行 QAFilter2 过滤程序...
2025-01-23 16:04:30,434 - INFO - QA: 当前时间 16:04 晚于收盘时间 15:30，将 2025-01-23 视为处理日期。
2025-01-23 16:04:31,108 - INFO - QA: 过滤前股票数量: 2055
2025-01-23 16:04:31,108 - INFO - QA: 过滤后股票数量: 0
2025-01-23 16:04:31,109 - ERROR - QA: 更新FilterResults表时出错: (1064, "You have an error in your SQL syntax; check the manual that corresponds to your MySQL server version for the right syntax to use near ')' at line 3")
2025-01-23 16:04:31,113 - INFO - QA: 过滤信息已保存到数据库
2025-01-23 16:04:31,116 - INFO - QA: 已将过滤后的股票保存至 Filter2Out.csv
2025-01-23 16:04:31,116 - INFO - QA: 
QAFilter2 过滤程序执行完成
2025-01-23 16:05:52,963 - INFO - QA: 开始执行 QAFilter2 过滤程序...
2025-01-23 16:05:52,963 - INFO - QA: 当前时间 16:05 晚于收盘时间 15:30，将 2025-01-23 视为处理日期。
2025-01-23 16:05:53,591 - INFO - QA: 过滤前股票数量: 2055
2025-01-23 16:05:53,591 - INFO - QA: 过滤后股票数量: 0
2025-01-23 16:05:53,591 - INFO - QA: 没有需要更新的记录
2025-01-23 16:05:53,593 - INFO - QA: 过滤信息已保存到数据库
2025-01-23 16:05:53,596 - INFO - QA: 已将过滤后的股票保存至 Filter2Out.csv
2025-01-23 16:05:53,596 - INFO - QA: 
QAFilter2 过滤程序执行完成
2025-01-23 16:07:29,915 - INFO - QA: 开始执行 QAFilter2 过滤程序...
2025-01-23 16:07:29,916 - INFO - QA: 当前时间 16:07 晚于收盘时间 15:30，将 2025-01-23 视为处理日期。
2025-01-23 16:07:30,600 - INFO - QA: 过滤前股票数量: 4851
2025-01-23 16:07:30,600 - INFO - QA: 过滤后股票数量: 2796
2025-01-23 16:07:30,625 - INFO - QA: 已更新 2796 条FilterResults记录
2025-01-23 16:07:30,626 - INFO - QA: 过滤信息已保存到数据库
2025-01-23 16:07:30,629 - INFO - QA: 已将过滤后的股票保存至 Filter2Out.csv
2025-01-23 16:07:30,629 - INFO - QA: 
QAFilter2 过滤程序执行完成
2025-01-23 16:08:11,990 - INFO - QA: 开始执行 QAFilter2 过滤程序...
2025-01-23 16:08:11,991 - INFO - QA: 当前时间 16:08 晚于收盘时间 15:30，将 2025-01-23 视为处理日期。
2025-01-23 16:08:12,612 - INFO - QA: 过滤前股票数量: 2055
2025-01-23 16:08:12,613 - INFO - QA: 过滤后股票数量: 0
2025-01-23 16:08:12,613 - INFO - QA: 没有需要更新的记录
2025-01-23 16:08:12,615 - INFO - QA: 过滤信息已保存到数据库
2025-01-23 16:08:12,618 - INFO - QA: 已将过滤后的股票保存至 Filter2Out.csv
2025-01-23 16:08:12,618 - INFO - QA: 
QAFilter2 过滤程序执行完成
2025-01-23 16:09:52,395 - INFO - QA: 开始执行 QAFilter2 过滤程序...
2025-01-23 16:09:52,395 - INFO - QA: 当前时间 16:09 晚于收盘时间 15:30，将 2025-01-23 视为处理日期。
2025-01-23 16:09:53,104 - INFO - QA: 过滤前股票数量: 2055
2025-01-23 16:09:53,104 - INFO - QA: 过滤后股票数量: 0
2025-01-23 16:09:53,104 - INFO - QA: 没有需要更新的记录
2025-01-23 16:09:53,111 - INFO - QA: 过滤信息已保存到数据库
2025-01-23 16:09:53,114 - INFO - QA: 已将过滤后的股票保存至 Filter2Out.csv
2025-01-23 16:09:53,114 - INFO - QA: 
QAFilter2 过滤程序执行完成
2025-01-23 16:10:15,990 - INFO - QA: 开始执行 QAFilter2 过滤程序...
2025-01-23 16:10:15,990 - INFO - QA: 当前时间 16:10 晚于收盘时间 15:30，将 2025-01-23 视为处理日期。
2025-01-23 16:10:16,617 - INFO - QA: 过滤前股票数量: 2055
2025-01-23 16:10:16,617 - INFO - QA: 过滤后股票数量: 0
2025-01-23 16:10:16,617 - INFO - QA: 没有需要更新的记录
2025-01-23 16:10:16,619 - INFO - QA: 过滤信息已保存到数据库
2025-01-23 16:10:16,619 - INFO - QA: 
QAFilter2 过滤程序执行完成
2025-01-23 16:12:21,174 - INFO - QA: 开始执行 QAFilter2 过滤程序...
2025-01-23 16:12:21,174 - INFO - QA: 当前时间 16:12 晚于收盘时间 15:30，将 2025-01-23 视为处理日期。
2025-01-23 16:12:21,843 - INFO - QA: 过滤前股票数量: 4851
2025-01-23 16:12:21,843 - INFO - QA: 过滤后股票数量: 2796
2025-01-23 16:12:21,870 - INFO - QA: 已更新 2796 条FilterResults记录
2025-01-23 16:12:21,871 - INFO - QA: 过滤信息已保存到数据库
2025-01-23 16:12:21,871 - INFO - QA: 
QAFilter2 过滤程序执行完成
2025-01-23 16:26:28,819 - INFO - QA: 开始执行 QAFilter2 过滤程序...
2025-01-23 16:26:28,820 - INFO - QA: 当前时间 16:26 晚于收盘时间 15:30，将 2025-01-23 视为处理日期。
2025-01-23 16:26:29,481 - INFO - QA: 过滤前股票数量: 4851
2025-01-23 16:26:29,481 - INFO - QA: 过滤后股票数量: 2796
2025-01-23 16:26:29,506 - INFO - QA: 已更新 2796 条FilterResults记录
2025-01-23 16:26:29,507 - INFO - QA: 过滤信息已保存到数据库
2025-01-23 16:26:29,507 - INFO - QA: QAFilter2 过滤程序执行完成
2025-01-23 16:28:31,994 - INFO - QA: 开始执行 QAFilter2 过滤程序...
2025-01-23 16:28:31,994 - INFO - QA: 当前时间 16:28 晚于收盘时间 15:30，将 2025-01-23 视为处理日期。
2025-01-23 16:28:32,651 - INFO - QA: 过滤前股票数量: 4851
2025-01-23 16:28:32,651 - INFO - QA: 过滤后股票数量: 2796
2025-01-23 16:28:32,676 - INFO - QA: 已更新 2796 条FilterResults记录
2025-01-23 16:28:32,677 - INFO - QA: 过滤信息已保存到数据库
2025-01-23 16:28:32,678 - INFO - QA: QAFilter2 过滤程序执行完成
2025-01-23 16:31:50,668 - INFO - QA: 开始执行 QAFilter2 过滤程序...
2025-01-23 16:31:50,668 - INFO - QA: 当前时间 16:31 晚于收盘时间 15:30，将 2025-01-23 视为处理日期。
2025-01-23 16:31:51,328 - INFO - QA: 过滤前股票数量: 4851
2025-01-23 16:31:51,328 - INFO - QA: 过滤后股票数量: 2796
2025-01-23 16:31:51,353 - INFO - QA: 已更新 2796 条FilterResults记录
2025-01-23 16:31:51,354 - INFO - QA: 过滤信息已保存到数据库
2025-01-23 16:31:51,354 - INFO - QA: QAFilter2 过滤程序执行完成
2025-01-23 16:32:49,087 - INFO - QA: 开始执行 QAFilter2 过滤程序...
2025-01-23 16:32:49,087 - INFO - QA: 当前时间 16:32 晚于收盘时间 15:30，将 2025-01-23 视为处理日期。
2025-01-23 16:32:49,739 - INFO - QA: 过滤前股票数量: 4851
2025-01-23 16:32:49,739 - INFO - QA: 过滤后股票数量: 2796
2025-01-23 16:32:49,766 - INFO - QA: 已更新 2796 条FilterResults记录
2025-01-23 16:32:49,766 - INFO - QA: 过滤信息已保存到数据库
2025-01-23 16:32:49,767 - INFO - QA: QAFilter2 过滤程序执行完成
2025-01-23 16:35:23,095 - INFO - QA: 开始执行 QAFilter2 过滤程序...
2025-01-23 16:35:23,095 - INFO - QA: 当前时间 16:35 晚于收盘时间 15:30，将 2025-01-23 视为处理日期。
2025-01-23 16:35:23,815 - INFO - QA: 过滤前股票数量: 1924
2025-01-23 16:35:23,815 - INFO - QA: 过滤后股票数量: 0
2025-01-23 16:35:23,839 - INFO - QA: 已更新 1924 条FilterResults记录
2025-01-23 16:35:23,841 - INFO - QA: 过滤信息已保存到数据库
2025-01-23 16:35:23,841 - INFO - QA: QAFilter2 过滤程序执行完成
2025-01-23 16:35:36,185 - INFO - QA: 开始执行 QAFilter2 过滤程序...
2025-01-23 16:35:36,186 - INFO - QA: 当前时间 16:35 晚于收盘时间 15:30，将 2025-01-23 视为处理日期。
2025-01-23 16:35:37,005 - INFO - QA: 过滤前股票数量: 4851
2025-01-23 16:35:37,005 - INFO - QA: 过滤后股票数量: 2796
2025-01-23 16:35:37,024 - INFO - QA: 已更新 2055 条FilterResults记录
2025-01-23 16:35:37,025 - INFO - QA: 过滤信息已保存到数据库
2025-01-23 16:35:37,025 - INFO - QA: QAFilter2 过滤程序执行完成
2025-01-24 16:06:27,594 - INFO - QA: 开始执行 QAFilter2 过滤程序...
2025-01-24 16:06:27,594 - INFO - QA: 当前时间 16:06 晚于收盘时间 15:30，将 2025-01-24 视为处理日期。
2025-01-24 16:06:28,503 - INFO - QA: 过滤前股票数量: 4804
2025-01-24 16:06:28,503 - INFO - QA: 过滤后股票数量: 2919
2025-01-24 16:06:28,529 - INFO - QA: 已更新 1885 条FilterResults记录
2025-01-24 16:06:28,529 - INFO - QA: 过滤信息已保存到数据库
2025-01-24 16:06:28,530 - INFO - QA: QAFilter2 过滤程序执行完成
2025-01-26 19:16:26,157 - INFO - QA: 开始执行 QAFilter2 过滤程序...
2025-01-26 19:16:26,157 - INFO - QA: 当前时间 19:16 晚于收盘时间 15:30，将 2025-01-26 视为处理日期。
2025-01-26 19:16:26,760 - INFO - QA: 过滤前股票数量: 4701
2025-01-26 19:16:26,761 - INFO - QA: 过滤后股票数量: 2820
2025-01-26 19:16:26,781 - INFO - QA: 已更新 1881 条FilterResults记录
2025-01-26 19:16:26,782 - INFO - QA: 过滤信息已保存到数据库
2025-01-26 19:16:26,782 - INFO - QA: QAFilter2 过滤程序执行完成
2025-01-28 07:08:48,724 - INFO - QA: 开始执行 QAFilter2 过滤程序...
2025-01-28 07:08:48,724 - INFO - QA: 今天非工作日，将 2025-01-27 视为处理日期。
2025-01-28 07:08:49,304 - ERROR - QA: 处理股票数据失败: 缺少必要的数据列
2025-01-28 07:32:23,605 - INFO - QA: 开始执行 QAFilter2 过滤程序...
2025-01-28 07:32:23,605 - INFO - QA: 今天非工作日，将 2025-01-27 视为处理日期。
2025-01-28 07:32:24,267 - INFO - QA: 过滤前股票数量: 4857
2025-01-28 07:32:24,267 - INFO - QA: 过滤后股票数量: 2851
2025-01-28 07:32:24,286 - INFO - QA: 已更新 2006 条FilterResults记录
2025-01-28 07:32:24,286 - INFO - QA: 过滤信息已保存到数据库
2025-01-28 07:32:24,287 - INFO - QA: QAFilter2 过滤程序执行完成
2025-02-05 22:28:10,166 - INFO - QA: 开始执行 QAFilter2 过滤程序...
2025-02-05 22:28:10,166 - INFO - QA: 当前时间 22:28 晚于收盘时间 15:30，将 2025-02-05 视为处理日期。
2025-02-05 22:28:10,800 - INFO - QA: 过滤前股票数量: 4750
2025-02-05 22:28:10,800 - INFO - QA: 过滤后股票数量: 2890
2025-02-05 22:28:10,821 - INFO - QA: 已更新 1860 条FilterResults记录
2025-02-05 22:28:10,822 - INFO - QA: 过滤信息已保存到数据库
2025-02-05 22:28:10,822 - INFO - QA: QAFilter2 过滤程序执行完成
2025-02-06 22:13:59,805 - INFO - QA: 开始执行 QAFilter2 过滤程序...
2025-02-06 22:13:59,805 - INFO - QA: 当前时间 22:13 晚于收盘时间 15:30，将 2025-02-06 视为处理日期。
2025-02-06 22:14:00,416 - INFO - QA: 过滤前股票数量: 4715
2025-02-06 22:14:00,416 - INFO - QA: 过滤后股票数量: 3135
2025-02-06 22:14:00,434 - INFO - QA: 已更新 1580 条FilterResults记录
2025-02-06 22:14:00,434 - INFO - QA: 过滤信息已保存到数据库
2025-02-06 22:14:00,434 - INFO - QA: QAFilter2 过滤程序执行完成
2025-02-07 22:55:49,815 - INFO - QA: 开始执行 QAFilter2 过滤程序...
2025-02-07 22:55:49,815 - INFO - QA: 当前时间 22:55 晚于收盘时间 15:30，将 2025-02-07 视为处理日期。
2025-02-07 22:55:50,427 - INFO - QA: 过滤前股票数量: 4544
2025-02-07 22:55:50,427 - INFO - QA: 过滤后股票数量: 3134
2025-02-07 22:55:50,443 - INFO - QA: 已更新 1410 条FilterResults记录
2025-02-07 22:55:50,443 - INFO - QA: 过滤信息已保存到数据库
2025-02-07 22:55:50,443 - INFO - QA: QAFilter2 过滤程序执行完成
2025-02-10 16:38:40,609 - INFO - QA: 开始执行 QAFilter2 过滤程序...
2025-02-10 16:38:40,609 - INFO - QA: 当前时间 16:38 晚于收盘时间 15:30，将 2025-02-10 视为处理日期。
2025-02-10 16:38:41,244 - INFO - QA: 过滤前股票数量: 4528
2025-02-10 16:38:41,244 - INFO - QA: 过滤后股票数量: 3283
2025-02-10 16:38:41,261 - INFO - QA: 已更新 1245 条FilterResults记录
2025-02-10 16:38:41,261 - INFO - QA: 过滤信息已保存到数据库
2025-02-10 16:38:41,261 - INFO - QA: QAFilter2 过滤程序执行完成
2025-02-11 15:40:56,893 - INFO - QA: 开始执行 QAFilter2 过滤程序...
2025-02-11 15:40:56,893 - INFO - QA: 当前时间 15:40 晚于收盘时间 15:30，将 2025-02-11 视为处理日期。
2025-02-11 15:40:57,507 - INFO - QA: 过滤前股票数量: 4735
2025-02-11 15:40:57,507 - INFO - QA: 过滤后股票数量: 3422
2025-02-11 15:40:57,523 - INFO - QA: 已更新 1313 条FilterResults记录
2025-02-11 15:40:57,524 - INFO - QA: 过滤信息已保存到数据库
2025-02-11 15:40:57,524 - INFO - QA: QAFilter2 过滤程序执行完成
2025-02-12 16:11:11,001 - INFO - QA: 开始执行 QAFilter2 过滤程序...
2025-02-12 16:11:11,001 - INFO - QA: 当前时间 16:11 晚于收盘时间 15:30，将 2025-02-12 视为处理日期。
2025-02-12 16:11:11,611 - INFO - QA: 过滤前股票数量: 4724
2025-02-12 16:11:11,611 - INFO - QA: 过滤后股票数量: 3477
2025-02-12 16:11:11,627 - INFO - QA: 已更新 1247 条FilterResults记录
2025-02-12 16:11:11,628 - INFO - QA: 过滤信息已保存到数据库
2025-02-12 16:11:11,628 - INFO - QA: QAFilter2 过滤程序执行完成
