2024-12-24 09:02:42,673 - INFO - QA: 成功读取 4972 个股票代码
2024-12-24 09:02:49,919 - INFO - QA: 成功获取并处理涨幅数据
2024-12-24 09:02:49,962 - INFO - 过滤结果已保存: Filter1, 输入:4972, 输出:4911
2024-12-24 09:02:49,971 - INFO - QA: 已将过滤后的股票保存至 /Users/wuzhong/LocalFile/StockFilter/QA/CSVs/Filter1Out.csv
2024-12-24 21:59:30,750 - INFO - QA: 成功读取 4929 个股票代码
2024-12-24 21:59:42,519 - INFO - QA: 成功获取并处理涨幅数据
2024-12-24 21:59:42,611 - INFO - 过滤结果已保存: Filter1, 输入:4929, 输出:4863
2024-12-24 21:59:42,619 - INFO - QA: 已将过滤后的股票保存至 /Users/wuzhong/LocalFile/StockFilter/QA/CSVs/Filter1Out.csv
2024-12-24 23:41:30,275 - INFO - QA: 成功读取 4929 个股票代码
2024-12-24 23:41:41,328 - INFO - QA: 成功获取并处理涨幅数据
2024-12-24 23:41:41,421 - INFO - QA: 过滤结果已保存到数据库
2024-12-24 23:41:41,429 - INFO - QA: 已将过滤后的股票保存至 /Users/wuzhong/LocalFile/StockFilter/QA/CSVs/Filter1Out.csv
2024-12-25 06:31:22,005 - INFO - QA: 成功读取 4929 个股票代码
2024-12-25 06:31:33,270 - INFO - QA: 成功获取并处理涨幅数据
2024-12-25 06:31:33,279 - INFO - QA: Debug信息已保存至 /Users/wuzhong/LocalFile/StockFilter/QA/CSVs/debug_filter1.csv
2024-12-25 06:31:33,332 - INFO - QA: 过滤结果已保存到数据库
2024-12-25 06:31:33,335 - INFO - QA: 请增加DUBUG逻辑
2024-12-25 06:31:33,338 - INFO - QA: 已将过滤后的股票保存至 /Users/wuzhong/LocalFile/StockFilter/QA/CSVs/Filter1Out.csv
2024-12-25 06:33:37,520 - INFO - QA: 成功读取 4929 个股票代码
2024-12-25 06:33:48,814 - INFO - QA: 成功获取并处理涨幅数据
2024-12-25 06:33:48,817 - INFO - QA: Debug信息已保存至 /Users/wuzhong/LocalFile/StockFilter/QA/CSVs/debug_filter1.csv
2024-12-25 06:33:48,875 - INFO - QA: 过滤结果已保存到数据库
2024-12-25 06:33:48,878 - INFO - QA: 请增加DUBUG逻辑
2024-12-25 06:33:48,882 - INFO - QA: 已将过滤后的股票保存至 /Users/wuzhong/LocalFile/StockFilter/QA/CSVs/Filter1Out.csv
2024-12-25 16:05:00,748 - INFO - QA: 成功读取 4980 个股票代码
2024-12-25 16:05:12,301 - INFO - QA: 成功获取并处理涨幅数据
2024-12-25 16:05:12,305 - INFO - QA: Debug信息已保存至 /Users/wuzhong/LocalFile/StockFilter/QA/CSVs/debug_filter1.csv
2024-12-25 16:05:12,382 - INFO - QA: 过滤结果已保存到数据库
2024-12-25 16:05:12,385 - INFO - QA: 请增加DUBUG逻辑
2024-12-25 16:05:12,389 - INFO - QA: 已将过滤后的股票保存至 /Users/wuzhong/LocalFile/StockFilter/QA/CSVs/Filter1Out.csv
2024-12-26 21:51:52,268 - INFO - QA: 成功读取 4911 个股票代码
2024-12-26 21:52:03,926 - INFO - QA: 成功获取并处理涨幅数据
2024-12-26 21:52:03,931 - INFO - QA: Debug信息已保存至 /Users/wuzhong/LocalFile/StockFilter/QA/CSVs/debug_filter1.csv
2024-12-26 21:52:04,023 - INFO - QA: 过滤结果已保存到数据库
2024-12-26 21:52:04,024 - INFO - QA: 请增加DUBUG逻辑
2024-12-26 21:52:04,027 - INFO - QA: 已将过滤后的股票保存至 /Users/wuzhong/LocalFile/StockFilter/QA/CSVs/Filter1Out.csv
2024-12-27 07:17:35,460 - INFO - QA: 成功读取 4911 个股票代码
2024-12-27 07:17:46,900 - INFO - QA: 成功获取并处理涨幅数据
2024-12-27 07:17:46,906 - INFO - QA: Debug信息已保存至 /Users/wuzhong/LocalFile/StockFilter/QA/CSVs/debug_filter1.csv
2024-12-27 07:17:47,012 - INFO - QA: 过滤结果已保存到数据库
2024-12-27 07:17:47,018 - INFO - QA: 已将过滤后的股票保存至 /Users/wuzhong/LocalFile/StockFilter/QA/CSVs/Filter1Out.csv
2024-12-27 16:46:35,973 - INFO - QA: 成功读取 4941 个股票代码
2024-12-27 16:46:48,757 - INFO - QA: 成功获取并处理涨幅数据
2024-12-27 16:46:48,761 - INFO - QA: Debug信息已保存至 /Users/wuzhong/LocalFile/StockFilter/QA/CSVs/debug_filter1.csv
2024-12-27 16:46:48,852 - INFO - QA: 过滤结果已保存到数据库
2024-12-27 16:46:48,858 - INFO - QA: 已将过滤后的股票保存至 /Users/wuzhong/LocalFile/StockFilter/QA/CSVs/Filter1Out.csv
2024-12-30 16:32:48,866 - INFO - QA: 成功读取 4961 个股票代码
2024-12-30 16:33:00,378 - INFO - QA: 成功获取并处理涨幅数据
2024-12-30 16:33:00,384 - INFO - QA: Debug信息已保存至 /Users/wuzhong/LocalFile/StockFilter/QA/CSVs/debug_filter1.csv
2024-12-30 16:33:00,481 - INFO - QA: 过滤结果已保存到数据库
2024-12-30 16:33:00,485 - INFO - QA: 已将过滤后的股票保存至 /Users/wuzhong/LocalFile/StockFilter/QA/CSVs/Filter1Out.csv
2024-12-31 23:46:15,529 - INFO - QA: 成功读取 4963 个股票代码
2024-12-31 23:46:27,054 - INFO - QA: 成功获取并处理涨幅数据
2024-12-31 23:46:27,059 - INFO - QA: Debug信息已保存至 /Users/wuzhong/LocalFile/StockFilter/QA/CSVs/debug_filter1.csv
2024-12-31 23:46:27,124 - INFO - QA: 过滤结果已保存到数据库
2024-12-31 23:46:27,130 - INFO - QA: 已将过滤后的股票保存至 /Users/wuzhong/LocalFile/StockFilter/QA/CSVs/Filter1Out.csv
2025-01-03 16:19:26,810 - INFO - QA: 成功读取 4967 个股票代码
2025-01-03 16:19:38,740 - INFO - QA: 成功获取并处理涨幅数据
2025-01-03 16:19:38,743 - INFO - QA: Debug信息已保存至 /Users/wuzhong/LocalFile/StockFilter/QA/CSVs/debug_filter1.csv
2025-01-03 16:19:38,867 - INFO - QA: 过滤结果已保存到数据库
2025-01-03 16:19:38,873 - INFO - QA: 已将过滤后的股票保存至 /Users/wuzhong/LocalFile/StockFilter/QA/CSVs/Filter1Out.csv
2025-01-03 16:52:39,517 - INFO - QA: 成功读取 4967 个股票代码
2025-01-06 15:24:59,279 - INFO - QA: 成功读取 4955 个股票代码
2025-01-06 15:25:11,924 - INFO - QA: 成功获取并处理涨幅数据
2025-01-06 15:25:12,032 - INFO - QA: 过滤结果已保存到数据库
2025-01-06 15:25:12,036 - INFO - QA: 已将过滤后的股票保存至 /Users/wuzhong/LocalFile/StockFilter/QA/CSVs/Filter1Out.csv
2025-01-06 15:34:20,482 - INFO - QA: 成功读取 4955 个股票代码
2025-01-06 15:34:32,208 - INFO - QA: 成功获取并处理涨幅数据
2025-01-06 15:34:32,300 - INFO - QA: 过滤结果已保存到数据库
2025-01-06 15:34:32,304 - INFO - QA: 已将过滤后的股票保存至 /Users/wuzhong/LocalFile/StockFilter/QA/CSVs/Filter1Out.csv
2025-01-06 15:47:12,214 - INFO - QA: 成功读取 4955 个股票代码
2025-01-06 15:47:24,649 - INFO - QA: 成功获取并处理涨幅数据
2025-01-06 15:47:24,754 - INFO - QA: 过滤结果已保存到数据库
2025-01-06 15:47:24,759 - INFO - QA: 已将过滤后的股票保存至 /Users/wuzhong/LocalFile/StockFilter/QA/CSVs/Filter1Out.csv
2025-01-07 20:38:56,211 - INFO - QA: 成功读取 4906 个股票代码
2025-01-07 20:39:07,868 - INFO - QA: 成功获取并处理涨幅数据
2025-01-07 20:39:07,962 - INFO - QA: 过滤结果已保存到数据库
2025-01-07 20:39:07,967 - INFO - QA: 已将过滤后的股票保存至 /Users/wuzhong/LocalFile/StockFilter/QA/CSVs/Filter1Out.csv
2025-01-08 16:40:14,628 - INFO - QA: 成功读取 4947 个股票代码
2025-01-08 16:40:26,184 - INFO - QA: 成功获取并处理涨幅数据
2025-01-08 16:40:26,226 - INFO - QA: 过滤结果已保存到数据库
2025-01-08 16:40:26,231 - INFO - QA: 已将过滤后的股票保存至 /Users/wuzhong/LocalFile/StockFilter/QA/CSVs/Filter1Out.csv
2025-01-09 22:06:05,730 - INFO - QA: 成功读取 4939 个股票代码
2025-01-09 22:06:17,447 - INFO - QA: 成功获取并处理涨幅数据
2025-01-09 22:06:17,492 - INFO - QA: 过滤结果已保存到数据库
2025-01-09 22:06:17,497 - INFO - QA: 已将过滤后的股票保存至 /Users/wuzhong/LocalFile/StockFilter/QA/CSVs/Filter1Out.csv
2025-01-10 21:42:44,128 - INFO - QA: 成功读取 4967 个股票代码
2025-01-10 21:42:55,689 - INFO - QA: 成功获取并处理涨幅数据
2025-01-10 21:42:55,760 - INFO - QA: 过滤结果已保存到数据库
2025-01-10 21:42:55,777 - INFO - QA: 已将过滤后的股票保存至 /Users/wuzhong/LocalFile/StockFilter/QA/CSVs/Filter1Out.csv
2025-01-13 20:35:56,758 - INFO - QA: 成功读取 4958 个股票代码
2025-01-13 20:36:08,472 - INFO - QA: 成功获取并处理涨幅数据
2025-01-13 20:36:08,572 - INFO - QA: 过滤结果已保存到数据库
2025-01-13 20:36:08,582 - INFO - QA: 已将过滤后的股票保存至 /Users/wuzhong/LocalFile/StockFilter/QA/CSVs/Filter1Out.csv
2025-01-14 17:53:26,019 - INFO - QA: 成功读取 4842 个股票代码
2025-01-14 17:53:37,505 - INFO - QA: 成功获取并处理涨幅数据
2025-01-14 17:53:37,599 - INFO - QA: 过滤结果已保存到数据库
2025-01-14 17:53:37,618 - INFO - QA: 已将过滤后的股票保存至 /Users/wuzhong/LocalFile/StockFilter/QA/CSVs/Filter1Out.csv
2025-01-15 21:15:28,699 - INFO - QA: 成功读取 4960 个股票代码
2025-01-15 21:15:40,554 - INFO - QA: 成功获取并处理涨幅数据
2025-01-15 21:15:40,655 - INFO - QA: 过滤结果已保存到数据库
2025-01-15 21:15:40,662 - INFO - QA: 已将过滤后的股票保存至 /Users/wuzhong/LocalFile/StockFilter/QA/CSVs/Filter1Out.csv
2025-01-16 19:08:37,728 - INFO - QA: 成功读取 4946 个股票代码
2025-01-16 19:08:49,552 - INFO - QA: 成功获取并处理涨幅数据
2025-01-16 19:08:49,602 - INFO - QA: 过滤结果已保存到数据库
2025-01-16 19:08:49,607 - INFO - QA: 已将过滤后的股票保存至 /Users/wuzhong/LocalFile/StockFilter/QA/CSVs/Filter1Out.csv
2025-01-17 20:12:04,135 - INFO - QA: 成功读取 4959 个股票代码
2025-01-17 20:12:15,952 - INFO - QA: 成功获取并处理涨幅数据
2025-01-17 20:12:16,016 - INFO - QA: 过滤结果已保存到数据库
2025-01-17 20:12:16,027 - INFO - QA: 已将过滤后的股票保存至 /Users/wuzhong/LocalFile/StockFilter/QA/CSVs/Filter1Out.csv
2025-01-20 16:38:16,433 - INFO - QA: 成功读取 4950 个股票代码
2025-01-20 16:38:28,205 - INFO - QA: 成功获取并处理涨幅数据
2025-01-20 16:38:28,253 - INFO - QA: 过滤结果已保存到数据库
2025-01-20 16:38:28,258 - INFO - QA: 已将过滤后的股票保存至 /Users/wuzhong/LocalFile/StockFilter/QA/CSVs/Filter1Out.csv
2025-01-20 22:07:27,208 - INFO - QA: 成功读取 4950 个股票代码
2025-01-20 22:07:39,330 - INFO - QA: 成功获取并处理涨幅数据
2025-01-20 22:07:39,417 - INFO - QA: 过滤结信息已保存到数据库
2025-01-20 22:07:39,423 - INFO - QA: 已将过滤后的股票保存至 /Users/wuzhong/LocalFile/StockFilter/QA/CSVs/Filter1Out.csv
2025-01-20 22:09:33,415 - INFO - QA: 成功读取 4950 个股票代码
2025-01-20 22:09:34,720 - ERROR - QA: 程序执行过程中发生错误: Shape of passed values is (3000, 1), indices imply (3000, 3)
2025-01-20 22:10:43,770 - INFO - QA: 成功读取 4950 个股票代码
2025-01-20 22:10:45,104 - ERROR - QA: 程序执行过程中发生错误: unhashable type: 'dict'
2025-01-20 22:11:55,129 - INFO - QA: 成功读取 4950 个股票代码
2025-01-20 22:11:56,419 - ERROR - QA: 程序执行过程中发生错误: unhashable type: 'dict'
2025-01-20 22:13:02,511 - INFO - QA: 成功读取 4950 个股票代码
2025-01-20 22:13:17,842 - INFO - QA: 数据处理总耗时: 15.33 秒
2025-01-20 22:13:17,850 - INFO - QA: 过滤结信息已保存到数据库
2025-01-20 22:13:17,856 - INFO - QA: 已将过滤后的股票保存至 /Users/wuzhong/LocalFile/StockFilter/QA/CSVs/Filter1Out.csv
2025-01-20 22:16:19,000 - INFO - QA: 成功读取 4950 个股票代码
2025-01-20 22:16:34,433 - INFO - QA: 数据处理总耗时: 15.43 秒
2025-01-20 22:16:34,440 - INFO - QA: 过滤结信息已保存到数据库
2025-01-20 22:16:34,447 - INFO - QA: 已将过滤后的股票保存至 /Users/wuzhong/LocalFile/StockFilter/QA/CSVs/Filter1Out.csv
2025-01-20 22:19:22,431 - INFO - QA: 成功读取 4950 个股票代码
2025-01-20 22:19:22,432 - INFO - QA: 开始获取股票数据...
2025-01-20 22:19:23,975 - INFO - QA: 获取数据耗时: 1.54 秒
2025-01-20 22:19:24,351 - INFO - QA: 处理数据耗时: 0.38 秒
2025-01-20 22:19:24,355 - INFO - QA: 过滤结信息已保存到数据库
2025-01-20 22:19:24,359 - INFO - QA: 过滤完成，总耗时: 1.93 秒
2025-01-20 22:19:24,359 - INFO - QA: 已将过滤后的股票保存至 /Users/wuzhong/LocalFile/StockFilter/QA/CSVs/Filter1Out.csv
2025-01-20 22:22:34,442 - INFO - QA: 成功读取 4950 个股票代码
2025-01-20 22:22:37,077 - INFO - QA: 过滤结信息已保存到数据库
2025-01-20 22:22:37,084 - INFO - QA: 过滤结果已保存到数据库, 总耗时: 2.64 秒
2025-01-20 22:22:37,084 - INFO - QA: 已将过滤后的股票保存至 Filter1Out.csv
2025-01-20 22:29:21,539 - INFO - QA: 成功读取 4950 个股票代码
2025-01-20 22:29:23,418 - INFO - QA: 过滤信息已保存到数据库, 总耗时: 1.88 秒
2025-01-20 22:29:23,418 - INFO - QA: 已将过滤后的股票保存至 Filter1Out.csv
2025-01-20 22:43:20,140 - INFO - QA: 成功读取 4950 个股票代码
2025-01-20 22:43:22,047 - ERROR - QA: 标记被过滤股票时出错: 'path'
2025-01-20 22:43:22,047 - ERROR - QA: 程序执行过程中发生错误: 'path'
2025-01-20 22:45:50,154 - INFO - QA: 成功读取 4950 个股票代码
2025-01-20 22:45:52,092 - ERROR - QA: 标记被过滤股票时出错: 'path'
2025-01-20 22:45:52,092 - ERROR - QA: 程序执行过程中发生错误: 'path'
2025-01-20 22:46:07,030 - INFO - QA: 成功读取 4950 个股票代码
2025-01-20 22:46:08,884 - ERROR - QA: 标记被过滤股票时出错: 'path'
2025-01-20 22:46:08,884 - ERROR - QA: 程序执行过程中发生错误: 'path'
2025-01-20 22:46:13,128 - INFO - QA: 成功读取 4950 个股票代码
2025-01-20 22:46:14,992 - ERROR - QA: 标记被过滤股票时出错: 'path'
2025-01-20 22:46:14,992 - ERROR - QA: 程序执行过程中发生错误: 'path'
2025-01-20 22:46:20,400 - INFO - QA: 成功读取 4950 个股票代码
2025-01-20 22:46:22,263 - ERROR - QA: 标记被过滤股票时出错: 'path'
2025-01-20 22:46:22,263 - ERROR - QA: 程序执行过程中发生错误: 'path'
2025-01-20 22:46:32,830 - INFO - QA: 成功读取 4950 个股票代码
2025-01-20 22:46:34,691 - ERROR - QA: 标记被过滤股票时出错: 'path'
2025-01-20 22:46:34,691 - ERROR - QA: 程序执行过程中发生错误: 'path'
2025-01-20 22:46:40,284 - INFO - QA: 成功读取 4950 个股票代码
2025-01-20 22:46:42,169 - INFO - QA: 过滤信息已保存到数据库, 总耗时: 1.88 秒
2025-01-20 22:46:42,169 - INFO - QA: 已将过滤后的股票保存至 Filter1Out.csv
2025-01-21 20:10:56,635 - INFO - QA: 成功读取 4957 个股票代码
2025-01-21 20:10:58,567 - INFO - QA: 过滤信息已保存到数据库, 总耗时: 1.93 秒
2025-01-21 20:10:58,567 - INFO - QA: 已将过滤后的股票保存至 Filter1Out.csv
2025-01-22 15:37:52,356 - INFO - QA: 成功读取 4975 个股票代码
2025-01-22 15:37:54,273 - INFO - QA: 过滤信息已保存到数据库, 总耗时: 1.92 秒
2025-01-22 15:37:54,273 - INFO - QA: 已将过滤后的股票保存至 Filter1Out.csv
2025-01-22 15:54:13,254 - INFO - QA: 成功读取 4887 个股票代码
2025-01-22 15:54:15,201 - INFO - QA: 已在 Filter0Out.csv 中标注被过滤股票
2025-01-22 15:54:15,201 - INFO - QA: 过滤信息已保存到数据库, 总耗时: 1.95 秒
2025-01-22 15:54:15,201 - INFO - QA: 已将过滤后的股票保存至 Filter1Out.csv
2025-01-22 16:05:08,203 - INFO - QA: 成功读取 4887 个股票代码
2025-01-22 16:05:10,106 - INFO - QA: 已在 Filter0Out.csv 中标注被过滤股票
2025-01-22 16:05:10,106 - INFO - QA: 过滤信息已保存到数据库, 总耗时: 1.90 秒
2025-01-22 16:05:10,106 - INFO - QA: 已将过滤后的股票保存至 Filter1Out.csv
2025-01-23 13:34:01,370 - INFO - QA: 成功读取 4887 个股票代码
2025-01-23 13:34:03,267 - INFO - QA: 过滤信息已保存到数据库
2025-01-23 13:34:03,323 - INFO - QA: 过滤结果已保存到数据库, 总耗时: 1.95 秒
2025-01-23 13:52:23,431 - INFO - QA: 开始执行 QAFilter1 过滤程序...
2025-01-23 13:52:23,432 - INFO - QA: 当前时间 13:52 早于收盘时间 15:30，将 2025-01-22 视为处理日期。
2025-01-23 13:52:23,547 - INFO - QA: 成功读取 4887 个股票代码
2025-01-23 13:52:25,476 - INFO - QA: 过滤信息已保存到数据库
2025-01-23 13:52:25,531 - INFO - QA: 过滤结果已保存到数据库, 总耗时: 1.98 秒
2025-01-23 15:37:55,932 - INFO - QA: 开始执行 QAFilter1 过滤程序...
2025-01-23 15:37:55,933 - INFO - QA: 当前时间 15:37 晚于收盘时间 15:30，将 2025-01-23 视为处理日期。
2025-01-23 15:37:55,936 - INFO - QA: 成功读取 4893 个股票代码
2025-01-23 15:37:57,877 - INFO - QA: 过滤信息已保存到数据库
2025-01-23 15:37:57,928 - INFO - QA: 过滤结果已保存到数据库, 总耗时: 1.99 秒
2025-01-23 15:46:58,878 - INFO - QA: 开始执行 QAFilter1 过滤程序...
2025-01-23 15:46:58,878 - INFO - QA: 当前时间 15:46 晚于收盘时间 15:30，将 2025-01-23 视为处理日期。
2025-01-23 15:46:58,920 - INFO - QA: 成功读取 4893 个股票代码
2025-01-23 15:47:00,847 - INFO - QA: 过滤信息已保存到数据库
2025-01-23 15:47:00,913 - INFO - QA: 过滤结果已保存到数据库, 总耗时: 1.99 秒
2025-01-23 15:55:43,109 - INFO - QA: 开始执行 QAFilter1 过滤程序...
2025-01-23 15:55:43,110 - INFO - QA: 当前时间 15:55 晚于收盘时间 15:30，将 2025-01-23 视为处理日期。
2025-01-23 15:55:43,130 - INFO - QA: 成功读取 4893 个股票代码
2025-01-23 15:55:45,079 - INFO - QA: 过滤信息已保存到数据库
2025-01-23 15:55:45,143 - INFO - QA: 过滤结果已保存到数据库, 总耗时: 2.01 秒
2025-01-23 16:07:14,688 - INFO - QA: 开始执行 QAFilter1 过滤程序...
2025-01-23 16:07:14,689 - INFO - QA: 当前时间 16:07 晚于收盘时间 15:30，将 2025-01-23 视为处理日期。
2025-01-23 16:07:14,696 - INFO - QA: 成功读取 4893 个股票代码
2025-01-23 16:07:16,742 - INFO - QA: 过滤信息已保存到数据库
2025-01-23 16:07:16,810 - INFO - QA: 过滤结果已保存到数据库, 总耗时: 2.11 秒
2025-01-23 16:12:14,999 - INFO - QA: 开始执行 QAFilter1 过滤程序...
2025-01-23 16:12:15,000 - INFO - QA: 当前时间 16:12 晚于收盘时间 15:30，将 2025-01-23 视为处理日期。
2025-01-23 16:12:15,022 - INFO - QA: 成功读取 4893 个股票代码
2025-01-23 16:12:16,882 - INFO - QA: 过滤前股票数量: 4893
2025-01-23 16:12:16,882 - INFO - QA: 过滤后股票数量: 4851
2025-01-23 16:12:16,885 - INFO - QA: 过滤信息已保存到数据库
2025-01-23 16:12:16,954 - INFO - QA: 过滤结果已保存到数据库, 总耗时: 1.93 秒
2025-01-23 16:26:19,423 - INFO - QA: 开始执行 QAFilter1 过滤程序...
2025-01-23 16:26:19,424 - INFO - QA: 当前时间 16:26 晚于收盘时间 15:30，将 2025-01-23 视为处理日期。
2025-01-23 16:26:19,435 - INFO - QA: 成功读取 4893 个股票代码
2025-01-23 16:26:21,333 - INFO - QA: 过滤前股票数量: 4893
2025-01-23 16:26:21,333 - INFO - QA: 过滤后股票数量: 4851
2025-01-23 16:26:21,339 - INFO - QA: 过滤信息已保存到数据库
2025-01-23 16:26:21,410 - INFO - QA: 过滤结果已保存到数据库, 总耗时: 1.98 秒
2025-01-23 16:28:13,625 - INFO - QA: 开始执行 QAFilter1 过滤程序...
2025-01-23 16:28:13,625 - INFO - QA: 当前时间 16:28 晚于收盘时间 15:30，将 2025-01-23 视为处理日期。
2025-01-23 16:28:13,632 - INFO - QA: 成功读取 4893 个股票代码
2025-01-23 16:28:15,516 - INFO - QA: 过滤前股票数量: 4893
2025-01-23 16:28:15,516 - INFO - QA: 过滤后股票数量: 4851
2025-01-23 16:28:15,518 - INFO - QA: 过滤信息已保存到数据库
2025-01-23 16:28:15,587 - INFO - QA: 过滤结果已保存到数据库, 总耗时: 1.96 秒
2025-01-23 16:31:44,996 - INFO - QA: 开始执行 QAFilter1 过滤程序...
2025-01-23 16:31:44,997 - INFO - QA: 当前时间 16:31 晚于收盘时间 15:30，将 2025-01-23 视为处理日期。
2025-01-23 16:31:45,037 - INFO - QA: 成功读取 4893 个股票代码
2025-01-23 16:31:46,980 - INFO - QA: 过滤前股票数量: 4893
2025-01-23 16:31:46,980 - INFO - QA: 过滤后股票数量: 4851
2025-01-23 16:31:46,987 - INFO - QA: 过滤信息已保存到数据库
2025-01-23 16:31:47,063 - INFO - QA: 过滤结果已保存到数据库, 总耗时: 2.03 秒
2025-01-23 16:32:42,758 - INFO - QA: 开始执行 QAFilter1 过滤程序...
2025-01-23 16:32:42,758 - INFO - QA: 当前时间 16:32 晚于收盘时间 15:30，将 2025-01-23 视为处理日期。
2025-01-23 16:32:42,764 - INFO - QA: 成功读取 4893 个股票代码
2025-01-23 16:32:44,659 - INFO - QA: 过滤前股票数量: 4893
2025-01-23 16:32:44,659 - INFO - QA: 过滤后股票数量: 4851
2025-01-23 16:32:44,661 - INFO - QA: 过滤信息已保存到数据库
2025-01-23 16:32:44,716 - INFO - QA: 过滤结果已保存到数据库, 总耗时: 1.95 秒
2025-01-23 16:35:30,553 - INFO - QA: 开始执行 QAFilter1 过滤程序...
2025-01-23 16:35:30,553 - INFO - QA: 当前时间 16:35 晚于收盘时间 15:30，将 2025-01-23 视为处理日期。
2025-01-23 16:35:30,559 - INFO - QA: 成功读取 4893 个股票代码
2025-01-23 16:35:32,468 - INFO - QA: 过滤前股票数量: 4893
2025-01-23 16:35:32,468 - INFO - QA: 过滤后股票数量: 4851
2025-01-23 16:35:32,470 - INFO - QA: 过滤信息已保存到数据库
2025-01-23 16:35:32,537 - INFO - QA: 过滤结果已保存到数据库, 总耗时: 1.98 秒
2025-01-24 16:06:24,784 - INFO - QA: 开始执行 QAFilter1 过滤程序...
2025-01-24 16:06:24,784 - INFO - QA: 当前时间 16:06 晚于收盘时间 15:30，将 2025-01-24 视为处理日期。
2025-01-24 16:06:24,792 - INFO - QA: 成功读取 4842 个股票代码
2025-01-24 16:06:27,517 - INFO - QA: 过滤前股票数量: 4842
2025-01-24 16:06:27,517 - INFO - QA: 过滤后股票数量: 4804
2025-01-24 16:06:27,519 - INFO - QA: 过滤信息已保存到数据库
2025-01-24 16:06:27,592 - INFO - QA: 过滤结果已保存到数据库, 总耗时: 2.80 秒
2025-01-26 19:16:24,077 - INFO - QA: 开始执行 QAFilter1 过滤程序...
2025-01-26 19:16:24,077 - INFO - QA: 当前时间 19:16 晚于收盘时间 15:30，将 2025-01-26 视为处理日期。
2025-01-26 19:16:24,080 - INFO - QA: 成功读取 4842 个股票代码
2025-01-26 19:16:26,077 - INFO - QA: 过滤前股票数量: 4842
2025-01-26 19:16:26,077 - INFO - QA: 过滤后股票数量: 4701
2025-01-26 19:16:26,080 - INFO - QA: 过滤信息已保存到数据库
2025-01-26 19:16:26,155 - INFO - QA: 过滤结果已保存到数据库, 总耗时: 2.07 秒
2025-01-28 07:08:46,289 - INFO - QA: 开始执行 QAFilter1 过滤程序...
2025-01-28 07:08:46,290 - INFO - QA: 今天非工作日，将 2025-01-27 视为处理日期。
2025-01-28 07:08:46,354 - INFO - QA: 成功读取 4842 个股票代码
2025-01-28 07:08:48,643 - INFO - QA: 过滤前股票数量: 4842
2025-01-28 07:08:48,643 - INFO - QA: 过滤后股票数量: 4804
2025-01-28 07:08:48,651 - INFO - QA: 过滤信息已保存到数据库
2025-01-28 07:08:48,722 - INFO - QA: 过滤结果已保存到数据库, 总耗时: 2.37 秒
2025-01-28 07:32:21,605 - INFO - QA: 开始执行 QAFilter1 过滤程序...
2025-01-28 07:32:21,605 - INFO - QA: 今天非工作日，将 2025-01-27 视为处理日期。
2025-01-28 07:32:21,608 - INFO - QA: 成功读取 4889 个股票代码
2025-01-28 07:32:23,541 - INFO - QA: 过滤前股票数量: 4889
2025-01-28 07:32:23,541 - INFO - QA: 过滤后股票数量: 4832
2025-01-28 07:32:23,543 - INFO - QA: 过滤信息已保存到数据库
2025-01-28 07:32:23,603 - INFO - QA: 过滤结果已保存到数据库, 总耗时: 2.00 秒
2025-02-05 22:28:08,244 - INFO - QA: 开始执行 QAFilter1 过滤程序...
2025-02-05 22:28:08,244 - INFO - QA: 当前时间 22:28 晚于收盘时间 15:30，将 2025-02-05 视为处理日期。
2025-02-05 22:28:08,246 - INFO - QA: 成功读取 4842 个股票代码
2025-02-05 22:28:10,071 - INFO - QA: 过滤前股票数量: 4842
2025-02-05 22:28:10,071 - INFO - QA: 过滤后股票数量: 4750
2025-02-05 22:28:10,072 - INFO - QA: 过滤信息已保存到数据库
2025-02-05 22:28:10,164 - INFO - QA: 过滤结果已保存到数据库, 总耗时: 1.92 秒
2025-02-06 22:13:57,850 - INFO - QA: 开始执行 QAFilter1 过滤程序...
2025-02-06 22:13:57,850 - INFO - QA: 当前时间 22:13 晚于收盘时间 15:30，将 2025-02-06 视为处理日期。
2025-02-06 22:13:57,853 - INFO - QA: 成功读取 4822 个股票代码
2025-02-06 22:13:59,713 - INFO - QA: 过滤前股票数量: 4822
2025-02-06 22:13:59,713 - INFO - QA: 过滤后股票数量: 4715
2025-02-06 22:13:59,716 - INFO - QA: 过滤信息已保存到数据库
2025-02-06 22:13:59,803 - INFO - QA: 过滤结果已保存到数据库, 总耗时: 1.95 秒
2025-02-07 22:55:47,811 - INFO - QA: 开始执行 QAFilter1 过滤程序...
2025-02-07 22:55:47,811 - INFO - QA: 当前时间 22:55 晚于收盘时间 15:30，将 2025-02-07 视为处理日期。
2025-02-07 22:55:47,814 - INFO - QA: 成功读取 4843 个股票代码
2025-02-07 22:55:49,711 - INFO - QA: 过滤前股票数量: 4843
2025-02-07 22:55:49,712 - INFO - QA: 过滤后股票数量: 4544
2025-02-07 22:55:49,715 - INFO - QA: 过滤信息已保存到数据库
2025-02-07 22:55:49,813 - INFO - QA: 过滤结果已保存到数据库, 总耗时: 2.00 秒
2025-02-10 16:38:38,321 - INFO - QA: 开始执行 QAFilter1 过滤程序...
2025-02-10 16:38:38,323 - INFO - QA: 当前时间 16:38 晚于收盘时间 15:30，将 2025-02-10 视为处理日期。
2025-02-10 16:38:38,332 - INFO - QA: 成功读取 4801 个股票代码
2025-02-10 16:38:40,514 - INFO - QA: 过滤前股票数量: 4801
2025-02-10 16:38:40,514 - INFO - QA: 过滤后股票数量: 4528
2025-02-10 16:38:40,518 - INFO - QA: 过滤信息已保存到数据库
2025-02-10 16:38:40,607 - INFO - QA: 过滤结果已保存到数据库, 总耗时: 2.28 秒
