2025-01-24 16:13:20,612 - INFO - QA: 开始执行目标股票导出程序...
2025-01-24 16:13:20,612 - INFO - QA: 当前时间 16:13 晚于收盘时间 15:30，将 2025-01-24 视为处理日期。
2025-01-24 16:13:20,669 - INFO - QA: 已找到 100 只目标股票
2025-01-24 16:13:20,669 - INFO - QA: 结果已保存至: Targets.csv
2025-01-24 16:13:20,669 - INFO - QA: 目标股票导出程序执行完成
2025-01-24 16:15:41,099 - INFO - QA: 开始执行目标股票导出程序...
2025-01-24 16:15:41,099 - INFO - QA: 当前时间 16:15 晚于收盘时间 15:30，将 2025-01-24 视为处理日期。
2025-01-24 16:15:41,163 - INFO - QA: 已找到 100 只目标股票
2025-01-24 16:15:41,163 - INFO - QA: 结果已保存至: Targets.csv
2025-01-24 16:15:41,163 - INFO - QA: 目标股票导出程序执行完成
2025-02-05 22:39:10,480 - INFO - QA: 开始执行目标股票导出程序...
2025-02-05 22:39:10,480 - INFO - QA: 当前时间 22:39 晚于收盘时间 15:30，将 2025-02-05 视为处理日期。
2025-02-05 22:39:10,511 - INFO - QA: 已找到 98 只目标股票
2025-02-05 22:39:10,512 - INFO - QA: 结果已保存至: Targets.csv
2025-02-05 22:39:10,512 - INFO - QA: 目标股票导出程序执行完成
2025-02-10 16:41:14,414 - INFO - QA: 开始执行目标股票导出程序...
2025-02-10 16:41:14,415 - INFO - QA: 当前时间 16:41 晚于收盘时间 15:30，将 2025-02-10 视为处理日期。
2025-02-10 16:41:14,459 - INFO - QA: 已找到 3012 只目标股票
2025-02-10 16:41:14,459 - INFO - QA: 结果已保存至: Targets.csv
2025-02-10 16:41:14,459 - INFO - QA: 目标股票导出程序执行完成
2025-02-11 15:50:00,443 - INFO - QA: 开始执行目标股票导出程序...
2025-02-11 15:50:00,444 - INFO - QA: 当前时间 15:50 晚于收盘时间 15:30，将 2025-02-11 视为处理日期。
2025-02-11 15:50:00,535 - INFO - QA: 已找到 89 只目标股票
2025-02-11 15:50:00,535 - INFO - QA: 结果已保存至: Targets.csv
2025-02-11 15:50:00,535 - INFO - QA: 目标股票导出程序执行完成
2025-02-13 16:08:12,042 - INFO - QA: 开始执行目标股票导出程序...
2025-02-13 16:08:12,043 - INFO - QA: 当前时间 16:08 晚于收盘时间 15:30，将 2025-02-13 视为处理日期。
2025-02-13 16:08:12,140 - INFO - QA: 已找到 78 只目标股票
2025-02-13 16:08:12,140 - INFO - QA: 结果已保存至: Targets.csv
2025-02-13 16:08:12,140 - INFO - QA: 目标股票导出程序执行完成
2025-02-13 16:25:43,617 - INFO - QA: 开始执行目标股票导出程序...
2025-02-13 16:25:43,617 - INFO - QA: 当前时间 16:25 晚于收盘时间 15:30，将 2025-02-13 视为处理日期。
2025-02-13 16:25:43,654 - INFO - QA: 已找到 3191 只目标股票
2025-02-13 16:25:43,654 - INFO - QA: 结果已保存至: Targets.csv
2025-02-13 16:25:43,654 - INFO - QA: 目标股票导出程序执行完成
2025-02-13 20:11:14,562 - INFO - QA: 开始执行目标股票导出程序...
2025-02-13 20:11:14,562 - INFO - QA: 当前时间 20:11 晚于收盘时间 15:30，将 2025-02-13 视为处理日期。
2025-02-13 20:11:14,576 - INFO - QA: 已找到 78 只目标股票
2025-02-13 20:11:14,576 - INFO - QA: 结果已保存至: Targets.csv
2025-02-13 20:11:14,576 - INFO - QA: 目标股票导出程序执行完成
2025-02-13 20:11:35,666 - INFO - QA: 开始执行目标股票导出程序...
2025-02-13 20:11:35,666 - INFO - QA: 当前时间 20:11 晚于收盘时间 15:30，将 2025-02-13 视为处理日期。
2025-02-13 20:11:35,710 - INFO - QA: 已找到 78 只目标股票
2025-02-13 20:11:35,710 - INFO - QA: 结果已保存至: Targets.csv
2025-02-13 20:11:35,710 - INFO - QA: 目标股票导出程序执行完成
2025-02-14 16:01:22,891 - INFO - QA: 开始执行目标股票导出程序...
2025-02-14 16:01:22,891 - INFO - QA: 当前时间 16:01 晚于收盘时间 15:30，将 2025-02-14 视为处理日期。
2025-02-14 16:01:22,909 - INFO - QA: 已找到 77 只目标股票
2025-02-14 16:01:22,909 - INFO - QA: 结果已保存至: Targets.csv
2025-02-14 16:01:22,909 - INFO - QA: 目标股票导出程序执行完成
2025-02-17 15:33:56,689 - INFO - QA: 开始执行目标股票导出程序...
2025-02-17 15:33:56,690 - INFO - QA: 当前时间 15:33 晚于收盘时间 15:30，将 2025-02-17 视为处理日期。
2025-02-17 15:33:56,718 - INFO - QA: 已找到 6 只目标股票
2025-02-17 15:33:56,718 - INFO - QA: 结果已保存至: Targets.csv
2025-02-17 15:33:56,718 - INFO - QA: 目标股票导出程序执行完成
2025-02-17 15:39:16,465 - INFO - QA: 开始执行目标股票导出程序...
2025-02-17 15:39:16,466 - INFO - QA: 当前时间 15:39 晚于收盘时间 15:30，将 2025-02-17 视为处理日期。
2025-02-17 15:39:16,497 - INFO - QA: 已找到 6 只目标股票
2025-02-17 15:39:16,497 - INFO - QA: 结果已保存至: Targets.csv
2025-02-17 15:39:16,497 - INFO - QA: 目标股票导出程序执行完成
