2024-12-23 05:58:40,336 - INFO - QA: 开始运行缺口检测程序 - 环境: QA, 交易日期: 2024-12-23
2024-12-23 05:58:40,369 - INFO - QA: 开始更新现有缺口...
2024-12-23 05:58:45,141 - INFO - QA: 开始检测新缺口...
2024-12-23 05:59:03,445 - INFO - QA: 程序运行结束

2024-12-23 06:06:28,360 - INFO - QA: 开始运行缺口检测程序 - 环境: QA, 交易日期: 2024-12-23
2024-12-23 06:06:28,377 - INFO - QA: 开始更新现有缺口...
2024-12-23 06:06:29,051 - INFO - QA: 共有 1020 个未填满的缺口需要更新。
2024-12-23 06:06:29,052 - INFO - QA: QA: 1020 个股票无今日数据,仅更新时间戳。
2024-12-23 06:06:29,053 - INFO - QA: QA: 0 个缺口没有缩小,无需更新。
2024-12-23 06:06:29,054 - INFO - QA: QA: 0 个缺口已填满。
2024-12-23 06:06:29,056 - INFO - QA: QA: 0 个缺口缩小。
2024-12-23 06:06:33,128 - INFO - QA: 更新 1020 个无数据股票的时间戳
2024-12-23 06:06:33,130 - INFO - QA: 现有缺口更新完成。
2024-12-23 06:06:33,130 - INFO - QA: 开始检测新缺口...
2024-12-23 06:06:33,145 - INFO - QA: 读取到 5676 个股票代码
2024-12-23 06:06:51,068 - INFO - 
QA: 没有发现新的缺口。
2024-12-23 06:06:51,069 - INFO - QA: 程序运行结束

2024-12-23 06:08:14,998 - INFO - QA: 开始运行缺口检测程序 - 环境: QA, 交易日期: 2024-12-23
2024-12-23 06:08:15,015 - INFO - QA: 开始更新现有缺口...
2024-12-23 06:08:15,682 - INFO - QA: 共有 1020 个未填满的缺口需要更新。
2024-12-23 06:08:15,683 - INFO - QA: QA: 1020 个股票无今日数据,仅更新时间戳。
2024-12-23 06:08:15,683 - INFO - QA: QA: 0 个缺口没有缩小,无需更新。
2024-12-23 06:08:15,684 - INFO - QA: QA: 0 个缺口已填满。
2024-12-23 06:08:15,686 - INFO - QA: QA: 0 个缺口缩小。
2024-12-23 06:08:19,733 - INFO - QA: 更新 1020 个无数据股票的时间戳
2024-12-23 06:08:19,735 - INFO - QA: 现有缺口更新完成。
2024-12-23 06:08:19,736 - INFO - QA: 开始检测新缺口...
2024-12-23 06:08:19,758 - INFO - QA: 读取到 5676 个股票代码
2024-12-23 06:08:37,719 - INFO - QA: 
QA: 没有发现新的缺口。
2024-12-23 06:08:37,720 - INFO - QA: 程序运行结束

2024-12-23 06:25:59,796 - INFO - QA: 开始运行缺口检测程序 - 环境: QA, 交易日期: 2024-12-23
2024-12-23 06:25:59,821 - INFO - QA: 开始更新现有缺口...
2024-12-23 06:26:00,540 - INFO - QA: 共有 821 个未填满的缺口需要更新。
2024-12-23 06:26:00,541 - INFO - QA: QA: 821 个股票无今日数据,仅更新时间戳。
2024-12-23 06:26:00,542 - INFO - QA: QA: 0 个缺口没有缩小,无需更新。
2024-12-23 06:26:00,543 - INFO - QA: QA: 0 个缺口已填满。
2024-12-23 06:26:00,543 - INFO - QA: QA: 0 个缺口缩小。
2024-12-23 06:26:03,742 - INFO - QA: 更新 821 个无数据股票的时间戳
2024-12-23 06:26:03,744 - INFO - QA: 现有缺口更新完成。
2024-12-23 06:26:03,745 - INFO - QA: 开始检测新缺口...
2024-12-23 06:26:03,773 - INFO - QA: 读取到 5676 个股票代码
2024-12-23 06:26:21,700 - INFO - QA: 
QA: 没有发现新的缺口。
2024-12-23 06:26:21,702 - INFO - QA: 程序运行结束

2024-12-23 06:37:32,223 - INFO - QA: 当前时间 06:37 早于收盘时间 16:00，将 2024-12-20 视为处理日期。
2024-12-23 06:37:32,223 - INFO - QA: 开始运行缺口检测程序 - 环境: QA, 交易日期: 2024-12-20
2024-12-23 06:37:32,245 - INFO - QA: 开始更新现有缺口...
2024-12-23 06:37:32,668 - INFO - QA: 共有 821 个未填满的缺口需要更新。
2024-12-23 06:37:32,668 - INFO - QA: QA: 0 个股票无今日数据,仅更新时间戳。
2024-12-23 06:37:32,669 - INFO - QA: QA: 728 个缺口没有缩小,无需更新。
2024-12-23 06:37:32,669 - INFO - QA: QA: 77 个缺口已填满。
2024-12-23 06:37:32,670 - INFO - QA: QA: 16 个缺口缩小。
2024-12-23 06:37:35,698 - INFO - QA: 更新 728 个无需变化的缺口
2024-12-23 06:37:35,999 - INFO - QA: 更新 77 个已填满的缺口
2024-12-23 06:37:36,069 - INFO - QA: 更新 16 个减小的缺口
2024-12-23 06:37:36,071 - INFO - QA: 现有缺口更新完成。
2024-12-23 06:37:36,072 - INFO - QA: 开始检测新缺口...
2024-12-23 06:37:36,096 - INFO - QA: 读取到 5676 个股票代码
2024-12-23 06:37:54,218 - INFO - QA: 
QA: 共发现 23 个缺口，其中 23 个为新缺口
2024-12-23 06:37:54,219 - INFO - QA: 程序运行结束

2024-12-24 06:30:54,825 - INFO - QA: 当前时间 06:30 早于收盘时间 16:00，将 2024-12-23 视为处理日期。
2024-12-24 06:30:54,825 - INFO - QA: 开始运行缺口检测程序 - 环境: QA, 交易日期: 2024-12-23
2024-12-24 06:30:54,886 - INFO - QA: 开始更新现有缺口...
2024-12-24 06:30:55,308 - INFO - QA: 共有 1020 个未填满的缺口需要更新。
2024-12-24 06:30:55,309 - INFO - QA: QA: 0 个股票无今日数据,仅更新时间戳。
2024-12-24 06:30:55,310 - INFO - QA: QA: 984 个缺口没有缩小,无需更新。
2024-12-24 06:30:55,311 - INFO - QA: QA: 26 个缺口已填满。
2024-12-24 06:30:55,312 - INFO - QA: QA: 10 个缺口缩小。
2024-12-24 06:30:59,205 - INFO - QA: 更新 984 个无需变化的缺口
2024-12-24 06:30:59,308 - INFO - QA: 更新 26 个已填满的缺口
2024-12-24 06:30:59,347 - INFO - QA: 更新 10 个减小的缺口
2024-12-24 06:30:59,350 - INFO - QA: 现有缺口更新完成。
2024-12-24 06:30:59,350 - INFO - QA: 开始检测新缺口...
2024-12-24 06:30:59,374 - INFO - QA: 读取到 5677 个股票代码
2024-12-24 06:31:17,721 - INFO - QA: 
QA: 共发现 103 个缺口，其中 103 个为新缺口
2024-12-24 06:31:17,722 - INFO - QA: 程序运行结束

2024-12-24 06:44:35,751 - INFO - QA: 当前时间 06:44 早于收盘时间 16:00，将 2024-12-23 视为处理日期。
2024-12-24 06:44:35,751 - INFO - QA: 开始运行缺口检测程序 - 环境: QA, 交易日期: 2024-12-23
2024-12-24 06:44:35,781 - INFO - QA: 开始更新现有缺口...
2024-12-24 06:44:36,285 - INFO - QA: 共有 1020 个未填满的缺口需要更新。
2024-12-24 06:44:36,285 - INFO - QA: QA: 0 个股票无今日数据,仅更新时间戳。
2024-12-24 06:44:36,286 - INFO - QA: QA: 984 个缺口没有缩小,无需更新。
2024-12-24 06:44:36,287 - INFO - QA: QA: 26 个缺口已填满。
2024-12-24 06:44:36,287 - INFO - QA: QA: 10 个缺口缩小。
2024-12-24 06:44:40,206 - INFO - QA: 更新 984 个无需变化的缺口
2024-12-24 06:44:40,311 - INFO - QA: 更新 26 个已填满的缺口
2024-12-24 06:44:40,352 - INFO - QA: 更新 10 个减小的缺口
2024-12-24 06:44:40,355 - INFO - QA: 现有缺口更新完成。
2024-12-24 06:44:40,356 - INFO - QA: 开始检测新缺口...
2024-12-24 06:44:40,381 - INFO - QA: 读取到 5677 个股票代码
2024-12-24 06:44:58,627 - INFO - QA: 
QA: 共发现 103 个缺口，其中 103 个为新缺口
2024-12-24 06:44:58,628 - INFO - QA: 程序运行结束

2024-12-24 08:38:33,211 - INFO - QA: 当前时间 08:38 早于收盘时间 16:00，将 2024-12-23 视为处理日期。
2024-12-24 08:38:33,212 - INFO - QA: 开始运行缺口检测程序 - 环境: QA, 交易日期: 2024-12-23
2024-12-24 08:38:33,269 - INFO - QA: 开始更新现有缺口...
2024-12-24 08:38:33,705 - INFO - QA: 共有 1097 个未填满的缺口需要更新。
2024-12-24 08:38:33,705 - INFO - QA: QA: 0 个股票无今日数据,仅更新时间戳。
2024-12-24 08:38:33,706 - INFO - QA: QA: 1097 个缺口没有缩小,无需更新。
2024-12-24 08:38:33,706 - INFO - QA: QA: 0 个缺口已填满。
2024-12-24 08:38:33,707 - INFO - QA: QA: 0 个缺口缩小。
2024-12-24 08:38:38,085 - INFO - QA: 更新 1097 个无需变化的缺口
2024-12-24 08:38:38,088 - INFO - QA: 现有缺口更新完成。
2024-12-24 08:38:38,089 - INFO - QA: 开始检测新缺口...
2024-12-24 08:38:38,112 - INFO - QA: 读取到 5677 个股票代码
2024-12-24 08:38:57,060 - INFO - QA: 
QA: 发现 103 个缺口，但都已存在于数据库中
2024-12-24 08:38:57,061 - INFO - QA: 程序运行结束

2024-12-24 21:50:06,161 - INFO - QA: 当前时间 21:50 晚于收盘时间 16:00，将 2024-12-24 视为处理日期。
2024-12-24 21:50:06,162 - INFO - QA: 开始运行缺口检测程序 - 环境: QA, 交易日期: 2024-12-24
2024-12-24 21:50:06,283 - INFO - QA: 开始更新现有缺口...
2024-12-24 21:50:07,002 - INFO - QA: 共有 1097 个未填满的缺口需要更新。
2024-12-24 21:50:07,002 - INFO - QA: QA: 0 个股票无今日数据,仅更新时间戳。
2024-12-24 21:50:07,003 - INFO - QA: QA: 1076 个缺口没有缩小,无需更新。
2024-12-24 21:50:07,004 - INFO - QA: QA: 13 个缺口已填满。
2024-12-24 21:50:07,004 - INFO - QA: QA: 8 个缺口缩小。
2024-12-24 21:50:11,325 - INFO - QA: 更新 1076 个无需变化的缺口
2024-12-24 21:50:11,379 - INFO - QA: 更新 13 个已填满的缺口
2024-12-24 21:50:11,413 - INFO - QA: 更新 8 个减小的缺口
2024-12-24 21:50:11,418 - INFO - QA: 现有缺口更新完成。
2024-12-24 21:50:11,419 - INFO - QA: 开始检测新缺口...
2024-12-24 21:50:11,439 - INFO - QA: 读取到 5677 个股票代码
2024-12-24 21:50:42,149 - INFO - QA: 
QA: 共发现 98 个缺口，其中 98 个为新缺口
2024-12-24 21:50:42,151 - INFO - QA: 程序运行结束

2024-12-25 16:04:18,195 - INFO - QA: 当前时间 16:04 晚于收盘时间 15:30，将 2024-12-25 视为处理日期。
2024-12-25 16:04:18,196 - INFO - QA: 开始运行缺口检测程序 - 环境: QA, 交易日期: 2024-12-25
2024-12-25 16:04:18,211 - INFO - QA: 开始更新现有缺口...
2024-12-25 16:04:18,821 - INFO - QA: 共有 1182 个未填满的缺口需要更新。
2024-12-25 16:04:18,822 - INFO - QA: QA: 1 个股票无今日数据,仅更新时间戳。
2024-12-25 16:04:18,822 - INFO - QA: QA: 1154 个缺口没有缩小,无需更新。
2024-12-25 16:04:18,823 - INFO - QA: QA: 17 个缺口已填满。
2024-12-25 16:04:18,823 - INFO - QA: QA: 10 个缺口缩小。
2024-12-25 16:04:18,829 - INFO - QA: 更新 1 个无数据股票的时间戳
2024-12-25 16:04:23,452 - INFO - QA: 更新 1154 个无需变化的缺口
2024-12-25 16:04:23,523 - INFO - QA: 更新 17 个已填满的缺口
2024-12-25 16:04:23,565 - INFO - QA: 更新 10 个减小的缺口
2024-12-25 16:04:23,567 - INFO - QA: 现有缺口更新完成。
2024-12-25 16:04:23,567 - INFO - QA: 开始检测新缺口...
2024-12-25 16:04:23,591 - INFO - QA: 读取到 5677 个股票代码
2024-12-25 16:04:53,641 - INFO - QA: 
QA: 共发现 40 个缺口，其中 40 个为新缺口
2024-12-25 16:04:53,642 - INFO - QA: 程序运行结束

2024-12-26 21:50:34,453 - INFO - QA: 当前时间 21:50 晚于收盘时间 15:30，将 2024-12-26 视为处理日期。
2024-12-26 21:50:34,453 - INFO - QA: 开始运行缺口检测程序 - 环境: QA, 交易日期: 2024-12-26
2024-12-26 21:50:34,472 - INFO - QA: 开始更新现有缺口...
2024-12-26 21:50:35,267 - INFO - QA: 共有 1205 个未填满的缺口需要更新。
2024-12-26 21:50:35,268 - INFO - QA: QA: 3 个股票无今日数据,仅更新时间戳。
2024-12-26 21:50:35,268 - INFO - QA: QA: 1160 个缺口没有缩小,无需更新。
2024-12-26 21:50:35,269 - INFO - QA: QA: 25 个缺口已填满。
2024-12-26 21:50:35,269 - INFO - QA: QA: 17 个缺口缩小。
2024-12-26 21:50:35,285 - INFO - QA: 更新 3 个无数据股票的时间戳
2024-12-26 21:50:39,952 - INFO - QA: 更新 1160 个无需变化的缺口
2024-12-26 21:50:40,053 - INFO - QA: 更新 25 个已填满的缺口
2024-12-26 21:50:40,122 - INFO - QA: 更新 17 个减小的缺口
2024-12-26 21:50:40,124 - INFO - QA: 现有缺口更新完成。
2024-12-26 21:50:40,124 - INFO - QA: 开始检测新缺口...
2024-12-26 21:50:40,150 - INFO - QA: 读取到 5679 个股票代码
2024-12-26 21:51:10,316 - INFO - QA: 
QA: 共发现 23 个缺口，其中 23 个为新缺口
2024-12-26 21:51:10,317 - INFO - QA: 程序运行结束

2024-12-27 16:37:16,340 - INFO - QA: 当前时间 16:37 晚于收盘时间 15:30，将 2024-12-27 视为处理日期。
2024-12-27 16:37:16,340 - INFO - QA: 开始运行缺口检测程序 - 环境: QA, 交易日期: 2024-12-27
2024-12-27 16:37:16,346 - INFO - QA: 开始更新现有缺口...
2024-12-27 16:37:16,921 - INFO - QA: 共有 1203 个未填满的缺口需要更新。
2024-12-27 16:37:16,921 - INFO - QA: QA: 3 个股票无今日数据,仅更新时间戳。
2024-12-27 16:37:16,922 - INFO - QA: QA: 1152 个缺口没有缩小,无需更新。
2024-12-27 16:37:16,923 - INFO - QA: QA: 29 个缺口已填满。
2024-12-27 16:37:16,923 - INFO - QA: QA: 19 个缺口缩小。
2024-12-27 16:37:16,939 - INFO - QA: 更新 3 个无数据股票的时间戳
2024-12-27 16:37:21,543 - INFO - QA: 更新 1152 个无需变化的缺口
2024-12-27 16:37:21,657 - INFO - QA: 更新 29 个已填满的缺口
2024-12-27 16:37:21,735 - INFO - QA: 更新 19 个减小的缺口
2024-12-27 16:37:21,736 - INFO - QA: 现有缺口更新完成。
2024-12-27 16:37:21,736 - INFO - QA: 开始检测新缺口...
2024-12-27 16:37:21,757 - INFO - QA: 读取到 5679 个股票代码
2024-12-27 16:37:51,989 - INFO - QA: 
QA: 共发现 21 个缺口.
2024-12-27 16:37:51,990 - INFO - QA: 程序运行结束

2024-12-27 16:39:07,895 - INFO - QA: 当前时间 16:39 晚于收盘时间 15:30，将 2024-12-27 视为处理日期。
2024-12-27 16:39:07,895 - INFO - QA: 开始运行缺口检测程序 - 环境: QA, 交易日期: 2024-12-27
2024-12-27 16:39:07,914 - INFO - QA: 开始更新现有缺口...
2024-12-27 16:39:08,534 - INFO - QA: 共有 1195 个未填满的缺口需要更新。
2024-12-27 16:39:08,534 - INFO - QA: QA: 3 个股票无今日数据,仅更新时间戳。
2024-12-27 16:39:08,535 - INFO - QA: QA: 1192 个缺口没有缩小,无需更新。
2024-12-27 16:39:08,536 - INFO - QA: QA: 0 个缺口已填满。
2024-12-27 16:39:08,536 - INFO - QA: QA: 0 个缺口缩小。
2024-12-27 16:39:08,550 - INFO - QA: 更新 3 个无数据股票的时间戳
2024-12-27 16:39:13,279 - INFO - QA: 更新 1192 个无需变化的缺口
2024-12-27 16:39:13,282 - INFO - QA: 现有缺口更新完成。
2024-12-27 16:39:13,283 - INFO - QA: 开始检测新缺口...
2024-12-27 16:39:13,306 - INFO - QA: 读取到 5679 个股票代码
2024-12-27 16:39:43,659 - INFO - QA: 
QA: 发现 21 个缺口，但都已存在于数据库中
2024-12-27 16:39:43,659 - INFO - QA: 程序运行结束

2024-12-30 16:32:13,354 - INFO - QA: 当前时间 16:32 晚于收盘时间 15:30，将 2024-12-30 视为处理日期。
2024-12-30 16:32:13,354 - INFO - QA: 开始运行缺口检测程序 - 环境: QA, 交易日期: 2024-12-30
2024-12-30 16:32:13,357 - INFO - QA: 开始更新现有缺口...
2024-12-30 16:32:13,938 - INFO - QA: 共有 1195 个未填满的缺口需要更新。
2024-12-30 16:32:13,939 - INFO - QA: QA: 3 个股票无今日数据,仅更新时间戳。
2024-12-30 16:32:13,940 - INFO - QA: QA: 1172 个缺口没有缩小,无需更新。
2024-12-30 16:32:13,940 - INFO - QA: QA: 18 个缺口已填满。
2024-12-30 16:32:13,941 - INFO - QA: QA: 2 个缺口缩小。
2024-12-30 16:32:13,956 - INFO - QA: 更新 3 个无数据股票的时间戳
2024-12-30 16:32:18,682 - INFO - QA: 更新 1172 个无需变化的缺口
2024-12-30 16:32:18,758 - INFO - QA: 更新 18 个已填满的缺口
2024-12-30 16:32:18,768 - INFO - QA: 更新 2 个减小的缺口
2024-12-30 16:32:18,769 - INFO - QA: 现有缺口更新完成。
2024-12-30 16:32:18,770 - INFO - QA: 开始检测新缺口...
2024-12-30 16:32:18,794 - INFO - QA: 读取到 5679 个股票代码
2024-12-30 16:32:48,846 - INFO - QA: 
QA: 共发现 121 个缺口.
2024-12-30 16:32:48,848 - INFO - QA: 程序运行结束

2024-12-31 23:45:34,692 - INFO - QA: 当前时间 23:45 晚于收盘时间 15:30，将 2024-12-31 视为处理日期。
2024-12-31 23:45:34,693 - INFO - QA: 开始运行缺口检测程序 - 环境: QA, 交易日期: 2024-12-31
2024-12-31 23:45:34,695 - INFO - QA: 开始更新现有缺口...
2024-12-31 23:45:35,272 - INFO - QA: 共有 1298 个未填满的缺口需要更新。
2024-12-31 23:45:35,273 - INFO - QA: QA: 3 个股票无今日数据,仅更新时间戳。
2024-12-31 23:45:35,274 - INFO - QA: QA: 1255 个缺口没有缩小,无需更新。
2024-12-31 23:45:35,274 - INFO - QA: QA: 25 个缺口已填满。
2024-12-31 23:45:35,275 - INFO - QA: QA: 15 个缺口缩小。
2024-12-31 23:45:35,290 - INFO - QA: 更新 3 个无数据股票的时间戳
2024-12-31 23:45:40,374 - INFO - QA: 更新 1255 个无需变化的缺口
2024-12-31 23:45:40,476 - INFO - QA: 更新 25 个已填满的缺口
2024-12-31 23:45:40,538 - INFO - QA: 更新 15 个减小的缺口
2024-12-31 23:45:40,540 - INFO - QA: 现有缺口更新完成。
2024-12-31 23:45:40,541 - INFO - QA: 开始检测新缺口...
2024-12-31 23:45:40,565 - INFO - QA: 读取到 5679 个股票代码
2024-12-31 23:46:10,846 - INFO - QA: 
QA: 共发现 22 个缺口.
2024-12-31 23:46:10,846 - INFO - QA: 程序运行结束

2025-01-03 11:42:09,161 - INFO - QA: 当前时间 11:42 早于收盘时间 15:30，将 2025-01-02 视为处理日期。
2025-01-03 11:42:09,161 - INFO - QA: 开始运行缺口检测程序 - 环境: QA, 交易日期: 2025-01-02
2025-01-03 11:42:09,179 - INFO - QA: 开始更新现有缺口...
2025-01-03 11:42:10,316 - INFO - QA: 共有 1295 个未填满的缺口需要更新。
2025-01-03 11:42:10,317 - INFO - QA: QA: 4 个股票无今日数据,仅更新时间戳。
2025-01-03 11:42:10,318 - INFO - QA: QA: 1257 个缺口没有缩小,无需更新。
2025-01-03 11:42:10,319 - INFO - QA: QA: 25 个缺口已填满。
2025-01-03 11:42:10,319 - INFO - QA: QA: 9 个缺口缩小。
2025-01-03 11:42:10,339 - INFO - QA: 更新 4 个无数据股票的时间戳
2025-01-03 11:42:15,461 - INFO - QA: 更新 1257 个无需变化的缺口
2025-01-03 11:42:15,564 - INFO - QA: 更新 25 个已填满的缺口
2025-01-03 11:42:15,602 - INFO - QA: 更新 9 个减小的缺口
2025-01-03 11:42:15,604 - INFO - QA: 现有缺口更新完成。
2025-01-03 11:42:15,605 - INFO - QA: 开始检测新缺口...
2025-01-03 11:42:15,630 - INFO - QA: 读取到 5679 个股票代码
2025-01-03 11:42:46,102 - INFO - QA: 
QA: 共发现 142 个缺口.
2025-01-03 11:42:46,103 - INFO - QA: 程序运行结束

2025-01-03 11:49:06,538 - INFO - QA: 当前时间 11:49 早于收盘时间 15:30，将 2025-01-02 视为处理日期。
2025-01-03 11:49:06,538 - INFO - QA: 开始运行缺口检测程序 - 环境: QA, 交易日期: 2025-01-02
2025-01-03 11:49:06,553 - INFO - QA: 开始更新现有缺口...
2025-01-03 11:49:07,662 - INFO - QA: 共有 1412 个未填满的缺口需要更新。
2025-01-03 11:49:07,662 - INFO - QA: QA: 4 个股票无今日数据,仅更新时间戳。
2025-01-03 11:49:07,663 - INFO - QA: QA: 1408 个缺口没有缩小,无需更新。
2025-01-03 11:49:07,664 - INFO - QA: QA: 0 个缺口已填满。
2025-01-03 11:49:07,665 - INFO - QA: QA: 0 个缺口缩小。
2025-01-03 11:49:07,684 - INFO - QA: 更新 4 个无数据股票的时间戳
2025-01-03 11:49:13,473 - INFO - QA: 更新 1408 个无需变化的缺口
2025-01-03 11:49:13,476 - INFO - QA: 现有缺口更新完成。
2025-01-03 11:49:13,477 - INFO - QA: 开始检测新缺口...
2025-01-03 11:49:13,504 - INFO - QA: 读取到 5679 个股票代码
2025-01-03 11:49:44,171 - INFO - QA: 
QA: 发现 142 个缺口，但都已存在于数据库中
2025-01-03 11:49:44,173 - INFO - QA: 程序运行结束

2025-01-03 16:26:02,225 - INFO - QA: 当前时间 16:26 晚于收盘时间 15:30，将 2025-01-03 视为处理日期。
2025-01-03 16:26:02,225 - INFO - QA: 开始运行缺口检测程序 - 环境: QA, 交易日期: 2025-01-03
2025-01-03 16:26:02,241 - INFO - QA: 开始更新现有缺口...
2025-01-03 16:26:02,856 - INFO - QA: 共有 1412 个未填满的缺口需要更新。
2025-01-03 16:26:02,856 - INFO - QA: QA: 3 个股票无今日数据,仅更新时间戳。
2025-01-03 16:26:02,857 - INFO - QA: QA: 1391 个缺口没有缩小,无需更新。
2025-01-03 16:26:02,858 - INFO - QA: QA: 12 个缺口已填满。
2025-01-03 16:26:02,859 - INFO - QA: QA: 6 个缺口缩小。
2025-01-03 16:26:02,874 - INFO - QA: 更新 3 个无数据股票的时间戳
2025-01-03 16:26:08,661 - INFO - QA: 更新 1391 个无需变化的缺口
2025-01-03 16:26:08,712 - INFO - QA: 更新 12 个已填满的缺口
2025-01-03 16:26:08,738 - INFO - QA: 更新 6 个减小的缺口
2025-01-03 16:26:08,739 - INFO - QA: 现有缺口更新完成。
2025-01-03 16:26:08,739 - INFO - QA: 开始检测新缺口...
2025-01-03 16:26:08,762 - INFO - QA: 读取到 5682 个股票代码
2025-01-03 16:26:39,589 - INFO - QA: 
QA: 共发现 32 个缺口.
2025-01-03 16:26:39,591 - INFO - QA: 程序运行结束

2025-01-06 15:46:30,207 - INFO - QA: 当前时间 15:46 晚于收盘时间 15:30，将 2025-01-06 视为处理日期。
2025-01-06 15:46:30,207 - INFO - QA: 开始运行缺口检测程序 - 环境: QA, 交易日期: 2025-01-06
2025-01-06 15:46:30,209 - INFO - QA: 开始更新现有缺口...
2025-01-06 15:46:30,783 - INFO - QA: 共有 1432 个未填满的缺口需要更新。
2025-01-06 15:46:30,784 - INFO - QA: QA: 15 个股票无今日数据,仅更新时间戳。
2025-01-06 15:46:30,785 - INFO - QA: QA: 1406 个缺口没有缩小,无需更新。
2025-01-06 15:46:30,785 - INFO - QA: QA: 5 个缺口已填满。
2025-01-06 15:46:30,786 - INFO - QA: QA: 6 个缺口缩小。
2025-01-06 15:46:30,853 - INFO - QA: 更新 15 个无数据股票的时间戳
2025-01-06 15:46:36,737 - INFO - QA: 更新 1406 个无需变化的缺口
2025-01-06 15:46:36,765 - INFO - QA: 更新 5 个已填满的缺口
2025-01-06 15:46:36,790 - INFO - QA: 更新 6 个减小的缺口
2025-01-06 15:46:36,792 - INFO - QA: 现有缺口更新完成。
2025-01-06 15:46:36,793 - INFO - QA: 开始检测新缺口...
2025-01-06 15:47:07,578 - INFO - QA: 
QA: 共发现 204 个缺口.
2025-01-06 15:47:07,579 - INFO - QA: 程序运行结束

2025-01-07 20:38:12,720 - INFO - QA: 当前时间 20:38 晚于收盘时间 15:30，将 2025-01-07 视为处理日期。
2025-01-07 20:38:12,720 - INFO - QA: 开始运行缺口检测程序 - 环境: QA, 交易日期: 2025-01-07
2025-01-07 20:38:12,725 - INFO - QA: 开始更新现有缺口...
2025-01-07 20:38:13,312 - INFO - QA: 共有 1631 个未填满的缺口需要更新。
2025-01-07 20:38:13,313 - INFO - QA: QA: 11 个股票无今日数据,仅更新时间戳。
2025-01-07 20:38:13,314 - INFO - QA: QA: 1563 个缺口没有缩小,无需更新。
2025-01-07 20:38:13,314 - INFO - QA: QA: 36 个缺口已填满。
2025-01-07 20:38:13,315 - INFO - QA: QA: 21 个缺口缩小。
2025-01-07 20:38:13,366 - INFO - QA: 更新 11 个无数据股票的时间戳
2025-01-07 20:38:19,927 - INFO - QA: 更新 1563 个无需变化的缺口
2025-01-07 20:38:20,093 - INFO - QA: 更新 36 个已填满的缺口
2025-01-07 20:38:20,193 - INFO - QA: 更新 21 个减小的缺口
2025-01-07 20:38:20,195 - INFO - QA: 现有缺口更新完成。
2025-01-07 20:38:20,195 - INFO - QA: 开始检测新缺口...
2025-01-07 20:38:51,310 - INFO - QA: 
QA: 共发现 36 个缺口.
2025-01-07 20:38:51,313 - INFO - QA: 程序运行结束

2025-01-08 16:39:30,992 - INFO - QA: 当前时间 16:39 晚于收盘时间 15:30，将 2025-01-08 视为处理日期。
2025-01-08 16:39:30,993 - INFO - QA: 开始运行缺口检测程序 - 环境: QA, 交易日期: 2025-01-08
2025-01-08 16:39:30,995 - INFO - QA: 开始更新现有缺口...
2025-01-08 16:39:31,593 - INFO - QA: 共有 1631 个未填满的缺口需要更新。
2025-01-08 16:39:31,593 - INFO - QA: QA: 11 个股票无今日数据,仅更新时间戳。
2025-01-08 16:39:31,594 - INFO - QA: QA: 1543 个缺口没有缩小,无需更新。
2025-01-08 16:39:31,595 - INFO - QA: QA: 49 个缺口已填满。
2025-01-08 16:39:31,596 - INFO - QA: QA: 28 个缺口缩小。
2025-01-08 16:39:31,646 - INFO - QA: 更新 11 个无数据股票的时间戳
2025-01-08 16:39:38,111 - INFO - QA: 更新 1543 个无需变化的缺口
2025-01-08 16:39:38,319 - INFO - QA: 更新 49 个已填满的缺口
2025-01-08 16:39:38,438 - INFO - QA: 更新 28 个减小的缺口
2025-01-08 16:39:38,440 - INFO - QA: 现有缺口更新完成。
2025-01-08 16:39:38,441 - INFO - QA: 开始检测新缺口...
2025-01-08 16:40:09,615 - INFO - QA: 
QA: 共发现 11 个缺口.
2025-01-08 16:40:09,617 - INFO - QA: 程序运行结束

2025-01-09 22:05:21,795 - INFO - QA: 当前时间 22:05 晚于收盘时间 15:30，将 2025-01-09 视为处理日期。
2025-01-09 22:05:21,796 - INFO - QA: 开始运行缺口检测程序 - 环境: QA, 交易日期: 2025-01-09
2025-01-09 22:05:21,799 - INFO - QA: 开始更新现有缺口...
2025-01-09 22:05:22,380 - INFO - QA: 共有 1593 个未填满的缺口需要更新。
2025-01-09 22:05:22,381 - INFO - QA: QA: 11 个股票无今日数据,仅更新时间戳。
2025-01-09 22:05:22,382 - INFO - QA: QA: 1513 个缺口没有缩小,无需更新。
2025-01-09 22:05:22,382 - INFO - QA: QA: 45 个缺口已填满。
2025-01-09 22:05:22,383 - INFO - QA: QA: 24 个缺口缩小。
2025-01-09 22:05:22,433 - INFO - QA: 更新 11 个无数据股票的时间戳
2025-01-09 22:05:28,800 - INFO - QA: 更新 1513 个无需变化的缺口
2025-01-09 22:05:28,992 - INFO - QA: 更新 45 个已填满的缺口
2025-01-09 22:05:29,097 - INFO - QA: 更新 24 个减小的缺口
2025-01-09 22:05:29,100 - INFO - QA: 现有缺口更新完成。
2025-01-09 22:05:29,100 - INFO - QA: 开始检测新缺口...
2025-01-09 22:06:00,405 - INFO - QA: 
QA: 共发现 13 个缺口.
2025-01-09 22:06:00,407 - INFO - QA: 程序运行结束

2025-01-10 21:42:00,601 - INFO - QA: 当前时间 21:42 晚于收盘时间 15:30，将 2025-01-10 视为处理日期。
2025-01-10 21:42:00,602 - INFO - QA: 开始运行缺口检测程序 - 环境: QA, 交易日期: 2025-01-10
2025-01-10 21:42:00,605 - INFO - QA: 开始更新现有缺口...
2025-01-10 21:42:01,189 - INFO - QA: 共有 1561 个未填满的缺口需要更新。
2025-01-10 21:42:01,189 - INFO - QA: QA: 11 个股票无今日数据,仅更新时间戳。
2025-01-10 21:42:01,190 - INFO - QA: QA: 1510 个缺口没有缩小,无需更新。
2025-01-10 21:42:01,191 - INFO - QA: QA: 30 个缺口已填满。
2025-01-10 21:42:01,192 - INFO - QA: QA: 10 个缺口缩小。
2025-01-10 21:42:01,243 - INFO - QA: 更新 11 个无数据股票的时间戳
2025-01-10 21:42:07,603 - INFO - QA: 更新 1510 个无需变化的缺口
2025-01-10 21:42:07,732 - INFO - QA: 更新 30 个已填满的缺口
2025-01-10 21:42:07,778 - INFO - QA: 更新 10 个减小的缺口
2025-01-10 21:42:07,779 - INFO - QA: 现有缺口更新完成。
2025-01-10 21:42:07,780 - INFO - QA: 开始检测新缺口...
2025-01-10 21:42:39,102 - INFO - QA: 
QA: 共发现 47 个缺口.
2025-01-10 21:42:39,104 - INFO - QA: 程序运行结束

2025-01-13 20:35:12,516 - INFO - QA: 当前时间 20:35 晚于收盘时间 15:30，将 2025-01-13 视为处理日期。
2025-01-13 20:35:12,517 - INFO - QA: 开始运行缺口检测程序 - 环境: QA, 交易日期: 2025-01-13
2025-01-13 20:35:12,520 - INFO - QA: 开始更新现有缺口...
2025-01-13 20:35:13,103 - INFO - QA: 共有 1578 个未填满的缺口需要更新。
2025-01-13 20:35:13,104 - INFO - QA: QA: 24 个股票无今日数据,仅更新时间戳。
2025-01-13 20:35:13,104 - INFO - QA: QA: 1533 个缺口没有缩小,无需更新。
2025-01-13 20:35:13,105 - INFO - QA: QA: 11 个缺口已填满。
2025-01-13 20:35:13,105 - INFO - QA: QA: 10 个缺口缩小。
2025-01-13 20:35:13,214 - INFO - QA: 更新 24 个无数据股票的时间戳
2025-01-13 20:35:20,055 - INFO - QA: 更新 1533 个无需变化的缺口
2025-01-13 20:35:20,113 - INFO - QA: 更新 11 个已填满的缺口
2025-01-13 20:35:20,158 - INFO - QA: 更新 10 个减小的缺口
2025-01-13 20:35:20,160 - INFO - QA: 现有缺口更新完成。
2025-01-13 20:35:20,162 - INFO - QA: 开始检测新缺口...
2025-01-13 20:35:51,726 - INFO - QA: 
QA: 共发现 531 个缺口.
2025-01-13 20:35:51,727 - INFO - QA: 程序运行结束

2025-01-14 17:52:39,356 - INFO - QA: 当前时间 17:52 晚于收盘时间 15:30，将 2025-01-14 视为处理日期。
2025-01-14 17:52:39,357 - INFO - QA: 开始运行缺口检测程序 - 环境: QA, 交易日期: 2025-01-14
2025-01-14 17:52:39,360 - INFO - QA: 开始更新现有缺口...
2025-01-14 17:52:39,950 - INFO - QA: 共有 2098 个未填满的缺口需要更新。
2025-01-14 17:52:39,951 - INFO - QA: QA: 25 个股票无今日数据,仅更新时间戳。
2025-01-14 17:52:39,951 - INFO - QA: QA: 1527 个缺口没有缩小,无需更新。
2025-01-14 17:52:39,951 - INFO - QA: QA: 492 个缺口已填满。
2025-01-14 17:52:39,952 - INFO - QA: QA: 54 个缺口缩小。
2025-01-14 17:52:40,069 - INFO - QA: 更新 25 个无数据股票的时间戳
2025-01-14 17:52:46,805 - INFO - QA: 更新 1527 个无需变化的缺口
2025-01-14 17:52:48,992 - INFO - QA: 更新 492 个已填满的缺口
2025-01-14 17:52:49,232 - INFO - QA: 更新 54 个减小的缺口
2025-01-14 17:52:49,236 - INFO - QA: 现有缺口更新完成。
2025-01-14 17:52:49,236 - INFO - QA: 开始检测新缺口...
2025-01-14 17:53:20,463 - INFO - QA: 
QA: 共发现 2 个缺口.
2025-01-14 17:53:20,464 - INFO - QA: 程序运行结束

2025-01-15 21:14:44,105 - INFO - QA: 当前时间 21:14 晚于收盘时间 15:30，将 2025-01-15 视为处理日期。
2025-01-15 21:14:44,105 - INFO - QA: 开始运行缺口检测程序 - 环境: QA, 交易日期: 2025-01-15
2025-01-15 21:14:44,108 - INFO - QA: 开始更新现有缺口...
2025-01-15 21:14:44,706 - INFO - QA: 共有 1608 个未填满的缺口需要更新。
2025-01-15 21:14:44,707 - INFO - QA: QA: 25 个股票无今日数据,仅更新时间戳。
2025-01-15 21:14:44,708 - INFO - QA: QA: 1501 个缺口没有缩小,无需更新。
2025-01-15 21:14:44,708 - INFO - QA: QA: 49 个缺口已填满。
2025-01-15 21:14:44,709 - INFO - QA: QA: 33 个缺口缩小。
2025-01-15 21:14:44,826 - INFO - QA: 更新 25 个无数据股票的时间戳
2025-01-15 21:14:51,603 - INFO - QA: 更新 1501 个无需变化的缺口
2025-01-15 21:14:51,830 - INFO - QA: 更新 49 个已填满的缺口
2025-01-15 21:14:51,983 - INFO - QA: 更新 33 个减小的缺口
2025-01-15 21:14:51,986 - INFO - QA: 现有缺口更新完成。
2025-01-15 21:14:51,987 - INFO - QA: 开始检测新缺口...
2025-01-15 21:15:23,504 - INFO - QA: 
QA: 共发现 3 个缺口.
2025-01-15 21:15:23,506 - INFO - QA: 程序运行结束

2025-01-16 19:07:53,560 - INFO - QA: 当前时间 19:07 晚于收盘时间 15:30，将 2025-01-16 视为处理日期。
2025-01-16 19:07:53,561 - INFO - QA: 开始运行缺口检测程序 - 环境: QA, 交易日期: 2025-01-16
2025-01-16 19:07:53,565 - INFO - QA: 开始更新现有缺口...
2025-01-16 19:07:54,150 - INFO - QA: 共有 1562 个未填满的缺口需要更新。
2025-01-16 19:07:54,151 - INFO - QA: QA: 24 个股票无今日数据,仅更新时间戳。
2025-01-16 19:07:54,152 - INFO - QA: QA: 1462 个缺口没有缩小,无需更新。
2025-01-16 19:07:54,153 - INFO - QA: QA: 48 个缺口已填满。
2025-01-16 19:07:54,153 - INFO - QA: QA: 28 个缺口缩小。
2025-01-16 19:07:54,266 - INFO - QA: 更新 24 个无数据股票的时间戳
2025-01-16 19:08:00,623 - INFO - QA: 更新 1462 个无需变化的缺口
2025-01-16 19:08:00,835 - INFO - QA: 更新 48 个已填满的缺口
2025-01-16 19:08:00,958 - INFO - QA: 更新 28 个减小的缺口
2025-01-16 19:08:00,960 - INFO - QA: 现有缺口更新完成。
2025-01-16 19:08:00,960 - INFO - QA: 开始检测新缺口...
2025-01-16 19:08:32,628 - INFO - QA: 
QA: 共发现 4 个缺口.
2025-01-16 19:08:32,629 - INFO - QA: 程序运行结束

2025-01-17 20:11:19,835 - INFO - QA: 当前时间 20:11 晚于收盘时间 15:30，将 2025-01-17 视为处理日期。
2025-01-17 20:11:19,836 - INFO - QA: 开始运行缺口检测程序 - 环境: QA, 交易日期: 2025-01-17
2025-01-17 20:11:19,839 - INFO - QA: 开始更新现有缺口...
2025-01-17 20:11:20,430 - INFO - QA: 共有 1518 个未填满的缺口需要更新。
2025-01-17 20:11:20,430 - INFO - QA: QA: 39 个股票无今日数据,仅更新时间戳。
2025-01-17 20:11:20,431 - INFO - QA: QA: 1444 个缺口没有缩小,无需更新。
2025-01-17 20:11:20,432 - INFO - QA: QA: 27 个缺口已填满。
2025-01-17 20:11:20,433 - INFO - QA: QA: 8 个缺口缩小。
2025-01-17 20:11:20,613 - INFO - QA: 更新 39 个无数据股票的时间戳
2025-01-17 20:11:26,918 - INFO - QA: 更新 1444 个无需变化的缺口
2025-01-17 20:11:27,038 - INFO - QA: 更新 27 个已填满的缺口
2025-01-17 20:11:27,074 - INFO - QA: 更新 8 个减小的缺口
2025-01-17 20:11:27,075 - INFO - QA: 现有缺口更新完成。
2025-01-17 20:11:27,076 - INFO - QA: 开始检测新缺口...
2025-01-17 20:11:58,809 - INFO - QA: 
QA: 共发现 30 个缺口.
2025-01-17 20:11:58,810 - INFO - QA: 程序运行结束

2025-01-20 16:37:32,013 - INFO - QA: 当前时间 16:37 晚于收盘时间 15:30，将 2025-01-20 视为处理日期。
2025-01-20 16:37:32,013 - INFO - QA: 开始运行缺口检测程序 - 环境: QA, 交易日期: 2025-01-20
2025-01-20 16:37:32,016 - INFO - QA: 开始更新现有缺口...
2025-01-20 16:37:32,601 - INFO - QA: 共有 1521 个未填满的缺口需要更新。
2025-01-20 16:37:32,601 - INFO - QA: QA: 39 个股票无今日数据,仅更新时间戳。
2025-01-20 16:37:32,602 - INFO - QA: QA: 1427 个缺口没有缩小,无需更新。
2025-01-20 16:37:32,603 - INFO - QA: QA: 38 个缺口已填满。
2025-01-20 16:37:32,604 - INFO - QA: QA: 17 个缺口缩小。
2025-01-20 16:37:32,789 - INFO - QA: 更新 39 个无数据股票的时间戳
2025-01-20 16:37:39,241 - INFO - QA: 更新 1427 个无需变化的缺口
2025-01-20 16:37:39,409 - INFO - QA: 更新 38 个已填满的缺口
2025-01-20 16:37:39,485 - INFO - QA: 更新 17 个减小的缺口
2025-01-20 16:37:39,487 - INFO - QA: 现有缺口更新完成。
2025-01-20 16:37:39,488 - INFO - QA: 开始检测新缺口...
2025-01-20 16:38:11,546 - INFO - QA: 
QA: 共发现 55 个缺口.
2025-01-20 16:38:11,547 - INFO - QA: 程序运行结束

2025-01-20 21:54:45,905 - INFO - QA: 当前时间 21:54 晚于收盘时间 15:30，将 2025-01-20 视为处理日期。
2025-01-20 21:54:45,907 - INFO - QA: 开始运行缺口检测程序 - 环境: QA, 交易日期: 2025-01-20
2025-01-20 21:54:45,975 - INFO - QA: 开始更新现有缺口...
2025-01-20 21:54:46,736 - INFO - QA: 共有 1538 个未填满的缺口需要更新。
2025-01-20 21:54:46,737 - INFO - QA: QA: 39 个股票无今日数据,仅更新时间戳。
2025-01-20 21:54:46,737 - INFO - QA: QA: 1499 个缺口没有缩小,无需更新。
2025-01-20 21:54:46,738 - INFO - QA: QA: 0 个缺口已填满。
2025-01-20 21:54:46,739 - INFO - QA: QA: 0 个缺口缩小。
2025-01-20 21:54:46,924 - INFO - QA: 更新 39 个无数据股票的时间戳
2025-01-20 21:54:53,479 - INFO - QA: 更新 1499 个无需变化的缺口
2025-01-20 21:54:53,481 - INFO - QA: 现有缺口更新完成。
2025-01-20 21:54:53,482 - INFO - QA: 开始检测新缺口...
2025-01-20 21:55:26,035 - INFO - QA: 
QA: 发现 55 个缺口，但都已存在于数据库中
2025-01-20 21:55:26,036 - INFO - QA: 程序运行结束

2025-01-20 21:57:30,878 - INFO - QA: 当前时间 21:57 晚于收盘时间 15:30，将 2025-01-20 视为处理日期。
2025-01-20 21:57:30,878 - INFO - QA: 开始运行缺口检测程序 - 环境: QA, 交易日期: 2025-01-20
2025-01-20 21:57:30,944 - INFO - QA: 开始更新现有缺口...
2025-01-20 21:57:31,917 - INFO - QA: 共有 1538 个未填满的缺口需要更新。
2025-01-20 21:57:31,918 - INFO - QA: QA: 39 个股票无今日数据,仅更新时间戳。
2025-01-20 21:57:31,919 - INFO - QA: QA: 1499 个缺口没有缩小,无需更新。
2025-01-20 21:57:31,920 - INFO - QA: QA: 0 个缺口已填满。
2025-01-20 21:57:31,921 - INFO - QA: QA: 0 个缺口缩小。
2025-01-20 21:57:32,162 - INFO - QA: 更新 39 个无数据股票的时间戳
2025-01-20 21:57:39,371 - INFO - QA: 更新 1499 个无需变化的缺口
2025-01-20 21:57:39,375 - INFO - QA: 现有缺口更新完成。
2025-01-20 21:57:39,376 - INFO - QA: 开始检测新缺口...
2025-01-20 21:58:14,854 - INFO - QA: 程序运行结束

2025-01-20 21:58:42,643 - INFO - QA: 当前时间 21:58 晚于收盘时间 15:30，将 2025-01-20 视为处理日期。
2025-01-20 21:58:42,643 - INFO - QA: 开始运行缺口检测程序 - 环境: QA, 交易日期: 2025-01-20
2025-01-20 21:58:42,662 - INFO - QA: 开始更新现有缺口...
2025-01-20 21:58:43,277 - INFO - QA: 共有 1538 个未填满的缺口需要更新。
2025-01-20 21:58:43,278 - INFO - QA: QA: 39 个股票无今日数据,仅更新时间戳。
2025-01-20 21:58:43,278 - INFO - QA: QA: 1499 个缺口没有缩小,无需更新。
2025-01-20 21:58:43,278 - INFO - QA: QA: 0 个缺口已填满。
2025-01-20 21:58:43,279 - INFO - QA: QA: 0 个缺口缩小。
2025-01-20 21:58:43,475 - INFO - QA: 更新 39 个无数据股票的时间戳
2025-01-20 21:58:50,772 - INFO - QA: 更新 1499 个无需变化的缺口
2025-01-20 21:58:50,775 - INFO - QA: 现有缺口更新完成。
2025-01-20 21:58:50,775 - INFO - QA: 开始检测新缺口...
2025-01-20 21:59:05,485 - INFO - QA: 
QA: 发现 55 个缺口，但都已存在于数据库中
2025-01-20 21:59:05,485 - INFO - QA: 程序运行结束

2025-01-21 20:10:28,590 - INFO - QA: 当前时间 20:10 晚于收盘时间 15:30，将 2025-01-21 视为处理日期。
2025-01-21 20:10:28,590 - INFO - QA: 开始运行缺口检测程序 - 环境: QA, 交易日期: 2025-01-21
2025-01-21 20:10:28,593 - INFO - QA: 开始更新现有缺口...
2025-01-21 20:10:29,170 - INFO - QA: 共有 1538 个未填满的缺口需要更新。
2025-01-21 20:10:29,170 - INFO - QA: QA: 39 个股票无今日数据,仅更新时间戳。
2025-01-21 20:10:29,170 - INFO - QA: QA: 1456 个缺口没有缩小,无需更新。
2025-01-21 20:10:29,171 - INFO - QA: QA: 24 个缺口已填满。
2025-01-21 20:10:29,171 - INFO - QA: QA: 19 个缺口缩小。
2025-01-21 20:10:29,363 - INFO - QA: 更新 39 个无数据股票的时间戳
2025-01-21 20:10:36,453 - INFO - QA: 更新 1456 个无需变化的缺口
2025-01-21 20:10:36,570 - INFO - QA: 更新 24 个已填满的缺口
2025-01-21 20:10:36,660 - INFO - QA: 更新 19 个减小的缺口
2025-01-21 20:10:36,661 - INFO - QA: 现有缺口更新完成。
2025-01-21 20:10:36,661 - INFO - QA: 开始检测新缺口...
2025-01-21 20:10:51,210 - INFO - QA: 
QA: 共发现 50 个缺口.
2025-01-21 20:10:51,210 - INFO - QA: 程序运行结束

2025-01-22 15:37:23,164 - INFO - QA: 当前时间 15:37 晚于收盘时间 15:30，将 2025-01-22 视为处理日期。
2025-01-22 15:37:23,166 - INFO - QA: 开始运行缺口检测程序 - 环境: QA, 交易日期: 2025-01-22
2025-01-22 15:37:23,169 - INFO - QA: 开始更新现有缺口...
2025-01-22 15:37:23,798 - INFO - QA: 共有 1564 个未填满的缺口需要更新。
2025-01-22 15:37:23,799 - INFO - QA: QA: 39 个股票无今日数据,仅更新时间戳。
2025-01-22 15:37:23,799 - INFO - QA: QA: 1492 个缺口没有缩小,无需更新。
2025-01-22 15:37:23,800 - INFO - QA: QA: 21 个缺口已填满。
2025-01-22 15:37:23,800 - INFO - QA: QA: 12 个缺口缩小。
2025-01-22 15:37:24,001 - INFO - QA: 更新 39 个无数据股票的时间戳
2025-01-22 15:37:31,469 - INFO - QA: 更新 1492 个无需变化的缺口
2025-01-22 15:37:31,573 - INFO - QA: 更新 21 个已填满的缺口
2025-01-22 15:37:31,633 - INFO - QA: 更新 12 个减小的缺口
2025-01-22 15:37:31,634 - INFO - QA: 现有缺口更新完成。
2025-01-22 15:37:31,635 - INFO - QA: 开始检测新缺口...
2025-01-22 15:37:46,820 - INFO - QA: 
QA: 共发现 121 个缺口.
2025-01-22 15:37:46,821 - INFO - QA: 程序运行结束

2025-01-23 15:37:26,685 - INFO - QA: 当前时间 15:37 晚于收盘时间 15:30，将 2025-01-23 视为处理日期。
2025-01-23 15:37:26,686 - INFO - QA: 开始运行缺口检测程序 - 环境: QA, 交易日期: 2025-01-23
2025-01-23 15:37:26,689 - INFO - QA: 开始更新现有缺口...
2025-01-23 15:37:27,307 - INFO - QA: 共有 1664 个未填满的缺口需要更新。
2025-01-23 15:37:27,308 - INFO - QA: QA: 39 个股票无今日数据,仅更新时间戳。
2025-01-23 15:37:27,308 - INFO - QA: QA: 1506 个缺口没有缩小,无需更新。
2025-01-23 15:37:27,308 - INFO - QA: QA: 88 个缺口已填满。
2025-01-23 15:37:27,309 - INFO - QA: QA: 31 个缺口缩小。
2025-01-23 15:37:27,509 - INFO - QA: 更新 39 个无数据股票的时间戳
2025-01-23 15:37:34,912 - INFO - QA: 更新 1506 个无需变化的缺口
2025-01-23 15:37:35,341 - INFO - QA: 更新 88 个已填满的缺口
2025-01-23 15:37:35,494 - INFO - QA: 更新 31 个减小的缺口
2025-01-23 15:37:35,496 - INFO - QA: 现有缺口更新完成。
2025-01-23 15:37:35,497 - INFO - QA: 开始检测新缺口...
2025-01-23 15:37:50,564 - INFO - QA: 
QA: 共发现 28 个缺口.
2025-01-23 15:37:50,565 - INFO - QA: 程序运行结束

2025-01-24 16:05:39,698 - INFO - QA: 当前时间 16:05 晚于收盘时间 15:30，将 2025-01-24 视为处理日期。
2025-01-24 16:05:39,700 - INFO - QA: 开始运行缺口检测程序 - 环境: QA, 交易日期: 2025-01-24
2025-01-24 16:05:39,706 - INFO - QA: 开始更新现有缺口...
2025-01-24 16:05:40,789 - INFO - QA: 共有 1604 个未填满的缺口需要更新。
2025-01-24 16:05:40,790 - INFO - QA: QA: 39 个股票无今日数据,仅更新时间戳。
2025-01-24 16:05:40,791 - INFO - QA: QA: 1542 个缺口没有缩小,无需更新。
2025-01-24 16:05:40,792 - INFO - QA: QA: 14 个缺口已填满。
2025-01-24 16:05:40,792 - INFO - QA: QA: 9 个缺口缩小。
2025-01-24 16:05:41,130 - INFO - QA: 更新 39 个无数据股票的时间戳
2025-01-24 16:05:53,530 - INFO - QA: 更新 1542 个无需变化的缺口
2025-01-24 16:05:53,643 - INFO - QA: 更新 14 个已填满的缺口
2025-01-24 16:05:53,711 - INFO - QA: 更新 9 个减小的缺口
2025-01-24 16:05:53,713 - INFO - QA: 现有缺口更新完成。
2025-01-24 16:05:53,716 - INFO - QA: 开始检测新缺口...
2025-01-24 16:06:16,839 - INFO - QA: 
QA: 共发现 117 个缺口.
2025-01-24 16:06:16,841 - INFO - QA: 程序运行结束

2025-01-26 19:15:53,984 - INFO - QA: 当前时间 19:15 晚于收盘时间 15:30，将 2025-01-26 视为处理日期。
2025-01-26 19:15:53,985 - INFO - QA: 开始运行缺口检测程序 - 环境: QA, 交易日期: 2025-01-26
2025-01-26 19:15:53,989 - INFO - QA: 开始更新现有缺口...
2025-01-26 19:15:54,752 - INFO - QA: 共有 1707 个未填满的缺口需要更新。
2025-01-26 19:15:54,754 - INFO - QA: QA: 39 个股票无今日数据,仅更新时间戳。
2025-01-26 19:15:54,754 - INFO - QA: QA: 1668 个缺口没有缩小,无需更新。
2025-01-26 19:15:54,754 - INFO - QA: QA: 0 个缺口已填满。
2025-01-26 19:15:54,755 - INFO - QA: QA: 0 个缺口缩小。
2025-01-26 19:15:54,953 - INFO - QA: 更新 39 个无数据股票的时间戳
2025-01-26 19:16:03,173 - INFO - QA: 更新 1668 个无需变化的缺口
2025-01-26 19:16:03,175 - INFO - QA: 现有缺口更新完成。
2025-01-26 19:16:03,176 - INFO - QA: 开始检测新缺口...
2025-01-26 19:16:18,488 - INFO - QA: 
QA: 没有发现新的缺口。
2025-01-26 19:16:18,492 - INFO - QA: 程序运行结束

2025-01-28 07:31:52,635 - INFO - QA: 今天非工作日，将 2025-01-27 视为处理日期。
2025-01-28 07:31:52,636 - INFO - QA: 开始运行缺口检测程序 - 环境: QA, 交易日期: 2025-01-27
2025-01-28 07:31:52,640 - INFO - QA: 开始更新现有缺口...
2025-01-28 07:31:53,262 - INFO - QA: 共有 1707 个未填满的缺口需要更新。
2025-01-28 07:31:53,263 - INFO - QA: QA: 39 个股票无今日数据,仅更新时间戳。
2025-01-28 07:31:53,263 - INFO - QA: QA: 1567 个缺口没有缩小,无需更新。
2025-01-28 07:31:53,263 - INFO - QA: QA: 56 个缺口已填满。
2025-01-28 07:31:53,264 - INFO - QA: QA: 45 个缺口缩小。
2025-01-28 07:31:53,467 - INFO - QA: 更新 39 个无数据股票的时间戳
2025-01-28 07:32:01,254 - INFO - QA: 更新 1567 个无需变化的缺口
2025-01-28 07:32:01,530 - INFO - QA: 更新 56 个已填满的缺口
2025-01-28 07:32:01,751 - INFO - QA: 更新 45 个减小的缺口
2025-01-28 07:32:01,753 - INFO - QA: 现有缺口更新完成。
2025-01-28 07:32:01,754 - INFO - QA: 开始检测新缺口...
2025-01-28 07:32:16,623 - INFO - QA: 
QA: 共发现 83 个缺口.
2025-01-28 07:32:16,625 - INFO - QA: 程序运行结束

2025-02-05 22:27:40,987 - INFO - QA: 当前时间 22:27 晚于收盘时间 15:30，将 2025-02-05 视为处理日期。
2025-02-05 22:27:40,988 - INFO - QA: 开始运行缺口检测程序 - 环境: QA, 交易日期: 2025-02-05
2025-02-05 22:27:40,991 - INFO - QA: 开始更新现有缺口...
2025-02-05 22:27:41,612 - INFO - QA: 共有 1734 个未填满的缺口需要更新。
2025-02-05 22:27:41,613 - INFO - QA: QA: 38 个股票无今日数据,仅更新时间戳。
2025-02-05 22:27:41,614 - INFO - QA: QA: 1623 个缺口没有缩小,无需更新。
2025-02-05 22:27:41,615 - INFO - QA: QA: 40 个缺口已填满。
2025-02-05 22:27:41,615 - INFO - QA: QA: 33 个缺口缩小。
2025-02-05 22:27:41,795 - INFO - QA: 更新 38 个无数据股票的时间戳
2025-02-05 22:27:49,071 - INFO - QA: 更新 1623 个无需变化的缺口
2025-02-05 22:27:49,249 - INFO - QA: 更新 40 个已填满的缺口
2025-02-05 22:27:49,400 - INFO - QA: 更新 33 个减小的缺口
2025-02-05 22:27:49,402 - INFO - QA: 现有缺口更新完成。
2025-02-05 22:27:49,403 - INFO - QA: 开始检测新缺口...
2025-02-05 22:28:03,578 - INFO - QA: 
QA: 共发现 105 个缺口.
2025-02-05 22:28:03,579 - INFO - QA: 程序运行结束

2025-02-06 22:13:30,236 - INFO - QA: 当前时间 22:13 晚于收盘时间 15:30，将 2025-02-06 视为处理日期。
2025-02-06 22:13:30,238 - INFO - QA: 开始运行缺口检测程序 - 环境: QA, 交易日期: 2025-02-06
2025-02-06 22:13:30,241 - INFO - QA: 开始更新现有缺口...
2025-02-06 22:13:30,844 - INFO - QA: 共有 1799 个未填满的缺口需要更新。
2025-02-06 22:13:30,846 - INFO - QA: QA: 39 个股票无今日数据,仅更新时间戳。
2025-02-06 22:13:30,847 - INFO - QA: QA: 1620 个缺口没有缩小,无需更新。
2025-02-06 22:13:30,848 - INFO - QA: QA: 92 个缺口已填满。
2025-02-06 22:13:30,848 - INFO - QA: QA: 48 个缺口缩小。
2025-02-06 22:13:31,031 - INFO - QA: 更新 39 个无数据股票的时间戳
2025-02-06 22:13:38,159 - INFO - QA: 更新 1620 个无需变化的缺口
2025-02-06 22:13:38,566 - INFO - QA: 更新 92 个已填满的缺口
2025-02-06 22:13:38,780 - INFO - QA: 更新 48 个减小的缺口
2025-02-06 22:13:38,783 - INFO - QA: 现有缺口更新完成。
2025-02-06 22:13:38,783 - INFO - QA: 开始检测新缺口...
2025-02-06 22:13:52,952 - INFO - QA: 
QA: 共发现 16 个缺口.
2025-02-06 22:13:52,953 - INFO - QA: 程序运行结束

2025-02-07 22:55:19,403 - INFO - QA: 当前时间 22:55 晚于收盘时间 15:30，将 2025-02-07 视为处理日期。
2025-02-07 22:55:19,404 - INFO - QA: 开始运行缺口检测程序 - 环境: QA, 交易日期: 2025-02-07
2025-02-07 22:55:19,408 - INFO - QA: 开始更新现有缺口...
2025-02-07 22:55:20,017 - INFO - QA: 共有 1723 个未填满的缺口需要更新。
2025-02-07 22:55:20,018 - INFO - QA: QA: 36 个股票无今日数据,仅更新时间戳。
2025-02-07 22:55:20,018 - INFO - QA: QA: 1480 个缺口没有缩小,无需更新。
2025-02-07 22:55:20,019 - INFO - QA: QA: 119 个缺口已填满。
2025-02-07 22:55:20,020 - INFO - QA: QA: 88 个缺口缩小。
2025-02-07 22:55:20,189 - INFO - QA: 更新 36 个无数据股票的时间戳
2025-02-07 22:55:26,780 - INFO - QA: 更新 1480 个无需变化的缺口
2025-02-07 22:55:27,309 - INFO - QA: 更新 119 个已填满的缺口
2025-02-07 22:55:27,700 - INFO - QA: 更新 88 个减小的缺口
2025-02-07 22:55:27,702 - INFO - QA: 现有缺口更新完成。
2025-02-07 22:55:27,703 - INFO - QA: 开始检测新缺口...
2025-02-07 22:55:42,567 - INFO - QA: 
QA: 共发现 3 个缺口.
2025-02-07 22:55:42,570 - INFO - QA: 程序运行结束

2025-02-10 16:38:07,574 - INFO - QA: 当前时间 16:38 晚于收盘时间 15:30，将 2025-02-10 视为处理日期。
2025-02-10 16:38:07,576 - INFO - QA: 开始运行缺口检测程序 - 环境: QA, 交易日期: 2025-02-10
2025-02-10 16:38:07,590 - INFO - QA: 开始更新现有缺口...
2025-02-10 16:38:08,550 - INFO - QA: 共有 1607 个未填满的缺口需要更新。
2025-02-10 16:38:08,553 - INFO - QA: QA: 46 个股票无今日数据,仅更新时间戳。
2025-02-10 16:38:08,553 - INFO - QA: QA: 1399 个缺口没有缩小,无需更新。
2025-02-10 16:38:08,554 - INFO - QA: QA: 81 个缺口已填满。
2025-02-10 16:38:08,554 - INFO - QA: QA: 81 个缺口缩小。
2025-02-10 16:38:08,803 - INFO - QA: 更新 46 个无数据股票的时间戳
2025-02-10 16:38:16,256 - INFO - QA: 更新 1399 个无需变化的缺口
2025-02-10 16:38:16,682 - INFO - QA: 更新 81 个已填满的缺口
2025-02-10 16:38:17,089 - INFO - QA: 更新 81 个减小的缺口
2025-02-10 16:38:17,092 - INFO - QA: 现有缺口更新完成。
2025-02-10 16:38:17,094 - INFO - QA: 开始检测新缺口...
2025-02-10 16:38:32,924 - INFO - QA: 
QA: 共发现 8 个缺口.
2025-02-10 16:38:32,926 - INFO - QA: 程序运行结束

2025-02-11 15:40:26,902 - INFO - QA: 当前时间 15:40 晚于收盘时间 15:30，将 2025-02-11 视为处理日期。
2025-02-11 15:40:26,903 - INFO - QA: 开始运行缺口检测程序 - 环境: QA, 交易日期: 2025-02-11
2025-02-11 15:40:26,915 - INFO - QA: 开始更新现有缺口...
2025-02-11 15:40:27,561 - INFO - QA: 共有 1534 个未填满的缺口需要更新。
2025-02-11 15:40:27,563 - INFO - QA: QA: 46 个股票无今日数据,仅更新时间戳。
2025-02-11 15:40:27,564 - INFO - QA: QA: 1341 个缺口没有缩小,无需更新。
2025-02-11 15:40:27,564 - INFO - QA: QA: 79 个缺口已填满。
2025-02-11 15:40:27,565 - INFO - QA: QA: 68 个缺口缩小。
2025-02-11 15:40:27,783 - INFO - QA: 更新 46 个无数据股票的时间戳
2025-02-11 15:40:33,971 - INFO - QA: 更新 1341 个无需变化的缺口
2025-02-11 15:40:34,364 - INFO - QA: 更新 79 个已填满的缺口
2025-02-11 15:40:34,686 - INFO - QA: 更新 68 个减小的缺口
2025-02-11 15:40:34,688 - INFO - QA: 现有缺口更新完成。
2025-02-11 15:40:34,689 - INFO - QA: 开始检测新缺口...
2025-02-11 15:40:49,729 - INFO - QA: 
QA: 共发现 8 个缺口.
2025-02-11 15:40:49,730 - INFO - QA: 程序运行结束

2025-02-12 16:10:41,383 - INFO - QA: 当前时间 16:10 晚于收盘时间 15:30，将 2025-02-12 视为处理日期。
2025-02-12 16:10:41,384 - INFO - QA: 开始运行缺口检测程序 - 环境: QA, 交易日期: 2025-02-12
2025-02-12 16:10:41,387 - INFO - QA: 开始更新现有缺口...
2025-02-12 16:10:42,030 - INFO - QA: 共有 1463 个未填满的缺口需要更新。
2025-02-12 16:10:42,031 - INFO - QA: QA: 46 个股票无今日数据,仅更新时间戳。
2025-02-12 16:10:42,032 - INFO - QA: QA: 1335 个缺口没有缩小,无需更新。
2025-02-12 16:10:42,033 - INFO - QA: QA: 45 个缺口已填满。
2025-02-12 16:10:42,034 - INFO - QA: QA: 37 个缺口缩小。
2025-02-12 16:10:42,263 - INFO - QA: 更新 46 个无数据股票的时间戳
2025-02-12 16:10:48,600 - INFO - QA: 更新 1335 个无需变化的缺口
2025-02-12 16:10:48,813 - INFO - QA: 更新 45 个已填满的缺口
2025-02-12 16:10:48,984 - INFO - QA: 更新 37 个减小的缺口
2025-02-12 16:10:48,987 - INFO - QA: 现有缺口更新完成。
2025-02-12 16:10:48,988 - INFO - QA: 开始检测新缺口...
2025-02-12 16:11:03,539 - INFO - QA: 
QA: 共发现 20 个缺口.
2025-02-12 16:11:03,539 - INFO - QA: 程序运行结束

