2024-12-19 22:41:32,408 - ERROR - QA: 处理过程中出现错误: [Errno 2] No such file or directory: 'CSVs/target.csv'
2024-12-19 22:45:02,959 - ERROR - QA: 处理过程中出现错误: [Errno 2] No such file or directory: 'CSVs/FilterOut.csv'
2024-12-19 22:46:28,810 - ERROR - QA: 处理过程中出现错误: [Errno 2] No such file or directory: '/Users/wuzhong/LocalFile/StockFilter/CSVs/FilterOut.csv'
2024-12-19 22:48:25,051 - INFO - QA: 成功读取到 4931 支股票代码。
2024-12-19 22:48:25,052 - INFO - QA: 清空目标表 MA...
2024-12-19 22:48:25,057 - ERROR - QA: 处理过程中出现错误: (pymysql.err.ProgrammingError) (1146, "Table 'stkfilterqa.ma' doesn't exist")
[SQL: TRUNCATE TABLE MA]
(Background on this error at: https://sqlalche.me/e/20/f405)
2024-12-19 22:49:53,569 - INFO - QA: 成功读取到 4931 支股票代码。
2024-12-19 22:49:53,569 - INFO - QA: 清空目标表 MA...
2024-12-19 22:49:53,583 - INFO - QA: 目标表 MA 已清空。开始计算MA
2024-12-19 22:49:53,584 - INFO - QA: 开始处理第 1 批，共 1000 支股票。
2024-12-19 22:49:56,528 - INFO - QA: 返回数据行数：231753
2024-12-19 22:49:57,094 - INFO - QA: 插入完成，共插入 1000 条记录。
2024-12-19 22:49:57,095 - INFO - QA: 第 1 批处理完成，已插入结果。
2024-12-19 22:49:57,095 - INFO - QA: 开始处理第 2 批，共 1000 支股票。
2024-12-19 22:49:58,692 - INFO - QA: 返回数据行数：232695
2024-12-19 22:49:59,253 - INFO - QA: 插入完成，共插入 1000 条记录。
2024-12-19 22:49:59,253 - INFO - QA: 第 2 批处理完成，已插入结果。
2024-12-19 22:49:59,253 - INFO - QA: 开始处理第 3 批，共 1000 支股票。
2024-12-19 22:50:00,834 - INFO - QA: 返回数据行数：232334
2024-12-19 22:50:01,392 - INFO - QA: 插入完成，共插入 1000 条记录。
2024-12-19 22:50:01,392 - INFO - QA: 第 3 批处理完成，已插入结果。
2024-12-19 22:50:01,392 - INFO - QA: 开始处理第 4 批，共 1000 支股票。
2024-12-19 22:50:02,975 - INFO - QA: 返回数据行数：232093
2024-12-19 22:50:03,537 - INFO - QA: 插入完成，共插入 1000 条记录。
2024-12-19 22:50:03,537 - INFO - QA: 第 4 批处理完成，已插入结果。
2024-12-19 22:50:03,537 - INFO - QA: 开始处理第 5 批，共 931 支股票。
2024-12-19 22:50:05,021 - INFO - QA: 返回数据行数：213305
2024-12-19 22:50:05,562 - INFO - QA: 插入完成，共插入 931 条记录。
2024-12-19 22:50:05,562 - INFO - QA: 第 5 批处理完成，已插入结果。
2024-12-20 16:35:46,841 - INFO - QA: 成功读取到 4905 支股票代码。
2024-12-20 16:35:46,842 - INFO - QA: 清空目标表 MA...
2024-12-20 16:35:46,848 - INFO - QA: 目标表 MA 已清空。开始计算MA
2024-12-20 16:35:46,848 - INFO - QA: 开始处理第 1 批，共 1000 支股票。
2024-12-20 16:35:48,463 - INFO - QA: 返回数据行数：232286
2024-12-20 16:35:49,031 - INFO - QA: 插入完成，共插入 1000 条记录。
2024-12-20 16:35:49,031 - INFO - QA: 第 1 批处理完成，已插入结果。
2024-12-20 16:35:49,032 - INFO - QA: 开始处理第 2 批，共 1000 支股票。
2024-12-20 16:35:50,660 - INFO - QA: 返回数据行数：232265
2024-12-20 16:35:51,237 - INFO - QA: 插入完成，共插入 1000 条记录。
2024-12-20 16:35:51,237 - INFO - QA: 第 2 批处理完成，已插入结果。
2024-12-20 16:35:51,237 - INFO - QA: 开始处理第 3 批，共 1000 支股票。
2024-12-20 16:35:52,837 - INFO - QA: 返回数据行数：232125
2024-12-20 16:35:53,399 - INFO - QA: 插入完成，共插入 1000 条记录。
2024-12-20 16:35:53,400 - INFO - QA: 第 3 批处理完成，已插入结果。
2024-12-20 16:35:53,400 - INFO - QA: 开始处理第 4 批，共 1000 支股票。
2024-12-20 16:35:54,998 - INFO - QA: 返回数据行数：232936
2024-12-20 16:35:55,555 - INFO - QA: 插入完成，共插入 1000 条记录。
2024-12-20 16:35:55,555 - INFO - QA: 第 4 批处理完成，已插入结果。
2024-12-20 16:35:55,555 - INFO - QA: 开始处理第 5 批，共 905 支股票。
2024-12-20 16:35:57,066 - INFO - QA: 返回数据行数：211571
2024-12-20 16:35:57,577 - INFO - QA: 插入完成，共插入 905 条记录。
2024-12-20 16:35:57,577 - INFO - QA: 第 5 批处理完成，已插入结果。
2024-12-21 11:31:19,111 - ERROR - QA: 文件不存在: /Users/wuzhong/LocalFile/StockFilter/QA/CSVs/FilterOut1.csv
2024-12-21 11:31:19,111 - ERROR - QA: 处理过程中出现错误: 文件不存在: /Users/wuzhong/LocalFile/StockFilter/QA/CSVs/FilterOut1.csv
2024-12-21 11:31:48,863 - ERROR - QA: 处理过程中出现错误: Defining usecols with out-of-bounds indices is not allowed. [1] are out of bounds.
2024-12-22 07:51:18,468 - ERROR - QA: 处理过程中出现错误: Defining usecols with out-of-bounds indices is not allowed. [1] are out of bounds.
2024-12-22 07:52:02,732 - INFO - QA: 成功读取到 4777 支股票代码。
2024-12-22 07:52:02,732 - INFO - QA: 清空目标表 MA...
2024-12-22 07:52:02,772 - INFO - QA: 目标表 MA 已清空。开始计算MA
2024-12-22 07:52:02,772 - INFO - QA: 开始处理第 1 批，共 1000 支股票。
2024-12-22 07:52:05,756 - INFO - QA: 返回数据行数：234399
2024-12-22 07:52:06,322 - INFO - QA: 插入完成，共插入 1000 条记录。
2024-12-22 07:52:06,322 - INFO - QA: 第 1 批处理完成，已插入结果。
2024-12-22 07:52:06,322 - INFO - QA: 开始处理第 2 批，共 1000 支股票。
2024-12-22 07:52:07,766 - INFO - QA: 返回数据行数：234830
2024-12-22 07:52:08,320 - INFO - QA: 插入完成，共插入 1000 条记录。
2024-12-22 07:52:08,320 - INFO - QA: 第 2 批处理完成，已插入结果。
2024-12-22 07:52:08,320 - INFO - QA: 开始处理第 3 批，共 1000 支股票。
2024-12-22 07:52:09,742 - INFO - QA: 返回数据行数：230611
2024-12-22 07:52:10,301 - INFO - QA: 插入完成，共插入 1000 条记录。
2024-12-22 07:52:10,301 - INFO - QA: 第 3 批处理完成，已插入结果。
2024-12-22 07:52:10,301 - INFO - QA: 开始处理第 4 批，共 1000 支股票。
2024-12-22 07:52:11,742 - INFO - QA: 返回数据行数：233305
2024-12-22 07:52:12,293 - INFO - QA: 插入完成，共插入 1000 条记录。
2024-12-22 07:52:12,293 - INFO - QA: 第 4 批处理完成，已插入结果。
2024-12-22 07:52:12,293 - INFO - QA: 开始处理第 5 批，共 777 支股票。
2024-12-22 07:52:13,533 - INFO - QA: 返回数据行数：178398
2024-12-22 07:52:13,969 - INFO - QA: 插入完成，共插入 777 条记录。
2024-12-22 07:52:13,969 - INFO - QA: 第 5 批处理完成，已插入结果。
2024-12-24 06:24:05,800 - INFO - QA: 成功读取到 4777 支股票代码。
2024-12-24 06:24:05,801 - INFO - QA: 清空目标表 MA...
2024-12-24 06:24:05,821 - INFO - QA: 目标表 MA 已清空。开始计算MA
2024-12-24 06:24:05,821 - INFO - QA: 开始处理第 1 批，共 1000 支股票。
2024-12-24 06:24:07,284 - INFO - QA: 返回数据行数：235398
2024-12-24 06:24:07,893 - INFO - QA: 插入完成，共插入 1000 条记录。
2024-12-24 06:24:07,894 - INFO - QA: 第 1 批处理完成，已插入结果。
2024-12-24 06:24:07,894 - INFO - QA: 开始处理第 2 批，共 1000 支股票。
2024-12-24 06:24:09,400 - INFO - QA: 返回数据行数：235830
2024-12-24 06:24:09,973 - INFO - QA: 插入完成，共插入 1000 条记录。
2024-12-24 06:24:09,974 - INFO - QA: 第 2 批处理完成，已插入结果。
2024-12-24 06:24:09,974 - INFO - QA: 开始处理第 3 批，共 1000 支股票。
2024-12-24 06:24:11,431 - INFO - QA: 返回数据行数：231611
2024-12-24 06:24:11,997 - INFO - QA: 插入完成，共插入 1000 条记录。
2024-12-24 06:24:11,998 - INFO - QA: 第 3 批处理完成，已插入结果。
2024-12-24 06:24:11,998 - INFO - QA: 开始处理第 4 批，共 1000 支股票。
2024-12-24 06:24:13,456 - INFO - QA: 返回数据行数：234305
2024-12-24 06:24:14,011 - INFO - QA: 插入完成，共插入 1000 条记录。
2024-12-24 06:24:14,011 - INFO - QA: 第 4 批处理完成，已插入结果。
2024-12-24 06:24:14,011 - INFO - QA: 开始处理第 5 批，共 777 支股票。
2024-12-24 06:24:15,258 - INFO - QA: 返回数据行数：179174
2024-12-24 06:24:15,695 - INFO - QA: 插入完成，共插入 777 条记录。
2024-12-24 06:24:15,695 - INFO - QA: 第 5 批处理完成，已插入结果。
2024-12-24 15:13:13,977 - INFO - QA: 成功读取到 4911 支股票代码。
2024-12-24 15:13:13,978 - INFO - QA: 清空目标表 MA...
2024-12-24 15:13:14,018 - INFO - QA: 目标表 MA 已清空。开始计算MA
2024-12-24 15:13:14,018 - INFO - QA: 开始处理第 1 批，共 1000 支股票。
2024-12-24 15:13:16,511 - INFO - QA: 返回数据行数：377722
2024-12-24 15:13:17,122 - INFO - QA: 插入完成，共插入 1000 条记录。
2024-12-24 15:13:17,122 - INFO - QA: 第 1 批处理完成，已插入结果。
2024-12-24 15:13:17,122 - INFO - QA: 开始处理第 2 批，共 1000 支股票。
2024-12-24 15:13:19,538 - INFO - QA: 返回数据行数：379807
2024-12-24 15:13:20,178 - INFO - QA: 插入完成，共插入 1000 条记录。
2024-12-24 15:13:20,178 - INFO - QA: 第 2 批处理完成，已插入结果。
2024-12-24 15:13:20,178 - INFO - QA: 开始处理第 3 批，共 1000 支股票。
2024-12-24 15:13:22,557 - INFO - QA: 返回数据行数：366858
2024-12-24 15:13:23,160 - INFO - QA: 插入完成，共插入 1000 条记录。
2024-12-24 15:13:23,160 - INFO - QA: 第 3 批处理完成，已插入结果。
2024-12-24 15:13:23,160 - INFO - QA: 开始处理第 4 批，共 1000 支股票。
2024-12-24 15:13:25,511 - INFO - QA: 返回数据行数：374426
2024-12-24 15:13:26,117 - INFO - QA: 插入完成，共插入 1000 条记录。
2024-12-24 15:13:26,117 - INFO - QA: 第 4 批处理完成，已插入结果。
2024-12-24 15:13:26,117 - INFO - QA: 开始处理第 5 批，共 911 支股票。
2024-12-24 15:13:28,318 - INFO - QA: 返回数据行数：336131
2024-12-24 15:13:28,867 - INFO - QA: 插入完成，共插入 911 条记录。
2024-12-24 15:13:28,867 - INFO - QA: 第 5 批处理完成，已插入结果。
2024-12-24 16:28:17,359 - INFO - QA: 成功读取到 4911 支股票代码。
2024-12-24 16:28:17,360 - INFO - QA: 清空目标表 MA...
2024-12-24 16:28:17,369 - INFO - QA: 目标表 MA 已清空。开始计算MA
2024-12-24 16:28:17,369 - INFO - QA: 开始处理第 1 批，共 1000 支股票。
2024-12-24 16:28:19,756 - INFO - QA: 返回数据行数：378722
2024-12-24 16:28:20,360 - INFO - QA: 插入完成，共插入 1000 条记录。
2024-12-24 16:28:20,360 - INFO - QA: 第 1 批处理完成，已插入结果。
2024-12-24 16:28:20,360 - INFO - QA: 开始处理第 2 批，共 1000 支股票。
2024-12-24 16:28:22,781 - INFO - QA: 返回数据行数：380807
2024-12-24 16:28:23,376 - INFO - QA: 插入完成，共插入 1000 条记录。
2024-12-24 16:28:23,376 - INFO - QA: 第 2 批处理完成，已插入结果。
2024-12-24 16:28:23,376 - INFO - QA: 开始处理第 3 批，共 1000 支股票。
2024-12-24 16:28:25,754 - INFO - QA: 返回数据行数：367858
2024-12-24 16:28:26,348 - INFO - QA: 插入完成，共插入 1000 条记录。
2024-12-24 16:28:26,348 - INFO - QA: 第 3 批处理完成，已插入结果。
2024-12-24 16:28:26,348 - INFO - QA: 开始处理第 4 批，共 1000 支股票。
2024-12-24 16:28:28,713 - INFO - QA: 返回数据行数：375425
2024-12-24 16:28:29,310 - INFO - QA: 插入完成，共插入 1000 条记录。
2024-12-24 16:28:29,310 - INFO - QA: 第 4 批处理完成，已插入结果。
2024-12-24 16:28:29,310 - INFO - QA: 开始处理第 5 批，共 911 支股票。
2024-12-24 16:28:31,525 - INFO - QA: 返回数据行数：337041
2024-12-24 16:28:32,070 - INFO - QA: 插入完成，共插入 911 条记录。
2024-12-24 16:28:32,070 - INFO - QA: 第 5 批处理完成，已插入结果。
2024-12-24 21:58:06,237 - INFO - QA: 成功读取到 4929 支股票代码。
2024-12-24 21:58:06,238 - INFO - QA: 清空目标表 MA...
2024-12-24 21:58:06,257 - INFO - QA: 目标表 MA 已清空。开始计算MA
2024-12-24 21:58:06,257 - INFO - QA: 开始处理第 1 批，共 1000 支股票。
2024-12-24 21:58:08,857 - INFO - QA: 返回数据行数：366996
2024-12-24 21:58:09,457 - INFO - QA: 插入完成，共插入 1000 条记录。
2024-12-24 21:58:09,457 - INFO - QA: 第 1 批处理完成，已插入结果。
2024-12-24 21:58:09,457 - INFO - QA: 开始处理第 2 批，共 1000 支股票。
2024-12-24 21:58:12,025 - INFO - QA: 返回数据行数：375276
2024-12-24 21:58:12,627 - INFO - QA: 插入完成，共插入 1000 条记录。
2024-12-24 21:58:12,627 - INFO - QA: 第 2 批处理完成，已插入结果。
2024-12-24 21:58:12,628 - INFO - QA: 开始处理第 3 批，共 1000 支股票。
2024-12-24 21:58:15,341 - INFO - QA: 返回数据行数：377133
2024-12-24 21:58:15,959 - INFO - QA: 插入完成，共插入 1000 条记录。
2024-12-24 21:58:15,959 - INFO - QA: 第 3 批处理完成，已插入结果。
2024-12-24 21:58:15,959 - INFO - QA: 开始处理第 4 批，共 1000 支股票。
2024-12-24 21:58:18,575 - INFO - QA: 返回数据行数：377688
2024-12-24 21:58:19,180 - INFO - QA: 插入完成，共插入 1000 条记录。
2024-12-24 21:58:19,180 - INFO - QA: 第 4 批处理完成，已插入结果。
2024-12-24 21:58:19,180 - INFO - QA: 开始处理第 5 批，共 929 支股票。
2024-12-24 21:58:21,639 - INFO - QA: 返回数据行数：349247
2024-12-24 21:58:22,204 - INFO - QA: 插入完成，共插入 929 条记录。
2024-12-24 21:58:22,204 - INFO - QA: 第 5 批处理完成，已插入结果。
2024-12-25 16:00:42,715 - INFO - QA: 成功读取到 4980 支股票代码。
2024-12-25 16:00:42,716 - INFO - QA: 清空目标表 MA...
2024-12-25 16:00:42,725 - INFO - QA: 目标表 MA 已清空。开始计算MA
2024-12-25 16:00:42,725 - INFO - QA: 开始处理第 1 批，共 1000 支股票。
2024-12-25 16:00:45,368 - INFO - QA: 返回数据行数：375793
2024-12-25 16:00:45,987 - INFO - QA: 插入完成，共插入 1000 条记录。
2024-12-25 16:00:45,988 - INFO - QA: 第 1 批处理完成，已插入结果。
2024-12-25 16:00:45,988 - INFO - QA: 开始处理第 2 批，共 1000 支股票。
2024-12-25 16:00:48,582 - INFO - QA: 返回数据行数：378522
2024-12-25 16:00:49,179 - INFO - QA: 插入完成，共插入 1000 条记录。
2024-12-25 16:00:49,179 - INFO - QA: 第 2 批处理完成，已插入结果。
2024-12-25 16:00:49,179 - INFO - QA: 开始处理第 3 批，共 1000 支股票。
2024-12-25 16:00:51,717 - INFO - QA: 返回数据行数：374901
2024-12-25 16:00:52,312 - INFO - QA: 插入完成，共插入 1000 条记录。
2024-12-25 16:00:52,312 - INFO - QA: 第 3 批处理完成，已插入结果。
2024-12-25 16:00:52,312 - INFO - QA: 开始处理第 4 批，共 1000 支股票。
2024-12-25 16:00:54,883 - INFO - QA: 返回数据行数：374052
2024-12-25 16:00:55,484 - INFO - QA: 插入完成，共插入 1000 条记录。
2024-12-25 16:00:55,484 - INFO - QA: 第 4 批处理完成，已插入结果。
2024-12-25 16:00:55,484 - INFO - QA: 开始处理第 5 批，共 980 支股票。
2024-12-25 16:00:57,994 - INFO - QA: 返回数据行数：365919
2024-12-25 16:00:58,579 - INFO - QA: 插入完成，共插入 980 条记录。
2024-12-25 16:00:58,579 - INFO - QA: 第 5 批处理完成，已插入结果。
2024-12-26 21:48:38,101 - INFO - QA: 成功读取到 4911 支股票代码。
2024-12-26 21:48:38,102 - INFO - QA: 清空目标表 MA...
2024-12-26 21:48:38,127 - INFO - QA: 目标表 MA 已清空。开始计算MA
2024-12-26 21:48:38,128 - INFO - QA: 开始处理第 1 批，共 1000 支股票。
2024-12-26 21:48:40,840 - INFO - QA: 返回数据行数：372881
2024-12-26 21:48:41,511 - INFO - QA: 插入完成，共插入 1000 条记录。
2024-12-26 21:48:41,512 - INFO - QA: 第 1 批处理完成，已插入结果。
2024-12-26 21:48:41,512 - INFO - QA: 开始处理第 2 批，共 1000 支股票。
2024-12-26 21:48:44,470 - INFO - QA: 返回数据行数：376774
2024-12-26 21:48:45,126 - INFO - QA: 插入完成，共插入 1000 条记录。
2024-12-26 21:48:45,126 - INFO - QA: 第 2 批处理完成，已插入结果。
2024-12-26 21:48:45,126 - INFO - QA: 开始处理第 3 批，共 1000 支股票。
2024-12-26 21:48:47,853 - INFO - QA: 返回数据行数：374165
2024-12-26 21:48:48,452 - INFO - QA: 插入完成，共插入 1000 条记录。
2024-12-26 21:48:48,452 - INFO - QA: 第 3 批处理完成，已插入结果。
2024-12-26 21:48:48,452 - INFO - QA: 开始处理第 4 批，共 1000 支股票。
2024-12-26 21:48:51,026 - INFO - QA: 返回数据行数：379126
2024-12-26 21:48:51,645 - INFO - QA: 插入完成，共插入 1000 条记录。
2024-12-26 21:48:51,645 - INFO - QA: 第 4 批处理完成，已插入结果。
2024-12-26 21:48:51,645 - INFO - QA: 开始处理第 5 批，共 911 支股票。
2024-12-26 21:48:54,089 - INFO - QA: 返回数据行数：345646
2024-12-26 21:48:54,636 - INFO - QA: 插入完成，共插入 911 条记录。
2024-12-26 21:48:54,636 - INFO - QA: 第 5 批处理完成，已插入结果。
2024-12-27 16:37:00,341 - INFO - QA: 成功读取到 4941 支股票代码。
2024-12-27 16:37:00,342 - INFO - QA: 清空目标表 MA...
2024-12-27 16:37:00,351 - INFO - QA: 目标表 MA 已清空。开始计算MA
2024-12-27 16:37:00,351 - INFO - QA: 开始处理第 1 批，共 1000 支股票。
2024-12-27 16:37:03,018 - INFO - QA: 返回数据行数：382149
2024-12-27 16:37:03,628 - INFO - QA: 插入完成，共插入 1000 条记录。
2024-12-27 16:37:03,628 - INFO - QA: 第 1 批处理完成，已插入结果。
2024-12-27 16:37:03,628 - INFO - QA: 开始处理第 2 批，共 1000 支股票。
2024-12-27 16:37:06,251 - INFO - QA: 返回数据行数：380760
2024-12-27 16:37:06,850 - INFO - QA: 插入完成，共插入 1000 条记录。
2024-12-27 16:37:06,850 - INFO - QA: 第 2 批处理完成，已插入结果。
2024-12-27 16:37:06,850 - INFO - QA: 开始处理第 3 批，共 1000 支股票。
2024-12-27 16:37:09,470 - INFO - QA: 返回数据行数：378197
2024-12-27 16:37:10,069 - INFO - QA: 插入完成，共插入 1000 条记录。
2024-12-27 16:37:10,069 - INFO - QA: 第 3 批处理完成，已插入结果。
2024-12-27 16:37:10,069 - INFO - QA: 开始处理第 4 批，共 1000 支股票。
2024-12-27 16:37:12,678 - INFO - QA: 返回数据行数：376051
2024-12-27 16:37:13,280 - INFO - QA: 插入完成，共插入 1000 条记录。
2024-12-27 16:37:13,280 - INFO - QA: 第 4 批处理完成，已插入结果。
2024-12-27 16:37:13,280 - INFO - QA: 开始处理第 5 批，共 941 支股票。
2024-12-27 16:37:15,761 - INFO - QA: 返回数据行数：346637
2024-12-27 16:37:16,334 - INFO - QA: 插入完成，共插入 941 条记录。
2024-12-27 16:37:16,334 - INFO - QA: 第 5 批处理完成，已插入结果。
2024-12-30 16:31:57,493 - INFO - QA: 成功读取到 4961 支股票代码。
2024-12-30 16:31:57,494 - INFO - QA: 清空目标表 MA...
2024-12-30 16:31:57,504 - INFO - QA: 目标表 MA 已清空。开始计算MA
2024-12-30 16:31:57,505 - INFO - QA: 开始处理第 1 批，共 1000 支股票。
2024-12-30 16:32:00,162 - INFO - QA: 返回数据行数：380546
2024-12-30 16:32:00,766 - INFO - QA: 插入完成，共插入 1000 条记录。
2024-12-30 16:32:00,766 - INFO - QA: 第 1 批处理完成，已插入结果。
2024-12-30 16:32:00,766 - INFO - QA: 开始处理第 2 批，共 1000 支股票。
2024-12-30 16:32:03,359 - INFO - QA: 返回数据行数：380769
2024-12-30 16:32:03,953 - INFO - QA: 插入完成，共插入 1000 条记录。
2024-12-30 16:32:03,953 - INFO - QA: 第 2 批处理完成，已插入结果。
2024-12-30 16:32:03,953 - INFO - QA: 开始处理第 3 批，共 1000 支股票。
2024-12-30 16:32:06,557 - INFO - QA: 返回数据行数：381342
2024-12-30 16:32:07,151 - INFO - QA: 插入完成，共插入 1000 条记录。
2024-12-30 16:32:07,151 - INFO - QA: 第 3 批处理完成，已插入结果。
2024-12-30 16:32:07,151 - INFO - QA: 开始处理第 4 批，共 1000 支股票。
2024-12-30 16:32:09,706 - INFO - QA: 返回数据行数：377296
2024-12-30 16:32:10,303 - INFO - QA: 插入完成，共插入 1000 条记录。
2024-12-30 16:32:10,303 - INFO - QA: 第 4 批处理完成，已插入结果。
2024-12-30 16:32:10,303 - INFO - QA: 开始处理第 5 批，共 961 支股票。
2024-12-30 16:32:12,776 - INFO - QA: 返回数据行数：356847
2024-12-30 16:32:13,348 - INFO - QA: 插入完成，共插入 961 条记录。
2024-12-30 16:32:13,348 - INFO - QA: 第 5 批处理完成，已插入结果。
2024-12-31 23:45:18,824 - INFO - QA: 成功读取到 4963 支股票代码。
2024-12-31 23:45:18,824 - INFO - QA: 清空目标表 MA...
2024-12-31 23:45:18,831 - INFO - QA: 目标表 MA 已清空。开始计算MA
2024-12-31 23:45:18,831 - INFO - QA: 开始处理第 1 批，共 1000 支股票。
2024-12-31 23:45:21,443 - INFO - QA: 返回数据行数：377268
2024-12-31 23:45:22,034 - INFO - QA: 插入完成，共插入 1000 条记录。
2024-12-31 23:45:22,034 - INFO - QA: 第 1 批处理完成，已插入结果。
2024-12-31 23:45:22,034 - INFO - QA: 开始处理第 2 批，共 1000 支股票。
2024-12-31 23:45:24,673 - INFO - QA: 返回数据行数：382334
2024-12-31 23:45:25,263 - INFO - QA: 插入完成，共插入 1000 条记录。
2024-12-31 23:45:25,263 - INFO - QA: 第 2 批处理完成，已插入结果。
2024-12-31 23:45:25,263 - INFO - QA: 开始处理第 3 批，共 1000 支股票。
2024-12-31 23:45:27,859 - INFO - QA: 返回数据行数：381168
2024-12-31 23:45:28,446 - INFO - QA: 插入完成，共插入 1000 条记录。
2024-12-31 23:45:28,446 - INFO - QA: 第 3 批处理完成，已插入结果。
2024-12-31 23:45:28,446 - INFO - QA: 开始处理第 4 批，共 1000 支股票。
2024-12-31 23:45:31,022 - INFO - QA: 返回数据行数：377623
2024-12-31 23:45:31,604 - INFO - QA: 插入完成，共插入 1000 条记录。
2024-12-31 23:45:31,604 - INFO - QA: 第 4 批处理完成，已插入结果。
2024-12-31 23:45:31,604 - INFO - QA: 开始处理第 5 批，共 963 支股票。
2024-12-31 23:45:34,126 - INFO - QA: 返回数据行数：363688
2024-12-31 23:45:34,687 - INFO - QA: 插入完成，共插入 963 条记录。
2024-12-31 23:45:34,687 - INFO - QA: 第 5 批处理完成，已插入结果。
2025-01-03 11:41:26,799 - INFO - QA: 成功读取到 4963 支股票代码。
2025-01-03 11:41:26,800 - INFO - QA: 清空目标表 MA...
2025-01-03 11:41:26,826 - INFO - QA: 目标表 MA 已清空。开始计算MA
2025-01-03 11:41:26,826 - INFO - QA: 开始处理第 1 批，共 1000 支股票。
2025-01-03 11:41:29,429 - INFO - QA: 返回数据行数：378267
2025-01-03 11:41:30,028 - INFO - QA: 插入完成，共插入 1000 条记录。
2025-01-03 11:41:30,028 - INFO - QA: 第 1 批处理完成，已插入结果。
2025-01-03 11:41:30,028 - INFO - QA: 开始处理第 2 批，共 1000 支股票。
2025-01-03 11:41:32,604 - INFO - QA: 返回数据行数：383333
2025-01-03 11:41:33,201 - INFO - QA: 插入完成，共插入 1000 条记录。
2025-01-03 11:41:33,201 - INFO - QA: 第 2 批处理完成，已插入结果。
2025-01-03 11:41:33,201 - INFO - QA: 开始处理第 3 批，共 1000 支股票。
2025-01-03 11:41:35,764 - INFO - QA: 返回数据行数：382168
2025-01-03 11:41:36,345 - INFO - QA: 插入完成，共插入 1000 条记录。
2025-01-03 11:41:36,345 - INFO - QA: 第 3 批处理完成，已插入结果。
2025-01-03 11:41:36,345 - INFO - QA: 开始处理第 4 批，共 1000 支股票。
2025-01-03 11:41:38,885 - INFO - QA: 返回数据行数：378623
2025-01-03 11:41:39,470 - INFO - QA: 插入完成，共插入 1000 条记录。
2025-01-03 11:41:39,470 - INFO - QA: 第 4 批处理完成，已插入结果。
2025-01-03 11:41:39,470 - INFO - QA: 开始处理第 5 批，共 963 支股票。
2025-01-03 11:41:41,966 - INFO - QA: 返回数据行数：364649
2025-01-03 11:41:42,532 - INFO - QA: 插入完成，共插入 963 条记录。
2025-01-03 11:41:42,532 - INFO - QA: 第 5 批处理完成，已插入结果。
2025-01-03 11:48:45,346 - INFO - QA: 成功读取到 4963 支股票代码。
2025-01-03 11:48:45,346 - INFO - QA: 清空目标表 MA...
2025-01-03 11:48:45,370 - INFO - QA: 目标表 MA 已清空。开始计算MA
2025-01-03 11:48:45,370 - INFO - QA: 开始处理第 1 批，共 1000 支股票。
2025-01-03 11:48:47,959 - INFO - QA: 返回数据行数：378267
2025-01-03 11:48:48,567 - INFO - QA: 插入完成，共插入 1000 条记录。
2025-01-03 11:48:48,567 - INFO - QA: 第 1 批处理完成，已插入结果。
2025-01-03 11:48:48,567 - INFO - QA: 开始处理第 2 批，共 1000 支股票。
2025-01-03 11:48:51,244 - INFO - QA: 返回数据行数：383333
2025-01-03 11:48:51,882 - INFO - QA: 插入完成，共插入 1000 条记录。
2025-01-03 11:48:51,882 - INFO - QA: 第 2 批处理完成，已插入结果。
2025-01-03 11:48:51,882 - INFO - QA: 开始处理第 3 批，共 1000 支股票。
2025-01-03 11:48:54,500 - INFO - QA: 返回数据行数：382168
2025-01-03 11:48:55,086 - INFO - QA: 插入完成，共插入 1000 条记录。
2025-01-03 11:48:55,087 - INFO - QA: 第 3 批处理完成，已插入结果。
2025-01-03 11:48:55,087 - INFO - QA: 开始处理第 4 批，共 1000 支股票。
2025-01-03 11:48:57,653 - INFO - QA: 返回数据行数：378623
2025-01-03 11:48:58,243 - INFO - QA: 插入完成，共插入 1000 条记录。
2025-01-03 11:48:58,243 - INFO - QA: 第 4 批处理完成，已插入结果。
2025-01-03 11:48:58,243 - INFO - QA: 开始处理第 5 批，共 963 支股票。
2025-01-03 11:49:00,777 - INFO - QA: 返回数据行数：364649
2025-01-03 11:49:01,340 - INFO - QA: 插入完成，共插入 963 条记录。
2025-01-03 11:49:01,340 - INFO - QA: 第 5 批处理完成，已插入结果。
2025-01-03 16:25:39,638 - INFO - QA: 成功读取到 4967 支股票代码。
2025-01-03 16:25:39,638 - INFO - QA: 清空目标表 MA...
2025-01-03 16:25:39,664 - INFO - QA: 目标表 MA 已清空。开始计算MA
2025-01-03 16:25:39,664 - INFO - QA: 开始处理第 1 批，共 1000 支股票。
2025-01-03 16:25:42,405 - INFO - QA: 返回数据行数：378938
2025-01-03 16:25:43,010 - INFO - QA: 插入完成，共插入 1000 条记录。
2025-01-03 16:25:43,010 - INFO - QA: 第 1 批处理完成，已插入结果。
2025-01-03 16:25:43,010 - INFO - QA: 开始处理第 2 批，共 1000 支股票。
2025-01-03 16:25:45,656 - INFO - QA: 返回数据行数：384771
2025-01-03 16:25:46,246 - INFO - QA: 插入完成，共插入 1000 条记录。
2025-01-03 16:25:46,246 - INFO - QA: 第 2 批处理完成，已插入结果。
2025-01-03 16:25:46,246 - INFO - QA: 开始处理第 3 批，共 1000 支股票。
2025-01-03 16:25:48,819 - INFO - QA: 返回数据行数：380117
2025-01-03 16:25:49,430 - INFO - QA: 插入完成，共插入 1000 条记录。
2025-01-03 16:25:49,430 - INFO - QA: 第 3 批处理完成，已插入结果。
2025-01-03 16:25:49,430 - INFO - QA: 开始处理第 4 批，共 1000 支股票。
2025-01-03 16:25:52,016 - INFO - QA: 返回数据行数：380434
2025-01-03 16:25:52,608 - INFO - QA: 插入完成，共插入 1000 条记录。
2025-01-03 16:25:52,608 - INFO - QA: 第 4 批处理完成，已插入结果。
2025-01-03 16:25:52,608 - INFO - QA: 开始处理第 5 批，共 967 支股票。
2025-01-03 16:25:55,184 - INFO - QA: 返回数据行数：369096
2025-01-03 16:25:55,762 - INFO - QA: 插入完成，共插入 967 条记录。
2025-01-03 16:25:55,762 - INFO - QA: 第 5 批处理完成，已插入结果。
2025-01-06 15:46:14,347 - INFO - QA: 成功读取到 4955 支股票代码。
2025-01-06 15:46:14,347 - INFO - QA: 清空目标表 MA...
2025-01-06 15:46:14,360 - INFO - QA: 目标表 MA 已清空。开始计算MA
2025-01-06 15:46:14,360 - INFO - QA: 开始处理第 1 批，共 1000 支股票。
2025-01-06 15:46:17,028 - INFO - QA: 返回数据行数：382370
2025-01-06 15:46:17,627 - INFO - QA: 插入完成，共插入 1000 条记录。
2025-01-06 15:46:17,627 - INFO - QA: 第 1 批处理完成，已插入结果。
2025-01-06 15:46:17,627 - INFO - QA: 开始处理第 2 批，共 1000 支股票。
2025-01-06 15:46:20,208 - INFO - QA: 返回数据行数：382811
2025-01-06 15:46:20,795 - INFO - QA: 插入完成，共插入 1000 条记录。
2025-01-06 15:46:20,796 - INFO - QA: 第 2 批处理完成，已插入结果。
2025-01-06 15:46:20,796 - INFO - QA: 开始处理第 3 批，共 1000 支股票。
2025-01-06 15:46:23,389 - INFO - QA: 返回数据行数：384609
2025-01-06 15:46:23,971 - INFO - QA: 插入完成，共插入 1000 条记录。
2025-01-06 15:46:23,971 - INFO - QA: 第 3 批处理完成，已插入结果。
2025-01-06 15:46:23,971 - INFO - QA: 开始处理第 4 批，共 1000 支股票。
2025-01-06 15:46:26,565 - INFO - QA: 返回数据行数：381416
2025-01-06 15:46:27,146 - INFO - QA: 插入完成，共插入 1000 条记录。
2025-01-06 15:46:27,146 - INFO - QA: 第 4 批处理完成，已插入结果。
2025-01-06 15:46:27,146 - INFO - QA: 开始处理第 5 批，共 955 支股票。
2025-01-06 15:46:29,643 - INFO - QA: 返回数据行数：361168
2025-01-06 15:46:30,201 - INFO - QA: 插入完成，共插入 955 条记录。
2025-01-06 15:46:30,201 - INFO - QA: 第 5 批处理完成，已插入结果。
2025-01-07 20:37:56,846 - INFO - QA: 成功读取到 4906 支股票代码。
2025-01-07 20:37:56,847 - INFO - QA: 清空目标表 MA...
2025-01-07 20:37:56,877 - INFO - QA: 目标表 MA 已清空。开始计算MA
2025-01-07 20:37:56,877 - INFO - QA: 开始处理第 1 批，共 1000 支股票。
2025-01-07 20:37:59,513 - INFO - QA: 返回数据行数：383146
2025-01-07 20:38:00,110 - INFO - QA: 插入完成，共插入 1000 条记录。
2025-01-07 20:38:00,110 - INFO - QA: 第 1 批处理完成，已插入结果。
2025-01-07 20:38:00,110 - INFO - QA: 开始处理第 2 批，共 1000 支股票。
2025-01-07 20:38:02,733 - INFO - QA: 返回数据行数：381087
2025-01-07 20:38:03,325 - INFO - QA: 插入完成，共插入 1000 条记录。
2025-01-07 20:38:03,325 - INFO - QA: 第 2 批处理完成，已插入结果。
2025-01-07 20:38:03,325 - INFO - QA: 开始处理第 3 批，共 1000 支股票。
2025-01-07 20:38:05,926 - INFO - QA: 返回数据行数：381595
2025-01-07 20:38:06,513 - INFO - QA: 插入完成，共插入 1000 条记录。
2025-01-07 20:38:06,513 - INFO - QA: 第 3 批处理完成，已插入结果。
2025-01-07 20:38:06,513 - INFO - QA: 开始处理第 4 批，共 1000 支股票。
2025-01-07 20:38:09,127 - INFO - QA: 返回数据行数：383138
2025-01-07 20:38:09,727 - INFO - QA: 插入完成，共插入 1000 条记录。
2025-01-07 20:38:09,727 - INFO - QA: 第 4 批处理完成，已插入结果。
2025-01-07 20:38:09,727 - INFO - QA: 开始处理第 5 批，共 906 支股票。
2025-01-07 20:38:12,185 - INFO - QA: 返回数据行数：349868
2025-01-07 20:38:12,714 - INFO - QA: 插入完成，共插入 906 条记录。
2025-01-07 20:38:12,715 - INFO - QA: 第 5 批处理完成，已插入结果。
2025-01-08 16:39:15,091 - INFO - QA: 成功读取到 4947 支股票代码。
2025-01-08 16:39:15,092 - INFO - QA: 清空目标表 MA...
2025-01-08 16:39:15,100 - INFO - QA: 目标表 MA 已清空。开始计算MA
2025-01-08 16:39:15,100 - INFO - QA: 开始处理第 1 批，共 1000 支股票。
2025-01-08 16:39:17,693 - INFO - QA: 返回数据行数：380958
2025-01-08 16:39:18,289 - INFO - QA: 插入完成，共插入 1000 条记录。
2025-01-08 16:39:18,289 - INFO - QA: 第 1 批处理完成，已插入结果。
2025-01-08 16:39:18,289 - INFO - QA: 开始处理第 2 批，共 1000 支股票。
2025-01-08 16:39:20,896 - INFO - QA: 返回数据行数：384177
2025-01-08 16:39:21,481 - INFO - QA: 插入完成，共插入 1000 条记录。
2025-01-08 16:39:21,481 - INFO - QA: 第 2 批处理完成，已插入结果。
2025-01-08 16:39:21,481 - INFO - QA: 开始处理第 3 批，共 1000 支股票。
2025-01-08 16:39:24,106 - INFO - QA: 返回数据行数：385331
2025-01-08 16:39:24,693 - INFO - QA: 插入完成，共插入 1000 条记录。
2025-01-08 16:39:24,694 - INFO - QA: 第 3 批处理完成，已插入结果。
2025-01-08 16:39:24,694 - INFO - QA: 开始处理第 4 批，共 1000 支股票。
2025-01-08 16:39:27,304 - INFO - QA: 返回数据行数：385429
2025-01-08 16:39:27,892 - INFO - QA: 插入完成，共插入 1000 条记录。
2025-01-08 16:39:27,892 - INFO - QA: 第 4 批处理完成，已插入结果。
2025-01-08 16:39:27,892 - INFO - QA: 开始处理第 5 批，共 947 支股票。
2025-01-08 16:39:30,431 - INFO - QA: 返回数据行数：363964
2025-01-08 16:39:30,987 - INFO - QA: 插入完成，共插入 947 条记录。
2025-01-08 16:39:30,987 - INFO - QA: 第 5 批处理完成，已插入结果。
2025-01-09 22:05:05,407 - INFO - QA: 成功读取到 4939 支股票代码。
2025-01-09 22:05:05,407 - INFO - QA: 清空目标表 MA...
2025-01-09 22:05:05,416 - INFO - QA: 目标表 MA 已清空。开始计算MA
2025-01-09 22:05:05,416 - INFO - QA: 开始处理第 1 批，共 1000 支股票。
2025-01-09 22:05:08,402 - INFO - QA: 返回数据行数：376612
2025-01-09 22:05:09,007 - INFO - QA: 插入完成，共插入 1000 条记录。
2025-01-09 22:05:09,007 - INFO - QA: 第 1 批处理完成，已插入结果。
2025-01-09 22:05:09,007 - INFO - QA: 开始处理第 2 批，共 1000 支股票。
2025-01-09 22:05:11,657 - INFO - QA: 返回数据行数：385933
2025-01-09 22:05:12,244 - INFO - QA: 插入完成，共插入 1000 条记录。
2025-01-09 22:05:12,244 - INFO - QA: 第 2 批处理完成，已插入结果。
2025-01-09 22:05:12,244 - INFO - QA: 开始处理第 3 批，共 1000 支股票。
2025-01-09 22:05:14,854 - INFO - QA: 返回数据行数：386270
2025-01-09 22:05:15,438 - INFO - QA: 插入完成，共插入 1000 条记录。
2025-01-09 22:05:15,438 - INFO - QA: 第 3 批处理完成，已插入结果。
2025-01-09 22:05:15,438 - INFO - QA: 开始处理第 4 批，共 1000 支股票。
2025-01-09 22:05:18,070 - INFO - QA: 返回数据行数：388025
2025-01-09 22:05:18,663 - INFO - QA: 插入完成，共插入 1000 条记录。
2025-01-09 22:05:18,663 - INFO - QA: 第 4 批处理完成，已插入结果。
2025-01-09 22:05:18,663 - INFO - QA: 开始处理第 5 批，共 939 支股票。
2025-01-09 22:05:21,237 - INFO - QA: 返回数据行数：364828
2025-01-09 22:05:21,789 - INFO - QA: 插入完成，共插入 939 条记录。
2025-01-09 22:05:21,789 - INFO - QA: 第 5 批处理完成，已插入结果。
2025-01-10 21:41:44,187 - INFO - QA: 成功读取到 4967 支股票代码。
2025-01-10 21:41:44,187 - INFO - QA: 清空目标表 MA...
2025-01-10 21:41:44,196 - INFO - QA: 目标表 MA 已清空。开始计算MA
2025-01-10 21:41:44,196 - INFO - QA: 开始处理第 1 批，共 1000 支股票。
2025-01-10 21:41:46,821 - INFO - QA: 返回数据行数：386107
2025-01-10 21:41:47,421 - INFO - QA: 插入完成，共插入 1000 条记录。
2025-01-10 21:41:47,421 - INFO - QA: 第 1 批处理完成，已插入结果。
2025-01-10 21:41:47,421 - INFO - QA: 开始处理第 2 批，共 1000 支股票。
2025-01-10 21:41:50,072 - INFO - QA: 返回数据行数：388304
2025-01-10 21:41:50,663 - INFO - QA: 插入完成，共插入 1000 条记录。
2025-01-10 21:41:50,663 - INFO - QA: 第 2 批处理完成，已插入结果。
2025-01-10 21:41:50,663 - INFO - QA: 开始处理第 3 批，共 1000 支股票。
2025-01-10 21:41:53,318 - INFO - QA: 返回数据行数：386401
2025-01-10 21:41:54,022 - INFO - QA: 插入完成，共插入 1000 条记录。
2025-01-10 21:41:54,023 - INFO - QA: 第 3 批处理完成，已插入结果。
2025-01-10 21:41:54,023 - INFO - QA: 开始处理第 4 批，共 1000 支股票。
2025-01-10 21:41:56,839 - INFO - QA: 返回数据行数：385571
2025-01-10 21:41:57,452 - INFO - QA: 插入完成，共插入 1000 条记录。
2025-01-10 21:41:57,452 - INFO - QA: 第 4 批处理完成，已插入结果。
2025-01-10 21:41:57,452 - INFO - QA: 开始处理第 5 批，共 967 支股票。
2025-01-10 21:42:00,019 - INFO - QA: 返回数据行数：370730
2025-01-10 21:42:00,595 - INFO - QA: 插入完成，共插入 967 条记录。
2025-01-10 21:42:00,595 - INFO - QA: 第 5 批处理完成，已插入结果。
2025-01-13 20:34:56,366 - INFO - QA: 成功读取到 4958 支股票代码。
2025-01-13 20:34:56,366 - INFO - QA: 清空目标表 MA...
2025-01-13 20:34:56,374 - INFO - QA: 目标表 MA 已清空。开始计算MA
2025-01-13 20:34:56,374 - INFO - QA: 开始处理第 1 批，共 1000 支股票。
2025-01-13 20:34:59,011 - INFO - QA: 返回数据行数：386201
2025-01-13 20:34:59,611 - INFO - QA: 插入完成，共插入 1000 条记录。
2025-01-13 20:34:59,611 - INFO - QA: 第 1 批处理完成，已插入结果。
2025-01-13 20:34:59,611 - INFO - QA: 开始处理第 2 批，共 1000 支股票。
2025-01-13 20:35:02,264 - INFO - QA: 返回数据行数：389324
2025-01-13 20:35:02,855 - INFO - QA: 插入完成，共插入 1000 条记录。
2025-01-13 20:35:02,855 - INFO - QA: 第 2 批处理完成，已插入结果。
2025-01-13 20:35:02,855 - INFO - QA: 开始处理第 3 批，共 1000 支股票。
2025-01-13 20:35:05,565 - INFO - QA: 返回数据行数：387937
2025-01-13 20:35:06,171 - INFO - QA: 插入完成，共插入 1000 条记录。
2025-01-13 20:35:06,171 - INFO - QA: 第 3 批处理完成，已插入结果。
2025-01-13 20:35:06,171 - INFO - QA: 开始处理第 4 批，共 1000 支股票。
2025-01-13 20:35:08,818 - INFO - QA: 返回数据行数：388315
2025-01-13 20:35:09,401 - INFO - QA: 插入完成，共插入 1000 条记录。
2025-01-13 20:35:09,401 - INFO - QA: 第 4 批处理完成，已插入结果。
2025-01-13 20:35:09,401 - INFO - QA: 开始处理第 5 批，共 958 支股票。
2025-01-13 20:35:11,951 - INFO - QA: 返回数据行数：366467
2025-01-13 20:35:12,511 - INFO - QA: 插入完成，共插入 958 条记录。
2025-01-13 20:35:12,511 - INFO - QA: 第 5 批处理完成，已插入结果。
2025-01-14 17:52:23,508 - INFO - QA: 成功读取到 4842 支股票代码。
2025-01-14 17:52:23,508 - INFO - QA: 清空目标表 MA...
2025-01-14 17:52:23,519 - INFO - QA: 目标表 MA 已清空。开始计算MA
2025-01-14 17:52:23,519 - INFO - QA: 开始处理第 1 批，共 1000 支股票。
2025-01-14 17:52:26,153 - INFO - QA: 返回数据行数：384945
2025-01-14 17:52:26,753 - INFO - QA: 插入完成，共插入 1000 条记录。
2025-01-14 17:52:26,753 - INFO - QA: 第 1 批处理完成，已插入结果。
2025-01-14 17:52:26,753 - INFO - QA: 开始处理第 2 批，共 1000 支股票。
2025-01-14 17:52:29,389 - INFO - QA: 返回数据行数：388465
2025-01-14 17:52:29,997 - INFO - QA: 插入完成，共插入 1000 条记录。
2025-01-14 17:52:29,997 - INFO - QA: 第 2 批处理完成，已插入结果。
2025-01-14 17:52:29,997 - INFO - QA: 开始处理第 3 批，共 1000 支股票。
2025-01-14 17:52:32,627 - INFO - QA: 返回数据行数：386747
2025-01-14 17:52:33,216 - INFO - QA: 插入完成，共插入 1000 条记录。
2025-01-14 17:52:33,216 - INFO - QA: 第 3 批处理完成，已插入结果。
2025-01-14 17:52:33,216 - INFO - QA: 开始处理第 4 批，共 1000 支股票。
2025-01-14 17:52:35,840 - INFO - QA: 返回数据行数：386884
2025-01-14 17:52:36,445 - INFO - QA: 插入完成，共插入 1000 条记录。
2025-01-14 17:52:36,445 - INFO - QA: 第 4 批处理完成，已插入结果。
2025-01-14 17:52:36,445 - INFO - QA: 开始处理第 5 批，共 842 支股票。
2025-01-14 17:52:38,848 - INFO - QA: 返回数据行数：330835
2025-01-14 17:52:39,351 - INFO - QA: 插入完成，共插入 842 条记录。
2025-01-14 17:52:39,351 - INFO - QA: 第 5 批处理完成，已插入结果。
2025-01-15 21:14:27,784 - INFO - QA: 成功读取到 4960 支股票代码。
2025-01-15 21:14:27,784 - INFO - QA: 清空目标表 MA...
2025-01-15 21:14:27,797 - INFO - QA: 目标表 MA 已清空。开始计算MA
2025-01-15 21:14:27,797 - INFO - QA: 开始处理第 1 批，共 1000 支股票。
2025-01-15 21:14:30,531 - INFO - QA: 返回数据行数：391588
2025-01-15 21:14:31,155 - INFO - QA: 插入完成，共插入 1000 条记录。
2025-01-15 21:14:31,155 - INFO - QA: 第 1 批处理完成，已插入结果。
2025-01-15 21:14:31,155 - INFO - QA: 开始处理第 2 批，共 1000 支股票。
2025-01-15 21:14:33,844 - INFO - QA: 返回数据行数：392068
2025-01-15 21:14:34,453 - INFO - QA: 插入完成，共插入 1000 条记录。
2025-01-15 21:14:34,453 - INFO - QA: 第 2 批处理完成，已插入结果。
2025-01-15 21:14:34,453 - INFO - QA: 开始处理第 3 批，共 1000 支股票。
2025-01-15 21:14:37,131 - INFO - QA: 返回数据行数：392259
2025-01-15 21:14:37,738 - INFO - QA: 插入完成，共插入 1000 条记录。
2025-01-15 21:14:37,738 - INFO - QA: 第 3 批处理完成，已插入结果。
2025-01-15 21:14:37,738 - INFO - QA: 开始处理第 4 批，共 1000 支股票。
2025-01-15 21:14:40,394 - INFO - QA: 返回数据行数：388789
2025-01-15 21:14:40,976 - INFO - QA: 插入完成，共插入 1000 条记录。
2025-01-15 21:14:40,976 - INFO - QA: 第 4 批处理完成，已插入结果。
2025-01-15 21:14:40,976 - INFO - QA: 开始处理第 5 批，共 960 支股票。
2025-01-15 21:14:43,538 - INFO - QA: 返回数据行数：363524
2025-01-15 21:14:44,099 - INFO - QA: 插入完成，共插入 960 条记录。
2025-01-15 21:14:44,099 - INFO - QA: 第 5 批处理完成，已插入结果。
2025-01-16 19:07:37,246 - INFO - QA: 成功读取到 4946 支股票代码。
2025-01-16 19:07:37,246 - INFO - QA: 清空目标表 MA...
2025-01-16 19:07:37,264 - INFO - QA: 目标表 MA 已清空。开始计算MA
2025-01-16 19:07:37,264 - INFO - QA: 开始处理第 1 批，共 1000 支股票。
2025-01-16 19:07:40,017 - INFO - QA: 返回数据行数：390084
2025-01-16 19:07:40,619 - INFO - QA: 插入完成，共插入 1000 条记录。
2025-01-16 19:07:40,619 - INFO - QA: 第 1 批处理完成，已插入结果。
2025-01-16 19:07:40,619 - INFO - QA: 开始处理第 2 批，共 1000 支股票。
2025-01-16 19:07:43,295 - INFO - QA: 返回数据行数：391232
2025-01-16 19:07:43,904 - INFO - QA: 插入完成，共插入 1000 条记录。
2025-01-16 19:07:43,904 - INFO - QA: 第 2 批处理完成，已插入结果。
2025-01-16 19:07:43,904 - INFO - QA: 开始处理第 3 批，共 1000 支股票。
2025-01-16 19:07:46,566 - INFO - QA: 返回数据行数：389612
2025-01-16 19:07:47,160 - INFO - QA: 插入完成，共插入 1000 条记录。
2025-01-16 19:07:47,160 - INFO - QA: 第 3 批处理完成，已插入结果。
2025-01-16 19:07:47,160 - INFO - QA: 开始处理第 4 批，共 1000 支股票。
2025-01-16 19:07:49,830 - INFO - QA: 返回数据行数：390941
2025-01-16 19:07:50,420 - INFO - QA: 插入完成，共插入 1000 条记录。
2025-01-16 19:07:50,420 - INFO - QA: 第 4 批处理完成，已插入结果。
2025-01-16 19:07:50,420 - INFO - QA: 开始处理第 5 批，共 946 支股票。
2025-01-16 19:07:52,992 - INFO - QA: 返回数据行数：364929
2025-01-16 19:07:53,555 - INFO - QA: 插入完成，共插入 946 条记录。
2025-01-16 19:07:53,555 - INFO - QA: 第 5 批处理完成，已插入结果。
2025-01-17 20:11:03,603 - INFO - QA: 成功读取到 4959 支股票代码。
2025-01-17 20:11:03,603 - INFO - QA: 清空目标表 MA...
2025-01-17 20:11:03,616 - INFO - QA: 目标表 MA 已清空。开始计算MA
2025-01-17 20:11:03,617 - INFO - QA: 开始处理第 1 批，共 1000 支股票。
2025-01-17 20:11:06,308 - INFO - QA: 返回数据行数：391102
2025-01-17 20:11:06,914 - INFO - QA: 插入完成，共插入 1000 条记录。
2025-01-17 20:11:06,914 - INFO - QA: 第 1 批处理完成，已插入结果。
2025-01-17 20:11:06,914 - INFO - QA: 开始处理第 2 批，共 1000 支股票。
2025-01-17 20:11:09,610 - INFO - QA: 返回数据行数：394065
2025-01-17 20:11:10,204 - INFO - QA: 插入完成，共插入 1000 条记录。
2025-01-17 20:11:10,204 - INFO - QA: 第 2 批处理完成，已插入结果。
2025-01-17 20:11:10,204 - INFO - QA: 开始处理第 3 批，共 1000 支股票。
2025-01-17 20:11:12,853 - INFO - QA: 返回数据行数：393696
2025-01-17 20:11:13,442 - INFO - QA: 插入完成，共插入 1000 条记录。
2025-01-17 20:11:13,443 - INFO - QA: 第 3 批处理完成，已插入结果。
2025-01-17 20:11:13,443 - INFO - QA: 开始处理第 4 批，共 1000 支股票。
2025-01-17 20:11:16,087 - INFO - QA: 返回数据行数：389145
2025-01-17 20:11:16,694 - INFO - QA: 插入完成，共插入 1000 条记录。
2025-01-17 20:11:16,694 - INFO - QA: 第 4 批处理完成，已插入结果。
2025-01-17 20:11:16,694 - INFO - QA: 开始处理第 5 批，共 959 支股票。
2025-01-17 20:11:19,271 - INFO - QA: 返回数据行数：369147
2025-01-17 20:11:19,830 - INFO - QA: 插入完成，共插入 959 条记录。
2025-01-17 20:11:19,830 - INFO - QA: 第 5 批处理完成，已插入结果。
2025-01-20 16:37:15,481 - INFO - QA: 成功读取到 4950 支股票代码。
2025-01-20 16:37:15,481 - INFO - QA: 清空目标表 MA...
2025-01-20 16:37:15,490 - INFO - QA: 目标表 MA 已清空。开始计算MA
2025-01-20 16:37:15,490 - INFO - QA: 开始处理第 1 批，共 1000 支股票。
2025-01-20 16:37:18,311 - INFO - QA: 返回数据行数：390801
2025-01-20 16:37:18,953 - INFO - QA: 插入完成，共插入 1000 条记录。
2025-01-20 16:37:18,953 - INFO - QA: 第 1 批处理完成，已插入结果。
2025-01-20 16:37:18,953 - INFO - QA: 开始处理第 2 批，共 1000 支股票。
2025-01-20 16:37:21,608 - INFO - QA: 返回数据行数：388389
2025-01-20 16:37:22,249 - INFO - QA: 插入完成，共插入 1000 条记录。
2025-01-20 16:37:22,249 - INFO - QA: 第 2 批处理完成，已插入结果。
2025-01-20 16:37:22,249 - INFO - QA: 开始处理第 3 批，共 1000 支股票。
2025-01-20 16:37:24,932 - INFO - QA: 返回数据行数：392125
2025-01-20 16:37:25,552 - INFO - QA: 插入完成，共插入 1000 条记录。
2025-01-20 16:37:25,552 - INFO - QA: 第 3 批处理完成，已插入结果。
2025-01-20 16:37:25,552 - INFO - QA: 开始处理第 4 批，共 1000 支股票。
2025-01-20 16:37:28,236 - INFO - QA: 返回数据行数：394235
2025-01-20 16:37:28,829 - INFO - QA: 插入完成，共插入 1000 条记录。
2025-01-20 16:37:28,829 - INFO - QA: 第 4 批处理完成，已插入结果。
2025-01-20 16:37:28,829 - INFO - QA: 开始处理第 5 批，共 950 支股票。
2025-01-20 16:37:31,423 - INFO - QA: 返回数据行数：373427
2025-01-20 16:37:32,007 - INFO - QA: 插入完成，共插入 950 条记录。
2025-01-20 16:37:32,007 - INFO - QA: 第 5 批处理完成，已插入结果。
2025-01-20 21:44:36,644 - INFO - QA: 成功读取到 4950 支股票代码。
2025-01-20 21:44:36,644 - INFO - QA: 清空目标表 MA...
2025-01-20 21:44:36,689 - INFO - QA: 目标表 MA 已清空。开始计算MA
2025-01-20 21:44:36,689 - INFO - QA: 开始处理第 1 批，共 1000 支股票。
2025-01-20 21:44:39,455 - INFO - QA: 返回数据行数：390801
2025-01-20 21:44:40,059 - INFO - QA: 插入完成，共插入 1000 条记录。
2025-01-20 21:44:40,059 - INFO - QA: 第 1 批处理完成，已插入结果。
2025-01-20 21:44:40,059 - INFO - QA: 开始处理第 2 批，共 1000 支股票。
2025-01-20 21:44:42,834 - INFO - QA: 返回数据行数：388389
2025-01-20 21:44:43,421 - INFO - QA: 插入完成，共插入 1000 条记录。
2025-01-20 21:44:43,421 - INFO - QA: 第 2 批处理完成，已插入结果。
2025-01-20 21:44:43,421 - INFO - QA: 开始处理第 3 批，共 1000 支股票。
2025-01-20 21:44:46,063 - INFO - QA: 返回数据行数：392125
2025-01-20 21:44:46,648 - INFO - QA: 插入完成，共插入 1000 条记录。
2025-01-20 21:44:46,648 - INFO - QA: 第 3 批处理完成，已插入结果。
2025-01-20 21:44:46,648 - INFO - QA: 开始处理第 4 批，共 1000 支股票。
2025-01-20 21:44:49,294 - INFO - QA: 返回数据行数：394235
2025-01-20 21:44:49,877 - INFO - QA: 插入完成，共插入 1000 条记录。
2025-01-20 21:44:49,878 - INFO - QA: 第 4 批处理完成，已插入结果。
2025-01-20 21:44:49,878 - INFO - QA: 开始处理第 5 批，共 950 支股票。
2025-01-20 21:44:52,444 - INFO - QA: 返回数据行数：373427
2025-01-20 21:44:53,013 - INFO - QA: 插入完成，共插入 950 条记录。
2025-01-20 21:44:53,013 - INFO - QA: 第 5 批处理完成，已插入结果。
2025-01-20 21:46:33,849 - INFO - QA: 成功读取到 4950 支股票代码。
2025-01-20 21:46:33,849 - INFO - QA: 清空目标表 MA...
2025-01-20 21:46:33,870 - INFO - QA: 目标表 MA 已清空。开始计算MA
2025-01-20 21:46:33,870 - INFO - QA: 开始处理第 1 批，共 2000 支股票。
2025-01-20 21:46:38,304 - INFO - QA: 返回数据行数：779190
2025-01-20 21:46:39,490 - INFO - QA: 插入完成，共插入 2000 条记录。
2025-01-20 21:46:39,490 - INFO - QA: 第 1 批处理完成，已插入结果。
2025-01-20 21:46:39,490 - INFO - QA: 开始处理第 2 批，共 2000 支股票。
2025-01-20 21:46:43,785 - INFO - QA: 返回数据行数：786360
2025-01-20 21:46:44,945 - INFO - QA: 插入完成，共插入 2000 条记录。
2025-01-20 21:46:44,946 - INFO - QA: 第 2 批处理完成，已插入结果。
2025-01-20 21:46:44,946 - INFO - QA: 开始处理第 3 批，共 950 支股票。
2025-01-20 21:46:47,530 - INFO - QA: 返回数据行数：373427
2025-01-20 21:46:48,110 - INFO - QA: 插入完成，共插入 950 条记录。
2025-01-20 21:46:48,110 - INFO - QA: 第 3 批处理完成，已插入结果。
2025-01-21 20:10:13,995 - INFO - QA: 成功读取到 4957 支股票代码。
2025-01-21 20:10:13,996 - INFO - QA: 清空目标表 MA...
2025-01-21 20:10:14,006 - INFO - QA: 目标表 MA 已清空。开始计算MA
2025-01-21 20:10:14,006 - INFO - QA: 开始处理第 1 批，共 2000 支股票。
2025-01-21 20:10:18,562 - INFO - QA: 返回数据行数：780706
2025-01-21 20:10:19,736 - INFO - QA: 插入完成，共插入 2000 条记录。
2025-01-21 20:10:19,736 - INFO - QA: 第 1 批处理完成，已插入结果。
2025-01-21 20:10:19,736 - INFO - QA: 开始处理第 2 批，共 2000 支股票。
2025-01-21 20:10:24,162 - INFO - QA: 返回数据行数：786781
2025-01-21 20:10:25,327 - INFO - QA: 插入完成，共插入 2000 条记录。
2025-01-21 20:10:25,327 - INFO - QA: 第 2 批处理完成，已插入结果。
2025-01-21 20:10:25,327 - INFO - QA: 开始处理第 3 批，共 957 支股票。
2025-01-21 20:10:28,016 - INFO - QA: 返回数据行数：378557
2025-01-21 20:10:28,584 - INFO - QA: 插入完成，共插入 957 条记录。
2025-01-21 20:10:28,584 - INFO - QA: 第 3 批处理完成，已插入结果。
2025-01-22 15:37:08,348 - INFO - QA: 成功读取到 4975 支股票代码。
2025-01-22 15:37:08,348 - INFO - QA: 清空目标表 MA...
2025-01-22 15:37:08,355 - INFO - QA: 目标表 MA 已清空。开始计算MA
2025-01-22 15:37:08,355 - INFO - QA: 开始处理第 1 批，共 2000 支股票。
2025-01-22 15:37:12,906 - INFO - QA: 返回数据行数：791887
2025-01-22 15:37:14,070 - INFO - QA: 插入完成，共插入 2000 条记录。
2025-01-22 15:37:14,070 - INFO - QA: 第 1 批处理完成，已插入结果。
2025-01-22 15:37:14,070 - INFO - QA: 开始处理第 2 批，共 2000 支股票。
2025-01-22 15:37:18,502 - INFO - QA: 返回数据行数：786918
2025-01-22 15:37:19,675 - INFO - QA: 插入完成，共插入 2000 条记录。
2025-01-22 15:37:19,675 - INFO - QA: 第 2 批处理完成，已插入结果。
2025-01-22 15:37:19,675 - INFO - QA: 开始处理第 3 批，共 975 支股票。
2025-01-22 15:37:22,566 - INFO - QA: 返回数据行数：379875
2025-01-22 15:37:23,159 - INFO - QA: 插入完成，共插入 975 条记录。
2025-01-22 15:37:23,159 - INFO - QA: 第 3 批处理完成，已插入结果。
2025-01-23 15:37:12,258 - INFO - QA: 成功读取到 4893 支股票代码。
2025-01-23 15:37:12,258 - INFO - QA: 清空目标表 MA...
2025-01-23 15:37:12,266 - INFO - QA: 目标表 MA 已清空。开始计算MA
2025-01-23 15:37:12,266 - INFO - QA: 开始处理第 1 批，共 2000 支股票。
2025-01-23 15:37:16,769 - INFO - QA: 返回数据行数：791343
2025-01-23 15:37:17,948 - INFO - QA: 插入完成，共插入 2000 条记录。
2025-01-23 15:37:17,948 - INFO - QA: 第 1 批处理完成，已插入结果。
2025-01-23 15:37:17,948 - INFO - QA: 开始处理第 2 批，共 2000 支股票。
2025-01-23 15:37:22,376 - INFO - QA: 返回数据行数：787540
2025-01-23 15:37:23,555 - INFO - QA: 插入完成，共插入 2000 条记录。
2025-01-23 15:37:23,555 - INFO - QA: 第 2 批处理完成，已插入结果。
2025-01-23 15:37:23,555 - INFO - QA: 开始处理第 3 批，共 893 支股票。
2025-01-23 15:37:26,146 - INFO - QA: 返回数据行数：350575
2025-01-23 15:37:26,679 - INFO - QA: 插入完成，共插入 893 条记录。
2025-01-23 15:37:26,679 - INFO - QA: 第 3 批处理完成，已插入结果。
2025-01-24 16:05:16,270 - INFO - QA: 成功读取到 4842 支股票代码。
2025-01-24 16:05:16,270 - INFO - QA: 清空目标表 MA...
2025-01-24 16:05:16,320 - INFO - QA: 目标表 MA 已清空。开始计算MA
2025-01-24 16:05:16,320 - INFO - QA: 开始处理第 1 批，共 2000 支股票。
2025-01-24 16:05:24,142 - INFO - QA: 返回数据行数：796192
2025-01-24 16:05:26,008 - INFO - QA: 插入完成，共插入 2000 条记录。
2025-01-24 16:05:26,008 - INFO - QA: 第 1 批处理完成，已插入结果。
2025-01-24 16:05:26,008 - INFO - QA: 开始处理第 2 批，共 2000 支股票。
2025-01-24 16:05:33,017 - INFO - QA: 返回数据行数：789161
2025-01-24 16:05:34,882 - INFO - QA: 插入完成，共插入 2000 条记录。
2025-01-24 16:05:34,882 - INFO - QA: 第 2 批处理完成，已插入结果。
2025-01-24 16:05:34,882 - INFO - QA: 开始处理第 3 批，共 842 支股票。
2025-01-24 16:05:38,870 - INFO - QA: 返回数据行数：328133
2025-01-24 16:05:39,691 - INFO - QA: 插入完成，共插入 842 条记录。
2025-01-24 16:05:39,691 - INFO - QA: 第 3 批处理完成，已插入结果。
2025-01-26 19:15:38,932 - INFO - QA: 成功读取到 4842 支股票代码。
2025-01-26 19:15:38,932 - INFO - QA: 清空目标表 MA...
2025-01-26 19:15:38,940 - INFO - QA: 目标表 MA 已清空。开始计算MA
2025-01-26 19:15:38,940 - INFO - QA: 开始处理第 1 批，共 2000 支股票。
2025-01-26 19:15:43,709 - INFO - QA: 返回数据行数：798192
2025-01-26 19:15:45,089 - INFO - QA: 插入完成，共插入 2000 条记录。
2025-01-26 19:15:45,089 - INFO - QA: 第 1 批处理完成，已插入结果。
2025-01-26 19:15:45,089 - INFO - QA: 开始处理第 2 批，共 2000 支股票。
2025-01-26 19:15:49,689 - INFO - QA: 返回数据行数：791156
2025-01-26 19:15:50,929 - INFO - QA: 插入完成，共插入 2000 条记录。
2025-01-26 19:15:50,929 - INFO - QA: 第 2 批处理完成，已插入结果。
2025-01-26 19:15:50,929 - INFO - QA: 开始处理第 3 批，共 842 支股票。
2025-01-26 19:15:53,456 - INFO - QA: 返回数据行数：328975
2025-01-26 19:15:53,979 - INFO - QA: 插入完成，共插入 842 条记录。
2025-01-26 19:15:53,979 - INFO - QA: 第 3 批处理完成，已插入结果。
2025-01-28 07:31:38,179 - INFO - QA: 成功读取到 4889 支股票代码。
2025-01-28 07:31:38,179 - INFO - QA: 清空目标表 MA...
2025-01-28 07:31:38,192 - INFO - QA: 目标表 MA 已清空。开始计算MA
2025-01-28 07:31:38,192 - INFO - QA: 开始处理第 1 批，共 2000 支股票。
2025-01-28 07:31:42,762 - INFO - QA: 返回数据行数：802203
2025-01-28 07:31:43,929 - INFO - QA: 插入完成，共插入 2000 条记录。
2025-01-28 07:31:43,929 - INFO - QA: 第 1 批处理完成，已插入结果。
2025-01-28 07:31:43,929 - INFO - QA: 开始处理第 2 批，共 2000 支股票。
2025-01-28 07:31:48,407 - INFO - QA: 返回数据行数：790108
2025-01-28 07:31:49,580 - INFO - QA: 插入完成，共插入 2000 条记录。
2025-01-28 07:31:49,581 - INFO - QA: 第 2 批处理完成，已插入结果。
2025-01-28 07:31:49,581 - INFO - QA: 开始处理第 3 批，共 889 支股票。
2025-01-28 07:31:52,102 - INFO - QA: 返回数据行数：344913
2025-01-28 07:31:52,630 - INFO - QA: 插入完成，共插入 889 条记录。
2025-01-28 07:31:52,630 - INFO - QA: 第 3 批处理完成，已插入结果。
2025-02-05 22:27:26,329 - INFO - QA: 成功读取到 4842 支股票代码。
2025-02-05 22:27:26,329 - INFO - QA: 清空目标表 MA...
2025-02-05 22:27:26,334 - INFO - QA: 目标表 MA 已清空。开始计算MA
2025-02-05 22:27:26,334 - INFO - QA: 开始处理第 1 批，共 2000 支股票。
2025-02-05 22:27:30,994 - INFO - QA: 返回数据行数：790293
2025-02-05 22:27:32,156 - INFO - QA: 插入完成，共插入 2000 条记录。
2025-02-05 22:27:32,156 - INFO - QA: 第 1 批处理完成，已插入结果。
2025-02-05 22:27:32,156 - INFO - QA: 开始处理第 2 批，共 2000 支股票。
2025-02-05 22:27:36,836 - INFO - QA: 返回数据行数：795382
2025-02-05 22:27:38,009 - INFO - QA: 插入完成，共插入 2000 条记录。
2025-02-05 22:27:38,009 - INFO - QA: 第 2 批处理完成，已插入结果。
2025-02-05 22:27:38,009 - INFO - QA: 开始处理第 3 批，共 842 支股票。
2025-02-05 22:27:40,462 - INFO - QA: 返回数据行数：336704
2025-02-05 22:27:40,982 - INFO - QA: 插入完成，共插入 842 条记录。
2025-02-05 22:27:40,982 - INFO - QA: 第 3 批处理完成，已插入结果。
2025-02-06 22:13:16,202 - INFO - QA: 成功读取到 4822 支股票代码。
2025-02-06 22:13:16,203 - INFO - QA: 清空目标表 MA...
2025-02-06 22:13:16,210 - INFO - QA: 目标表 MA 已清空。开始计算MA
2025-02-06 22:13:16,210 - INFO - QA: 开始处理第 1 批，共 2000 支股票。
2025-02-06 22:13:20,514 - INFO - QA: 返回数据行数：788203
2025-02-06 22:13:21,669 - INFO - QA: 插入完成，共插入 2000 条记录。
2025-02-06 22:13:21,669 - INFO - QA: 第 1 批处理完成，已插入结果。
2025-02-06 22:13:21,669 - INFO - QA: 开始处理第 2 批，共 2000 支股票。
2025-02-06 22:13:26,002 - INFO - QA: 返回数据行数：800631
2025-02-06 22:13:27,285 - INFO - QA: 插入完成，共插入 2000 条记录。
2025-02-06 22:13:27,285 - INFO - QA: 第 2 批处理完成，已插入结果。
2025-02-06 22:13:27,285 - INFO - QA: 开始处理第 3 批，共 822 支股票。
2025-02-06 22:13:29,740 - INFO - QA: 返回数据行数：331347
2025-02-06 22:13:30,231 - INFO - QA: 插入完成，共插入 822 条记录。
2025-02-06 22:13:30,231 - INFO - QA: 第 3 批处理完成，已插入结果。
2025-02-07 22:55:05,359 - INFO - QA: 成功读取到 4843 支股票代码。
2025-02-07 22:55:05,359 - INFO - QA: 清空目标表 MA...
2025-02-07 22:55:05,369 - INFO - QA: 目标表 MA 已清空。开始计算MA
2025-02-07 22:55:05,369 - INFO - QA: 开始处理第 1 批，共 2000 支股票。
2025-02-07 22:55:09,764 - INFO - QA: 返回数据行数：798642
2025-02-07 22:55:10,932 - INFO - QA: 插入完成，共插入 2000 条记录。
2025-02-07 22:55:10,932 - INFO - QA: 第 1 批处理完成，已插入结果。
2025-02-07 22:55:10,932 - INFO - QA: 开始处理第 2 批，共 2000 支股票。
2025-02-07 22:55:15,231 - INFO - QA: 返回数据行数：798977
2025-02-07 22:55:16,395 - INFO - QA: 插入完成，共插入 2000 条记录。
2025-02-07 22:55:16,395 - INFO - QA: 第 2 批处理完成，已插入结果。
2025-02-07 22:55:16,395 - INFO - QA: 开始处理第 3 批，共 843 支股票。
2025-02-07 22:55:18,894 - INFO - QA: 返回数据行数：335337
2025-02-07 22:55:19,397 - INFO - QA: 插入完成，共插入 843 条记录。
2025-02-07 22:55:19,397 - INFO - QA: 第 3 批处理完成，已插入结果。
2025-02-10 16:37:52,403 - INFO - QA: 成功读取到 4801 支股票代码。
2025-02-10 16:37:52,403 - INFO - QA: 清空目标表 MA...
2025-02-10 16:37:52,408 - INFO - QA: 目标表 MA 已清空。开始计算MA
2025-02-10 16:37:52,408 - INFO - QA: 开始处理第 1 批，共 2000 支股票。
2025-02-10 16:37:56,730 - INFO - QA: 返回数据行数：803865
2025-02-10 16:37:57,925 - INFO - QA: 插入完成，共插入 2000 条记录。
2025-02-10 16:37:57,925 - INFO - QA: 第 1 批处理完成，已插入结果。
2025-02-10 16:37:57,925 - INFO - QA: 开始处理第 2 批，共 2000 支股票。
2025-02-10 16:38:03,096 - INFO - QA: 返回数据行数：796381
2025-02-10 16:38:04,301 - INFO - QA: 插入完成，共插入 2000 条记录。
2025-02-10 16:38:04,301 - INFO - QA: 第 2 批处理完成，已插入结果。
2025-02-10 16:38:04,301 - INFO - QA: 开始处理第 3 批，共 801 支股票。
2025-02-10 16:38:07,015 - INFO - QA: 返回数据行数：320349
2025-02-10 16:38:07,568 - INFO - QA: 插入完成，共插入 801 条记录。
2025-02-10 16:38:07,569 - INFO - QA: 第 3 批处理完成，已插入结果。
2025-02-11 15:40:11,697 - INFO - QA: 成功读取到 4868 支股票代码。
2025-02-11 15:40:11,697 - INFO - QA: 清空目标表 MA...
2025-02-11 15:40:11,714 - INFO - QA: 目标表 MA 已清空。开始计算MA
2025-02-11 15:40:11,714 - INFO - QA: 开始处理第 1 批，共 2000 支股票。
2025-02-11 15:40:16,599 - INFO - QA: 返回数据行数：797789
2025-02-11 15:40:17,808 - INFO - QA: 插入完成，共插入 2000 条记录。
2025-02-11 15:40:17,808 - INFO - QA: 第 1 批处理完成，已插入结果。
2025-02-11 15:40:17,808 - INFO - QA: 开始处理第 2 批，共 2000 支股票。
2025-02-11 15:40:22,506 - INFO - QA: 返回数据行数：807882
2025-02-11 15:40:23,687 - INFO - QA: 插入完成，共插入 2000 条记录。
2025-02-11 15:40:23,688 - INFO - QA: 第 2 批处理完成，已插入结果。
2025-02-11 15:40:23,688 - INFO - QA: 开始处理第 3 批，共 868 支股票。
2025-02-11 15:40:26,381 - INFO - QA: 返回数据行数：347587
2025-02-11 15:40:26,896 - INFO - QA: 插入完成，共插入 868 条记录。
2025-02-11 15:40:26,896 - INFO - QA: 第 3 批处理完成，已插入结果。
2025-02-12 16:10:26,603 - INFO - QA: 成功读取到 4849 支股票代码。
2025-02-12 16:10:26,604 - INFO - QA: 清空目标表 MA...
2025-02-12 16:10:26,619 - INFO - QA: 目标表 MA 已清空。开始计算MA
2025-02-12 16:10:26,619 - INFO - QA: 开始处理第 1 批，共 2000 支股票。
2025-02-12 16:10:31,275 - INFO - QA: 返回数据行数：808152
2025-02-12 16:10:32,445 - INFO - QA: 插入完成，共插入 2000 条记录。
2025-02-12 16:10:32,445 - INFO - QA: 第 1 批处理完成，已插入结果。
2025-02-12 16:10:32,445 - INFO - QA: 开始处理第 2 批，共 2000 支股票。
2025-02-12 16:10:37,121 - INFO - QA: 返回数据行数：804131
2025-02-12 16:10:38,284 - INFO - QA: 插入完成，共插入 2000 条记录。
2025-02-12 16:10:38,284 - INFO - QA: 第 2 批处理完成，已插入结果。
2025-02-12 16:10:38,284 - INFO - QA: 开始处理第 3 批，共 849 支股票。
2025-02-12 16:10:40,855 - INFO - QA: 返回数据行数：336675
2025-02-12 16:10:41,378 - INFO - QA: 插入完成，共插入 849 条记录。
2025-02-12 16:10:41,378 - INFO - QA: 第 3 批处理完成，已插入结果。
