2024-12-18 05:39:02,466 - INFO - 清空数据表 buffer，开始插入。
2024-12-18 06:03:18,760 - INFO - 清空数据表 buffer，开始插入。
2024-12-19 22:24:12,050 - INFO - QA: 配置文件 'daily_update_table': 'Dec18' -> 'Dec19'.
QA: 配置文件 'last_update_date': '2024-12-18' -> '2024-12-19'.
2024-12-19 22:24:12,148 - INFO - 根据 Dec18 成功创建了表 Dec19。
2024-12-19 22:27:20,296 - INFO - QA: 配置文件 'daily_update_table': 'Dec19' -> 'Dec19'.
QA: 配置文件 'last_update_date': '2024-12-19' -> '2024-12-19'.
2024-12-19 22:27:20,309 - INFO - QA: 最后一个工作日的数据表已经存在,无需再次创建
2024-12-19 22:34:01,105 - INFO - QA: 配置文件 'daily_update_table': 'Dec19' -> 'Dec19'.
QA: 配置文件 'last_update_date': '2024-12-19' -> '2024-12-19'.
2024-12-19 22:34:01,116 - INFO - QA: 最后一个工作日的数据表已经存在,无需再次创建
2024-12-21 11:17:26,208 - INFO - QA: 今天非工作日，将 2024-12-20 视为处理日期。
2024-12-21 11:17:26,209 - INFO - QA: 配置文件 'daily_update_table': 'Dec20' -> 'Dec20'.
QA: 配置文件 'last_update_date': '2024-12-20' -> '2024-12-20'.
2024-12-21 11:17:26,237 - INFO - QA: 最后一个工作日的数据表已经存在,无需再次创建
2024-12-22 09:02:57,818 - INFO - QA: 今天非工作日，将 2024-12-20 视为处理日期。
2024-12-22 09:02:57,818 - INFO - QA: 配置文件 'daily_update_table': 'Dec20' -> 'Dec20'.
QA: 配置文件 'last_update_date': '2024-12-20' -> '2024-12-20'.
2024-12-22 09:02:57,823 - INFO - QA: 最后一个工作日的数据表已经存在,无需再次创建
2024-12-23 06:37:20,635 - INFO - QA: 当前时间 06:37 早于收盘时间 16:00，将 2024-12-20 视为处理日期。
2024-12-23 06:37:20,635 - INFO - QA: 配置文件 'daily_update_table': 'Dec20' -> 'Dec20'.
QA: 配置文件 'last_update_date': '2024-12-20' -> '2024-12-20'.
2024-12-23 06:37:20,670 - INFO - QA: 最后一个工作日的数据表已经存在,无需再次创建
2024-12-24 06:24:02,479 - INFO - QA: 当前时间 06:24 早于收盘时间 16:00，将 2024-12-23 视为处理日期。
2024-12-24 06:24:02,481 - INFO - QA: 配置文件 'daily_update_table': 'Dec20' -> 'Dec23'.
QA: 配置文件 'last_update_date': '2024-12-20' -> '2024-12-23'.
2024-12-24 06:24:02,612 - INFO - 根据 Dec20 成功创建了表 Dec23。
2024-12-24 16:28:13,383 - INFO - QA: 当前时间 16:28 晚于收盘时间 16:00，将 2024-12-24 视为处理日期。
2024-12-24 16:28:13,384 - INFO - QA: 配置文件 'daily_update_table': 'Dec23' -> 'Dec24'.
QA: 配置文件 'last_update_date': '2024-12-23' -> '2024-12-24'.
2024-12-24 16:28:13,428 - INFO - 根据 Dec23 成功创建了表 Dec24。
2024-12-25 15:53:48,882 - INFO - QA: 当前时间 15:53 早于收盘时间 16:00，将 2024-12-24 视为处理日期。
2024-12-25 15:53:48,883 - INFO - QA: 配置文件 'daily_update_table': 'Dec24' -> 'Dec24'.
QA: 配置文件 'last_update_date': '2024-12-24' -> '2024-12-24'.
2024-12-25 15:53:48,898 - INFO - QA: 最后一个工作日的数据表已经存在,无需再次创建
2024-12-25 15:58:50,995 - INFO - QA: 当前时间 15:58 晚于收盘时间 15:30，将 2024-12-25 视为处理日期。
2024-12-25 15:58:50,995 - INFO - QA: 当前时间 15:58 早于收盘时间 16:00, 当前工作日尚未收盘，收盘价尚未确定。
2024-12-25 16:00:38,586 - INFO - QA: 当前时间 16:00 晚于收盘时间 15:30，将 2024-12-25 视为处理日期。
2024-12-25 16:00:38,587 - INFO - QA: 配置文件 'daily_update_table': 'Dec24' -> 'Dec25'.
QA: 配置文件 'last_update_date': '2024-12-24' -> '2024-12-25'.
2024-12-25 16:00:38,633 - INFO - 根据 Dec24 成功创建了表 Dec25。
2024-12-26 21:48:32,734 - INFO - QA: 当前时间 21:48 晚于收盘时间 15:30，将 2024-12-26 视为处理日期。
2024-12-26 21:48:32,735 - INFO - QA: 配置文件 'daily_update_table': 'Dec25' -> 'Dec26'.
QA: 配置文件 'last_update_date': '2024-12-25' -> '2024-12-26'.
2024-12-26 21:48:32,813 - INFO - 根据 Dec25 成功创建了表 Dec26。
2024-12-27 09:21:19,454 - INFO - QA: 当前时间 09:21 早于收盘时间 15:30，将 2024-12-26 视为处理日期。
2024-12-27 09:21:19,454 - INFO - QA: 配置文件 'daily_update_table': 'Dec26' -> 'Dec26'.
QA: 配置文件 'last_update_date': '2024-12-26' -> '2024-12-26'.
2024-12-27 09:21:19,470 - INFO - QA: 最后一个工作日的数据表已经存在,无需再次创建
2024-12-27 16:36:55,522 - INFO - QA: 当前时间 16:36 晚于收盘时间 15:30，将 2024-12-27 视为处理日期。
2024-12-27 16:36:55,523 - INFO - QA: 配置文件 'daily_update_table': 'Dec26' -> 'Dec27'.
QA: 配置文件 'last_update_date': '2024-12-26' -> '2024-12-27'.
2024-12-27 16:36:55,591 - INFO - 根据 Dec26 成功创建了表 Dec27。
2024-12-27 16:46:35,941 - INFO - QA: 当前时间 16:46 晚于收盘时间 15:30，将 2024-12-27 视为处理日期。
2024-12-27 16:46:35,942 - INFO - QA: 配置文件 'daily_update_table': 'Dec27' -> 'Dec27'.
QA: 配置文件 'last_update_date': '2024-12-27' -> '2024-12-27'.
2024-12-27 16:46:35,963 - INFO - QA: 最后一个工作日的数据表已经存在,无需再次创建
2024-12-30 16:31:53,088 - INFO - QA: 当前时间 16:31 晚于收盘时间 15:30，将 2024-12-30 视为处理日期。
2024-12-30 16:31:53,089 - INFO - QA: 配置文件 'daily_update_table': 'Dec27' -> 'Dec30'.
QA: 配置文件 'last_update_date': '2024-12-27' -> '2024-12-30'.
2024-12-30 16:31:53,158 - INFO - 根据 Dec27 成功创建了表 Dec30。
2024-12-31 23:45:14,518 - INFO - QA: 当前时间 23:45 晚于收盘时间 15:30，将 2024-12-31 视为处理日期。
2024-12-31 23:45:14,519 - INFO - QA: 配置文件 'daily_update_table': 'Dec30' -> 'Dec31'.
QA: 配置文件 'last_update_date': '2024-12-30' -> '2024-12-31'.
2024-12-31 23:45:14,551 - INFO - 根据 Dec30 成功创建了表 Dec31。
2025-01-03 16:14:15,815 - INFO - QA: 当前时间 16:14 晚于收盘时间 15:30，将 2025-01-03 视为处理日期。
2025-01-03 16:14:15,816 - INFO - QA: 配置文件 'daily_update_table': 'Dec31' -> 'Jan03'.
QA: 配置文件 'last_update_date': '2024-12-31' -> '2025-01-03'.
2025-01-03 16:14:15,843 - INFO - QA: 缺少了至少两个工作日的数据表
2025-01-03 16:14:15,846 - INFO - QA: 缺少从2026-01-01到2025-01-03的数据表
2025-01-03 16:14:15,846 - INFO - QA: 配置文件中批量查询起始终止日期已更新.
2025-01-03 16:14:15,847 - INFO - 开始批量请求缺失数据并写入表buffer
2025-01-03 16:19:25,659 - INFO - QA: 当前时间 16:19 晚于收盘时间 15:30，将 2025-01-03 视为处理日期。
2025-01-03 16:19:25,659 - INFO - QA: 配置文件 'daily_update_table': 'Jan03' -> 'Jan03'.
QA: 配置文件 'last_update_date': '2025-01-03' -> '2025-01-03'.
2025-01-03 16:19:25,686 - INFO - 根据 Jan02 成功创建了表 Jan03。
2025-01-03 16:52:39,470 - INFO - QA: 当前时间 16:52 晚于收盘时间 15:30，将 2025-01-03 视为处理日期。
2025-01-03 16:52:39,478 - INFO - QA: 配置文件 'daily_update_table': 'Jan03' -> 'Jan03'.
QA: 配置文件 'last_update_date': '2025-01-03' -> '2025-01-03'.
2025-01-03 16:52:39,503 - INFO - QA: 最后一个工作日的数据表已经存在,无需再次创建
2025-01-06 15:24:59,210 - INFO - QA: 当前时间 15:24 早于收盘时间 15:30，将 2025-01-03 视为处理日期。
2025-01-06 15:24:59,211 - INFO - QA: 配置文件 'daily_update_table': 'Jan03' -> 'Jan03'.
QA: 配置文件 'last_update_date': '2025-01-03' -> '2025-01-03'.
2025-01-06 15:24:59,267 - INFO - QA: 最后一个工作日的数据表已经存在,无需再次创建
2025-01-06 15:34:20,472 - INFO - QA: 当前时间 15:34 晚于收盘时间 15:30，将 2025-01-06 视为处理日期。
2025-01-06 15:34:20,473 - INFO - QA: 当前时间 15:34 早于收盘时间 16:00, 当前工作日尚未收盘，收盘价尚未确定。
2025-01-06 15:46:09,224 - INFO - QA: 当前时间 15:46 晚于收盘时间 15:30，将 2025-01-06 视为处理日期。
2025-01-06 15:46:09,225 - INFO - QA: 配置文件 'daily_update_table': 'Jan03' -> 'Jan06'.
QA: 配置文件 'last_update_date': '2025-01-03' -> '2025-01-06'.
2025-01-06 15:46:09,248 - INFO - QA: 处理日期: 2025-01-06
2025-01-06 15:46:09,248 - INFO - QA: 上一工作日: 2025-01-03
2025-01-06 15:46:09,248 - INFO - QA: 当前表名: Jan06
2025-01-06 15:46:09,248 - INFO - QA: 上一个表名: Jan03
2025-01-06 15:46:09,284 - INFO - 根据 Jan03 成功创建了表 Jan06。
2025-01-07 20:37:52,282 - INFO - QA: 当前时间 20:37 晚于收盘时间 15:30，将 2025-01-07 视为处理日期。
2025-01-07 20:37:52,282 - INFO - QA: 配置文件 'daily_update_table': 'Jan06' -> 'Jan07'.
QA: 配置文件 'last_update_date': '2025-01-06' -> '2025-01-07'.
2025-01-07 20:37:52,320 - INFO - QA: 处理日期: 2025-01-07
2025-01-07 20:37:52,321 - INFO - QA: 上一工作日: 2025-01-06
2025-01-07 20:37:52,321 - INFO - QA: 当前表名: Jan07
2025-01-07 20:37:52,321 - INFO - QA: 上一个表名: Jan06
2025-01-07 20:37:52,434 - INFO - 根据 Jan06 成功创建了表 Jan07。
2025-01-08 16:39:08,827 - INFO - QA: 当前时间 16:39 晚于收盘时间 15:30，将 2025-01-08 视为处理日期。
2025-01-08 16:39:08,828 - INFO - QA: 配置文件 'daily_update_table': 'Jan07' -> 'Jan08'.
QA: 配置文件 'last_update_date': '2025-01-07' -> '2025-01-08'.
2025-01-08 16:39:08,835 - INFO - QA: 处理日期: 2025-01-08
2025-01-08 16:39:08,835 - INFO - QA: 上一工作日: 2025-01-07
2025-01-08 16:39:08,835 - INFO - QA: 当前表名: Jan08
2025-01-08 16:39:08,835 - INFO - QA: 上一个表名: Jan07
2025-01-08 16:39:08,860 - INFO - 根据 Jan07 成功创建了表 Jan08。
2025-01-09 22:05:01,150 - INFO - QA: 当前时间 22:05 晚于收盘时间 15:30，将 2025-01-09 视为处理日期。
2025-01-09 22:05:01,151 - INFO - QA: 配置文件 'daily_update_table': 'Jan08' -> 'Jan09'.
QA: 配置文件 'last_update_date': '2025-01-08' -> '2025-01-09'.
2025-01-09 22:05:01,190 - INFO - QA: 处理日期: 2025-01-09
2025-01-09 22:05:01,191 - INFO - QA: 上一工作日: 2025-01-08
2025-01-09 22:05:01,191 - INFO - QA: 当前表名: Jan09
2025-01-09 22:05:01,191 - INFO - QA: 上一个表名: Jan08
2025-01-09 22:05:01,253 - INFO - 根据 Jan08 成功创建了表 Jan09。
2025-01-10 21:41:40,199 - INFO - QA: 当前时间 21:41 晚于收盘时间 15:30，将 2025-01-10 视为处理日期。
2025-01-10 21:41:40,200 - INFO - QA: 配置文件 'daily_update_table': 'Jan09' -> 'Jan10'.
QA: 配置文件 'last_update_date': '2025-01-09' -> '2025-01-10'.
2025-01-10 21:41:40,233 - INFO - QA: 处理日期: 2025-01-10
2025-01-10 21:41:40,233 - INFO - QA: 上一工作日: 2025-01-09
2025-01-10 21:41:40,233 - INFO - QA: 当前表名: Jan10
2025-01-10 21:41:40,233 - INFO - QA: 上一个表名: Jan09
2025-01-10 21:41:40,268 - INFO - 根据 Jan09 成功创建了表 Jan10。
2025-01-13 20:34:52,553 - INFO - QA: 当前时间 20:34 晚于收盘时间 15:30，将 2025-01-13 视为处理日期。
2025-01-13 20:34:52,554 - INFO - QA: 配置文件 'daily_update_table': 'Jan10' -> 'Jan13'.
QA: 配置文件 'last_update_date': '2025-01-10' -> '2025-01-13'.
2025-01-13 20:34:52,574 - INFO - QA: 处理日期: 2025-01-13
2025-01-13 20:34:52,575 - INFO - QA: 上一工作日: 2025-01-10
2025-01-13 20:34:52,575 - INFO - QA: 当前表名: Jan13
2025-01-13 20:34:52,575 - INFO - QA: 上一个表名: Jan10
2025-01-13 20:34:52,612 - INFO - 根据 Jan10 成功创建了表 Jan13。
2025-01-14 17:52:19,325 - INFO - QA: 当前时间 17:52 晚于收盘时间 15:30，将 2025-01-14 视为处理日期。
2025-01-14 17:52:19,326 - INFO - QA: 配置文件 'daily_update_table': 'Jan13' -> 'Jan14'.
QA: 配置文件 'last_update_date': '2025-01-13' -> '2025-01-14'.
2025-01-14 17:52:19,353 - INFO - QA: 处理日期: 2025-01-14
2025-01-14 17:52:19,353 - INFO - QA: 上一工作日: 2025-01-13
2025-01-14 17:52:19,353 - INFO - QA: 当前表名: Jan14
2025-01-14 17:52:19,353 - INFO - QA: 上一个表名: Jan13
2025-01-14 17:52:19,393 - INFO - 根据 Jan13 成功创建了表 Jan14。
2025-01-15 21:14:23,342 - INFO - QA: 当前时间 21:14 晚于收盘时间 15:30，将 2025-01-15 视为处理日期。
2025-01-15 21:14:23,343 - INFO - QA: 配置文件 'daily_update_table': 'Jan14' -> 'Jan15'.
QA: 配置文件 'last_update_date': '2025-01-14' -> '2025-01-15'.
2025-01-15 21:14:23,370 - INFO - QA: 处理日期: 2025-01-15
2025-01-15 21:14:23,370 - INFO - QA: 上一工作日: 2025-01-14
2025-01-15 21:14:23,370 - INFO - QA: 当前表名: Jan15
2025-01-15 21:14:23,370 - INFO - QA: 上一个表名: Jan14
2025-01-15 21:14:23,419 - INFO - 根据 Jan14 成功创建了表 Jan15。
2025-01-16 19:07:31,761 - INFO - QA: 当前时间 19:07 晚于收盘时间 15:30，将 2025-01-16 视为处理日期。
2025-01-16 19:07:31,762 - INFO - QA: 配置文件 'daily_update_table': 'Jan15' -> 'Jan16'.
QA: 配置文件 'last_update_date': '2025-01-15' -> '2025-01-16'.
2025-01-16 19:07:31,800 - INFO - QA: 处理日期: 2025-01-16
2025-01-16 19:07:31,800 - INFO - QA: 上一工作日: 2025-01-15
2025-01-16 19:07:31,800 - INFO - QA: 当前表名: Jan16
2025-01-16 19:07:31,800 - INFO - QA: 上一个表名: Jan15
2025-01-16 19:07:31,869 - INFO - 根据 Jan15 成功创建了表 Jan16。
2025-01-17 20:10:59,242 - INFO - QA: 当前时间 20:10 晚于收盘时间 15:30，将 2025-01-17 视为处理日期。
2025-01-17 20:10:59,242 - INFO - QA: 配置文件 'daily_update_table': 'Jan16' -> 'Jan17'.
QA: 配置文件 'last_update_date': '2025-01-16' -> '2025-01-17'.
2025-01-17 20:10:59,266 - INFO - QA: 处理日期: 2025-01-17
2025-01-17 20:10:59,266 - INFO - QA: 上一工作日: 2025-01-16
2025-01-17 20:10:59,266 - INFO - QA: 当前表名: Jan17
2025-01-17 20:10:59,266 - INFO - QA: 上一个表名: Jan16
2025-01-17 20:10:59,311 - INFO - 根据 Jan16 成功创建了表 Jan17。
2025-01-20 16:37:01,863 - INFO - QA: 当前时间 16:37 晚于收盘时间 15:30，将 2025-01-20 视为处理日期。
2025-01-20 16:37:01,863 - INFO - QA: 配置文件 'daily_update_table': 'Jan17' -> 'Jan20'.
QA: 配置文件 'last_update_date': '2025-01-17' -> '2025-01-20'.
2025-01-20 16:37:01,890 - INFO - QA: 处理日期: 2025-01-20
2025-01-20 16:37:01,890 - INFO - QA: 上一工作日: 2025-01-17
2025-01-20 16:37:01,890 - INFO - QA: 当前表名: Jan20
2025-01-20 16:37:01,890 - INFO - QA: 上一个表名: Jan17
2025-01-20 16:37:01,924 - INFO - 根据 Jan17 成功创建了表 Jan20。
2025-01-21 20:10:09,938 - INFO - QA: 当前时间 20:10 晚于收盘时间 15:30，将 2025-01-21 视为处理日期。
2025-01-21 20:10:09,939 - INFO - QA: 配置文件 'daily_update_table': 'Jan20' -> 'Jan21'.
QA: 配置文件 'last_update_date': '2025-01-20' -> '2025-01-21'.
2025-01-21 20:10:09,966 - INFO - QA: 处理日期: 2025-01-21
2025-01-21 20:10:09,966 - INFO - QA: 上一工作日: 2025-01-20
2025-01-21 20:10:09,966 - INFO - QA: 当前表名: Jan21
2025-01-21 20:10:09,966 - INFO - QA: 上一个表名: Jan20
2025-01-21 20:10:09,995 - INFO - 根据 Jan20 成功创建了表 Jan21。
2025-01-22 15:37:03,503 - INFO - QA: 当前时间 15:37 晚于收盘时间 15:30，将 2025-01-22 视为处理日期。
2025-01-22 15:37:03,505 - INFO - QA: 配置文件 'daily_update_table': 'Jan21' -> 'Jan22'.
QA: 配置文件 'last_update_date': '2025-01-21' -> '2025-01-22'.
2025-01-22 15:37:03,515 - INFO - QA: 处理日期: 2025-01-22
2025-01-22 15:37:03,516 - INFO - QA: 上一工作日: 2025-01-21
2025-01-22 15:37:03,516 - INFO - QA: 当前表名: Jan22
2025-01-22 15:37:03,516 - INFO - QA: 上一个表名: Jan21
2025-01-22 15:37:03,546 - INFO - 根据 Jan21 成功创建了表 Jan22。
2025-01-23 15:37:07,043 - INFO - QA: 当前时间 15:37 晚于收盘时间 15:30，将 2025-01-23 视为处理日期。
2025-01-23 15:37:07,045 - INFO - QA: 配置文件 'daily_update_table': 'Jan21' -> 'Jan23'.
QA: 配置文件 'last_update_date': '2025-01-21' -> '2025-01-23'.
2025-01-23 15:37:07,060 - INFO - QA: 处理日期: 2025-01-23
2025-01-23 15:37:07,060 - INFO - QA: 上一工作日: 2025-01-22
2025-01-23 15:37:07,060 - INFO - QA: 当前表名: Jan23
2025-01-23 15:37:07,060 - INFO - QA: 上一个表名: Jan22
2025-01-23 15:37:07,087 - INFO - 根据 Jan22 成功创建了表 Jan23。
2025-01-24 16:05:08,118 - INFO - QA: 当前时间 16:05 晚于收盘时间 15:30，将 2025-01-24 视为处理日期。
2025-01-24 16:05:08,119 - INFO - QA: 配置文件 'daily_update_table': 'Jan23' -> 'Jan24'.
QA: 配置文件 'last_update_date': '2025-01-23' -> '2025-01-24'.
2025-01-24 16:05:08,142 - INFO - QA: 处理日期: 2025-01-24
2025-01-24 16:05:08,142 - INFO - QA: 上一工作日: 2025-01-23
2025-01-24 16:05:08,142 - INFO - QA: 当前表名: Jan24
2025-01-24 16:05:08,142 - INFO - QA: 上一个表名: Jan23
2025-01-24 16:05:08,191 - INFO - 根据 Jan23 成功创建了表 Jan24。
2025-01-26 19:15:34,727 - INFO - QA: 当前时间 19:15 晚于收盘时间 15:30，将 2025-01-26 视为处理日期。
2025-01-26 19:15:34,728 - INFO - QA: 配置文件 'daily_update_table': 'Jan24' -> 'Jan26'.
QA: 配置文件 'last_update_date': '2025-01-24' -> '2025-01-26'.
2025-01-26 19:15:34,747 - INFO - QA: 处理日期: 2025-01-26
2025-01-26 19:15:34,747 - INFO - QA: 上一工作日: 2025-01-24
2025-01-26 19:15:34,747 - INFO - QA: 当前表名: Jan26
2025-01-26 19:15:34,747 - INFO - QA: 上一个表名: Jan24
2025-01-26 19:15:34,779 - INFO - 根据 Jan24 成功创建了表 Jan26。
2025-01-28 07:09:04,202 - INFO - QA: 今天非工作日，将 2025-01-27 视为处理日期。
2025-01-28 07:09:04,202 - INFO - QA: 配置文件 'daily_update_table': 'Jan26' -> 'Jan27'.
QA: 配置文件 'last_update_date': '2025-01-26' -> '2025-01-27'.
2025-01-28 07:09:04,222 - INFO - QA: 处理日期: 2025-01-27
2025-01-28 07:09:04,222 - INFO - QA: 上一工作日: 2025-01-26
2025-01-28 07:09:04,222 - INFO - QA: 当前表名: Jan27
2025-01-28 07:09:04,222 - INFO - QA: 上一个表名: Jan26
2025-01-28 07:09:04,223 - INFO - QA: 缺少了至少两个工作日的数据表
2025-01-28 07:09:04,226 - INFO - QA: 缺少从2025-01-25到2025-01-27的数据表
2025-01-28 07:09:04,226 - INFO - QA: 配置文件中批量查询起始终止日期已更新.
2025-01-28 07:09:04,226 - INFO - 开始批量请求缺失数据并写入表buffer
2025-01-28 07:31:33,565 - INFO - QA: 今天非工作日，将 2025-01-27 视为处理日期。
2025-01-28 07:31:33,565 - INFO - QA: 配置文件 'daily_update_table': 'Jan27' -> 'Jan27'.
QA: 配置文件 'last_update_date': '2025-01-27' -> '2025-01-27'.
2025-01-28 07:31:33,572 - INFO - QA: 处理日期: 2025-01-27
2025-01-28 07:31:33,572 - INFO - QA: 上一工作日: 2025-01-26
2025-01-28 07:31:33,572 - INFO - QA: 当前表名: Jan27
2025-01-28 07:31:33,573 - INFO - QA: 上一个表名: Jan26
2025-01-28 07:31:33,596 - INFO - 根据 Jan26 成功创建了表 Jan27。
2025-02-05 22:27:21,912 - INFO - QA: 当前时间 22:27 晚于收盘时间 15:30，将 2025-02-05 视为处理日期。
2025-02-05 22:27:21,913 - INFO - QA: 配置文件 'daily_update_table': 'Jan27' -> 'Feb05'.
QA: 配置文件 'last_update_date': '2025-01-27' -> '2025-02-05'.
2025-02-05 22:27:21,917 - INFO - QA: 处理日期: 2025-02-05
2025-02-05 22:27:21,917 - INFO - QA: 上一工作日: 2025-01-27
2025-02-05 22:27:21,917 - INFO - QA: 当前表名: Feb05
2025-02-05 22:27:21,917 - INFO - QA: 上一个表名: Jan27
2025-02-05 22:27:21,931 - INFO - 根据 Jan27 成功创建了表 Feb05。
2025-02-06 22:13:12,122 - INFO - QA: 当前时间 22:13 晚于收盘时间 15:30，将 2025-02-06 视为处理日期。
2025-02-06 22:13:12,122 - INFO - QA: 配置文件 'daily_update_table': 'Feb05' -> 'Feb06'.
QA: 配置文件 'last_update_date': '2025-02-05' -> '2025-02-06'.
2025-02-06 22:13:12,134 - INFO - QA: 处理日期: 2025-02-06
2025-02-06 22:13:12,134 - INFO - QA: 上一工作日: 2025-02-05
2025-02-06 22:13:12,134 - INFO - QA: 当前表名: Feb06
2025-02-06 22:13:12,134 - INFO - QA: 上一个表名: Feb05
2025-02-06 22:13:12,162 - INFO - 根据 Feb05 成功创建了表 Feb06。
2025-02-07 22:55:00,914 - INFO - QA: 当前时间 22:55 晚于收盘时间 15:30，将 2025-02-07 视为处理日期。
2025-02-07 22:55:00,915 - INFO - QA: 配置文件 'daily_update_table': 'Feb06' -> 'Feb07'.
QA: 配置文件 'last_update_date': '2025-02-06' -> '2025-02-07'.
2025-02-07 22:55:00,932 - INFO - QA: 处理日期: 2025-02-07
2025-02-07 22:55:00,932 - INFO - QA: 上一工作日: 2025-02-06
2025-02-07 22:55:00,932 - INFO - QA: 当前表名: Feb07
2025-02-07 22:55:00,932 - INFO - QA: 上一个表名: Feb06
2025-02-07 22:55:00,961 - INFO - 根据 Feb06 成功创建了表 Feb07。
2025-02-10 16:34:41,070 - INFO - QA: 当前时间 16:34 晚于收盘时间 15:30，将 2025-02-10 视为处理日期。
2025-02-10 16:34:41,071 - INFO - QA: 配置文件 'daily_update_table': 'Feb07' -> 'Feb10'.
QA: 配置文件 'last_update_date': '2025-02-07' -> '2025-02-10'.
2025-02-10 16:34:41,086 - INFO - QA: 处理日期: 2025-02-10
2025-02-10 16:34:41,086 - INFO - QA: 上一工作日: 2025-02-08
2025-02-10 16:34:41,086 - INFO - QA: 当前表名: Feb10
2025-02-10 16:34:41,086 - INFO - QA: 上一个表名: Feb08
2025-02-10 16:34:41,087 - INFO - QA: 缺少了至少两个工作日的数据表
2025-02-10 16:34:41,089 - INFO - QA: 缺少从2025-02-08到2025-02-10的数据表
2025-02-10 16:34:41,089 - INFO - QA: 配置文件中批量查询起始终止日期已更新.
2025-02-10 16:34:41,089 - INFO - 开始批量请求缺失数据并写入表buffer
2025-02-10 16:37:48,535 - INFO - QA: 当前时间 16:37 晚于收盘时间 15:30，将 2025-02-10 视为处理日期。
2025-02-10 16:37:48,535 - INFO - QA: 配置文件 'daily_update_table': 'Feb10' -> 'Feb10'.
QA: 配置文件 'last_update_date': '2025-02-10' -> '2025-02-10'.
2025-02-10 16:37:48,539 - INFO - QA: 处理日期: 2025-02-10
2025-02-10 16:37:48,540 - INFO - QA: 上一工作日: 2025-02-08
2025-02-10 16:37:48,540 - INFO - QA: 当前表名: Feb10
2025-02-10 16:37:48,540 - INFO - QA: 上一个表名: Feb08
2025-02-10 16:37:48,554 - INFO - 根据 Feb08 成功创建了表 Feb10。
2025-02-11 15:40:07,025 - INFO - QA: 当前时间 15:40 晚于收盘时间 15:30，将 2025-02-11 视为处理日期。
2025-02-11 15:40:07,025 - INFO - QA: 配置文件 'daily_update_table': 'Feb10' -> 'Feb11'.
QA: 配置文件 'last_update_date': '2025-02-10' -> '2025-02-11'.
2025-02-11 15:40:07,050 - INFO - QA: 处理日期: 2025-02-11
2025-02-11 15:40:07,050 - INFO - QA: 上一工作日: 2025-02-10
2025-02-11 15:40:07,050 - INFO - QA: 当前表名: Feb11
2025-02-11 15:40:07,050 - INFO - QA: 上一个表名: Feb10
2025-02-11 15:40:07,084 - INFO - 根据 Feb10 成功创建了表 Feb11。
2025-02-12 16:10:22,027 - INFO - QA: 当前时间 16:10 晚于收盘时间 15:30，将 2025-02-12 视为处理日期。
2025-02-12 16:10:22,028 - INFO - QA: 配置文件 'daily_update_table': 'Feb11' -> 'Feb12'.
QA: 配置文件 'last_update_date': '2025-02-11' -> '2025-02-12'.
2025-02-12 16:10:22,048 - INFO - QA: 处理日期: 2025-02-12
2025-02-12 16:10:22,048 - INFO - QA: 上一工作日: 2025-02-11
2025-02-12 16:10:22,048 - INFO - QA: 当前表名: Feb12
2025-02-12 16:10:22,048 - INFO - QA: 上一个表名: Feb11
2025-02-12 16:10:22,089 - INFO - 根据 Feb11 成功创建了表 Feb12。
2025-02-13 15:49:22,808 - INFO - QA: 当前时间 15:49 晚于收盘时间 15:30，将 2025-02-13 视为处理日期。
2025-02-13 15:49:22,808 - INFO - QA: 配置文件 'daily_update_table': 'Feb12' -> 'Feb13'.
QA: 配置文件 'last_update_date': '2025-02-12' -> '2025-02-13'.
2025-02-13 15:49:22,834 - INFO - QA: 处理日期: 2025-02-13
2025-02-13 15:49:22,834 - INFO - QA: 上一工作日: 2025-02-12
2025-02-13 15:49:22,835 - INFO - QA: 当前表名: Feb13
2025-02-13 15:49:22,835 - INFO - QA: 上一个表名: Feb12
2025-02-13 15:49:22,883 - INFO - 根据 Feb12 成功创建了表 Feb13。
2025-02-13 16:25:34,315 - INFO - QA: 当前时间 16:25 晚于收盘时间 15:30，将 2025-02-13 视为处理日期。
2025-02-13 16:25:34,315 - INFO - QA: 配置文件 'daily_update_table': 'Feb13' -> 'Feb13'.
QA: 配置文件 'last_update_date': '2025-02-13' -> '2025-02-13'.
2025-02-13 16:25:34,338 - INFO - QA: 最后一个工作日的数据表已经存在,无需再次创建
2025-02-13 20:10:24,358 - INFO - QA: 当前时间 20:10 晚于收盘时间 15:30，将 2025-02-13 视为处理日期。
2025-02-13 20:10:24,359 - INFO - QA: 配置文件 'daily_update_table': 'Feb13' -> 'Feb13'.
QA: 配置文件 'last_update_date': '2025-02-13' -> '2025-02-13'.
2025-02-13 20:10:24,382 - INFO - QA: 最后一个工作日的数据表已经存在,无需再次创建
2025-02-14 15:59:48,916 - INFO - QA: 当前时间 15:59 晚于收盘时间 15:30，将 2025-02-14 视为处理日期。
2025-02-14 15:59:48,917 - INFO - QA: 配置文件 'daily_update_table': 'Feb13' -> 'Feb14'.
QA: 配置文件 'last_update_date': '2025-02-13' -> '2025-02-14'.
2025-02-14 15:59:48,935 - INFO - QA: 处理日期: 2025-02-14
2025-02-14 15:59:48,935 - INFO - QA: 上一工作日: 2025-02-13
2025-02-14 15:59:48,935 - INFO - QA: 当前表名: Feb14
2025-02-14 15:59:48,935 - INFO - QA: 上一个表名: Feb13
2025-02-14 15:59:48,996 - INFO - 根据 Feb13 成功创建了表 Feb14。
2025-02-17 15:33:29,836 - INFO - QA: 当前时间 15:33 晚于收盘时间 15:30，将 2025-02-17 视为处理日期。
2025-02-17 15:33:29,836 - INFO - QA: 配置文件 'daily_update_table': 'Feb14' -> 'Feb17'.
QA: 配置文件 'last_update_date': '2025-02-14' -> '2025-02-17'.
2025-02-17 15:33:29,866 - INFO - QA: 处理日期: 2025-02-17
2025-02-17 15:33:29,866 - INFO - QA: 上一工作日: 2025-02-14
2025-02-17 15:33:29,866 - INFO - QA: 当前表名: Feb17
2025-02-17 15:33:29,866 - INFO - QA: 上一个表名: Feb14
2025-02-17 15:33:29,915 - INFO - 根据 Feb14 成功创建了表 Feb17。
2025-02-17 15:39:06,732 - INFO - QA: 当前时间 15:39 晚于收盘时间 15:30，将 2025-02-17 视为处理日期。
2025-02-17 15:39:06,733 - INFO - QA: 配置文件 'daily_update_table': 'Feb17' -> 'Feb17'.
QA: 配置文件 'last_update_date': '2025-02-17' -> '2025-02-17'.
2025-02-17 15:39:06,743 - INFO - QA: 最后一个工作日的数据表已经存在,无需再次创建
