2024-12-18 06:23:43,524 - ERROR - 插入数据时出错: (1146, "Table 'stkfilterqa.dec18' doesn't exist")
2024-12-18 06:23:43,524 - ERROR - 更新股票数据时出错: (1146, "Table 'stkfilterqa.dec18' doesn't exist")
2024-12-18 06:25:07,409 - ERROR - 插入数据时出错: (1146, "Table 'stkfilterqa.dec18' doesn't exist")
2024-12-18 06:25:07,410 - ERROR - 更新股票数据时出错: (1146, "Table 'stkfilterqa.dec18' doesn't exist")
2024-12-18 06:26:40,855 - INFO - 数据已成功插入到 Dec17 表中。
2024-12-18 06:42:28,394 - ERROR - 数据转移过程中出错: (1146, "Table 'stkfilterqa.stock24' doesn't exist")
2024-12-18 06:43:07,020 - ERROR - 数据转移过程中出错: (1146, "Table 'stkfilterqa.dec18' doesn't exist")
2024-12-18 06:44:17,485 - INFO - 数据已成功从 Dec16 转移到 StockMain
2024-12-18 06:44:25,237 - INFO - 数据已成功从 Dec17 转移到 StockMain
2024-12-18 06:47:15,129 - INFO - 数据已成功从 Dec16 转移到 StockMain
2024-12-18 06:47:26,024 - INFO - 数据已成功从 Dec17 转移到 StockMain
2024-12-18 06:49:37,300 - ERROR - 配置不一致: daily_update_table=Dec17, last_update_date=2024-12-16
2024-12-18 22:59:27,827 - INFO - 数据已成功插入到 Dec18 表中。
2024-12-18 22:59:33,528 - INFO - 数据已成功从 Dec18 转移到 StockMain
2024-12-19 22:34:10,903 - INFO - 数据已成功插入到 Dec19 表中。
2024-12-20 16:35:45,081 - INFO - 数据已成功插入到 Dec20 表中。
2024-12-24 06:24:03,857 - INFO - 数据已成功插入到 Dec23 表中。
2024-12-24 16:28:14,718 - INFO - 数据已成功插入到 Dec24 表中。
2024-12-25 16:00:39,914 - INFO - 数据已成功插入到 Dec25 表中。
2024-12-26 21:48:34,998 - INFO - 数据已成功插入到 Dec26 表中。
2024-12-27 16:36:57,439 - INFO - 数据已成功插入到 Dec27 表中。
2024-12-30 16:31:54,733 - INFO - 数据已成功插入到 Dec30 表中。
2024-12-31 23:45:16,237 - INFO - 数据已成功插入到 Dec31 表中。
2025-01-03 16:19:26,798 - INFO - 数据已成功插入到 Jan03 表中。
2025-01-06 15:46:11,101 - INFO - 数据已成功插入到 Jan06 表中。
2025-01-07 20:37:53,906 - INFO - 数据已成功插入到 Jan07 表中。
2025-01-08 16:39:12,531 - INFO - 数据已成功插入到 Jan08 表中。
2025-01-09 22:05:02,383 - INFO - 数据已成功插入到 Jan09 表中。
2025-01-10 21:41:41,426 - INFO - 数据已成功插入到 Jan10 表中。
2025-01-13 20:34:53,715 - INFO - 数据已成功插入到 Jan13 表中。
2025-01-14 17:52:20,651 - INFO - 数据已成功插入到 Jan14 表中。
2025-01-15 21:14:24,751 - INFO - 数据已成功插入到 Jan15 表中。
2025-01-16 19:07:34,050 - INFO - 数据已成功插入到 Jan16 表中。
2025-01-17 20:11:00,450 - INFO - 数据已成功插入到 Jan17 表中。
2025-01-20 16:37:12,415 - INFO - 数据已成功插入到 Jan20 表中。
2025-01-21 20:10:11,143 - INFO - 数据已成功插入到 Jan21 表中。
2025-01-22 15:37:05,451 - INFO - 数据已成功插入到 Jan22 表中。
2025-01-23 15:37:09,417 - INFO - 数据已成功插入到 Jan23 表中。
2025-01-24 16:05:11,470 - INFO - 数据已成功插入到 Jan24 表中。
2025-01-26 19:15:36,023 - INFO - 数据已成功插入到 Jan26 表中。
2025-01-28 07:31:35,478 - INFO - 数据已成功插入到 Jan27 表中。
2025-02-05 22:27:23,700 - INFO - 数据已成功插入到 Feb05 表中。
2025-02-06 22:13:13,597 - INFO - 数据已成功插入到 Feb06 表中。
2025-02-07 22:55:02,774 - INFO - 数据已成功插入到 Feb07 表中。
2025-02-10 16:37:49,755 - INFO - 数据已成功插入到 Feb10 表中。
2025-02-11 15:40:08,482 - INFO - 数据已成功插入到 Feb11 表中。
2025-02-12 16:10:23,541 - INFO - 数据已成功插入到 Feb12 表中。
2025-02-13 15:49:25,767 - INFO - 数据已成功插入到 Feb13 表中。
2025-02-14 15:59:50,160 - INFO - 数据已成功插入到 Feb14 表中。
2025-02-17 15:33:30,626 - INFO - 数据已成功插入到 Feb17 表中。
