2024-12-31 06:22:12,026 - INFO - QA: 开始更新本周周K数据
2024-12-31 06:25:12,693 - INFO - QA: 开始更新本周周K数据
2024-12-31 06:28:49,763 - INFO - QA: 开始更新本周周K数据
2024-12-31 06:28:51,349 - ERROR - QA: 程序执行出现错误: (1366, "Incorrect decimal value: 'open_price' for column 'open' at row 1")
2024-12-31 06:29:43,957 - INFO - QA: 开始更新本周周K数据
2024-12-31 06:29:43,971 - ERROR - QA: 程序执行出现错误: 'DB_connect'
2024-12-31 06:30:35,369 - INFO - QA: 开始更新本周周K数据
2024-12-31 06:30:35,409 - ERROR - QA: 程序执行出现错误: List argument must consist only of tuples or dictionaries
2024-12-31 06:31:18,235 - INFO - QA: 开始更新本周周K数据
2024-12-31 06:31:20,205 - ERROR - QA: 程序执行出现错误: name 'cursor' is not defined
2024-12-31 06:32:30,646 - INFO - QA: 开始更新本周周K数据
2024-12-31 06:32:32,559 - ERROR - QA: 程序执行出现错误: Not an executable object: "\n            INSERT INTO WK \n            (id, wkn, WK_date, open, close, high, low, update_time, status)\n            VALUES ('000001', '25W01', '2024-12-31', \n                    11.78, \n                    11.95, \n                    11.97, \n                    11.78, \n                    '2024-12-31 06:32:30', 'active')\n            ON DUPLICATE KEY UPDATE\n            WK_date = VALUES(WK_date),\n            open = VALUES(open),\n            close = VALUES(close),\n            high = VALUES(high),\n            low = VALUES(low),\n            update_time = VALUES(update_time),\n            status = VALUES(status)\n            "
2024-12-31 06:33:13,791 - INFO - QA: 开始更新本周周K数据
2024-12-31 06:33:18,297 - INFO - QA: 
=== 处理完成统计 ===
2024-12-31 06:33:18,298 - INFO - QA: 总计处理: 5679 只股票
2024-12-31 06:33:18,298 - INFO - QA: 正常股票: 5679 只 (100.0%)
2024-12-31 06:33:18,298 - INFO - QA: ST股票: 0 只 (0.0%)
2024-12-31 06:39:03,300 - INFO - QA: 开始更新本周周K数据
2024-12-31 06:39:07,186 - INFO - QA: 
=== 处理完成统计 ===
2024-12-31 06:39:07,186 - INFO - QA: 总计处理: 5679 只股票
2024-12-31 06:39:07,186 - INFO - QA: 正常股票: 5366 只 (94.5%)
2024-12-31 06:39:07,186 - INFO - QA: ST股票: 313 只 (5.5%)
2024-12-31 08:31:35,921 - INFO - QA: 开始更新本周周K数据
2024-12-31 08:31:40,572 - INFO - QA: 
=== 处理完成统计 ===
2024-12-31 08:31:40,572 - INFO - QA: 总计处理: 5679 只股票
2024-12-31 08:31:40,572 - INFO - QA: 正常股票: 5366 只 (94.5%)
2024-12-31 08:31:40,572 - INFO - QA: ST股票: 313 只 (5.5%)
2024-12-31 08:36:50,893 - INFO - QA: 开始更新本周周K数据
2024-12-31 08:36:55,351 - INFO - QA: 
=== 处理完成统计 ===
总计处理: 5679 只股票
正常股票: 5366 只 (94.5%)
ST股票: 313 只 (5.5%)

2024-12-31 23:46:10,847 - INFO - QA: 开始更新本周周K数据
2024-12-31 23:46:15,518 - INFO - QA: 
=== 处理完成统计 ===
总计处理: 5679 只股票
正常股票: 5366 只 (94.5%)
ST股票: 313 只 (5.5%)

2025-01-01 07:29:26,224 - INFO - QA: 表 WK 的列名: ['id', 'wkn', 'WK_date', 'open', 'close', 'high', 'low', 'chg_percen', 'update_time', 'status']
2025-01-01 07:29:30,727 - INFO - QA: 表 WK 的列名: ['id', 'wkn', 'WK_date', 'open', 'close', 'high', 'low', 'chg_percen', 'update_time', 'status']
2025-01-01 07:30:38,553 - INFO - QA: 返回数据行数：204
2025-01-01 07:31:16,229 - INFO - QA: 返回数据行数：204
2025-01-01 07:31:16,234 - INFO - QA: 绘制 000001 的K线图，数据点数：102
2025-01-01 07:34:53,141 - INFO - QA: 已生成000001的K线图
2025-01-01 07:34:53,146 - INFO - QA: 绘制 000002 的K线图，数据点数：102
2025-01-01 07:35:03,802 - INFO - QA: 已生成000002的K线图
2025-01-01 07:35:40,826 - INFO - QA: 返回数据行数：102
2025-01-01 07:35:40,832 - INFO - QA: 绘制 002442 的K线图，数据点数：102
2025-01-01 07:36:26,130 - INFO - QA: 返回数据行数：102
2025-01-01 07:36:26,135 - INFO - QA: 绘制 002442 的K线图，数据点数：102
2025-01-01 07:37:10,594 - INFO - QA: 已生成002442的K线图和上引线图
2025-01-01 07:37:11,603 - INFO - QA: 返回数据行数：204
2025-01-01 07:37:11,612 - INFO - QA: 绘制 002442 的K线图，数据点数：102
2025-01-01 07:37:15,083 - INFO - QA: 返回数据行数：204
2025-01-01 07:37:15,085 - INFO - QA: 绘制 002442 的K线图，数据点数：102
2025-01-01 07:37:27,892 - INFO - QA: 返回数据行数：102
2025-01-01 07:37:27,897 - INFO - QA: 绘制 002442 的K线图，数据点数：102
2025-01-01 07:37:39,669 - INFO - QA: 返回数据行数：204
2025-01-01 07:37:39,673 - INFO - QA: 绘制 000001 的K线图，数据点数：102
2025-01-01 07:37:44,539 - INFO - QA: 已生成000001的K线图
2025-01-01 07:37:44,543 - INFO - QA: 绘制 000002 的K线图，数据点数：102
2025-01-01 07:37:45,727 - INFO - QA: 已生成000002的K线图
2025-01-01 07:38:01,844 - INFO - QA: 返回数据行数：102
2025-01-01 07:38:01,848 - INFO - QA: 绘制 002442 的K线图，数据点数：102
2025-01-01 07:40:56,480 - INFO - QA: 已生成002442的K线图
2025-01-01 07:42:27,164 - INFO - QA: 返回数据行数：102
2025-01-01 07:42:27,168 - INFO - QA: 绘制 002442 的K线图，数据点数：102
2025-01-01 07:42:38,275 - INFO - QA: 已生成002442的K线图和上引线图
2025-01-01 07:44:09,325 - INFO - QA: 返回数据行数：102
2025-01-01 07:44:09,331 - INFO - QA: 绘制 002442 的K线图，数据点数：102
2025-01-01 07:44:13,895 - INFO - QA: 已生成002442的K线图和上引线图
2025-01-01 07:47:48,109 - INFO - QA: 返回数据行数：102
2025-01-01 07:47:48,115 - INFO - QA: 绘制 002442 的K线图，数据点数：102
2025-01-01 07:59:56,305 - INFO - QA: 返回数据行数：102
2025-01-01 07:59:56,311 - INFO - QA: 绘制 002442 的K线图，数据点数：102
2025-01-01 08:00:11,153 - INFO - QA: 返回数据行数：102
2025-01-01 08:00:11,158 - INFO - QA: 绘制 002442 的K线图，数据点数：102
2025-01-01 08:02:19,390 - INFO - QA: 已生成002442的K线图和上引线图
2025-01-01 08:02:20,419 - INFO - QA: 返回数据行数：102
2025-01-01 08:02:20,425 - INFO - QA: 绘制 002442 的K线图，数据点数：102
2025-01-01 08:06:14,023 - INFO - QA: 已生成002442的K线图和上引线图
2025-01-01 08:06:16,870 - INFO - QA: 返回数据行数：102
2025-01-01 08:06:16,873 - INFO - QA: 绘制 002442 的K线图，数据点数：102
2025-01-01 08:07:07,615 - INFO - QA: 已生成002442的K线图和上引线图
2025-01-01 08:07:08,547 - INFO - QA: 返回数据行数：102
2025-01-01 08:07:08,550 - INFO - QA: 绘制 002442 的K线图，数据点数：102
2025-01-01 08:07:21,015 - INFO - QA: 已生成002442的K线图和上引线图
2025-01-01 08:07:23,849 - INFO - QA: 返回数据行数：102
2025-01-01 08:07:23,851 - INFO - QA: 绘制 002442 的K线图，数据点数：102
2025-01-01 08:07:37,305 - INFO - QA: 已生成002442的K线图和上引线图
2025-01-01 08:07:39,913 - INFO - QA: 返回数据行数：102
2025-01-01 08:07:39,915 - INFO - QA: 绘制 002442 的K线图，数据点数：102
2025-01-01 08:07:54,580 - INFO - QA: 已生成002442的K线图和上引线图
2025-01-01 08:07:57,462 - INFO - QA: 返回数据行数：102
2025-01-01 08:07:57,465 - INFO - QA: 绘制 002442 的K线图，数据点数：102
2025-01-01 08:08:09,964 - INFO - QA: 返回数据行数：102
2025-01-01 08:08:09,969 - INFO - QA: 绘制 002442 的K线图，数据点数：102
2025-01-01 08:09:57,673 - INFO - QA: 已生成002442的K线图和上引线图
2025-01-01 08:10:00,771 - INFO - QA: 返回数据行数：102
2025-01-01 08:10:00,774 - INFO - QA: 绘制 002442 的K线图，数据点数：102
2025-01-01 08:12:16,763 - INFO - QA: 已生成002442的K线图和上引线图
2025-01-01 08:12:20,722 - INFO - QA: 返回数据行数：102
2025-01-01 08:12:20,730 - INFO - QA: 绘制 002442 的K线图，数据点数：102
2025-01-01 08:12:29,299 - INFO - QA: 已生成002442的K线图和上引线
2025-01-01 08:13:12,498 - INFO - QA: 返回数据行数：102
2025-01-01 08:13:12,505 - INFO - QA: 绘制 002442 的K线图，数据点数：102
2025-01-01 08:13:16,168 - INFO - QA: 已生成002442的K线图和上引线
2025-01-01 08:13:27,427 - INFO - QA: 返回数据行数：102
2025-01-01 08:13:27,432 - INFO - QA: 绘制 002442 的K线图，数据点数：102
2025-01-01 08:13:30,343 - INFO - QA: 已生成002442的K线图和上引线图
2025-01-01 08:15:48,123 - INFO - QA: 返回数据行数：102
2025-01-01 08:15:48,128 - INFO - QA: 绘制 002442 的K线图，数据点数：102
2025-01-01 08:15:52,614 - INFO - QA: 交互显示出错: 'MaskedArray' object has no attribute 'index'
2025-01-01 08:15:52,649 - INFO - QA: 交互显示出错: 'MaskedArray' object has no attribute 'index'
2025-01-01 08:15:52,962 - INFO - QA: 交互显示出错: 'MaskedArray' object has no attribute 'index'
2025-01-01 08:15:53,344 - INFO - QA: 交互显示出错: 'MaskedArray' object has no attribute 'index'
2025-01-01 08:16:13,849 - INFO - QA: 已生成002442的K线图和上引线图
2025-01-01 08:16:16,683 - INFO - QA: 返回数据行数：102
2025-01-01 08:16:16,685 - INFO - QA: 绘制 002442 的K线图，数据点数：102
2025-01-01 08:16:22,059 - INFO - QA: 交互显示出错: 'numpy.ndarray' object has no attribute 'index'
2025-01-01 08:16:24,026 - INFO - QA: 交互显示出错: 'MaskedArray' object has no attribute 'index'
2025-01-01 08:16:24,105 - INFO - QA: 交互显示出错: 'numpy.ndarray' object has no attribute 'index'
2025-01-01 08:16:24,298 - INFO - QA: 交互显示出错: 'MaskedArray' object has no attribute 'index'
2025-01-01 08:16:24,353 - INFO - QA: 交互显示出错: 'numpy.ndarray' object has no attribute 'index'
2025-01-01 08:16:36,283 - INFO - QA: 交互显示出错: 'MaskedArray' object has no attribute 'index'
2025-01-01 08:16:36,712 - INFO - QA: 交互显示出错: 'numpy.ndarray' object has no attribute 'index'
2025-01-01 08:16:36,739 - INFO - QA: 交互显示出错: 'MaskedArray' object has no attribute 'index'
2025-01-01 08:16:36,766 - INFO - QA: 交互显示出错: 'numpy.ndarray' object has no attribute 'index'
2025-01-01 08:16:38,090 - INFO - QA: 交互显示出错: 'numpy.ndarray' object has no attribute 'index'
2025-01-01 08:16:38,125 - INFO - QA: 交互显示出错: 'numpy.ndarray' object has no attribute 'index'
2025-01-01 08:16:38,154 - INFO - QA: 交互显示出错: 'numpy.ndarray' object has no attribute 'index'
2025-01-01 08:16:38,360 - INFO - QA: 交互显示出错: 'numpy.ndarray' object has no attribute 'index'
2025-01-01 08:16:38,391 - INFO - QA: 交互显示出错: 'numpy.ndarray' object has no attribute 'index'
2025-01-01 08:16:38,419 - INFO - QA: 交互显示出错: 'numpy.ndarray' object has no attribute 'index'
2025-01-01 08:16:38,596 - INFO - QA: 交互显示出错: 'MaskedArray' object has no attribute 'index'
2025-01-01 08:16:38,626 - INFO - QA: 交互显示出错: 'numpy.ndarray' object has no attribute 'index'
2025-01-01 08:16:40,048 - INFO - QA: 交互显示出错: 'numpy.ndarray' object has no attribute 'index'
2025-01-01 08:16:40,082 - INFO - QA: 交互显示出错: 'numpy.ndarray' object has no attribute 'index'
2025-01-01 08:16:40,110 - INFO - QA: 交互显示出错: 'MaskedArray' object has no attribute 'index'
2025-01-01 08:16:40,293 - INFO - QA: 交互显示出错: 'numpy.ndarray' object has no attribute 'index'
2025-01-01 08:16:40,994 - INFO - QA: 交互显示出错: 'numpy.ndarray' object has no attribute 'index'
2025-01-01 08:16:41,027 - INFO - QA: 交互显示出错: 'numpy.ndarray' object has no attribute 'index'
2025-01-01 08:16:41,054 - INFO - QA: 交互显示出错: 'MaskedArray' object has no attribute 'index'
2025-01-01 08:16:41,081 - INFO - QA: 交互显示出错: 'numpy.ndarray' object has no attribute 'index'
2025-01-01 08:16:41,260 - INFO - QA: 交互显示出错: 'MaskedArray' object has no attribute 'index'
2025-01-01 08:16:44,327 - INFO - QA: 交互显示出错: 'numpy.ndarray' object has no attribute 'index'
2025-01-01 08:16:44,360 - INFO - QA: 交互显示出错: 'numpy.ndarray' object has no attribute 'index'
2025-01-01 08:16:44,543 - INFO - QA: 交互显示出错: 'MaskedArray' object has no attribute 'index'
2025-01-01 08:16:44,854 - INFO - QA: 交互显示出错: 'numpy.ndarray' object has no attribute 'index'
2025-01-01 08:16:44,886 - INFO - QA: 交互显示出错: 'numpy.ndarray' object has no attribute 'index'
2025-01-01 08:16:45,067 - INFO - QA: 交互显示出错: 'MaskedArray' object has no attribute 'index'
2025-01-01 08:16:45,094 - INFO - QA: 交互显示出错: 'numpy.ndarray' object has no attribute 'index'
2025-01-01 08:16:45,277 - INFO - QA: 交互显示出错: 'MaskedArray' object has no attribute 'index'
2025-01-01 08:16:46,166 - INFO - QA: 交互显示出错: 'numpy.ndarray' object has no attribute 'index'
2025-01-01 08:16:46,200 - INFO - QA: 交互显示出错: 'numpy.ndarray' object has no attribute 'index'
2025-01-01 08:16:46,228 - INFO - QA: 交互显示出错: 'numpy.ndarray' object has no attribute 'index'
2025-01-01 08:16:46,255 - INFO - QA: 交互显示出错: 'MaskedArray' object has no attribute 'index'
2025-01-01 08:16:46,438 - INFO - QA: 交互显示出错: 'numpy.ndarray' object has no attribute 'index'
2025-01-01 08:16:46,647 - INFO - QA: 交互显示出错: 'numpy.ndarray' object has no attribute 'index'
2025-01-01 08:16:47,313 - INFO - QA: 交互显示出错: 'numpy.ndarray' object has no attribute 'index'
2025-01-01 08:16:47,341 - INFO - QA: 交互显示出错: 'numpy.ndarray' object has no attribute 'index'
2025-01-01 08:16:47,368 - INFO - QA: 交互显示出错: 'numpy.ndarray' object has no attribute 'index'
2025-01-01 08:16:47,396 - INFO - QA: 交互显示出错: 'numpy.ndarray' object has no attribute 'index'
2025-01-01 08:16:47,576 - INFO - QA: 交互显示出错: 'numpy.ndarray' object has no attribute 'index'
2025-01-01 08:16:47,607 - INFO - QA: 交互显示出错: 'numpy.ndarray' object has no attribute 'index'
2025-01-01 08:16:48,061 - INFO - QA: 交互显示出错: 'numpy.ndarray' object has no attribute 'index'
2025-01-01 08:16:48,091 - INFO - QA: 交互显示出错: 'numpy.ndarray' object has no attribute 'index'
2025-01-01 08:16:48,118 - INFO - QA: 交互显示出错: 'numpy.ndarray' object has no attribute 'index'
2025-01-01 08:16:48,144 - INFO - QA: 交互显示出错: 'MaskedArray' object has no attribute 'index'
2025-01-01 08:16:48,327 - INFO - QA: 交互显示出错: 'numpy.ndarray' object has no attribute 'index'
2025-01-01 08:16:49,101 - INFO - QA: 交互显示出错: 'numpy.ndarray' object has no attribute 'index'
2025-01-01 08:16:49,134 - INFO - QA: 交互显示出错: 'numpy.ndarray' object has no attribute 'index'
2025-01-01 08:16:49,162 - INFO - QA: 交互显示出错: 'numpy.ndarray' object has no attribute 'index'
2025-01-01 08:16:49,189 - INFO - QA: 交互显示出错: 'numpy.ndarray' object has no attribute 'index'
2025-01-01 08:16:49,369 - INFO - QA: 交互显示出错: 'numpy.ndarray' object has no attribute 'index'
2025-01-01 08:16:49,399 - INFO - QA: 交互显示出错: 'numpy.ndarray' object has no attribute 'index'
2025-01-01 08:16:53,455 - INFO - QA: 交互显示出错: 'MaskedArray' object has no attribute 'index'
2025-01-01 08:16:53,841 - INFO - QA: 交互显示出错: 'MaskedArray' object has no attribute 'index'
2025-01-01 08:16:53,868 - INFO - QA: 交互显示出错: 'numpy.ndarray' object has no attribute 'index'
2025-01-01 08:16:53,896 - INFO - QA: 交互显示出错: 'MaskedArray' object has no attribute 'index'
2025-01-01 08:16:53,923 - INFO - QA: 交互显示出错: 'numpy.ndarray' object has no attribute 'index'
2025-01-01 08:16:54,101 - INFO - QA: 交互显示出错: 'MaskedArray' object has no attribute 'index'
2025-01-01 08:16:54,131 - INFO - QA: 交互显示出错: 'numpy.ndarray' object has no attribute 'index'
2025-01-01 08:16:55,341 - INFO - QA: 交互显示出错: 'MaskedArray' object has no attribute 'index'
2025-01-01 08:16:55,375 - INFO - QA: 交互显示出错: 'numpy.ndarray' object has no attribute 'index'
2025-01-01 08:16:55,558 - INFO - QA: 交互显示出错: 'numpy.ndarray' object has no attribute 'index'
2025-01-01 08:16:55,586 - INFO - QA: 交互显示出错: 'numpy.ndarray' object has no attribute 'index'
2025-01-01 08:16:55,613 - INFO - QA: 交互显示出错: 'numpy.ndarray' object has no attribute 'index'
2025-01-01 08:16:55,641 - INFO - QA: 交互显示出错: 'MaskedArray' object has no attribute 'index'
2025-01-01 08:16:55,821 - INFO - QA: 交互显示出错: 'numpy.ndarray' object has no attribute 'index'
2025-01-01 08:16:56,610 - INFO - QA: 交互显示出错: 'MaskedArray' object has no attribute 'index'
2025-01-01 08:16:56,642 - INFO - QA: 交互显示出错: 'numpy.ndarray' object has no attribute 'index'
2025-01-01 08:16:56,670 - INFO - QA: 交互显示出错: 'MaskedArray' object has no attribute 'index'
2025-01-01 08:16:56,849 - INFO - QA: 交互显示出错: 'numpy.ndarray' object has no attribute 'index'
2025-01-01 08:16:57,042 - INFO - QA: 交互显示出错: 'MaskedArray' object has no attribute 'index'
2025-01-01 08:17:00,634 - INFO - QA: 交互显示出错: 'numpy.ndarray' object has no attribute 'index'
2025-01-01 08:17:02,329 - INFO - QA: 交互显示出错: 'MaskedArray' object has no attribute 'index'
2025-01-01 08:17:02,358 - INFO - QA: 交互显示出错: 'MaskedArray' object has no attribute 'index'
2025-01-01 08:17:02,385 - INFO - QA: 交互显示出错: 'MaskedArray' object has no attribute 'index'
2025-01-01 08:17:02,412 - INFO - QA: 交互显示出错: 'MaskedArray' object has no attribute 'index'
2025-01-01 08:17:02,642 - INFO - QA: 交互显示出错: 'MaskedArray' object has no attribute 'index'
2025-01-01 08:17:02,670 - INFO - QA: 交互显示出错: 'MaskedArray' object has no attribute 'index'
2025-01-01 08:17:02,698 - INFO - QA: 交互显示出错: 'MaskedArray' object has no attribute 'index'
2025-01-01 08:17:02,725 - INFO - QA: 交互显示出错: 'MaskedArray' object has no attribute 'index'
2025-01-01 08:17:03,589 - INFO - QA: 交互显示出错: 'MaskedArray' object has no attribute 'index'
2025-01-01 08:17:03,622 - INFO - QA: 交互显示出错: 'MaskedArray' object has no attribute 'index'
2025-01-01 08:17:03,650 - INFO - QA: 交互显示出错: 'MaskedArray' object has no attribute 'index'
2025-01-01 08:17:04,647 - INFO - QA: 交互显示出错: 'MaskedArray' object has no attribute 'index'
2025-01-01 08:17:04,680 - INFO - QA: 交互显示出错: 'MaskedArray' object has no attribute 'index'
2025-01-01 08:17:04,708 - INFO - QA: 交互显示出错: 'MaskedArray' object has no attribute 'index'
2025-01-01 08:17:04,734 - INFO - QA: 交互显示出错: 'MaskedArray' object has no attribute 'index'
2025-01-01 08:17:04,963 - INFO - QA: 交互显示出错: 'MaskedArray' object has no attribute 'index'
2025-01-01 08:17:04,991 - INFO - QA: 交互显示出错: 'MaskedArray' object has no attribute 'index'
2025-01-01 08:17:05,018 - INFO - QA: 交互显示出错: 'MaskedArray' object has no attribute 'index'
2025-01-01 08:17:05,045 - INFO - QA: 交互显示出错: 'MaskedArray' object has no attribute 'index'
2025-01-01 08:17:05,228 - INFO - QA: 交互显示出错: 'MaskedArray' object has no attribute 'index'
2025-01-01 08:17:05,255 - INFO - QA: 交互显示出错: 'MaskedArray' object has no attribute 'index'
2025-01-01 08:17:05,283 - INFO - QA: 交互显示出错: 'MaskedArray' object has no attribute 'index'
2025-01-01 08:17:05,310 - INFO - QA: 交互显示出错: 'MaskedArray' object has no attribute 'index'
2025-01-01 08:17:05,492 - INFO - QA: 交互显示出错: 'MaskedArray' object has no attribute 'index'
2025-01-01 08:17:06,256 - INFO - QA: 交互显示出错: 'MaskedArray' object has no attribute 'index'
2025-01-01 08:21:01,351 - INFO - QA: 交互显示出错: 'numpy.ndarray' object has no attribute 'index'
2025-01-01 08:21:01,381 - INFO - QA: 交互显示出错: 'numpy.ndarray' object has no attribute 'index'
2025-01-01 08:21:01,409 - INFO - QA: 交互显示出错: 'numpy.ndarray' object has no attribute 'index'
2025-01-01 08:21:01,435 - INFO - QA: 交互显示出错: 'numpy.ndarray' object has no attribute 'index'
2025-01-01 08:21:01,673 - INFO - QA: 交互显示出错: 'numpy.ndarray' object has no attribute 'index'
2025-01-01 08:21:01,700 - INFO - QA: 交互显示出错: 'numpy.ndarray' object has no attribute 'index'
2025-01-01 08:21:01,879 - INFO - QA: 交互显示出错: 'numpy.ndarray' object has no attribute 'index'
2025-01-01 08:21:01,907 - INFO - QA: 交互显示出错: 'numpy.ndarray' object has no attribute 'index'
2025-01-01 08:21:01,934 - INFO - QA: 交互显示出错: 'numpy.ndarray' object has no attribute 'index'
2025-01-01 08:21:01,962 - INFO - QA: 交互显示出错: 'numpy.ndarray' object has no attribute 'index'
2025-01-01 08:21:02,167 - INFO - QA: 交互显示出错: 'numpy.ndarray' object has no attribute 'index'
2025-01-01 08:21:02,377 - INFO - QA: 交互显示出错: 'numpy.ndarray' object has no attribute 'index'
2025-01-01 08:21:02,405 - INFO - QA: 交互显示出错: 'numpy.ndarray' object has no attribute 'index'
2025-01-01 08:21:02,433 - INFO - QA: 交互显示出错: 'numpy.ndarray' object has no attribute 'index'
2025-01-01 08:21:02,614 - INFO - QA: 交互显示出错: 'MaskedArray' object has no attribute 'index'
2025-01-01 08:21:03,872 - INFO - QA: 交互显示出错: 'numpy.ndarray' object has no attribute 'index'
2025-01-01 08:21:03,905 - INFO - QA: 交互显示出错: 'numpy.ndarray' object has no attribute 'index'
2025-01-01 08:21:03,933 - INFO - QA: 交互显示出错: 'numpy.ndarray' object has no attribute 'index'
2025-01-01 08:21:03,960 - INFO - QA: 交互显示出错: 'numpy.ndarray' object has no attribute 'index'
2025-01-01 08:21:04,144 - INFO - QA: 交互显示出错: 'numpy.ndarray' object has no attribute 'index'
2025-01-01 08:21:04,176 - INFO - QA: 交互显示出错: 'MaskedArray' object has no attribute 'index'
2025-01-01 08:21:04,356 - INFO - QA: 交互显示出错: 'numpy.ndarray' object has no attribute 'index'
2025-01-01 08:21:04,384 - INFO - QA: 交互显示出错: 'numpy.ndarray' object has no attribute 'index'
2025-01-01 08:21:04,412 - INFO - QA: 交互显示出错: 'MaskedArray' object has no attribute 'index'
2025-01-01 08:21:07,850 - INFO - QA: 交互显示出错: 'numpy.ndarray' object has no attribute 'index'
2025-01-01 08:21:08,113 - INFO - QA: 交互显示出错: 'numpy.ndarray' object has no attribute 'index'
2025-01-01 08:21:08,144 - INFO - QA: 交互显示出错: 'numpy.ndarray' object has no attribute 'index'
2025-01-01 08:21:08,171 - INFO - QA: 交互显示出错: 'MaskedArray' object has no attribute 'index'
2025-01-01 08:21:08,199 - INFO - QA: 交互显示出错: 'numpy.ndarray' object has no attribute 'index'
2025-01-01 08:21:08,227 - INFO - QA: 交互显示出错: 'numpy.ndarray' object has no attribute 'index'
2025-01-01 08:21:08,254 - INFO - QA: 交互显示出错: 'MaskedArray' object has no attribute 'index'
2025-01-01 08:21:08,433 - INFO - QA: 交互显示出错: 'numpy.ndarray' object has no attribute 'index'
2025-01-01 08:21:08,464 - INFO - QA: 交互显示出错: 'numpy.ndarray' object has no attribute 'index'
2025-01-01 08:21:08,492 - INFO - QA: 交互显示出错: 'MaskedArray' object has no attribute 'index'
2025-01-01 08:21:08,673 - INFO - QA: 交互显示出错: 'numpy.ndarray' object has no attribute 'index'
2025-01-01 08:21:08,703 - INFO - QA: 交互显示出错: 'numpy.ndarray' object has no attribute 'index'
2025-01-01 08:21:10,317 - INFO - QA: 交互显示出错: 'numpy.ndarray' object has no attribute 'index'
2025-01-01 08:21:33,580 - INFO - QA: 交互显示出错: 'MaskedArray' object has no attribute 'index'
2025-01-01 08:21:33,610 - INFO - QA: 交互显示出错: 'numpy.ndarray' object has no attribute 'index'
2025-01-01 08:21:33,638 - INFO - QA: 交互显示出错: 'numpy.ndarray' object has no attribute 'index'
2025-01-01 08:21:33,667 - INFO - QA: 交互显示出错: 'numpy.ndarray' object has no attribute 'index'
2025-01-01 08:21:33,849 - INFO - QA: 交互显示出错: 'numpy.ndarray' object has no attribute 'index'
2025-01-01 08:21:33,880 - INFO - QA: 交互显示出错: 'MaskedArray' object has no attribute 'index'
2025-01-01 08:21:34,064 - INFO - QA: 交互显示出错: 'numpy.ndarray' object has no attribute 'index'
2025-01-01 08:21:34,092 - INFO - QA: 交互显示出错: 'numpy.ndarray' object has no attribute 'index'
2025-01-01 08:21:34,119 - INFO - QA: 交互显示出错: 'MaskedArray' object has no attribute 'index'
2025-01-01 08:21:34,298 - INFO - QA: 交互显示出错: 'numpy.ndarray' object has no attribute 'index'
2025-01-01 08:21:34,480 - INFO - QA: 交互显示出错: 'MaskedArray' object has no attribute 'index'
2025-01-01 08:21:35,274 - INFO - QA: 交互显示出错: 'numpy.ndarray' object has no attribute 'index'
2025-01-01 08:21:35,307 - INFO - QA: 交互显示出错: 'numpy.ndarray' object has no attribute 'index'
2025-01-01 08:21:35,335 - INFO - QA: 交互显示出错: 'numpy.ndarray' object has no attribute 'index'
2025-01-01 08:21:35,361 - INFO - QA: 交互显示出错: 'numpy.ndarray' object has no attribute 'index'
2025-01-01 08:21:35,541 - INFO - QA: 交互显示出错: 'numpy.ndarray' object has no attribute 'index'
2025-01-01 08:21:35,571 - INFO - QA: 交互显示出错: 'MaskedArray' object has no attribute 'index'
2025-01-01 08:21:35,598 - INFO - QA: 交互显示出错: 'numpy.ndarray' object has no attribute 'index'
2025-01-01 08:21:35,781 - INFO - QA: 交互显示出错: 'numpy.ndarray' object has no attribute 'index'
2025-01-01 08:21:36,372 - INFO - QA: 交互显示出错: 'MaskedArray' object has no attribute 'index'
2025-01-01 08:21:36,405 - INFO - QA: 交互显示出错: 'numpy.ndarray' object has no attribute 'index'
2025-01-01 08:21:38,103 - INFO - QA: 交互显示出错: 'MaskedArray' object has no attribute 'index'
2025-01-01 08:21:38,137 - INFO - QA: 交互显示出错: 'numpy.ndarray' object has no attribute 'index'
2025-01-01 08:21:38,166 - INFO - QA: 交互显示出错: 'MaskedArray' object has no attribute 'index'
2025-01-01 08:21:38,193 - INFO - QA: 交互显示出错: 'numpy.ndarray' object has no attribute 'index'
2025-01-01 08:24:52,292 - INFO - QA: 已生成002442的K线图和上引线图
2025-01-02 06:54:50,901 - INFO - QA: 返回数据行数：204
2025-01-02 06:54:50,904 - INFO - QA: 股票000001在base周涨幅为-0.68%，小于2.8%，跳过分析
2025-01-02 06:54:50,905 - INFO - QA: 股票000002在base周涨幅为-3.20%，小于2.8%，跳过分析
2025-01-02 06:55:28,223 - INFO - QA: 返回数据行数：102
2025-01-02 06:55:28,233 - INFO - QA: 
股票002442分析结果:
2025-01-02 06:56:13,191 - INFO - QA: 返回数据行数：102
2025-01-02 06:56:13,200 - INFO - QA: 
股票002442分析结果:
2025-01-02 06:56:13,200 - INFO - QA: Base周: 2024-12-31, 涨幅: 10.68%
2025-01-02 06:56:13,200 - INFO - QA: Boundary周: 2023-12-29, x坐标: -52
2025-01-02 06:56:13,200 - INFO - QA: Peak1: 日期=2023-12-29, x坐标=-52.0, 价格=7.26
2025-01-02 06:56:13,200 - INFO - QA: Peak2: 日期=2024-03-01, x坐标=-44.0, 价格=4.70
2025-01-02 06:56:13,200 - INFO - QA: Peak3: 日期=2024-03-22, x坐标=-41.0, 价格=4.81
2025-01-02 06:56:13,201 - INFO - QA: Peak4: 日期=2024-04-03, x坐标=-39.0, 价格=5.04
2025-01-02 06:56:13,201 - INFO - QA: Peak5: 日期=2024-05-17, x坐标=-33.0, 价格=5.64
2025-01-02 06:56:13,201 - INFO - QA: Peak6: 日期=2024-07-05, x坐标=-26.0, 价格=4.47
2025-01-02 06:56:13,201 - INFO - QA: Peak7: 日期=2024-08-09, x坐标=-21.0, 价格=4.37
2025-01-02 06:56:13,201 - INFO - QA: Peak8: 日期=2024-09-06, x坐标=-17.0, 价格=4.29
2025-01-02 06:56:13,201 - INFO - QA: Peak9: 日期=2024-10-11, x坐标=-12.0, 价格=5.25
2025-01-02 06:56:13,201 - INFO - QA: Peak10: 日期=2024-11-08, x坐标=-8.0, 价格=5.21
2025-01-02 06:56:13,201 - INFO - QA: Peak11: 日期=2024-11-22, x坐标=-6.0, 价格=5.88
2025-01-02 06:56:13,201 - INFO - QA: Peak12: 日期=2024-12-20, x坐标=-2.0, 价格=5.94
2025-01-02 07:03:21,653 - INFO - QA: 返回数据行数：102
2025-01-02 07:03:21,661 - INFO - QA: 
股票002442分析结果:
2025-01-02 07:03:21,661 - INFO - QA: Base周: 2024-12-31, 涨幅: 10.68%
2025-01-02 07:03:21,661 - INFO - QA: Boundary周: 2023-12-29, x坐标: -52
2025-01-02 07:03:21,661 - INFO - QA: Peak1: 日期=2023-12-29, x坐标=-52.0, 价格=7.26
2025-01-02 07:03:21,661 - INFO - QA: Peak2: 日期=2024-03-01, x坐标=-44.0, 价格=4.70
2025-01-02 07:03:21,661 - INFO - QA: Peak3: 日期=2024-03-22, x坐标=-41.0, 价格=4.81
2025-01-02 07:03:21,661 - INFO - QA: Peak4: 日期=2024-04-03, x坐标=-39.0, 价格=5.04
2025-01-02 07:03:21,661 - INFO - QA: Peak5: 日期=2024-05-17, x坐标=-33.0, 价格=5.64
2025-01-02 07:03:21,661 - INFO - QA: Peak6: 日期=2024-07-05, x坐标=-26.0, 价格=4.47
2025-01-02 07:03:21,661 - INFO - QA: Peak7: 日期=2024-08-09, x坐标=-21.0, 价格=4.37
2025-01-02 07:03:21,661 - INFO - QA: Peak8: 日期=2024-09-06, x坐标=-17.0, 价格=4.29
2025-01-02 07:03:21,661 - INFO - QA: Peak9: 日期=2024-10-11, x坐标=-12.0, 价格=5.25
2025-01-02 07:03:21,661 - INFO - QA: Peak10: 日期=2024-11-08, x坐标=-8.0, 价格=5.21
2025-01-02 07:03:21,661 - INFO - QA: Peak11: 日期=2024-11-22, x坐标=-6.0, 价格=5.88
2025-01-02 07:03:21,661 - INFO - QA: Peak12: 日期=2024-12-20, x坐标=-2.0, 价格=5.94
2025-01-02 07:05:03,050 - INFO - QA: 返回数据行数：102
2025-01-02 07:05:24,397 - INFO - QA: 返回数据行数：102
2025-01-02 07:05:24,406 - INFO - QA: 
股票002442分析结果:
2025-01-02 07:05:24,407 - INFO - QA: Base周: 2024-12-31, 涨幅: 10.68%
2025-01-02 07:05:24,407 - INFO - QA: Boundary周: 2023-12-29, x坐标: -52
2025-01-02 07:05:24,407 - INFO - QA: Peak1: 日期=2023-12-29, x坐标=-52.0, 价格=7.26
2025-01-02 07:05:24,407 - INFO - QA: Peak2: 日期=2024-03-01, x坐标=-44.0, 价格=4.70
2025-01-02 07:05:24,407 - INFO - QA: Peak3: 日期=2024-03-22, x坐标=-41.0, 价格=4.81
2025-01-02 07:05:24,407 - INFO - QA: Peak4: 日期=2024-04-03, x坐标=-39.0, 价格=5.04
2025-01-02 07:05:24,407 - INFO - QA: Peak5: 日期=2024-05-17, x坐标=-33.0, 价格=5.64
2025-01-02 07:05:24,407 - INFO - QA: Peak6: 日期=2024-07-05, x坐标=-26.0, 价格=4.47
2025-01-02 07:05:24,407 - INFO - QA: Peak7: 日期=2024-08-09, x坐标=-21.0, 价格=4.37
2025-01-02 07:05:24,408 - INFO - QA: Peak8: 日期=2024-09-06, x坐标=-17.0, 价格=4.29
2025-01-02 07:05:24,408 - INFO - QA: Peak9: 日期=2024-10-11, x坐标=-12.0, 价格=5.25
2025-01-02 07:05:24,408 - INFO - QA: Peak10: 日期=2024-11-08, x坐标=-8.0, 价格=5.21
2025-01-02 07:05:24,408 - INFO - QA: Peak11: 日期=2024-11-22, x坐标=-6.0, 价格=5.88
2025-01-02 07:05:24,408 - INFO - QA: Peak12: 日期=2024-12-20, x坐标=-2.0, 价格=5.94
2025-01-03 11:43:21,074 - INFO - QA: 开始更新本周周K数据
2025-01-03 11:43:26,163 - INFO - QA: 
=== QA008更新周K完成统计 ===
总计处理: 5679 只股票
正常股票: 5366 只 (94.5%)
ST股票: 313 只 (5.5%)

2025-01-03 11:49:48,766 - INFO - QA: 开始更新本周周K数据
2025-01-03 11:49:53,772 - INFO - QA: 
=== QA008更新周K完成统计 ===
总计处理: 5679 只股票
正常股票: 5366 只 (94.5%)
ST股票: 313 只 (5.5%)

2025-01-03 16:26:45,487 - INFO - QA: 开始更新本周周K数据
2025-01-03 16:26:50,887 - INFO - QA: 
=== QA008更新周K完成统计 ===
总计处理: 5682 只股票
正常股票: 5366 只 (94.4%)
ST股票: 316 只 (5.6%)

2025-01-03 16:54:32,439 - INFO - QA: 开始更新本周周K数据
2025-01-03 16:54:38,135 - INFO - QA: 
=== QA008更新周K完成统计 ===
总计处理: 5682 只股票
正常股票: 5366 只 (94.4%)
ST股票: 316 只 (5.6%)

2025-01-06 15:47:07,580 - INFO - QA: 开始更新本周周K数据
2025-01-06 15:47:12,203 - INFO - QA: 
=== QA008更新周K完成统计 ===
总计处理: 5682 只股票
正常股票: 5369 只 (94.5%)
ST股票: 313 只 (5.5%)

2025-01-07 20:38:51,314 - INFO - QA: 开始更新本周周K数据
2025-01-07 20:38:56,193 - INFO - QA: 
=== QA008更新周K完成统计 ===
总计处理: 5682 只股票
正常股票: 5369 只 (94.5%)
ST股票: 313 只 (5.5%)

2025-01-08 16:40:09,619 - INFO - QA: 开始更新本周周K数据
2025-01-08 16:40:14,618 - INFO - QA: 
=== QA008更新周K完成统计 ===
总计处理: 5684 只股票
正常股票: 5369 只 (94.5%)
ST股票: 315 只 (5.5%)

2025-01-09 22:06:00,408 - INFO - QA: 开始更新本周周K数据
2025-01-09 22:06:05,719 - INFO - QA: 
=== QA008更新周K完成统计 ===
总计处理: 5684 只股票
正常股票: 5369 只 (94.5%)
ST股票: 315 只 (5.5%)

2025-01-10 21:42:39,107 - INFO - QA: 开始更新本周周K数据
2025-01-10 21:42:44,118 - INFO - QA: 
=== QA008更新周K完成统计 ===
总计处理: 5684 只股票
正常股票: 5369 只 (94.5%)
ST股票: 315 只 (5.5%)

2025-01-13 20:35:51,728 - INFO - QA: 开始更新本周周K数据
2025-01-13 20:35:56,748 - INFO - QA: 
=== QA008更新周K完成统计 ===
总计处理: 5684 只股票
正常股票: 5373 只 (94.5%)
ST股票: 311 只 (5.5%)

2025-01-14 17:53:20,465 - INFO - QA: 开始更新本周周K数据
2025-01-14 17:53:26,002 - INFO - QA: 
=== QA008更新周K完成统计 ===
总计处理: 5684 只股票
正常股票: 5373 只 (94.5%)
ST股票: 311 只 (5.5%)

2025-01-15 21:15:23,509 - INFO - QA: 开始更新本周周K数据
2025-01-15 21:15:28,685 - INFO - QA: 
=== QA008更新周K完成统计 ===
总计处理: 5684 只股票
正常股票: 5373 只 (94.5%)
ST股票: 311 只 (5.5%)

2025-01-16 19:08:32,631 - INFO - QA: 开始更新本周周K数据
2025-01-16 19:08:37,717 - INFO - QA: 
=== QA008更新周K完成统计 ===
总计处理: 5685 只股票
正常股票: 5373 只 (94.5%)
ST股票: 312 只 (5.5%)

2025-01-17 20:11:58,811 - INFO - QA: 开始更新本周周K数据
2025-01-17 20:12:04,120 - INFO - QA: 
=== QA008更新周K完成统计 ===
总计处理: 5685 只股票
正常股票: 5373 只 (94.5%)
ST股票: 312 只 (5.5%)

2025-01-20 16:38:11,548 - INFO - QA: 开始更新本周周K数据
2025-01-20 16:38:16,422 - INFO - QA: 
=== QA008更新周K完成统计 ===
总计处理: 5685 只股票
正常股票: 5376 只 (94.6%)
ST股票: 309 只 (5.4%)

2025-01-20 21:59:24,763 - INFO - QA: 开始更新本周周K数据
2025-01-20 21:59:29,908 - INFO - QA: 
=== QA008更新周K完成统计 ===
总计处理: 5685 只股票
正常股票: 5376 只 (94.6%)
ST股票: 309 只 (5.4%)

2025-01-21 20:10:51,211 - INFO - QA: 开始更新本周周K数据
2025-01-21 20:10:56,623 - INFO - QA: 
=== QA008更新周K完成统计 ===
总计处理: 5685 只股票
正常股票: 5376 只 (94.6%)
ST股票: 309 只 (5.4%)

2025-01-22 15:37:46,823 - INFO - QA: 开始更新本周周K数据
2025-01-22 15:37:52,344 - INFO - QA: 
=== QA008更新周K完成统计 ===
总计处理: 5685 只股票
正常股票: 5376 只 (94.6%)
ST股票: 309 只 (5.4%)

2025-01-23 15:37:50,566 - INFO - QA: 开始更新本周周K数据
2025-01-23 15:37:55,931 - INFO - QA: 
=== QA008更新周K完成统计 ===
总计处理: 5685 只股票
正常股票: 5376 只 (94.6%)
ST股票: 309 只 (5.4%)

2025-01-24 16:06:16,845 - INFO - QA: 开始更新本周周K数据
2025-01-24 16:06:24,781 - INFO - QA: 
=== QA008更新周K完成统计 ===
总计处理: 5685 只股票
正常股票: 5376 只 (94.6%)
ST股票: 309 只 (5.4%)

2025-01-26 19:16:18,493 - INFO - QA: 开始更新本周周K数据
2025-01-26 19:16:24,075 - INFO - QA: 
=== QA008更新周K完成统计 ===
总计处理: 5685 只股票
正常股票: 5376 只 (94.6%)
ST股票: 309 只 (5.4%)

2025-01-28 07:32:16,626 - INFO - QA: 开始更新本周周K数据
2025-01-28 07:32:21,604 - INFO - QA: 
=== QA008更新周K完成统计 ===
总计处理: 5685 只股票
正常股票: 5381 只 (94.7%)
ST股票: 304 只 (5.3%)

2025-02-05 22:28:03,580 - INFO - QA: 开始更新本周周K数据
2025-02-05 22:28:08,243 - INFO - QA: 
=== QA008更新周K完成统计 ===
总计处理: 5685 只股票
正常股票: 5383 只 (94.7%)
ST股票: 302 只 (5.3%)

2025-02-06 22:13:52,954 - INFO - QA: 开始更新本周周K数据
2025-02-06 22:13:57,849 - INFO - QA: 
=== QA008更新周K完成统计 ===
总计处理: 5685 只股票
正常股票: 5383 只 (94.7%)
ST股票: 302 只 (5.3%)

2025-02-07 22:55:42,571 - INFO - QA: 开始更新本周周K数据
2025-02-07 22:55:47,810 - INFO - QA: 
=== QA008更新周K完成统计 ===
总计处理: 5685 只股票
正常股票: 5383 只 (94.7%)
ST股票: 302 只 (5.3%)

2025-02-10 16:38:32,928 - INFO - QA: 开始更新本周周K数据
2025-02-10 16:38:38,318 - INFO - QA: 
=== QA008更新周K完成统计 ===
总计处理: 5685 只股票
正常股票: 5386 只 (94.7%)
ST股票: 299 只 (5.3%)

2025-02-11 15:40:49,731 - INFO - QA: 开始更新本周周K数据
2025-02-11 15:40:54,897 - INFO - QA: 
=== QA008更新周K完成统计 ===
总计处理: 5685 只股票
正常股票: 5386 只 (94.7%)
ST股票: 299 只 (5.3%)

2025-02-12 16:11:03,541 - INFO - QA: 开始更新本周周K数据
2025-02-12 16:11:09,060 - INFO - QA: 
=== QA008更新周K完成统计 ===
总计处理: 5686 只股票
正常股票: 5386 只 (94.7%)
ST股票: 300 只 (5.3%)

2025-02-13 15:50:05,409 - INFO - QA: 开始更新本周周K数据
2025-02-13 15:50:10,796 - INFO - QA: 
=== QA008更新周K完成统计 ===
总计处理: 5687 只股票
正常股票: 5386 只 (94.7%)
ST股票: 301 只 (5.3%)

2025-02-14 16:00:31,218 - INFO - QA: 开始更新本周周K数据
2025-02-14 16:00:36,317 - INFO - QA: 
=== QA008更新周K完成统计 ===
总计处理: 5688 只股票
正常股票: 5386 只 (94.7%)
ST股票: 302 只 (5.3%)

2025-02-17 15:33:45,285 - INFO - QA: 开始更新本周周K数据
2025-02-17 15:33:47,050 - INFO - QA: 
=== QA008更新周K完成统计 ===
总计处理: 200 只股票
正常股票: 200 只 (100.0%)
ST股票: 0 只 (0.0%)

