2024-12-22 09:02:56,569 - INFO - QA: 开始执行 QA 程序序列
2024-12-22 09:02:56,569 - INFO - QA: 开始执行 QA001
2024-12-22 09:02:57,817 - INFO - QA: QA001 执行成功
2024-12-22 09:02:57,817 - INFO - QA: 开始执行 QA002
2024-12-22 09:02:57,823 - ERROR - QA: QA002 执行失败
2024-12-22 09:02:57,823 - ERROR - QA: QA 程序序列执行中断
2024-12-24 06:24:01,483 - INFO - QA: 开始执行 QA 程序序列
2024-12-24 06:24:01,484 - INFO - QA: 开始执行 QA001
2024-12-24 06:24:02,479 - INFO - QA: QA001 执行成功
2024-12-24 06:24:02,479 - INFO - QA: 开始执行 QA002
2024-12-24 06:24:02,612 - INFO - QA: QA002 执行成功
2024-12-24 06:24:02,612 - INFO - QA: 开始执行 QA003
2024-12-24 06:24:03,860 - INFO - QA: QA003 执行成功
2024-12-24 06:24:03,860 - INFO - QA: 开始执行 QA004
2024-12-24 06:24:03,894 - INFO - QA: QA004 执行成功
2024-12-24 06:24:03,894 - INFO - QA: 开始执行 QA005
2024-12-24 06:24:05,775 - INFO - QA: QA005 执行成功
2024-12-24 06:24:05,775 - INFO - QA: 开始执行 QA006
2024-12-24 06:24:15,698 - INFO - QA: QA006 执行成功
2024-12-24 06:24:15,698 - INFO - QA: 所有 QA 程序执行完成
2024-12-24 16:28:12,461 - INFO - QA: 开始执行 QA 程序序列
2024-12-24 16:28:12,461 - INFO - QA: 开始执行 QA001
2024-12-24 16:28:13,383 - INFO - QA: QA001 执行成功
2024-12-24 16:28:13,383 - INFO - QA: 开始执行 QA002
2024-12-24 16:28:13,428 - INFO - QA: QA002 执行成功
2024-12-24 16:28:13,428 - INFO - QA: 开始执行 QA003
2024-12-24 16:28:14,719 - INFO - QA: QA003 执行成功
2024-12-24 16:28:14,719 - INFO - QA: 开始执行 QA004
2024-12-24 16:28:14,749 - INFO - QA: QA004 执行成功
2024-12-24 16:28:14,749 - INFO - QA: 开始执行 QA005
2024-12-24 16:28:17,332 - INFO - QA: QA005 执行成功
2024-12-24 16:28:17,332 - INFO - QA: 开始执行 QA006
2024-12-24 16:28:32,074 - INFO - QA: QA006 执行成功
2024-12-24 16:28:32,075 - INFO - QA: 所有 QA 程序执行完成
2024-12-25 15:53:46,774 - INFO - QA: 开始执行 QA 程序序列
2024-12-25 15:53:46,774 - INFO - QA: 开始执行 QA001
2024-12-25 15:53:48,882 - INFO - QA: QA001 执行成功
2024-12-25 15:53:48,882 - INFO - QA: 开始执行 QA002
2024-12-25 15:53:48,898 - ERROR - QA: QA002 执行失败
2024-12-25 15:53:48,898 - ERROR - QA: QA 程序序列执行中断
2024-12-25 15:58:49,555 - INFO - QA: 开始执行 QA 程序序列
2024-12-25 15:58:49,555 - INFO - QA: 开始执行 QA001
2024-12-25 15:58:50,994 - INFO - QA: QA001 执行成功
2024-12-25 15:58:50,994 - INFO - QA: 开始执行 QA002
2024-12-25 15:58:50,995 - ERROR - QA: QA002 执行失败
2024-12-25 15:58:50,995 - ERROR - QA: QA 程序序列执行中断
2024-12-25 16:00:37,645 - INFO - QA: 开始执行 QA 程序序列
2024-12-25 16:00:37,645 - INFO - QA: 开始执行 QA001
2024-12-25 16:00:38,586 - INFO - QA: QA001 执行成功
2024-12-25 16:00:38,586 - INFO - QA: 开始执行 QA002
2024-12-25 16:00:38,633 - INFO - QA: QA002 执行成功
2024-12-25 16:00:38,633 - INFO - QA: 开始执行 QA003
2024-12-25 16:00:39,917 - INFO - QA: QA003 执行成功
2024-12-25 16:00:39,917 - INFO - QA: 开始执行 QA004
2024-12-25 16:00:39,945 - INFO - QA: QA004 执行成功
2024-12-25 16:00:39,945 - INFO - QA: 开始执行 QA005
2024-12-25 16:00:42,682 - INFO - QA: QA005 执行成功
2024-12-25 16:00:42,682 - INFO - QA: 开始执行 QA006
2024-12-25 16:00:58,584 - INFO - QA: QA006 执行成功
2024-12-25 16:00:58,584 - INFO - QA: 所有 QA 程序执行完成
2024-12-26 21:48:30,119 - INFO - QA: 开始执行 QA 程序序列
2024-12-26 21:48:30,119 - INFO - QA: 开始执行 QA001
2024-12-26 21:48:32,734 - INFO - QA: QA001 执行成功
2024-12-26 21:48:32,734 - INFO - QA: 开始执行 QA002
2024-12-26 21:48:32,813 - INFO - QA: QA002 执行成功
2024-12-26 21:48:32,813 - INFO - QA: 开始执行 QA003
2024-12-26 21:48:35,001 - INFO - QA: QA003 执行成功
2024-12-26 21:48:35,001 - INFO - QA: 开始执行 QA004
2024-12-26 21:48:35,034 - INFO - QA: QA004 执行成功
2024-12-26 21:48:35,034 - INFO - QA: 开始执行 QA005
2024-12-26 21:48:38,065 - INFO - QA: QA005 执行成功
2024-12-26 21:48:38,065 - INFO - QA: 开始执行 QA006
2024-12-26 21:48:54,641 - INFO - QA: QA006 执行成功
2024-12-26 21:48:54,641 - INFO - QA: 所有 QA 程序执行完成
2024-12-27 09:21:18,036 - INFO - QA: 开始执行 QA 程序序列
2024-12-27 09:21:18,036 - INFO - QA: 开始执行 QA001
2024-12-27 09:21:19,453 - INFO - QA: QA001 执行成功
2024-12-27 09:21:19,453 - INFO - QA: 开始执行 QA002
2024-12-27 09:21:19,470 - ERROR - QA: QA002 执行失败
2024-12-27 09:21:19,470 - ERROR - QA: QA 程序序列执行中断
2024-12-27 16:36:54,167 - INFO - QA: 开始执行 QA 程序序列
2024-12-27 16:36:54,168 - INFO - QA: 开始执行 QA001
2024-12-27 16:36:55,522 - INFO - QA: QA001 执行成功
2024-12-27 16:36:55,522 - INFO - QA: 开始执行 QA002
2024-12-27 16:36:55,592 - INFO - QA: QA002 执行成功
2024-12-27 16:36:55,592 - INFO - QA: 开始执行 QA003
2024-12-27 16:36:57,441 - INFO - QA: QA003 执行成功
2024-12-27 16:36:57,441 - INFO - QA: 开始执行 QA004
2024-12-27 16:36:57,479 - INFO - QA: QA004 执行成功
2024-12-27 16:36:57,479 - INFO - QA: 开始执行 QA005
2024-12-27 16:37:00,299 - INFO - QA: QA005 执行成功
2024-12-27 16:37:00,301 - INFO - QA: 开始执行 QA006
2024-12-27 16:37:16,339 - INFO - QA: QA006 执行成功
2024-12-27 16:37:16,339 - INFO - QA: 开始执行 QA007
2024-12-27 16:37:51,990 - ERROR - QA: QA007 执行失败
2024-12-27 16:37:51,990 - ERROR - QA: QA 程序序列执行中断
2024-12-27 16:46:13,567 - INFO - QA: 开始执行 QA 程序序列
2024-12-27 16:46:13,568 - INFO - QA: 开始执行 QA001
2024-12-27 16:46:35,941 - INFO - QA: QA001 执行成功
2024-12-27 16:46:35,941 - INFO - QA: 开始执行 QA002
2024-12-27 16:46:35,963 - ERROR - QA: QA002 执行失败
2024-12-27 16:46:35,963 - ERROR - QA: QA 程序序列执行中断
2024-12-27 16:46:35,963 - INFO - QA: 开始执行过滤程序
2024-12-27 16:46:35,963 - INFO - QA: QA: 开始执行 QAFilter1
2024-12-27 16:46:48,977 - INFO - QA: QA: QAFilter1 执行成功
2024-12-27 16:46:48,977 - INFO - QA: QA: QAFilter1 执行成功
2024-12-27 16:46:48,977 - INFO - QA: QA: 开始执行 QAFilter2
2024-12-27 16:46:49,776 - INFO - QA: QA: QAFilter2 执行成功
2024-12-27 16:46:49,776 - INFO - QA: QA: QAFilter2 执行成功
2024-12-27 16:46:49,776 - INFO - QA: QA: 开始执行 QAFilter3
2024-12-27 16:46:50,629 - INFO - QA: QA: QAFilter3 执行成功
2024-12-27 16:46:50,630 - INFO - QA: QA: QAFilter3 执行成功
2024-12-27 16:46:50,630 - INFO - QA: QA: 所有过滤程序执行完成
2024-12-30 16:31:51,156 - INFO - QA: 开始执行 QA 程序序列
2024-12-30 16:31:51,157 - INFO - QA: 开始执行 QA001
2024-12-30 16:31:53,088 - INFO - QA: QA001 执行成功
2024-12-30 16:31:53,088 - INFO - QA: 开始执行 QA002
2024-12-30 16:31:53,159 - INFO - QA: QA002 执行成功
2024-12-30 16:31:53,159 - INFO - QA: 开始执行 QA003
2024-12-30 16:31:54,734 - INFO - QA: QA003 执行成功
2024-12-30 16:31:54,734 - INFO - QA: 开始执行 QA004
2024-12-30 16:31:54,765 - INFO - QA: QA004 执行成功
2024-12-30 16:31:54,765 - INFO - QA: 开始执行 QA005
2024-12-30 16:31:57,458 - INFO - QA: QA005 执行成功
2024-12-30 16:31:57,459 - INFO - QA: 开始执行 QA006
2024-12-30 16:32:13,352 - INFO - QA: QA006 执行成功
2024-12-30 16:32:13,352 - INFO - QA: 开始执行 QA007
2024-12-30 16:32:48,848 - INFO - QA: QA007 执行成功
2024-12-30 16:32:48,848 - INFO - QA: 所有 QA 程序执行完成
2024-12-30 16:32:48,848 - INFO - QA: 开始执行过滤程序
2024-12-30 16:32:48,848 - INFO - QA: QA: 开始执行 QAFilter1
2024-12-30 16:33:00,602 - INFO - QA: QA: QAFilter1 执行成功
2024-12-30 16:33:00,603 - INFO - QA: QA: QAFilter1 执行成功
2024-12-30 16:33:00,603 - INFO - QA: QA: 开始执行 QAFilter2
2024-12-30 16:33:01,237 - INFO - QA: QA: QAFilter2 执行成功
2024-12-30 16:33:01,237 - INFO - QA: QA: QAFilter2 执行成功
2024-12-30 16:33:01,237 - INFO - QA: QA: 开始执行 QAFilter3
2024-12-30 16:33:02,095 - INFO - QA: QA: QAFilter3 执行成功
2024-12-30 16:33:02,095 - INFO - QA: QA: QAFilter3 执行成功
2024-12-30 16:33:02,095 - INFO - QA: QA: 所有过滤程序执行完成
2024-12-31 23:45:11,510 - INFO - QA: 开始执行 QA 程序序列
2024-12-31 23:45:11,510 - INFO - QA: 开始执行 QA001
2024-12-31 23:45:14,517 - INFO - QA: QA001 执行成功
2024-12-31 23:45:14,517 - INFO - QA: 开始执行 QA002
2024-12-31 23:45:14,551 - INFO - QA: QA002 执行成功
2024-12-31 23:45:14,551 - INFO - QA: 开始执行 QA003
2024-12-31 23:45:16,242 - INFO - QA: QA003 执行成功
2024-12-31 23:45:16,243 - INFO - QA: 开始执行 QA004
2024-12-31 23:45:16,270 - INFO - QA: QA004 执行成功
2024-12-31 23:45:16,270 - INFO - QA: 开始执行 QA005
2024-12-31 23:45:18,788 - INFO - QA: QA005 执行成功
2024-12-31 23:45:18,789 - INFO - QA: 开始执行 QA006
2024-12-31 23:45:34,691 - INFO - QA: QA006 执行成功
2024-12-31 23:45:34,691 - INFO - QA: 开始执行 QA007
2024-12-31 23:46:10,846 - INFO - QA: QA007 执行成功
2024-12-31 23:46:10,847 - INFO - QA: 开始执行 QA008
2024-12-31 23:46:15,519 - INFO - QA: QA008 执行成功
2024-12-31 23:46:15,519 - INFO - QA: 所有 QA 程序执行完成
2024-12-31 23:46:15,519 - INFO - QA: 开始执行过滤程序
2024-12-31 23:46:15,519 - INFO - QA: QA: 开始执行 QAFilter1
2024-12-31 23:46:27,216 - INFO - QA: QA: QAFilter1 执行成功
2024-12-31 23:46:27,217 - INFO - QA: QA: QAFilter1 执行成功
2024-12-31 23:46:27,217 - INFO - QA: QA: 开始执行 QAFilter2
2024-12-31 23:46:27,890 - INFO - QA: QA: QAFilter2 执行成功
2024-12-31 23:46:27,890 - INFO - QA: QA: QAFilter2 执行成功
2024-12-31 23:46:27,890 - INFO - QA: QA: 开始执行 QAFilter3
2024-12-31 23:46:28,735 - INFO - QA: QA: QAFilter3 执行成功
2024-12-31 23:46:28,735 - INFO - QA: QA: QAFilter3 执行成功
2024-12-31 23:46:28,735 - INFO - QA: QA: 所有过滤程序执行完成
2025-01-03 16:14:14,928 - INFO - QA: 开始执行 QA 程序序列
2025-01-03 16:14:14,928 - INFO - QA: 开始执行 QA001
2025-01-03 16:14:15,814 - INFO - QA: QA001 执行成功
2025-01-03 16:14:15,814 - INFO - QA: 开始执行 QA002
2025-01-03 16:19:24,876 - INFO - QA: 开始执行 QA 程序序列
2025-01-03 16:19:24,876 - INFO - QA: 开始执行 QA001
2025-01-03 16:19:25,658 - INFO - QA: QA001 执行成功
2025-01-03 16:19:25,658 - INFO - QA: 开始执行 QA002
2025-01-03 16:19:25,686 - INFO - QA: QA002 执行成功
2025-01-03 16:19:25,686 - INFO - QA: 开始执行 QA003
2025-01-03 16:19:26,799 - INFO - QA: QA003 执行成功
2025-01-03 16:19:26,799 - INFO - QA: 开始执行 QA004
2025-01-03 16:19:26,800 - ERROR - QA: QA004 执行失败
2025-01-03 16:19:26,800 - ERROR - QA: QA 程序序列执行中断
2025-01-03 16:19:26,800 - INFO - QA: 开始执行过滤程序
2025-01-03 16:19:26,800 - INFO - QA: QA: 开始执行 QAFilter1
2025-01-03 16:19:39,011 - INFO - QA: QA: QAFilter1 执行成功
2025-01-03 16:19:39,011 - INFO - QA: QA: QAFilter1 执行成功
2025-01-03 16:19:39,011 - INFO - QA: QA: 开始执行 QAFilter2
2025-01-03 16:19:39,588 - INFO - QA: QA: QAFilter2 执行成功
2025-01-03 16:19:39,588 - ERROR - QA: QA: QAFilter2 执行失败
2025-01-03 16:19:39,588 - ERROR - QA: QA: 过滤程序执行中断
2025-01-03 16:52:38,491 - INFO - QA: 开始执行 QA 程序序列
2025-01-03 16:52:38,491 - INFO - QA: 开始执行 QA001
2025-01-03 16:52:39,470 - INFO - QA: QA001 执行成功
2025-01-03 16:52:39,470 - INFO - QA: 开始执行 QA002
2025-01-03 16:52:39,504 - ERROR - QA: QA002 执行失败
2025-01-03 16:52:39,504 - ERROR - QA: QA 程序序列执行中断
2025-01-03 16:52:39,504 - INFO - QA: 开始执行过滤程序
2025-01-03 16:52:39,504 - INFO - QA: QA: 开始执行 QAFilter1
2025-01-06 15:24:57,475 - INFO - QA: 开始执行 QA 程序序列
2025-01-06 15:24:57,475 - INFO - QA: 开始执行 QA001
2025-01-06 15:24:59,210 - INFO - QA: QA001 执行成功
2025-01-06 15:24:59,210 - INFO - QA: 开始执行 QA002
2025-01-06 15:24:59,267 - ERROR - QA: QA002 执行失败
2025-01-06 15:24:59,267 - ERROR - QA: QA 程序序列执行中断
2025-01-06 15:24:59,267 - INFO - QA: 开始执行过滤程序
2025-01-06 15:24:59,267 - INFO - QA: QA: 开始执行 QAFilter1
2025-01-06 15:25:12,160 - INFO - QA: QA: QAFilter1 执行成功
2025-01-06 15:25:12,160 - INFO - QA: QA: QAFilter1 执行成功
2025-01-06 15:25:12,160 - INFO - QA: QA: 开始执行 QAFilter2
2025-01-06 15:25:12,874 - INFO - QA: QA: QAFilter2 执行成功
2025-01-06 15:25:12,874 - INFO - QA: QA: QAFilter2 执行成功
2025-01-06 15:25:12,874 - INFO - QA: QA: 开始执行 QAFilter3
2025-01-06 15:25:13,670 - INFO - QA: QA: QAFilter3 执行成功
2025-01-06 15:25:13,670 - INFO - QA: QA: QAFilter3 执行成功
2025-01-06 15:25:13,670 - INFO - QA: QA: 所有过滤程序执行完成
2025-01-06 15:34:12,657 - INFO - QA: 开始执行 QA 程序序列
2025-01-06 15:34:12,658 - INFO - QA: 开始执行 QA001
2025-01-06 15:34:20,472 - INFO - QA: QA001 执行成功
2025-01-06 15:34:20,472 - INFO - QA: 开始执行 QA002
2025-01-06 15:34:20,473 - ERROR - QA: QA002 执行失败
2025-01-06 15:34:20,473 - ERROR - QA: QA 程序序列执行中断
2025-01-06 15:34:20,473 - INFO - QA: 开始执行过滤程序
2025-01-06 15:34:20,473 - INFO - QA: QA: 开始执行 QAFilter1
2025-01-06 15:34:32,429 - INFO - QA: QA: QAFilter1 执行成功
2025-01-06 15:34:32,429 - INFO - QA: QA: QAFilter1 执行成功
2025-01-06 15:34:32,429 - INFO - QA: QA: 开始执行 QAFilter2
2025-01-06 15:34:33,009 - INFO - QA: QA: QAFilter2 执行成功
2025-01-06 15:34:33,010 - ERROR - QA: QA: QAFilter2 执行失败
2025-01-06 15:34:33,010 - ERROR - QA: QA: 过滤程序执行中断
2025-01-06 15:46:07,989 - INFO - QA: 开始执行 QA 程序序列
2025-01-06 15:46:07,989 - INFO - QA: 开始执行 QA001
2025-01-06 15:46:09,223 - INFO - QA: QA001 执行成功
2025-01-06 15:46:09,223 - INFO - QA: 开始执行 QA002
2025-01-06 15:46:09,285 - INFO - QA: QA002 执行成功
2025-01-06 15:46:09,285 - INFO - QA: 开始执行 QA003
2025-01-06 15:46:11,103 - INFO - QA: QA003 执行成功
2025-01-06 15:46:11,103 - INFO - QA: 开始执行 QA004
2025-01-06 15:46:11,149 - INFO - QA: QA004 执行成功
2025-01-06 15:46:11,149 - INFO - QA: 开始执行 QA005
2025-01-06 15:46:14,298 - INFO - QA: QA005 执行成功
2025-01-06 15:46:14,298 - INFO - QA: 开始执行 QA006
2025-01-06 15:46:30,206 - INFO - QA: QA006 执行成功
2025-01-06 15:46:30,206 - INFO - QA: 开始执行 QA007
2025-01-06 15:47:07,579 - INFO - QA: QA007 执行成功
2025-01-06 15:47:07,580 - INFO - QA: 开始执行 QA008
2025-01-06 15:47:12,204 - INFO - QA: QA008 执行成功
2025-01-06 15:47:12,204 - INFO - QA: 所有 QA 程序执行完成
2025-01-06 15:47:12,204 - INFO - QA: 开始执行过滤程序
2025-01-06 15:47:12,204 - INFO - QA: QA: 开始执行 QAFilter1
2025-01-06 15:47:24,882 - INFO - QA: QA: QAFilter1 执行成功
2025-01-06 15:47:24,882 - INFO - QA: QA: QAFilter1 执行成功
2025-01-06 15:47:24,883 - INFO - QA: QA: 开始执行 QAFilter2
2025-01-06 15:47:25,552 - INFO - QA: QA: QAFilter2 执行成功
2025-01-06 15:47:25,552 - INFO - QA: QA: QAFilter2 执行成功
2025-01-06 15:47:25,552 - INFO - QA: QA: 开始执行 QAFilter3
2025-01-06 15:47:26,295 - INFO - QA: QA: QAFilter3 执行成功
2025-01-06 15:47:26,295 - INFO - QA: QA: QAFilter3 执行成功
2025-01-06 15:47:26,295 - INFO - QA: QA: 所有过滤程序执行完成
2025-01-07 20:37:51,000 - INFO - QA: 开始执行 QA 程序序列
2025-01-07 20:37:51,000 - INFO - QA: 开始执行 QA001
2025-01-07 20:37:52,281 - INFO - QA: QA001 执行成功
2025-01-07 20:37:52,281 - INFO - QA: 开始执行 QA002
2025-01-07 20:37:52,434 - INFO - QA: QA002 执行成功
2025-01-07 20:37:52,434 - INFO - QA: 开始执行 QA003
2025-01-07 20:37:53,908 - INFO - QA: QA003 执行成功
2025-01-07 20:37:53,908 - INFO - QA: 开始执行 QA004
2025-01-07 20:37:53,946 - INFO - QA: QA004 执行成功
2025-01-07 20:37:53,946 - INFO - QA: 开始执行 QA005
2025-01-07 20:37:56,795 - INFO - QA: QA005 执行成功
2025-01-07 20:37:56,795 - INFO - QA: 开始执行 QA006
2025-01-07 20:38:12,719 - INFO - QA: QA006 执行成功
2025-01-07 20:38:12,719 - INFO - QA: 开始执行 QA007
2025-01-07 20:38:51,313 - INFO - QA: QA007 执行成功
2025-01-07 20:38:51,313 - INFO - QA: 开始执行 QA008
2025-01-07 20:38:56,194 - INFO - QA: QA008 执行成功
2025-01-07 20:38:56,194 - INFO - QA: 所有 QA 程序执行完成
2025-01-07 20:38:56,194 - INFO - QA: 开始执行过滤程序
2025-01-07 20:38:56,194 - INFO - QA: QA: 开始执行 QAFilter1
2025-01-07 20:39:08,093 - INFO - QA: QA: QAFilter1 执行成功
2025-01-07 20:39:08,093 - INFO - QA: QA: QAFilter1 执行成功
2025-01-07 20:39:08,094 - INFO - QA: QA: 开始执行 QAFilter2
2025-01-07 20:39:08,791 - INFO - QA: QA: QAFilter2 执行成功
2025-01-07 20:39:08,791 - INFO - QA: QA: QAFilter2 执行成功
2025-01-07 20:39:08,791 - INFO - QA: QA: 开始执行 QAFilter3
2025-01-07 20:39:09,556 - INFO - QA: QA: QAFilter3 执行成功
2025-01-07 20:39:09,556 - INFO - QA: QA: QAFilter3 执行成功
2025-01-07 20:39:09,556 - INFO - QA: QA: 所有过滤程序执行完成
2025-01-08 16:39:07,280 - INFO - QA: 开始执行 QA 程序序列
2025-01-08 16:39:07,280 - INFO - QA: 开始执行 QA001
2025-01-08 16:39:08,826 - INFO - QA: QA001 执行成功
2025-01-08 16:39:08,826 - INFO - QA: 开始执行 QA002
2025-01-08 16:39:08,860 - INFO - QA: QA002 执行成功
2025-01-08 16:39:08,860 - INFO - QA: 开始执行 QA003
2025-01-08 16:39:12,533 - INFO - QA: QA003 执行成功
2025-01-08 16:39:12,533 - INFO - QA: 开始执行 QA004
2025-01-08 16:39:12,562 - INFO - QA: QA004 执行成功
2025-01-08 16:39:12,563 - INFO - QA: 开始执行 QA005
2025-01-08 16:39:15,058 - INFO - QA: QA005 执行成功
2025-01-08 16:39:15,059 - INFO - QA: 开始执行 QA006
2025-01-08 16:39:30,991 - INFO - QA: QA006 执行成功
2025-01-08 16:39:30,992 - INFO - QA: 开始执行 QA007
2025-01-08 16:40:09,617 - INFO - QA: QA007 执行成功
2025-01-08 16:40:09,618 - INFO - QA: 开始执行 QA008
2025-01-08 16:40:14,618 - INFO - QA: QA008 执行成功
2025-01-08 16:40:14,619 - INFO - QA: 所有 QA 程序执行完成
2025-01-08 16:40:14,619 - INFO - QA: 开始执行过滤程序
2025-01-08 16:40:14,619 - INFO - QA: QA: 开始执行 QAFilter1
2025-01-08 16:40:26,316 - INFO - QA: QA: QAFilter1 执行成功
2025-01-08 16:40:26,316 - INFO - QA: QA: QAFilter1 执行成功
2025-01-08 16:40:26,316 - INFO - QA: QA: 开始执行 QAFilter2
2025-01-08 16:40:26,982 - INFO - QA: QA: QAFilter2 执行成功
2025-01-08 16:40:26,982 - INFO - QA: QA: QAFilter2 执行成功
2025-01-08 16:40:26,982 - INFO - QA: QA: 开始执行 QAFilter3
2025-01-08 16:40:27,751 - INFO - QA: QA: QAFilter3 执行成功
2025-01-08 16:40:27,751 - INFO - QA: QA: QAFilter3 执行成功
2025-01-08 16:40:27,751 - INFO - QA: QA: 所有过滤程序执行完成
2025-01-09 22:05:00,308 - INFO - QA: 开始执行 QA 程序序列
2025-01-09 22:05:00,308 - INFO - QA: 开始执行 QA001
2025-01-09 22:05:01,150 - INFO - QA: QA001 执行成功
2025-01-09 22:05:01,150 - INFO - QA: 开始执行 QA002
2025-01-09 22:05:01,253 - INFO - QA: QA002 执行成功
2025-01-09 22:05:01,253 - INFO - QA: 开始执行 QA003
2025-01-09 22:05:02,386 - INFO - QA: QA003 执行成功
2025-01-09 22:05:02,386 - INFO - QA: 开始执行 QA004
2025-01-09 22:05:02,424 - INFO - QA: QA004 执行成功
2025-01-09 22:05:02,424 - INFO - QA: 开始执行 QA005
2025-01-09 22:05:05,371 - INFO - QA: QA005 执行成功
2025-01-09 22:05:05,371 - INFO - QA: 开始执行 QA006
2025-01-09 22:05:21,794 - INFO - QA: QA006 执行成功
2025-01-09 22:05:21,794 - INFO - QA: 开始执行 QA007
2025-01-09 22:06:00,407 - INFO - QA: QA007 执行成功
2025-01-09 22:06:00,407 - INFO - QA: 开始执行 QA008
2025-01-09 22:06:05,719 - INFO - QA: QA008 执行成功
2025-01-09 22:06:05,720 - INFO - QA: 所有 QA 程序执行完成
2025-01-09 22:06:05,720 - INFO - QA: 开始执行过滤程序
2025-01-09 22:06:05,720 - INFO - QA: QA: 开始执行 QAFilter1
2025-01-09 22:06:17,583 - INFO - QA: QA: QAFilter1 执行成功
2025-01-09 22:06:17,583 - INFO - QA: QA: QAFilter1 执行成功
2025-01-09 22:06:17,583 - INFO - QA: QA: 开始执行 QAFilter2
2025-01-09 22:06:18,237 - INFO - QA: QA: QAFilter2 执行成功
2025-01-09 22:06:18,237 - INFO - QA: QA: QAFilter2 执行成功
2025-01-09 22:06:18,237 - INFO - QA: QA: 开始执行 QAFilter3
2025-01-09 22:06:19,000 - INFO - QA: QA: QAFilter3 执行成功
2025-01-09 22:06:19,000 - INFO - QA: QA: QAFilter3 执行成功
2025-01-09 22:06:19,000 - INFO - QA: QA: 所有过滤程序执行完成
2025-01-10 21:41:39,359 - INFO - QA: 开始执行 QA 程序序列
2025-01-10 21:41:39,359 - INFO - QA: 开始执行 QA001
2025-01-10 21:41:40,199 - INFO - QA: QA001 执行成功
2025-01-10 21:41:40,199 - INFO - QA: 开始执行 QA002
2025-01-10 21:41:40,268 - INFO - QA: QA002 执行成功
2025-01-10 21:41:40,268 - INFO - QA: 开始执行 QA003
2025-01-10 21:41:41,428 - INFO - QA: QA003 执行成功
2025-01-10 21:41:41,428 - INFO - QA: 开始执行 QA004
2025-01-10 21:41:41,456 - INFO - QA: QA004 执行成功
2025-01-10 21:41:41,456 - INFO - QA: 开始执行 QA005
2025-01-10 21:41:44,151 - INFO - QA: QA005 执行成功
2025-01-10 21:41:44,151 - INFO - QA: 开始执行 QA006
2025-01-10 21:42:00,600 - INFO - QA: QA006 执行成功
2025-01-10 21:42:00,600 - INFO - QA: 开始执行 QA007
2025-01-10 21:42:39,104 - INFO - QA: QA007 执行成功
2025-01-10 21:42:39,105 - INFO - QA: 开始执行 QA008
2025-01-10 21:42:44,119 - INFO - QA: QA008 执行成功
2025-01-10 21:42:44,119 - INFO - QA: 所有 QA 程序执行完成
2025-01-10 21:42:44,119 - INFO - QA: 开始执行过滤程序
2025-01-10 21:42:44,119 - INFO - QA: QA: 开始执行 QAFilter1
2025-01-10 21:42:55,883 - INFO - QA: QA: QAFilter1 执行成功
2025-01-10 21:42:55,884 - INFO - QA: QA: QAFilter1 执行成功
2025-01-10 21:42:55,884 - INFO - QA: QA: 开始执行 QAFilter2
2025-01-10 21:42:56,559 - INFO - QA: QA: QAFilter2 执行成功
2025-01-10 21:42:56,559 - INFO - QA: QA: QAFilter2 执行成功
2025-01-10 21:42:56,559 - INFO - QA: QA: 开始执行 QAFilter3
2025-01-10 21:42:57,302 - INFO - QA: QA: QAFilter3 执行成功
2025-01-10 21:42:57,302 - INFO - QA: QA: QAFilter3 执行成功
2025-01-10 21:42:57,302 - INFO - QA: QA: 所有过滤程序执行完成
2025-01-13 20:34:51,735 - INFO - QA: 开始执行 QA 程序序列
2025-01-13 20:34:51,735 - INFO - QA: 开始执行 QA001
2025-01-13 20:34:52,553 - INFO - QA: QA001 执行成功
2025-01-13 20:34:52,553 - INFO - QA: 开始执行 QA002
2025-01-13 20:34:52,613 - INFO - QA: QA002 执行成功
2025-01-13 20:34:52,613 - INFO - QA: 开始执行 QA003
2025-01-13 20:34:53,717 - INFO - QA: QA003 执行成功
2025-01-13 20:34:53,717 - INFO - QA: 开始执行 QA004
2025-01-13 20:34:53,753 - INFO - QA: QA004 执行成功
2025-01-13 20:34:53,753 - INFO - QA: 开始执行 QA005
2025-01-13 20:34:56,331 - INFO - QA: QA005 执行成功
2025-01-13 20:34:56,331 - INFO - QA: 开始执行 QA006
2025-01-13 20:35:12,516 - INFO - QA: QA006 执行成功
2025-01-13 20:35:12,516 - INFO - QA: 开始执行 QA007
2025-01-13 20:35:51,727 - INFO - QA: QA007 执行成功
2025-01-13 20:35:51,727 - INFO - QA: 开始执行 QA008
2025-01-13 20:35:56,748 - INFO - QA: QA008 执行成功
2025-01-13 20:35:56,748 - INFO - QA: 所有 QA 程序执行完成
2025-01-13 20:35:56,748 - INFO - QA: 开始执行过滤程序
2025-01-13 20:35:56,748 - INFO - QA: QA: 开始执行 QAFilter1
2025-01-13 20:36:08,710 - INFO - QA: QA: QAFilter1 执行成功
2025-01-13 20:36:08,710 - INFO - QA: QA: QAFilter1 执行成功
2025-01-13 20:36:08,710 - INFO - QA: QA: 开始执行 QAFilter2
2025-01-13 20:36:09,386 - INFO - QA: QA: QAFilter2 执行成功
2025-01-13 20:36:09,386 - INFO - QA: QA: QAFilter2 执行成功
2025-01-13 20:36:09,386 - INFO - QA: QA: 开始执行 QAFilter3
2025-01-13 20:36:10,137 - INFO - QA: QA: QAFilter3 执行成功
2025-01-13 20:36:10,137 - INFO - QA: QA: QAFilter3 执行成功
2025-01-13 20:36:10,137 - INFO - QA: QA: 所有过滤程序执行完成
2025-01-14 17:52:18,473 - INFO - QA: 开始执行 QA 程序序列
2025-01-14 17:52:18,473 - INFO - QA: 开始执行 QA001
2025-01-14 17:52:19,325 - INFO - QA: QA001 执行成功
2025-01-14 17:52:19,325 - INFO - QA: 开始执行 QA002
2025-01-14 17:52:19,393 - INFO - QA: QA002 执行成功
2025-01-14 17:52:19,393 - INFO - QA: 开始执行 QA003
2025-01-14 17:52:20,652 - INFO - QA: QA003 执行成功
2025-01-14 17:52:20,653 - INFO - QA: 开始执行 QA004
2025-01-14 17:52:20,688 - INFO - QA: QA004 执行成功
2025-01-14 17:52:20,688 - INFO - QA: 开始执行 QA005
2025-01-14 17:52:23,473 - INFO - QA: QA005 执行成功
2025-01-14 17:52:23,473 - INFO - QA: 开始执行 QA006
2025-01-14 17:52:39,355 - INFO - QA: QA006 执行成功
2025-01-14 17:52:39,356 - INFO - QA: 开始执行 QA007
2025-01-14 17:53:20,464 - INFO - QA: QA007 执行成功
2025-01-14 17:53:20,464 - INFO - QA: 开始执行 QA008
2025-01-14 17:53:26,003 - INFO - QA: QA008 执行成功
2025-01-14 17:53:26,003 - INFO - QA: 所有 QA 程序执行完成
2025-01-14 17:53:26,003 - INFO - QA: 开始执行过滤程序
2025-01-14 17:53:26,003 - INFO - QA: QA: 开始执行 QAFilter1
2025-01-14 17:53:37,750 - INFO - QA: QA: QAFilter1 执行成功
2025-01-14 17:53:37,750 - INFO - QA: QA: QAFilter1 执行成功
2025-01-14 17:53:37,750 - INFO - QA: QA: 开始执行 QAFilter2
2025-01-14 17:53:38,429 - INFO - QA: QA: QAFilter2 执行成功
2025-01-14 17:53:38,429 - INFO - QA: QA: QAFilter2 执行成功
2025-01-14 17:53:38,429 - INFO - QA: QA: 开始执行 QAFilter3
2025-01-14 17:53:39,225 - INFO - QA: QA: QAFilter3 执行成功
2025-01-14 17:53:39,225 - INFO - QA: QA: QAFilter3 执行成功
2025-01-14 17:53:39,225 - INFO - QA: QA: 所有过滤程序执行完成
2025-01-15 21:14:22,482 - INFO - QA: 开始执行 QA 程序序列
2025-01-15 21:14:22,482 - INFO - QA: 开始执行 QA001
2025-01-15 21:14:23,342 - INFO - QA: QA001 执行成功
2025-01-15 21:14:23,342 - INFO - QA: 开始执行 QA002
2025-01-15 21:14:23,419 - INFO - QA: QA002 执行成功
2025-01-15 21:14:23,419 - INFO - QA: 开始执行 QA003
2025-01-15 21:14:24,754 - INFO - QA: QA003 执行成功
2025-01-15 21:14:24,754 - INFO - QA: 开始执行 QA004
2025-01-15 21:14:24,793 - INFO - QA: QA004 执行成功
2025-01-15 21:14:24,793 - INFO - QA: 开始执行 QA005
2025-01-15 21:14:27,720 - INFO - QA: QA005 执行成功
2025-01-15 21:14:27,721 - INFO - QA: 开始执行 QA006
2025-01-15 21:14:44,104 - INFO - QA: QA006 执行成功
2025-01-15 21:14:44,104 - INFO - QA: 开始执行 QA007
2025-01-15 21:15:23,506 - INFO - QA: QA007 执行成功
2025-01-15 21:15:23,507 - INFO - QA: 开始执行 QA008
2025-01-15 21:15:28,686 - INFO - QA: QA008 执行成功
2025-01-15 21:15:28,686 - INFO - QA: 所有 QA 程序执行完成
2025-01-15 21:15:28,686 - INFO - QA: 开始执行过滤程序
2025-01-15 21:15:28,686 - INFO - QA: QA: 开始执行 QAFilter1
2025-01-15 21:15:40,783 - INFO - QA: QA: QAFilter1 执行成功
2025-01-15 21:15:40,783 - INFO - QA: QA: QAFilter1 执行成功
2025-01-15 21:15:40,783 - INFO - QA: QA: 开始执行 QAFilter2
2025-01-15 21:15:41,445 - INFO - QA: QA: QAFilter2 执行成功
2025-01-15 21:15:41,445 - INFO - QA: QA: QAFilter2 执行成功
2025-01-15 21:15:41,445 - INFO - QA: QA: 开始执行 QAFilter3
2025-01-15 21:15:42,227 - INFO - QA: QA: QAFilter3 执行成功
2025-01-15 21:15:42,228 - INFO - QA: QA: QAFilter3 执行成功
2025-01-15 21:15:42,228 - INFO - QA: QA: 所有过滤程序执行完成
2025-01-16 19:07:30,047 - INFO - QA: 开始执行 QA 程序序列
2025-01-16 19:07:30,048 - INFO - QA: 开始执行 QA001
2025-01-16 19:07:31,761 - INFO - QA: QA001 执行成功
2025-01-16 19:07:31,761 - INFO - QA: 开始执行 QA002
2025-01-16 19:07:31,869 - INFO - QA: QA002 执行成功
2025-01-16 19:07:31,869 - INFO - QA: 开始执行 QA003
2025-01-16 19:07:34,052 - INFO - QA: QA003 执行成功
2025-01-16 19:07:34,052 - INFO - QA: 开始执行 QA004
2025-01-16 19:07:34,090 - INFO - QA: QA004 执行成功
2025-01-16 19:07:34,090 - INFO - QA: 开始执行 QA005
2025-01-16 19:07:37,210 - INFO - QA: QA005 执行成功
2025-01-16 19:07:37,211 - INFO - QA: 开始执行 QA006
2025-01-16 19:07:53,559 - INFO - QA: QA006 执行成功
2025-01-16 19:07:53,560 - INFO - QA: 开始执行 QA007
2025-01-16 19:08:32,629 - INFO - QA: QA007 执行成功
2025-01-16 19:08:32,630 - INFO - QA: 开始执行 QA008
2025-01-16 19:08:37,718 - INFO - QA: QA008 执行成功
2025-01-16 19:08:37,718 - INFO - QA: 所有 QA 程序执行完成
2025-01-16 19:08:37,718 - INFO - QA: 开始执行过滤程序
2025-01-16 19:08:37,718 - INFO - QA: QA: 开始执行 QAFilter1
2025-01-16 19:08:49,703 - INFO - QA: QA: QAFilter1 执行成功
2025-01-16 19:08:49,704 - INFO - QA: QA: QAFilter1 执行成功
2025-01-16 19:08:49,704 - INFO - QA: QA: 开始执行 QAFilter2
2025-01-16 19:08:50,356 - INFO - QA: QA: QAFilter2 执行成功
2025-01-16 19:08:50,356 - INFO - QA: QA: QAFilter2 执行成功
2025-01-16 19:08:50,356 - INFO - QA: QA: 开始执行 QAFilter3
2025-01-16 19:08:51,144 - INFO - QA: QA: QAFilter3 执行成功
2025-01-16 19:08:51,144 - INFO - QA: QA: QAFilter3 执行成功
2025-01-16 19:08:51,144 - INFO - QA: QA: 所有过滤程序执行完成
2025-01-17 20:10:57,682 - INFO - QA: 开始执行 QA 程序序列
2025-01-17 20:10:57,683 - INFO - QA: 开始执行 QA001
2025-01-17 20:10:59,241 - INFO - QA: QA001 执行成功
2025-01-17 20:10:59,241 - INFO - QA: 开始执行 QA002
2025-01-17 20:10:59,311 - INFO - QA: QA002 执行成功
2025-01-17 20:10:59,311 - INFO - QA: 开始执行 QA003
2025-01-17 20:11:00,452 - INFO - QA: QA003 执行成功
2025-01-17 20:11:00,452 - INFO - QA: 开始执行 QA004
2025-01-17 20:11:00,488 - INFO - QA: QA004 执行成功
2025-01-17 20:11:00,489 - INFO - QA: 开始执行 QA005
2025-01-17 20:11:03,567 - INFO - QA: QA005 执行成功
2025-01-17 20:11:03,567 - INFO - QA: 开始执行 QA006
2025-01-17 20:11:19,835 - INFO - QA: QA006 执行成功
2025-01-17 20:11:19,835 - INFO - QA: 开始执行 QA007
2025-01-17 20:11:58,810 - INFO - QA: QA007 执行成功
2025-01-17 20:11:58,810 - INFO - QA: 开始执行 QA008
2025-01-17 20:12:04,121 - INFO - QA: QA008 执行成功
2025-01-17 20:12:04,122 - INFO - QA: 所有 QA 程序执行完成
2025-01-17 20:12:04,122 - INFO - QA: 开始执行过滤程序
2025-01-17 20:12:04,122 - INFO - QA: QA: 开始执行 QAFilter1
2025-01-17 20:12:16,142 - INFO - QA: QA: QAFilter1 执行成功
2025-01-17 20:12:16,143 - INFO - QA: QA: QAFilter1 执行成功
2025-01-17 20:12:16,143 - INFO - QA: QA: 开始执行 QAFilter2
2025-01-17 20:12:16,796 - INFO - QA: QA: QAFilter2 执行成功
2025-01-17 20:12:16,796 - INFO - QA: QA: QAFilter2 执行成功
2025-01-17 20:12:16,796 - INFO - QA: QA: 开始执行 QAFilter3
2025-01-17 20:12:17,603 - INFO - QA: QA: QAFilter3 执行成功
2025-01-17 20:12:17,603 - INFO - QA: QA: QAFilter3 执行成功
2025-01-17 20:12:17,603 - INFO - QA: QA: 所有过滤程序执行完成
2025-01-20 16:37:00,202 - INFO - QA: 开始执行 QA 程序序列
2025-01-20 16:37:00,202 - INFO - QA: 开始执行 QA001
2025-01-20 16:37:01,862 - INFO - QA: QA001 执行成功
2025-01-20 16:37:01,862 - INFO - QA: 开始执行 QA002
2025-01-20 16:37:01,925 - INFO - QA: QA002 执行成功
2025-01-20 16:37:01,925 - INFO - QA: 开始执行 QA003
2025-01-20 16:37:12,416 - INFO - QA: QA003 执行成功
2025-01-20 16:37:12,416 - INFO - QA: 开始执行 QA004
2025-01-20 16:37:12,457 - INFO - QA: QA004 执行成功
2025-01-20 16:37:12,457 - INFO - QA: 开始执行 QA005
2025-01-20 16:37:15,438 - INFO - QA: QA005 执行成功
2025-01-20 16:37:15,438 - INFO - QA: 开始执行 QA006
2025-01-20 16:37:32,012 - INFO - QA: QA006 执行成功
2025-01-20 16:37:32,012 - INFO - QA: 开始执行 QA007
2025-01-20 16:38:11,547 - INFO - QA: QA007 执行成功
2025-01-20 16:38:11,547 - INFO - QA: 开始执行 QA008
2025-01-20 16:38:16,423 - INFO - QA: QA008 执行成功
2025-01-20 16:38:16,423 - INFO - QA: 所有 QA 程序执行完成
2025-01-20 16:38:16,423 - INFO - QA: 开始执行过滤程序
2025-01-20 16:38:16,423 - INFO - QA: QA: 开始执行 QAFilter1
2025-01-20 16:38:28,342 - INFO - QA: QA: QAFilter1 执行成功
2025-01-20 16:38:28,342 - INFO - QA: QA: QAFilter1 执行成功
2025-01-20 16:38:28,342 - INFO - QA: QA: 开始执行 QAFilter2
2025-01-20 16:38:28,996 - INFO - QA: QA: QAFilter2 执行成功
2025-01-20 16:38:28,996 - INFO - QA: QA: QAFilter2 执行成功
2025-01-20 16:38:28,996 - INFO - QA: QA: 开始执行 QAFilter3
2025-01-20 16:38:29,828 - INFO - QA: QA: QAFilter3 执行成功
2025-01-20 16:38:29,828 - INFO - QA: QA: QAFilter3 执行成功
2025-01-20 16:38:29,828 - INFO - QA: QA: 所有过滤程序执行完成
2025-01-21 20:10:09,139 - INFO - QA: 开始执行 QA 程序序列
2025-01-21 20:10:09,140 - INFO - QA: 开始执行 QA001
2025-01-21 20:10:09,937 - INFO - QA: QA001 执行成功
2025-01-21 20:10:09,937 - INFO - QA: 开始执行 QA002
2025-01-21 20:10:09,995 - INFO - QA: QA002 执行成功
2025-01-21 20:10:09,995 - INFO - QA: 开始执行 QA003
2025-01-21 20:10:11,146 - INFO - QA: QA003 执行成功
2025-01-21 20:10:11,146 - INFO - QA: 开始执行 QA004
2025-01-21 20:10:11,177 - INFO - QA: QA004 执行成功
2025-01-21 20:10:11,177 - INFO - QA: 开始执行 QA005
2025-01-21 20:10:13,964 - INFO - QA: QA005 执行成功
2025-01-21 20:10:13,964 - INFO - QA: 开始执行 QA006
2025-01-21 20:10:28,588 - INFO - QA: QA006 执行成功
2025-01-21 20:10:28,589 - INFO - QA: 开始执行 QA007
2025-01-21 20:10:51,210 - INFO - QA: QA007 执行成功
2025-01-21 20:10:51,210 - INFO - QA: 开始执行 QA008
2025-01-21 20:10:56,624 - INFO - QA: QA008 执行成功
2025-01-21 20:10:56,625 - INFO - QA: 所有 QA 程序执行完成
2025-01-21 20:10:56,625 - INFO - QA: 开始执行过滤程序
2025-01-21 20:10:56,625 - INFO - QA: QA: 开始执行 QAFilter1
2025-01-21 20:10:58,568 - INFO - QA: QA: QAFilter1 执行成功
2025-01-21 20:10:58,568 - INFO - QA: QA: QAFilter1 执行成功
2025-01-21 20:10:58,568 - INFO - QA: QA: 开始执行 QAFilter2
2025-01-21 20:10:59,204 - INFO - QA: QA: QAFilter2 执行成功
2025-01-21 20:10:59,204 - INFO - QA: QA: QAFilter2 执行成功
2025-01-21 20:10:59,204 - INFO - QA: QA: 开始执行 QAFilter3
2025-01-21 20:11:00,080 - INFO - QA: QA: QAFilter3 执行成功
2025-01-21 20:11:00,080 - INFO - QA: QA: QAFilter3 执行成功
2025-01-21 20:11:00,080 - INFO - QA: QA: 所有过滤程序执行完成
2025-01-22 15:37:02,073 - INFO - QA: 开始执行 QA 程序序列
2025-01-22 15:37:02,073 - INFO - QA: 开始执行 QA001
2025-01-22 15:37:03,503 - INFO - QA: QA001 执行成功
2025-01-22 15:37:03,503 - INFO - QA: 开始执行 QA002
2025-01-22 15:37:03,546 - INFO - QA: QA002 执行成功
2025-01-22 15:37:03,546 - INFO - QA: 开始执行 QA003
2025-01-22 15:37:05,453 - INFO - QA: QA003 执行成功
2025-01-22 15:37:05,453 - INFO - QA: 开始执行 QA004
2025-01-22 15:37:05,483 - INFO - QA: QA004 执行成功
2025-01-22 15:37:05,483 - INFO - QA: 开始执行 QA005
2025-01-22 15:37:08,317 - INFO - QA: QA005 执行成功
2025-01-22 15:37:08,317 - INFO - QA: 开始执行 QA006
2025-01-22 15:37:23,164 - INFO - QA: QA006 执行成功
2025-01-22 15:37:23,164 - INFO - QA: 开始执行 QA007
2025-01-22 15:37:46,821 - INFO - QA: QA007 执行成功
2025-01-22 15:37:46,822 - INFO - QA: 开始执行 QA008
2025-01-22 15:37:52,345 - INFO - QA: QA008 执行成功
2025-01-22 15:37:52,345 - INFO - QA: 所有 QA 程序执行完成
2025-01-22 15:37:52,345 - INFO - QA: 开始执行过滤程序
2025-01-22 15:37:52,345 - INFO - QA: QA: 开始执行 QAFilter1
2025-01-22 15:37:54,274 - INFO - QA: QA: QAFilter1 执行成功
2025-01-22 15:37:54,274 - INFO - QA: QA: QAFilter1 执行成功
2025-01-22 15:37:54,274 - INFO - QA: QA: 开始执行 QAFilter2
2025-01-22 15:37:54,907 - INFO - QA: QA: QAFilter2 执行成功
2025-01-22 15:37:54,907 - INFO - QA: QA: QAFilter2 执行成功
2025-01-22 15:37:54,907 - INFO - QA: QA: 开始执行 QAFilter3
2025-01-22 15:37:55,746 - INFO - QA: QA: QAFilter3 执行成功
2025-01-22 15:37:55,746 - INFO - QA: QA: QAFilter3 执行成功
2025-01-22 15:37:55,746 - INFO - QA: QA: 所有过滤程序执行完成
2025-01-23 15:37:05,559 - INFO - QA: 开始执行 QA 程序序列
2025-01-23 15:37:05,559 - INFO - QA: 开始执行 QA001
2025-01-23 15:37:07,043 - INFO - QA: QA001 执行成功
2025-01-23 15:37:07,043 - INFO - QA: 开始执行 QA002
2025-01-23 15:37:07,088 - INFO - QA: QA002 执行成功
2025-01-23 15:37:07,088 - INFO - QA: 开始执行 QA003
2025-01-23 15:37:09,419 - INFO - QA: QA003 执行成功
2025-01-23 15:37:09,419 - INFO - QA: 开始执行 QA004
2025-01-23 15:37:09,533 - INFO - QA: QA004 执行成功
2025-01-23 15:37:09,533 - INFO - QA: 开始执行 QA005
2025-01-23 15:37:12,230 - INFO - QA: QA005 执行成功
2025-01-23 15:37:12,230 - INFO - QA: 开始执行 QA006
2025-01-23 15:37:26,684 - INFO - QA: QA006 执行成功
2025-01-23 15:37:26,684 - INFO - QA: 开始执行 QA007
2025-01-23 15:37:50,565 - INFO - QA: QA007 执行成功
2025-01-23 15:37:50,565 - INFO - QA: 开始执行 QA008
2025-01-23 15:37:55,932 - INFO - QA: QA008 执行成功
2025-01-23 15:37:55,932 - INFO - QA: 所有 QA 程序执行完成
2025-01-23 15:37:55,932 - INFO - QA: 开始执行过滤程序
2025-01-23 15:37:55,932 - INFO - QA: QA: 开始执行 QAFilter1
2025-01-23 15:37:57,929 - INFO - QA: QA: QAFilter1 执行成功
2025-01-23 15:37:57,930 - INFO - QA: QA: QAFilter1 执行成功
2025-01-23 15:37:57,930 - INFO - QA: QA: 开始执行 QAFilter2
2025-01-23 15:37:58,590 - INFO - QA: QA: QAFilter2 执行成功
2025-01-23 15:37:58,590 - INFO - QA: QA: QAFilter2 执行成功
2025-01-23 15:37:58,590 - INFO - QA: QA: 开始执行 QAFilter3
2025-01-23 15:37:59,422 - INFO - QA: QA: QAFilter3 执行成功
2025-01-23 15:37:59,422 - INFO - QA: QA: QAFilter3 执行成功
2025-01-23 15:37:59,422 - INFO - QA: QA: 所有过滤程序执行完成
2025-01-24 16:05:04,150 - INFO - QA: 开始执行 QA 程序序列
2025-01-24 16:05:04,151 - INFO - QA: 开始执行 QA001
2025-01-24 16:05:08,117 - INFO - QA: QA001 执行成功
2025-01-24 16:05:08,117 - INFO - QA: 开始执行 QA002
2025-01-24 16:05:08,191 - INFO - QA: QA002 执行成功
2025-01-24 16:05:08,191 - INFO - QA: 开始执行 QA003
2025-01-24 16:05:11,475 - INFO - QA: QA003 执行成功
2025-01-24 16:05:11,475 - INFO - QA: 开始执行 QA004
2025-01-24 16:05:11,531 - INFO - QA: QA004 执行成功
2025-01-24 16:05:11,531 - INFO - QA: 开始执行 QA005
2025-01-24 16:05:16,170 - INFO - QA: QA005 执行成功
2025-01-24 16:05:16,171 - INFO - QA: 开始执行 QA006
2025-01-24 16:05:39,697 - INFO - QA: QA006 执行成功
2025-01-24 16:05:39,697 - INFO - QA: 开始执行 QA007
2025-01-24 16:06:16,841 - INFO - QA: QA007 执行成功
2025-01-24 16:06:16,842 - INFO - QA: 开始执行 QA008
2025-01-24 16:06:24,783 - INFO - QA: QA008 执行成功
2025-01-24 16:06:24,783 - INFO - QA: 所有 QA 程序执行完成
2025-01-24 16:06:24,783 - INFO - QA: 开始执行过滤程序
2025-01-24 16:06:24,783 - INFO - QA: QA: 开始执行 QAFilter1
2025-01-24 16:06:27,594 - INFO - QA: QA: QAFilter1 执行成功
2025-01-24 16:06:27,594 - INFO - QA: QA: QAFilter1 执行成功
2025-01-24 16:06:27,594 - INFO - QA: QA: 开始执行 QAFilter2
2025-01-24 16:06:28,531 - INFO - QA: QA: QAFilter2 执行成功
2025-01-24 16:06:28,531 - INFO - QA: QA: QAFilter2 执行成功
2025-01-24 16:06:28,531 - INFO - QA: QA: 开始执行 QAFilter3
2025-01-24 16:06:29,693 - INFO - QA: QA: QAFilter3 执行成功
2025-01-24 16:06:29,693 - INFO - QA: QA: QAFilter3 执行成功
2025-01-24 16:06:29,693 - INFO - QA: QA: 所有过滤程序执行完成
2025-01-26 19:15:33,740 - INFO - QA: 开始执行 QA 程序序列
2025-01-26 19:15:33,740 - INFO - QA: 开始执行 QA001
2025-01-26 19:15:34,727 - INFO - QA: QA001 执行成功
2025-01-26 19:15:34,727 - INFO - QA: 开始执行 QA002
2025-01-26 19:15:34,779 - INFO - QA: QA002 执行成功
2025-01-26 19:15:34,779 - INFO - QA: 开始执行 QA003
2025-01-26 19:15:36,026 - INFO - QA: QA003 执行成功
2025-01-26 19:15:36,026 - INFO - QA: 开始执行 QA004
2025-01-26 19:15:36,060 - INFO - QA: QA004 执行成功
2025-01-26 19:15:36,060 - INFO - QA: 开始执行 QA005
2025-01-26 19:15:38,894 - INFO - QA: QA005 执行成功
2025-01-26 19:15:38,894 - INFO - QA: 开始执行 QA006
2025-01-26 19:15:53,983 - INFO - QA: QA006 执行成功
2025-01-26 19:15:53,983 - INFO - QA: 开始执行 QA007
2025-01-26 19:16:18,492 - INFO - QA: QA007 执行成功
2025-01-26 19:16:18,492 - INFO - QA: 开始执行 QA008
2025-01-26 19:16:24,076 - INFO - QA: QA008 执行成功
2025-01-26 19:16:24,077 - INFO - QA: 所有 QA 程序执行完成
2025-01-26 19:16:24,077 - INFO - QA: 开始执行过滤程序
2025-01-26 19:16:24,077 - INFO - QA: QA: 开始执行 QAFilter1
2025-01-26 19:16:26,156 - INFO - QA: QA: QAFilter1 执行成功
2025-01-26 19:16:26,156 - INFO - QA: QA: QAFilter1 执行成功
2025-01-26 19:16:26,156 - INFO - QA: QA: 开始执行 QAFilter2
2025-01-26 19:16:26,782 - INFO - QA: QA: QAFilter2 执行成功
2025-01-26 19:16:26,782 - INFO - QA: QA: QAFilter2 执行成功
2025-01-26 19:16:26,782 - INFO - QA: QA: 开始执行 QAFilter3
2025-01-26 19:16:27,648 - INFO - QA: QA: QAFilter3 执行成功
2025-01-26 19:16:27,648 - INFO - QA: QA: QAFilter3 执行成功
2025-01-26 19:16:27,648 - INFO - QA: QA: 所有过滤程序执行完成
2025-01-28 07:08:15,485 - INFO - QA: 开始执行 QA 程序序列
2025-01-28 07:08:15,485 - INFO - QA: 开始执行 QA001
2025-01-28 07:08:46,287 - ERROR - QA: QA001 执行失败
2025-01-28 07:08:46,287 - ERROR - QA: QA 程序序列执行中断
2025-01-28 07:08:46,287 - INFO - QA: 开始执行过滤程序
2025-01-28 07:08:46,287 - INFO - QA: QA: 开始执行 QAFilter1
2025-01-28 07:08:48,723 - INFO - QA: QA: QAFilter1 执行成功
2025-01-28 07:08:48,723 - INFO - QA: QA: QAFilter1 执行成功
2025-01-28 07:08:48,723 - INFO - QA: QA: 开始执行 QAFilter2
2025-01-28 07:08:49,305 - INFO - QA: QA: QAFilter2 执行成功
2025-01-28 07:08:49,305 - ERROR - QA: QA: QAFilter2 执行失败
2025-01-28 07:08:49,305 - ERROR - QA: QA: 过滤程序执行中断
2025-01-28 07:09:03,329 - INFO - QA: 开始执行 QA 程序序列
2025-01-28 07:09:03,329 - INFO - QA: 开始执行 QA001
2025-01-28 07:09:04,201 - INFO - QA: QA001 执行成功
2025-01-28 07:09:04,201 - INFO - QA: 开始执行 QA002
2025-01-28 07:31:31,879 - INFO - QA: 开始执行 QA 程序序列
2025-01-28 07:31:31,880 - INFO - QA: 开始执行 QA001
2025-01-28 07:31:33,564 - INFO - QA: QA001 执行成功
2025-01-28 07:31:33,565 - INFO - QA: 开始执行 QA002
2025-01-28 07:31:33,596 - INFO - QA: QA002 执行成功
2025-01-28 07:31:33,596 - INFO - QA: 开始执行 QA003
2025-01-28 07:31:35,480 - INFO - QA: QA003 执行成功
2025-01-28 07:31:35,481 - INFO - QA: 开始执行 QA004
2025-01-28 07:31:35,513 - INFO - QA: QA004 执行成功
2025-01-28 07:31:35,513 - INFO - QA: 开始执行 QA005
2025-01-28 07:31:38,153 - INFO - QA: QA005 执行成功
2025-01-28 07:31:38,153 - INFO - QA: 开始执行 QA006
2025-01-28 07:31:52,634 - INFO - QA: QA006 执行成功
2025-01-28 07:31:52,634 - INFO - QA: 开始执行 QA007
2025-01-28 07:32:16,625 - INFO - QA: QA007 执行成功
2025-01-28 07:32:16,625 - INFO - QA: 开始执行 QA008
2025-01-28 07:32:21,605 - INFO - QA: QA008 执行成功
2025-01-28 07:32:21,605 - INFO - QA: 所有 QA 程序执行完成
2025-01-28 07:32:21,605 - INFO - QA: 开始执行过滤程序
2025-01-28 07:32:21,605 - INFO - QA: QA: 开始执行 QAFilter1
2025-01-28 07:32:23,604 - INFO - QA: QA: QAFilter1 执行成功
2025-01-28 07:32:23,604 - INFO - QA: QA: QAFilter1 执行成功
2025-01-28 07:32:23,604 - INFO - QA: QA: 开始执行 QAFilter2
2025-01-28 07:32:24,288 - INFO - QA: QA: QAFilter2 执行成功
2025-01-28 07:32:24,288 - INFO - QA: QA: QAFilter2 执行成功
2025-01-28 07:32:24,288 - INFO - QA: QA: 开始执行 QAFilter3
2025-01-28 07:32:25,149 - INFO - QA: QA: QAFilter3 执行成功
2025-01-28 07:32:25,149 - INFO - QA: QA: QAFilter3 执行成功
2025-01-28 07:32:25,149 - INFO - QA: QA: 所有过滤程序执行完成
2025-02-05 22:27:21,032 - INFO - QA: 开始执行 QA 程序序列
2025-02-05 22:27:21,032 - INFO - QA: 开始执行 QA001
2025-02-05 22:27:21,912 - INFO - QA: QA001 执行成功
2025-02-05 22:27:21,912 - INFO - QA: 开始执行 QA002
2025-02-05 22:27:21,931 - INFO - QA: QA002 执行成功
2025-02-05 22:27:21,931 - INFO - QA: 开始执行 QA003
2025-02-05 22:27:23,702 - INFO - QA: QA003 执行成功
2025-02-05 22:27:23,702 - INFO - QA: 开始执行 QA004
2025-02-05 22:27:23,734 - INFO - QA: QA004 执行成功
2025-02-05 22:27:23,734 - INFO - QA: 开始执行 QA005
2025-02-05 22:27:26,310 - INFO - QA: QA005 执行成功
2025-02-05 22:27:26,310 - INFO - QA: 开始执行 QA006
2025-02-05 22:27:40,986 - INFO - QA: QA006 执行成功
2025-02-05 22:27:40,986 - INFO - QA: 开始执行 QA007
2025-02-05 22:28:03,580 - INFO - QA: QA007 执行成功
2025-02-05 22:28:03,580 - INFO - QA: 开始执行 QA008
2025-02-05 22:28:08,243 - INFO - QA: QA008 执行成功
2025-02-05 22:28:08,243 - INFO - QA: 所有 QA 程序执行完成
2025-02-05 22:28:08,243 - INFO - QA: 开始执行过滤程序
2025-02-05 22:28:08,243 - INFO - QA: QA: 开始执行 QAFilter1
2025-02-05 22:28:10,165 - INFO - QA: QA: QAFilter1 执行成功
2025-02-05 22:28:10,165 - INFO - QA: QA: QAFilter1 执行成功
2025-02-05 22:28:10,165 - INFO - QA: QA: 开始执行 QAFilter2
2025-02-05 22:28:10,822 - INFO - QA: QA: QAFilter2 执行成功
2025-02-05 22:28:10,822 - INFO - QA: QA: QAFilter2 执行成功
2025-02-05 22:28:10,822 - INFO - QA: QA: 开始执行 QAFilter3
2025-02-05 22:28:11,664 - INFO - QA: QA: QAFilter3 执行成功
2025-02-05 22:28:11,664 - INFO - QA: QA: QAFilter3 执行成功
2025-02-05 22:28:11,664 - INFO - QA: QA: 所有过滤程序执行完成
2025-02-06 22:13:11,113 - INFO - QA: 开始执行 QA 程序序列
2025-02-06 22:13:11,114 - INFO - QA: 开始执行 QA001
2025-02-06 22:13:12,121 - INFO - QA: QA001 执行成功
2025-02-06 22:13:12,121 - INFO - QA: 开始执行 QA002
2025-02-06 22:13:12,162 - INFO - QA: QA002 执行成功
2025-02-06 22:13:12,162 - INFO - QA: 开始执行 QA003
2025-02-06 22:13:13,599 - INFO - QA: QA003 执行成功
2025-02-06 22:13:13,599 - INFO - QA: 开始执行 QA004
2025-02-06 22:13:13,639 - INFO - QA: QA004 执行成功
2025-02-06 22:13:13,639 - INFO - QA: 开始执行 QA005
2025-02-06 22:13:16,174 - INFO - QA: QA005 执行成功
2025-02-06 22:13:16,174 - INFO - QA: 开始执行 QA006
2025-02-06 22:13:30,236 - INFO - QA: QA006 执行成功
2025-02-06 22:13:30,236 - INFO - QA: 开始执行 QA007
2025-02-06 22:13:52,954 - INFO - QA: QA007 执行成功
2025-02-06 22:13:52,954 - INFO - QA: 开始执行 QA008
2025-02-06 22:13:57,850 - INFO - QA: QA008 执行成功
2025-02-06 22:13:57,850 - INFO - QA: 所有 QA 程序执行完成
2025-02-06 22:13:57,850 - INFO - QA: 开始执行过滤程序
2025-02-06 22:13:57,850 - INFO - QA: QA: 开始执行 QAFilter1
2025-02-06 22:13:59,804 - INFO - QA: QA: QAFilter1 执行成功
2025-02-06 22:13:59,804 - INFO - QA: QA: QAFilter1 执行成功
2025-02-06 22:13:59,805 - INFO - QA: QA: 开始执行 QAFilter2
2025-02-06 22:14:00,435 - INFO - QA: QA: QAFilter2 执行成功
2025-02-06 22:14:00,435 - INFO - QA: QA: QAFilter2 执行成功
2025-02-06 22:14:00,435 - INFO - QA: QA: 开始执行 QAFilter3
2025-02-06 22:14:01,281 - INFO - QA: QA: QAFilter3 执行成功
2025-02-06 22:14:01,281 - INFO - QA: QA: QAFilter3 执行成功
2025-02-06 22:14:01,281 - INFO - QA: QA: 所有过滤程序执行完成
2025-02-07 22:55:00,076 - INFO - QA: 开始执行 QA 程序序列
2025-02-07 22:55:00,076 - INFO - QA: 开始执行 QA001
2025-02-07 22:55:00,914 - INFO - QA: QA001 执行成功
2025-02-07 22:55:00,914 - INFO - QA: 开始执行 QA002
2025-02-07 22:55:00,961 - INFO - QA: QA002 执行成功
2025-02-07 22:55:00,961 - INFO - QA: 开始执行 QA003
2025-02-07 22:55:02,776 - INFO - QA: QA003 执行成功
2025-02-07 22:55:02,777 - INFO - QA: 开始执行 QA004
2025-02-07 22:55:02,804 - INFO - QA: QA004 执行成功
2025-02-07 22:55:02,804 - INFO - QA: 开始执行 QA005
2025-02-07 22:55:05,333 - INFO - QA: QA005 执行成功
2025-02-07 22:55:05,333 - INFO - QA: 开始执行 QA006
2025-02-07 22:55:19,401 - INFO - QA: QA006 执行成功
2025-02-07 22:55:19,402 - INFO - QA: 开始执行 QA007
2025-02-07 22:55:42,570 - INFO - QA: QA007 执行成功
2025-02-07 22:55:42,570 - INFO - QA: 开始执行 QA008
2025-02-07 22:55:47,810 - INFO - QA: QA008 执行成功
2025-02-07 22:55:47,811 - INFO - QA: 所有 QA 程序执行完成
2025-02-07 22:55:47,811 - INFO - QA: 开始执行过滤程序
2025-02-07 22:55:47,811 - INFO - QA: QA: 开始执行 QAFilter1
2025-02-07 22:55:49,814 - INFO - QA: QA: QAFilter1 执行成功
2025-02-07 22:55:49,814 - INFO - QA: QA: QAFilter1 执行成功
2025-02-07 22:55:49,814 - INFO - QA: QA: 开始执行 QAFilter2
2025-02-07 22:55:50,444 - INFO - QA: QA: QAFilter2 执行成功
2025-02-07 22:55:50,444 - INFO - QA: QA: QAFilter2 执行成功
2025-02-07 22:55:50,444 - INFO - QA: QA: 开始执行 QAFilter3
2025-02-07 22:55:51,284 - INFO - QA: QA: QAFilter3 执行成功
2025-02-07 22:55:51,284 - INFO - QA: QA: QAFilter3 执行成功
2025-02-07 22:55:51,284 - INFO - QA: QA: 所有过滤程序执行完成
2025-02-10 16:34:40,174 - INFO - QA: 开始执行 QA 程序序列
2025-02-10 16:34:40,174 - INFO - QA: 开始执行 QA001
2025-02-10 16:34:41,070 - INFO - QA: QA001 执行成功
2025-02-10 16:34:41,070 - INFO - QA: 开始执行 QA002
2025-02-10 16:37:47,524 - INFO - QA: 开始执行 QA 程序序列
2025-02-10 16:37:47,525 - INFO - QA: 开始执行 QA001
2025-02-10 16:37:48,534 - INFO - QA: QA001 执行成功
2025-02-10 16:37:48,534 - INFO - QA: 开始执行 QA002
2025-02-10 16:37:48,554 - INFO - QA: QA002 执行成功
2025-02-10 16:37:48,554 - INFO - QA: 开始执行 QA003
2025-02-10 16:37:49,758 - INFO - QA: QA003 执行成功
2025-02-10 16:37:49,758 - INFO - QA: 开始执行 QA004
2025-02-10 16:37:49,792 - INFO - QA: QA004 执行成功
2025-02-10 16:37:49,792 - INFO - QA: 开始执行 QA005
2025-02-10 16:37:52,376 - INFO - QA: QA005 执行成功
2025-02-10 16:37:52,376 - INFO - QA: 开始执行 QA006
2025-02-10 16:38:07,573 - INFO - QA: QA006 执行成功
2025-02-10 16:38:07,573 - INFO - QA: 开始执行 QA007
2025-02-10 16:38:32,926 - INFO - QA: QA007 执行成功
2025-02-10 16:38:32,926 - INFO - QA: 开始执行 QA008
2025-02-10 16:38:38,319 - INFO - QA: QA008 执行成功
2025-02-10 16:38:38,320 - INFO - QA: 所有 QA 程序执行完成
2025-02-10 16:38:38,321 - INFO - QA: 开始执行过滤程序
2025-02-10 16:38:38,321 - INFO - QA: QA: 开始执行 QAFilter1
2025-02-10 16:38:40,608 - INFO - QA: QA: QAFilter1 执行成功
2025-02-10 16:38:40,609 - INFO - QA: QA: QAFilter1 执行成功
2025-02-10 16:38:40,609 - INFO - QA: QA: 开始执行 QAFilter2
2025-02-10 16:38:41,262 - INFO - QA: QA: QAFilter2 执行成功
2025-02-10 16:38:41,262 - INFO - QA: QA: QAFilter2 执行成功
2025-02-10 16:38:41,262 - INFO - QA: QA: 开始执行 QAFilter3
2025-02-10 16:38:42,130 - INFO - QA: QA: QAFilter3 执行成功
2025-02-10 16:38:42,130 - INFO - QA: QA: QAFilter3 执行成功
2025-02-10 16:38:42,130 - INFO - QA: QA: 所有过滤程序执行完成
