2024-12-29 15:28:09,874 - INFO - QA: 开始执行数据导入程序...
2024-12-29 15:28:09,956 - INFO - QA: 成功清空表 buffer
2024-12-29 15:28:09,960 - INFO - QA: 成功读取股票列表，共 4892 只股票
2024-12-29 15:28:09,960 - INFO - QA: 数据获取时间范围: 20230601 至 20240101
2024-12-29 15:28:18,998 - WARNING - QA: 股票 001277 数据为空，将在3秒后进行第 1 次重试
2024-12-29 15:28:19,006 - WARNING - QA: 股票 001279 数据为空，将在3秒后进行第 1 次重试
2024-12-29 15:28:19,776 - WARNING - QA: 股票 001359 数据为空，将在3秒后进行第 1 次重试
2024-12-29 15:28:19,874 - WARNING - QA: 股票 001379 数据为空，将在3秒后进行第 1 次重试
2024-12-29 15:28:19,965 - WARNING - QA: 股票 001389 数据为空，将在3秒后进行第 1 次重试
2024-12-29 15:28:19,981 - WARNING - QA: 股票 001387 数据为空，将在3秒后进行第 1 次重试
2024-12-29 15:28:22,168 - WARNING - QA: 股票 001279 数据为空，将在3秒后进行第 2 次重试
2024-12-29 15:28:22,168 - WARNING - QA: 股票 001277 数据为空，将在3秒后进行第 2 次重试
2024-12-29 15:28:22,914 - WARNING - QA: 股票 001359 数据为空，将在3秒后进行第 2 次重试
2024-12-29 15:28:23,006 - WARNING - QA: 股票 001379 数据为空，将在3秒后进行第 2 次重试
2024-12-29 15:28:23,107 - WARNING - QA: 股票 001389 数据为空，将在3秒后进行第 2 次重试
2024-12-29 15:28:23,116 - WARNING - QA: 股票 001387 数据为空，将在3秒后进行第 2 次重试
2024-12-29 15:28:25,297 - WARNING - QA: 股票 001279 在指定时间范围内无数据
2024-12-29 15:28:25,298 - WARNING - QA: 股票 001279 在指定时间范围内无数据
2024-12-29 15:28:25,312 - WARNING - QA: 股票 001277 在指定时间范围内无数据
2024-12-29 15:28:25,312 - WARNING - QA: 股票 001277 在指定时间范围内无数据
2024-12-29 15:28:26,038 - WARNING - QA: 股票 001359 在指定时间范围内无数据
2024-12-29 15:28:26,040 - WARNING - QA: 股票 001359 在指定时间范围内无数据
2024-12-29 15:28:26,142 - WARNING - QA: 股票 001379 在指定时间范围内无数据
2024-12-29 15:28:26,142 - WARNING - QA: 股票 001379 在指定时间范围内无数据
2024-12-29 15:28:26,248 - WARNING - QA: 股票 001389 在指定时间范围内无数据
2024-12-29 15:28:26,249 - WARNING - QA: 股票 001389 在指定时间范围内无数据
2024-12-29 15:28:26,258 - WARNING - QA: 股票 001387 在指定时间范围内无数据
2024-12-29 15:28:26,259 - WARNING - QA: 股票 001387 在指定时间范围内无数据
2024-12-29 15:28:57,006 - WARNING - QA: 股票 300784 数据为空，将在3秒后进行第 1 次重试
2024-12-29 15:29:00,209 - WARNING - QA: 股票 300784 数据为空，将在3秒后进行第 2 次重试
2024-12-29 15:29:03,434 - WARNING - QA: 股票 300784 在指定时间范围内无数据
2024-12-29 15:29:03,439 - WARNING - QA: 股票 300784 在指定时间范围内无数据
2024-12-29 15:29:10,388 - WARNING - QA: 股票 301392 数据为空，将在3秒后进行第 1 次重试
2024-12-29 15:29:11,023 - WARNING - QA: 股票 301502 数据为空，将在3秒后进行第 1 次重试
2024-12-29 15:29:11,320 - WARNING - QA: 股票 301522 数据为空，将在3秒后进行第 1 次重试
2024-12-29 15:29:11,630 - WARNING - QA: 股票 301538 数据为空，将在3秒后进行第 1 次重试
2024-12-29 15:29:11,637 - WARNING - QA: 股票 301551 数据为空，将在3秒后进行第 1 次重试
2024-12-29 15:29:11,639 - WARNING - QA: 股票 301539 数据为空，将在3秒后进行第 1 次重试
2024-12-29 15:29:11,645 - WARNING - QA: 股票 301552 数据为空，将在3秒后进行第 1 次重试
2024-12-29 15:29:11,710 - WARNING - QA: 股票 301556 数据为空，将在3秒后进行第 1 次重试
2024-12-29 15:29:11,856 - WARNING - QA: 股票 301565 数据为空，将在3秒后进行第 1 次重试
2024-12-29 15:29:11,869 - WARNING - QA: 股票 301567 数据为空，将在3秒后进行第 1 次重试
2024-12-29 15:29:11,951 - WARNING - QA: 股票 301571 数据为空，将在3秒后进行第 1 次重试
2024-12-29 15:29:11,966 - WARNING - QA: 股票 301577 数据为空，将在3秒后进行第 1 次重试
2024-12-29 15:29:12,111 - WARNING - QA: 股票 301580 数据为空，将在3秒后进行第 1 次重试
2024-12-29 15:29:12,282 - WARNING - QA: 股票 301585 数据为空，将在3秒后进行第 1 次重试
2024-12-29 15:29:13,603 - WARNING - QA: 股票 301392 数据为空，将在3秒后进行第 2 次重试
2024-12-29 15:29:14,219 - WARNING - QA: 股票 301502 数据为空，将在3秒后进行第 2 次重试
2024-12-29 15:29:14,515 - WARNING - QA: 股票 301522 数据为空，将在3秒后进行第 2 次重试
2024-12-29 15:29:14,827 - WARNING - QA: 股票 301539 数据为空，将在3秒后进行第 2 次重试
2024-12-29 15:29:14,827 - WARNING - QA: 股票 301551 数据为空，将在3秒后进行第 2 次重试
2024-12-29 15:29:14,830 - WARNING - QA: 股票 301552 数据为空，将在3秒后进行第 2 次重试
2024-12-29 15:29:14,837 - WARNING - QA: 股票 301538 数据为空，将在3秒后进行第 2 次重试
2024-12-29 15:29:14,918 - WARNING - QA: 股票 301556 数据为空，将在3秒后进行第 2 次重试
2024-12-29 15:29:15,043 - WARNING - QA: 股票 301565 数据为空，将在3秒后进行第 2 次重试
2024-12-29 15:29:15,063 - WARNING - QA: 股票 301567 数据为空，将在3秒后进行第 2 次重试
2024-12-29 15:29:15,159 - WARNING - QA: 股票 301571 数据为空，将在3秒后进行第 2 次重试
2024-12-29 15:29:15,159 - WARNING - QA: 股票 301577 数据为空，将在3秒后进行第 2 次重试
2024-12-29 15:29:15,309 - WARNING - QA: 股票 301580 数据为空，将在3秒后进行第 2 次重试
2024-12-29 15:29:15,484 - WARNING - QA: 股票 301585 数据为空，将在3秒后进行第 2 次重试
2024-12-29 15:29:16,802 - WARNING - QA: 股票 301392 在指定时间范围内无数据
2024-12-29 15:29:16,803 - WARNING - QA: 股票 301392 在指定时间范围内无数据
2024-12-29 15:29:16,997 - WARNING - QA: 股票 301586 数据为空，将在3秒后进行第 1 次重试
2024-12-29 15:29:17,420 - WARNING - QA: 股票 301502 在指定时间范围内无数据
2024-12-29 15:29:17,420 - WARNING - QA: 股票 301502 在指定时间范围内无数据
2024-12-29 15:29:17,635 - WARNING - QA: 股票 301587 数据为空，将在3秒后进行第 1 次重试
2024-12-29 15:29:17,712 - WARNING - QA: 股票 301522 在指定时间范围内无数据
2024-12-29 15:29:17,715 - WARNING - QA: 股票 301522 在指定时间范围内无数据
2024-12-29 15:29:17,920 - WARNING - QA: 股票 301588 数据为空，将在3秒后进行第 1 次重试
2024-12-29 15:29:18,038 - WARNING - QA: 股票 301551 在指定时间范围内无数据
2024-12-29 15:29:18,038 - WARNING - QA: 股票 301539 在指定时间范围内无数据
2024-12-29 15:29:18,039 - WARNING - QA: 股票 301552 在指定时间范围内无数据
2024-12-29 15:29:18,039 - WARNING - QA: 股票 301538 在指定时间范围内无数据
2024-12-29 15:29:18,040 - WARNING - QA: 股票 301552 在指定时间范围内无数据
2024-12-29 15:29:18,040 - WARNING - QA: 股票 301538 在指定时间范围内无数据
2024-12-29 15:29:18,041 - WARNING - QA: 股票 301551 在指定时间范围内无数据
2024-12-29 15:29:18,041 - WARNING - QA: 股票 301539 在指定时间范围内无数据
2024-12-29 15:29:18,127 - WARNING - QA: 股票 301556 在指定时间范围内无数据
2024-12-29 15:29:18,137 - WARNING - QA: 股票 301556 在指定时间范围内无数据
2024-12-29 15:29:18,230 - WARNING - QA: 股票 301589 数据为空，将在3秒后进行第 1 次重试
2024-12-29 15:29:18,237 - WARNING - QA: 股票 301591 数据为空，将在3秒后进行第 1 次重试
2024-12-29 15:29:18,237 - WARNING - QA: 股票 301592 数据为空，将在3秒后进行第 1 次重试
2024-12-29 15:29:18,240 - WARNING - QA: 股票 301565 在指定时间范围内无数据
2024-12-29 15:29:18,241 - WARNING - QA: 股票 301565 在指定时间范围内无数据
2024-12-29 15:29:18,257 - WARNING - QA: 股票 301596 数据为空，将在3秒后进行第 1 次重试
2024-12-29 15:29:18,268 - WARNING - QA: 股票 301567 在指定时间范围内无数据
2024-12-29 15:29:18,269 - WARNING - QA: 股票 301567 在指定时间范围内无数据
2024-12-29 15:29:18,323 - WARNING - QA: 股票 301598 数据为空，将在3秒后进行第 1 次重试
2024-12-29 15:29:18,368 - WARNING - QA: 股票 301577 在指定时间范围内无数据
2024-12-29 15:29:18,368 - WARNING - QA: 股票 301577 在指定时间范围内无数据
2024-12-29 15:29:18,369 - WARNING - QA: 股票 301571 在指定时间范围内无数据
2024-12-29 15:29:18,369 - WARNING - QA: 股票 301571 在指定时间范围内无数据
2024-12-29 15:29:18,447 - WARNING - QA: 股票 301600 数据为空，将在3秒后进行第 1 次重试
2024-12-29 15:29:18,456 - WARNING - QA: 股票 301603 数据为空，将在3秒后进行第 1 次重试
2024-12-29 15:29:18,505 - WARNING - QA: 股票 301580 在指定时间范围内无数据
2024-12-29 15:29:18,508 - WARNING - QA: 股票 301580 在指定时间范围内无数据
2024-12-29 15:29:18,559 - WARNING - QA: 股票 301607 数据为空，将在3秒后进行第 1 次重试
2024-12-29 15:29:18,566 - WARNING - QA: 股票 301606 数据为空，将在3秒后进行第 1 次重试
2024-12-29 15:29:18,694 - WARNING - QA: 股票 301585 在指定时间范围内无数据
2024-12-29 15:29:18,694 - WARNING - QA: 股票 301585 在指定时间范围内无数据
2024-12-29 15:29:18,706 - WARNING - QA: 股票 301608 数据为空，将在3秒后进行第 1 次重试
2024-12-29 15:29:18,893 - WARNING - QA: 股票 301611 数据为空，将在3秒后进行第 1 次重试
2024-12-29 15:29:20,189 - WARNING - QA: 股票 301586 数据为空，将在3秒后进行第 2 次重试
2024-12-29 15:29:20,848 - WARNING - QA: 股票 301587 数据为空，将在3秒后进行第 2 次重试
2024-12-29 15:29:21,115 - WARNING - QA: 股票 301588 数据为空，将在3秒后进行第 2 次重试
2024-12-29 15:29:21,429 - WARNING - QA: 股票 301591 数据为空，将在3秒后进行第 2 次重试
2024-12-29 15:29:21,434 - WARNING - QA: 股票 301592 数据为空，将在3秒后进行第 2 次重试
2024-12-29 15:29:21,434 - WARNING - QA: 股票 301589 数据为空，将在3秒后进行第 2 次重试
2024-12-29 15:29:21,452 - WARNING - QA: 股票 301596 数据为空，将在3秒后进行第 2 次重试
2024-12-29 15:29:21,512 - WARNING - QA: 股票 301598 数据为空，将在3秒后进行第 2 次重试
2024-12-29 15:29:21,655 - WARNING - QA: 股票 301600 数据为空，将在3秒后进行第 2 次重试
2024-12-29 15:29:21,660 - WARNING - QA: 股票 301603 数据为空，将在3秒后进行第 2 次重试
2024-12-29 15:29:21,756 - WARNING - QA: 股票 301607 数据为空，将在3秒后进行第 2 次重试
2024-12-29 15:29:21,757 - WARNING - QA: 股票 301606 数据为空，将在3秒后进行第 2 次重试
2024-12-29 15:29:21,904 - WARNING - QA: 股票 301608 数据为空，将在3秒后进行第 2 次重试
2024-12-29 15:29:22,092 - WARNING - QA: 股票 301611 数据为空，将在3秒后进行第 2 次重试
2024-12-29 15:29:23,386 - WARNING - QA: 股票 301586 在指定时间范围内无数据
2024-12-29 15:29:23,387 - WARNING - QA: 股票 301586 在指定时间范围内无数据
2024-12-29 15:29:23,583 - WARNING - QA: 股票 301613 数据为空，将在3秒后进行第 1 次重试
2024-12-29 15:29:24,053 - WARNING - QA: 股票 301587 在指定时间范围内无数据
2024-12-29 15:29:24,053 - WARNING - QA: 股票 301587 在指定时间范围内无数据
2024-12-29 15:29:24,272 - WARNING - QA: 股票 301617 数据为空，将在3秒后进行第 1 次重试
2024-12-29 15:29:24,322 - WARNING - QA: 股票 301588 在指定时间范围内无数据
2024-12-29 15:29:24,323 - WARNING - QA: 股票 301588 在指定时间范围内无数据
2024-12-29 15:29:24,536 - WARNING - QA: 股票 301618 数据为空，将在3秒后进行第 1 次重试
2024-12-29 15:29:24,627 - WARNING - QA: 股票 301592 在指定时间范围内无数据
2024-12-29 15:29:24,627 - WARNING - QA: 股票 301589 在指定时间范围内无数据
2024-12-29 15:29:24,629 - WARNING - QA: 股票 301592 在指定时间范围内无数据
2024-12-29 15:29:24,629 - WARNING - QA: 股票 301591 在指定时间范围内无数据
2024-12-29 15:29:24,629 - WARNING - QA: 股票 301589 在指定时间范围内无数据
2024-12-29 15:29:24,630 - WARNING - QA: 股票 301591 在指定时间范围内无数据
2024-12-29 15:29:24,648 - WARNING - QA: 股票 301596 在指定时间范围内无数据
2024-12-29 15:29:24,649 - WARNING - QA: 股票 301596 在指定时间范围内无数据
2024-12-29 15:29:24,708 - WARNING - QA: 股票 301598 在指定时间范围内无数据
2024-12-29 15:29:24,708 - WARNING - QA: 股票 301598 在指定时间范围内无数据
2024-12-29 15:29:24,826 - WARNING - QA: 股票 301626 数据为空，将在3秒后进行第 1 次重试
2024-12-29 15:29:24,831 - WARNING - QA: 股票 301622 数据为空，将在3秒后进行第 1 次重试
2024-12-29 15:29:24,833 - WARNING - QA: 股票 301631 数据为空，将在3秒后进行第 1 次重试
2024-12-29 15:29:24,836 - WARNING - QA: 股票 301628 数据为空，将在3秒后进行第 1 次重试
2024-12-29 15:29:24,844 - WARNING - QA: 股票 301603 在指定时间范围内无数据
2024-12-29 15:29:24,845 - WARNING - QA: 股票 301603 在指定时间范围内无数据
2024-12-29 15:29:24,853 - WARNING - QA: 股票 301600 在指定时间范围内无数据
2024-12-29 15:29:24,853 - WARNING - QA: 股票 301600 在指定时间范围内无数据
2024-12-29 15:29:24,893 - WARNING - QA: 股票 301633 数据为空，将在3秒后进行第 1 次重试
2024-12-29 15:29:24,954 - WARNING - QA: 股票 301607 在指定时间范围内无数据
2024-12-29 15:29:24,954 - WARNING - QA: 股票 301607 在指定时间范围内无数据
2024-12-29 15:29:24,955 - WARNING - QA: 股票 301606 在指定时间范围内无数据
2024-12-29 15:29:24,955 - WARNING - QA: 股票 301606 在指定时间范围内无数据
2024-12-29 15:29:25,103 - WARNING - QA: 股票 301608 在指定时间范围内无数据
2024-12-29 15:29:25,104 - WARNING - QA: 股票 301608 在指定时间范围内无数据
2024-12-29 15:29:25,278 - WARNING - QA: 股票 301611 在指定时间范围内无数据
2024-12-29 15:29:25,278 - WARNING - QA: 股票 301611 在指定时间范围内无数据
2024-12-29 15:29:26,786 - WARNING - QA: 股票 301613 数据为空，将在3秒后进行第 2 次重试
2024-12-29 15:29:27,462 - WARNING - QA: 股票 301617 数据为空，将在3秒后进行第 2 次重试
2024-12-29 15:29:27,729 - WARNING - QA: 股票 301618 数据为空，将在3秒后进行第 2 次重试
2024-12-29 15:29:28,033 - WARNING - QA: 股票 301631 数据为空，将在3秒后进行第 2 次重试
2024-12-29 15:29:28,045 - WARNING - QA: 股票 301628 数据为空，将在3秒后进行第 2 次重试
2024-12-29 15:29:28,046 - WARNING - QA: 股票 301626 数据为空，将在3秒后进行第 2 次重试
2024-12-29 15:29:28,049 - WARNING - QA: 股票 301622 数据为空，将在3秒后进行第 2 次重试
2024-12-29 15:29:28,100 - WARNING - QA: 股票 301633 数据为空，将在3秒后进行第 2 次重试
2024-12-29 15:29:29,989 - WARNING - QA: 股票 301613 在指定时间范围内无数据
2024-12-29 15:29:29,990 - WARNING - QA: 股票 301613 在指定时间范围内无数据
2024-12-29 15:29:30,660 - WARNING - QA: 股票 301617 在指定时间范围内无数据
2024-12-29 15:29:30,660 - WARNING - QA: 股票 301617 在指定时间范围内无数据
2024-12-29 15:29:30,922 - WARNING - QA: 股票 301618 在指定时间范围内无数据
2024-12-29 15:29:30,922 - WARNING - QA: 股票 301618 在指定时间范围内无数据
2024-12-29 15:29:31,220 - WARNING - QA: 股票 301631 在指定时间范围内无数据
2024-12-29 15:29:31,220 - WARNING - QA: 股票 301631 在指定时间范围内无数据
2024-12-29 15:29:31,228 - WARNING - QA: 股票 301626 在指定时间范围内无数据
2024-12-29 15:29:31,228 - WARNING - QA: 股票 301626 在指定时间范围内无数据
2024-12-29 15:29:31,249 - WARNING - QA: 股票 301622 在指定时间范围内无数据
2024-12-29 15:29:31,250 - WARNING - QA: 股票 301628 在指定时间范围内无数据
2024-12-29 15:29:31,250 - WARNING - QA: 股票 301622 在指定时间范围内无数据
2024-12-29 15:29:31,250 - WARNING - QA: 股票 301628 在指定时间范围内无数据
2024-12-29 15:29:31,334 - WARNING - QA: 股票 301633 在指定时间范围内无数据
2024-12-29 15:29:31,334 - WARNING - QA: 股票 301633 在指定时间范围内无数据
2024-12-29 15:29:46,000 - WARNING - QA: 股票 601033 数据为空，将在3秒后进行第 1 次重试
2024-12-29 15:29:49,277 - WARNING - QA: 股票 601033 数据为空，将在3秒后进行第 2 次重试
2024-12-29 15:29:52,320 - WARNING - QA: 股票 603082 数据为空，将在3秒后进行第 1 次重试
2024-12-29 15:29:52,379 - WARNING - QA: 股票 603091 数据为空，将在3秒后进行第 1 次重试
2024-12-29 15:29:52,422 - WARNING - QA: 股票 601033 在指定时间范围内无数据
2024-12-29 15:29:52,423 - WARNING - QA: 股票 601033 在指定时间范围内无数据
2024-12-29 15:29:53,915 - WARNING - QA: 股票 603194 数据为空，将在3秒后进行第 1 次重试
2024-12-29 15:29:54,141 - WARNING - QA: 股票 603205 数据为空，将在3秒后进行第 1 次重试
2024-12-29 15:29:54,166 - WARNING - QA: 股票 603207 数据为空，将在3秒后进行第 1 次重试
2024-12-29 15:29:55,448 - WARNING - QA: 股票 603285 数据为空，将在3秒后进行第 1 次重试
2024-12-29 15:29:55,460 - WARNING - QA: 股票 603082 数据为空，将在3秒后进行第 2 次重试
2024-12-29 15:29:55,518 - WARNING - QA: 股票 603091 数据为空，将在3秒后进行第 2 次重试
2024-12-29 15:29:55,891 - WARNING - QA: 股票 603310 数据为空，将在3秒后进行第 1 次重试
2024-12-29 15:29:55,895 - WARNING - QA: 股票 603312 数据为空，将在3秒后进行第 1 次重试
2024-12-29 15:29:56,322 - WARNING - QA: 股票 603325 数据为空，将在3秒后进行第 1 次重试
2024-12-29 15:29:56,892 - WARNING - QA: 股票 603344 数据为空，将在3秒后进行第 1 次重试
2024-12-29 15:29:56,896 - WARNING - QA: 股票 603350 数据为空，将在3秒后进行第 1 次重试
2024-12-29 15:29:56,922 - WARNING - QA: 股票 603341 数据为空，将在3秒后进行第 1 次重试
2024-12-29 15:29:57,051 - WARNING - QA: 股票 603194 数据为空，将在3秒后进行第 2 次重试
2024-12-29 15:29:57,372 - WARNING - QA: 股票 603207 数据为空，将在3秒后进行第 2 次重试
2024-12-29 15:29:57,389 - WARNING - QA: 股票 603205 数据为空，将在3秒后进行第 2 次重试
2024-12-29 15:29:58,353 - WARNING - QA: 股票 603375 数据为空，将在3秒后进行第 1 次重试
2024-12-29 15:29:58,583 - WARNING - QA: 股票 603285 数据为空，将在3秒后进行第 2 次重试
2024-12-29 15:29:58,600 - WARNING - QA: 股票 603082 在指定时间范围内无数据
2024-12-29 15:29:58,600 - WARNING - QA: 股票 603082 在指定时间范围内无数据
2024-12-29 15:29:58,656 - WARNING - QA: 股票 603091 在指定时间范围内无数据
2024-12-29 15:29:58,656 - WARNING - QA: 股票 603091 在指定时间范围内无数据
2024-12-29 15:29:58,747 - WARNING - QA: 股票 603381 数据为空，将在3秒后进行第 1 次重试
2024-12-29 15:29:59,030 - WARNING - QA: 股票 603310 数据为空，将在3秒后进行第 2 次重试
2024-12-29 15:29:59,041 - WARNING - QA: 股票 603312 数据为空，将在3秒后进行第 2 次重试
2024-12-29 15:29:59,281 - WARNING - QA: 股票 603391 数据为空，将在3秒后进行第 1 次重试
2024-12-29 15:29:59,464 - WARNING - QA: 股票 603325 数据为空，将在3秒后进行第 2 次重试
2024-12-29 15:29:59,797 - WARNING - QA: 股票 603395 数据为空，将在3秒后进行第 1 次重试
2024-12-29 15:30:00,030 - WARNING - QA: 股票 603344 数据为空，将在3秒后进行第 2 次重试
2024-12-29 15:30:00,042 - WARNING - QA: 股票 603350 数据为空，将在3秒后进行第 2 次重试
2024-12-29 15:30:00,075 - WARNING - QA: 股票 603341 数据为空，将在3秒后进行第 2 次重试
2024-12-29 15:30:00,188 - WARNING - QA: 股票 603194 在指定时间范围内无数据
2024-12-29 15:30:00,189 - WARNING - QA: 股票 603194 在指定时间范围内无数据
2024-12-29 15:30:00,533 - WARNING - QA: 股票 603207 在指定时间范围内无数据
2024-12-29 15:30:00,534 - WARNING - QA: 股票 603205 在指定时间范围内无数据
2024-12-29 15:30:00,534 - WARNING - QA: 股票 603207 在指定时间范围内无数据
2024-12-29 15:30:00,534 - WARNING - QA: 股票 603205 在指定时间范围内无数据
2024-12-29 15:30:01,503 - WARNING - QA: 股票 603375 数据为空，将在3秒后进行第 2 次重试
2024-12-29 15:30:01,715 - WARNING - QA: 股票 603285 在指定时间范围内无数据
2024-12-29 15:30:01,716 - WARNING - QA: 股票 603285 在指定时间范围内无数据
2024-12-29 15:30:01,882 - WARNING - QA: 股票 603381 数据为空，将在3秒后进行第 2 次重试
2024-12-29 15:30:02,163 - WARNING - QA: 股票 603310 在指定时间范围内无数据
2024-12-29 15:30:02,163 - WARNING - QA: 股票 603310 在指定时间范围内无数据
2024-12-29 15:30:02,205 - WARNING - QA: 股票 603312 在指定时间范围内无数据
2024-12-29 15:30:02,205 - WARNING - QA: 股票 603312 在指定时间范围内无数据
2024-12-29 15:30:02,414 - WARNING - QA: 股票 603391 数据为空，将在3秒后进行第 2 次重试
2024-12-29 15:30:02,596 - WARNING - QA: 股票 603325 在指定时间范围内无数据
2024-12-29 15:30:02,596 - WARNING - QA: 股票 603325 在指定时间范围内无数据
2024-12-29 15:30:02,929 - WARNING - QA: 股票 603395 数据为空，将在3秒后进行第 2 次重试
2024-12-29 15:30:03,167 - WARNING - QA: 股票 603344 在指定时间范围内无数据
2024-12-29 15:30:03,167 - WARNING - QA: 股票 603344 在指定时间范围内无数据
2024-12-29 15:30:03,214 - WARNING - QA: 股票 603350 在指定时间范围内无数据
2024-12-29 15:30:03,214 - WARNING - QA: 股票 603350 在指定时间范围内无数据
2024-12-29 15:30:03,215 - WARNING - QA: 股票 603341 在指定时间范围内无数据
2024-12-29 15:30:03,215 - WARNING - QA: 股票 603341 在指定时间范围内无数据
2024-12-29 15:30:04,639 - WARNING - QA: 股票 603375 在指定时间范围内无数据
2024-12-29 15:30:04,640 - WARNING - QA: 股票 603375 在指定时间范围内无数据
2024-12-29 15:30:05,039 - WARNING - QA: 股票 603381 在指定时间范围内无数据
2024-12-29 15:30:05,040 - WARNING - QA: 股票 603381 在指定时间范围内无数据
2024-12-29 15:30:05,555 - WARNING - QA: 股票 603391 在指定时间范围内无数据
2024-12-29 15:30:05,556 - WARNING - QA: 股票 603391 在指定时间范围内无数据
2024-12-29 15:30:06,059 - WARNING - QA: 股票 603395 在指定时间范围内无数据
2024-12-29 15:30:06,060 - WARNING - QA: 股票 603395 在指定时间范围内无数据
2024-12-29 15:30:16,936 - WARNING - QA: 股票 688449 数据为空，将在3秒后进行第 1 次重试
2024-12-29 15:30:18,056 - WARNING - QA: 股票 688530 数据为空，将在3秒后进行第 1 次重试
2024-12-29 15:30:18,782 - WARNING - QA: 股票 688584 数据为空，将在3秒后进行第 1 次重试
2024-12-29 15:30:19,044 - WARNING - QA: 股票 688605 数据为空，将在3秒后进行第 1 次重试
2024-12-29 15:30:19,265 - WARNING - QA: 股票 688615 数据为空，将在3秒后进行第 1 次重试
2024-12-29 15:30:20,093 - WARNING - QA: 股票 688449 数据为空，将在3秒后进行第 2 次重试
2024-12-29 15:30:20,703 - WARNING - QA: 股票 688691 数据为空，将在3秒后进行第 1 次重试
2024-12-29 15:30:20,712 - WARNING - QA: 股票 688695 数据为空，将在3秒后进行第 1 次重试
2024-12-29 15:30:20,727 - WARNING - QA: 股票 688692 数据为空，将在3秒后进行第 1 次重试
2024-12-29 15:30:21,074 - WARNING - QA: 股票 688709 数据为空，将在3秒后进行第 1 次重试
2024-12-29 15:30:21,078 - WARNING - QA: 股票 688708 数据为空，将在3秒后进行第 1 次重试
2024-12-29 15:30:21,079 - WARNING - QA: 股票 688710 数据为空，将在3秒后进行第 1 次重试
2024-12-29 15:30:21,213 - WARNING - QA: 股票 688530 数据为空，将在3秒后进行第 2 次重试
2024-12-29 15:30:21,239 - WARNING - QA: 股票 688717 数据为空，将在3秒后进行第 1 次重试
2024-12-29 15:30:21,755 - WARNING - QA: 股票 688721 数据为空，将在3秒后进行第 1 次重试
2024-12-29 15:30:21,937 - WARNING - QA: 股票 688584 数据为空，将在3秒后进行第 2 次重试
2024-12-29 15:30:22,186 - WARNING - QA: 股票 688605 数据为空，将在3秒后进行第 2 次重试
2024-12-29 15:30:22,409 - WARNING - QA: 股票 688615 数据为空，将在3秒后进行第 2 次重试
2024-12-29 15:30:23,240 - WARNING - QA: 股票 688449 在指定时间范围内无数据
2024-12-29 15:30:23,241 - WARNING - QA: 股票 688449 在指定时间范围内无数据
2024-12-29 15:30:23,568 - WARNING - QA: 股票 688726 数据为空，将在3秒后进行第 1 次重试
2024-12-29 15:30:23,845 - WARNING - QA: 股票 688695 数据为空，将在3秒后进行第 2 次重试
2024-12-29 15:30:23,845 - WARNING - QA: 股票 688691 数据为空，将在3秒后进行第 2 次重试
2024-12-29 15:30:23,867 - WARNING - QA: 股票 688692 数据为空，将在3秒后进行第 2 次重试
2024-12-29 15:30:24,228 - WARNING - QA: 股票 688709 数据为空，将在3秒后进行第 2 次重试
2024-12-29 15:30:24,228 - WARNING - QA: 股票 688710 数据为空，将在3秒后进行第 2 次重试
2024-12-29 15:30:24,231 - WARNING - QA: 股票 688708 数据为空，将在3秒后进行第 2 次重试
2024-12-29 15:30:24,362 - WARNING - QA: 股票 688530 在指定时间范围内无数据
2024-12-29 15:30:24,363 - WARNING - QA: 股票 688530 在指定时间范围内无数据
2024-12-29 15:30:24,381 - WARNING - QA: 股票 688717 数据为空，将在3秒后进行第 2 次重试
2024-12-29 15:30:24,890 - WARNING - QA: 股票 688721 数据为空，将在3秒后进行第 2 次重试
2024-12-29 15:30:25,099 - WARNING - QA: 股票 688584 在指定时间范围内无数据
2024-12-29 15:30:25,099 - WARNING - QA: 股票 688584 在指定时间范围内无数据
2024-12-29 15:30:25,230 - WARNING - QA: 股票 688750 数据为空，将在3秒后进行第 1 次重试
2024-12-29 15:30:25,322 - WARNING - QA: 股票 688605 在指定时间范围内无数据
2024-12-29 15:30:25,322 - WARNING - QA: 股票 688605 在指定时间范围内无数据
2024-12-29 15:30:25,556 - WARNING - QA: 股票 688615 在指定时间范围内无数据
2024-12-29 15:30:25,556 - WARNING - QA: 股票 688615 在指定时间范围内无数据
2024-12-29 15:30:26,520 - WARNING - QA: 股票 920002 数据为空，将在3秒后进行第 1 次重试
2024-12-29 15:30:26,520 - WARNING - QA: 股票 920008 数据为空，将在3秒后进行第 1 次重试
2024-12-29 15:30:26,678 - WARNING - QA: 股票 920016 数据为空，将在3秒后进行第 1 次重试
2024-12-29 15:30:26,715 - WARNING - QA: 股票 688726 数据为空，将在3秒后进行第 2 次重试
2024-12-29 15:30:26,986 - WARNING - QA: 股票 688691 在指定时间范围内无数据
2024-12-29 15:30:26,987 - WARNING - QA: 股票 688695 在指定时间范围内无数据
2024-12-29 15:30:26,987 - WARNING - QA: 股票 688695 在指定时间范围内无数据
2024-12-29 15:30:26,987 - WARNING - QA: 股票 688691 在指定时间范围内无数据
2024-12-29 15:30:27,014 - WARNING - QA: 股票 688692 在指定时间范围内无数据
2024-12-29 15:30:27,015 - WARNING - QA: 股票 688692 在指定时间范围内无数据
2024-12-29 15:30:27,130 - WARNING - QA: 股票 920060 数据为空，将在3秒后进行第 1 次重试
2024-12-29 15:30:27,130 - WARNING - QA: 股票 920019 数据为空，将在3秒后进行第 1 次重试
2024-12-29 15:30:27,152 - WARNING - QA: 股票 920066 数据为空，将在3秒后进行第 1 次重试
2024-12-29 15:30:27,369 - WARNING - QA: 股票 688709 在指定时间范围内无数据
2024-12-29 15:30:27,375 - WARNING - QA: 股票 688709 在指定时间范围内无数据
2024-12-29 15:30:27,376 - WARNING - QA: 股票 688710 在指定时间范围内无数据
2024-12-29 15:30:27,376 - WARNING - QA: 股票 688710 在指定时间范围内无数据
2024-12-29 15:30:27,377 - WARNING - QA: 股票 688708 在指定时间范围内无数据
2024-12-29 15:30:27,379 - WARNING - QA: 股票 688708 在指定时间范围内无数据
2024-12-29 15:30:27,516 - WARNING - QA: 股票 920099 数据为空，将在3秒后进行第 1 次重试
2024-12-29 15:30:27,528 - WARNING - QA: 股票 688717 在指定时间范围内无数据
2024-12-29 15:30:27,529 - WARNING - QA: 股票 920098 数据为空，将在3秒后进行第 1 次重试
2024-12-29 15:30:27,529 - WARNING - QA: 股票 920088 数据为空，将在3秒后进行第 1 次重试
2024-12-29 15:30:27,530 - WARNING - QA: 股票 688717 在指定时间范围内无数据
2024-12-29 15:30:27,678 - WARNING - QA: 股票 920106 数据为空，将在3秒后进行第 1 次重试
2024-12-29 15:30:28,045 - WARNING - QA: 股票 688721 在指定时间范围内无数据
2024-12-29 15:30:28,045 - WARNING - QA: 股票 688721 在指定时间范围内无数据
2024-12-29 15:30:28,213 - WARNING - QA: 股票 920111 数据为空，将在3秒后进行第 1 次重试
2024-12-29 15:30:28,375 - WARNING - QA: 股票 688750 数据为空，将在3秒后进行第 2 次重试
2024-12-29 15:30:29,670 - WARNING - QA: 股票 920002 数据为空，将在3秒后进行第 2 次重试
2024-12-29 15:30:29,670 - WARNING - QA: 股票 920008 数据为空，将在3秒后进行第 2 次重试
2024-12-29 15:30:29,817 - WARNING - QA: 股票 920016 数据为空，将在3秒后进行第 2 次重试
2024-12-29 15:30:29,864 - WARNING - QA: 股票 688726 在指定时间范围内无数据
2024-12-29 15:30:29,865 - WARNING - QA: 股票 688726 在指定时间范围内无数据
2024-12-29 15:30:29,998 - WARNING - QA: 股票 920118 数据为空，将在3秒后进行第 1 次重试
2024-12-29 15:30:30,263 - WARNING - QA: 股票 920019 数据为空，将在3秒后进行第 2 次重试
2024-12-29 15:30:30,272 - WARNING - QA: 股票 920060 数据为空，将在3秒后进行第 2 次重试
2024-12-29 15:30:30,287 - WARNING - QA: 股票 920066 数据为空，将在3秒后进行第 2 次重试
2024-12-29 15:30:30,664 - WARNING - QA: 股票 920099 数据为空，将在3秒后进行第 2 次重试
2024-12-29 15:30:30,667 - WARNING - QA: 股票 920088 数据为空，将在3秒后进行第 2 次重试
2024-12-29 15:30:30,669 - WARNING - QA: 股票 920098 数据为空，将在3秒后进行第 2 次重试
2024-12-29 15:30:30,827 - WARNING - QA: 股票 920106 数据为空，将在3秒后进行第 2 次重试
2024-12-29 15:30:31,356 - WARNING - QA: 股票 920111 数据为空，将在3秒后进行第 2 次重试
2024-12-29 15:30:31,519 - WARNING - QA: 股票 688750 在指定时间范围内无数据
2024-12-29 15:30:31,522 - WARNING - QA: 股票 688750 在指定时间范围内无数据
2024-12-29 15:30:31,657 - WARNING - QA: 股票 920128 数据为空，将在3秒后进行第 1 次重试
2024-12-29 15:30:32,816 - WARNING - QA: 股票 920008 在指定时间范围内无数据
2024-12-29 15:30:32,817 - WARNING - QA: 股票 920002 在指定时间范围内无数据
2024-12-29 15:30:32,818 - WARNING - QA: 股票 920008 在指定时间范围内无数据
2024-12-29 15:30:32,818 - WARNING - QA: 股票 920002 在指定时间范围内无数据
2024-12-29 15:30:32,964 - WARNING - QA: 股票 920016 在指定时间范围内无数据
2024-12-29 15:30:32,964 - WARNING - QA: 股票 920016 在指定时间范围内无数据
2024-12-29 15:30:33,143 - WARNING - QA: 股票 920118 数据为空，将在3秒后进行第 2 次重试
2024-12-29 15:30:33,402 - WARNING - QA: 股票 920019 在指定时间范围内无数据
2024-12-29 15:30:33,403 - WARNING - QA: 股票 920019 在指定时间范围内无数据
2024-12-29 15:30:33,417 - WARNING - QA: 股票 920060 在指定时间范围内无数据
2024-12-29 15:30:33,418 - WARNING - QA: 股票 920060 在指定时间范围内无数据
2024-12-29 15:30:33,436 - WARNING - QA: 股票 920066 在指定时间范围内无数据
2024-12-29 15:30:33,436 - WARNING - QA: 股票 920066 在指定时间范围内无数据
2024-12-29 15:30:33,809 - WARNING - QA: 股票 920099 在指定时间范围内无数据
2024-12-29 15:30:33,809 - WARNING - QA: 股票 920088 在指定时间范围内无数据
2024-12-29 15:30:33,810 - WARNING - QA: 股票 920099 在指定时间范围内无数据
2024-12-29 15:30:33,810 - WARNING - QA: 股票 920088 在指定时间范围内无数据
2024-12-29 15:30:33,821 - WARNING - QA: 股票 920098 在指定时间范围内无数据
2024-12-29 15:30:33,822 - WARNING - QA: 股票 920098 在指定时间范围内无数据
2024-12-29 15:30:33,971 - WARNING - QA: 股票 920106 在指定时间范围内无数据
2024-12-29 15:30:33,971 - WARNING - QA: 股票 920106 在指定时间范围内无数据
2024-12-29 15:30:34,501 - WARNING - QA: 股票 920111 在指定时间范围内无数据
2024-12-29 15:30:34,501 - WARNING - QA: 股票 920111 在指定时间范围内无数据
2024-12-29 15:30:34,794 - WARNING - QA: 股票 920128 数据为空，将在3秒后进行第 2 次重试
2024-12-29 15:30:36,292 - WARNING - QA: 股票 920118 在指定时间范围内无数据
2024-12-29 15:30:36,293 - WARNING - QA: 股票 920118 在指定时间范围内无数据
2024-12-29 15:30:37,942 - WARNING - QA: 股票 920128 在指定时间范围内无数据
2024-12-29 15:30:37,943 - WARNING - QA: 股票 920128 在指定时间范围内无数据
2024-12-30 07:12:28,138 - INFO - QA: 开始执行数据导入程序...
2024-12-30 07:12:28,228 - INFO - QA: 成功清空表 buffer
2024-12-30 07:12:28,232 - INFO - QA: 成功读取股票列表，共 4892 只股票
2024-12-30 07:12:28,233 - INFO - QA: 数据获取时间范围: 20230601 至 20240101
2024-12-30 07:12:36,789 - WARNING - QA: 股票 001277 数据为空，将在3秒后进行第 1 次重试
2024-12-30 07:12:36,882 - WARNING - QA: 股票 001279 数据为空，将在3秒后进行第 1 次重试
2024-12-30 07:12:37,431 - WARNING - QA: 股票 001359 数据为空，将在3秒后进行第 1 次重试
2024-12-30 07:12:37,588 - WARNING - QA: 股票 001379 数据为空，将在3秒后进行第 1 次重试
2024-12-30 07:12:37,645 - WARNING - QA: 股票 001387 数据为空，将在3秒后进行第 1 次重试
2024-12-30 07:12:37,649 - WARNING - QA: 股票 001389 数据为空，将在3秒后进行第 1 次重试
2024-12-30 07:12:39,923 - WARNING - QA: 股票 001277 数据为空，将在3秒后进行第 2 次重试
2024-12-30 07:12:40,058 - WARNING - QA: 股票 001279 数据为空，将在3秒后进行第 2 次重试
2024-12-30 07:12:40,580 - WARNING - QA: 股票 001359 数据为空，将在3秒后进行第 2 次重试
2024-12-30 07:12:40,740 - WARNING - QA: 股票 001379 数据为空，将在3秒后进行第 2 次重试
2024-12-30 07:12:40,783 - WARNING - QA: 股票 001389 数据为空，将在3秒后进行第 2 次重试
2024-12-30 07:12:40,785 - WARNING - QA: 股票 001387 数据为空，将在3秒后进行第 2 次重试
2024-12-30 07:12:43,074 - WARNING - QA: 股票 001277 在指定时间范围内无数据
2024-12-30 07:12:43,074 - WARNING - QA: 股票 001277 在指定时间范围内无数据
2024-12-30 07:12:43,197 - WARNING - QA: 股票 001279 在指定时间范围内无数据
2024-12-30 07:12:43,197 - WARNING - QA: 股票 001279 在指定时间范围内无数据
2024-12-30 07:12:43,742 - WARNING - QA: 股票 001359 在指定时间范围内无数据
2024-12-30 07:12:43,744 - WARNING - QA: 股票 001359 在指定时间范围内无数据
2024-12-30 07:12:43,900 - WARNING - QA: 股票 001379 在指定时间范围内无数据
2024-12-30 07:12:43,906 - WARNING - QA: 股票 001379 在指定时间范围内无数据
2024-12-30 07:12:43,948 - WARNING - QA: 股票 001389 在指定时间范围内无数据
2024-12-30 07:12:43,948 - WARNING - QA: 股票 001389 在指定时间范围内无数据
2024-12-30 07:12:43,950 - WARNING - QA: 股票 001387 在指定时间范围内无数据
2024-12-30 07:12:43,950 - WARNING - QA: 股票 001387 在指定时间范围内无数据
2024-12-30 07:13:11,037 - WARNING - QA: 股票 300784 数据为空，将在3秒后进行第 1 次重试
2024-12-30 07:13:14,232 - WARNING - QA: 股票 300784 数据为空，将在3秒后进行第 2 次重试
2024-12-30 07:13:17,442 - WARNING - QA: 股票 300784 在指定时间范围内无数据
2024-12-30 07:13:17,443 - WARNING - QA: 股票 300784 在指定时间范围内无数据
2024-12-30 07:13:23,286 - WARNING - QA: 股票 301392 数据为空，将在3秒后进行第 1 次重试
2024-12-30 07:13:23,804 - WARNING - QA: 股票 301502 数据为空，将在3秒后进行第 1 次重试
2024-12-30 07:13:24,041 - WARNING - QA: 股票 301539 数据为空，将在3秒后进行第 1 次重试
2024-12-30 07:13:24,042 - WARNING - QA: 股票 301538 数据为空，将在3秒后进行第 1 次重试
2024-12-30 07:13:24,042 - WARNING - QA: 股票 301522 数据为空，将在3秒后进行第 1 次重试
2024-12-30 07:13:24,171 - WARNING - QA: 股票 301551 数据为空，将在3秒后进行第 1 次重试
2024-12-30 07:13:24,203 - WARNING - QA: 股票 301552 数据为空，将在3秒后进行第 1 次重试
2024-12-30 07:13:24,220 - WARNING - QA: 股票 301556 数据为空，将在3秒后进行第 1 次重试
2024-12-30 07:13:24,238 - WARNING - QA: 股票 301565 数据为空，将在3秒后进行第 1 次重试
2024-12-30 07:13:24,247 - WARNING - QA: 股票 301567 数据为空，将在3秒后进行第 1 次重试
2024-12-30 07:13:24,249 - WARNING - QA: 股票 301571 数据为空，将在3秒后进行第 1 次重试
2024-12-30 07:13:24,402 - WARNING - QA: 股票 301577 数据为空，将在3秒后进行第 1 次重试
2024-12-30 07:13:24,405 - WARNING - QA: 股票 301580 数据为空，将在3秒后进行第 1 次重试
2024-12-30 07:13:24,414 - WARNING - QA: 股票 301586 数据为空，将在3秒后进行第 1 次重试
2024-12-30 07:13:24,419 - WARNING - QA: 股票 301585 数据为空，将在3秒后进行第 1 次重试
2024-12-30 07:13:24,561 - WARNING - QA: 股票 301587 数据为空，将在3秒后进行第 1 次重试
2024-12-30 07:13:26,467 - WARNING - QA: 股票 301392 数据为空，将在3秒后进行第 2 次重试
2024-12-30 07:13:26,993 - WARNING - QA: 股票 301502 数据为空，将在3秒后进行第 2 次重试
2024-12-30 07:13:27,217 - WARNING - QA: 股票 301539 数据为空，将在3秒后进行第 2 次重试
2024-12-30 07:13:27,217 - WARNING - QA: 股票 301522 数据为空，将在3秒后进行第 2 次重试
2024-12-30 07:13:27,217 - WARNING - QA: 股票 301538 数据为空，将在3秒后进行第 2 次重试
2024-12-30 07:13:27,334 - WARNING - QA: 股票 301551 数据为空，将在3秒后进行第 2 次重试
2024-12-30 07:13:27,374 - WARNING - QA: 股票 301552 数据为空，将在3秒后进行第 2 次重试
2024-12-30 07:13:27,384 - WARNING - QA: 股票 301556 数据为空，将在3秒后进行第 2 次重试
2024-12-30 07:13:27,412 - WARNING - QA: 股票 301567 数据为空，将在3秒后进行第 2 次重试
2024-12-30 07:13:27,412 - WARNING - QA: 股票 301571 数据为空，将在3秒后进行第 2 次重试
2024-12-30 07:13:27,415 - WARNING - QA: 股票 301565 数据为空，将在3秒后进行第 2 次重试
2024-12-30 07:13:27,567 - WARNING - QA: 股票 301577 数据为空，将在3秒后进行第 2 次重试
2024-12-30 07:13:27,568 - WARNING - QA: 股票 301580 数据为空，将在3秒后进行第 2 次重试
2024-12-30 07:13:27,577 - WARNING - QA: 股票 301585 数据为空，将在3秒后进行第 2 次重试
2024-12-30 07:13:27,580 - WARNING - QA: 股票 301586 数据为空，将在3秒后进行第 2 次重试
2024-12-30 07:13:27,728 - WARNING - QA: 股票 301587 数据为空，将在3秒后进行第 2 次重试
2024-12-30 07:13:29,635 - WARNING - QA: 股票 301392 在指定时间范围内无数据
2024-12-30 07:13:29,636 - WARNING - QA: 股票 301392 在指定时间范围内无数据
2024-12-30 07:13:29,790 - WARNING - QA: 股票 301588 数据为空，将在3秒后进行第 1 次重试
2024-12-30 07:13:30,151 - WARNING - QA: 股票 301502 在指定时间范围内无数据
2024-12-30 07:13:30,151 - WARNING - QA: 股票 301502 在指定时间范围内无数据
2024-12-30 07:13:30,312 - WARNING - QA: 股票 301589 数据为空，将在3秒后进行第 1 次重试
2024-12-30 07:13:30,370 - WARNING - QA: 股票 301539 在指定时间范围内无数据
2024-12-30 07:13:30,370 - WARNING - QA: 股票 301539 在指定时间范围内无数据
2024-12-30 07:13:30,374 - WARNING - QA: 股票 301522 在指定时间范围内无数据
2024-12-30 07:13:30,375 - WARNING - QA: 股票 301522 在指定时间范围内无数据
2024-12-30 07:13:30,382 - WARNING - QA: 股票 301538 在指定时间范围内无数据
2024-12-30 07:13:30,382 - WARNING - QA: 股票 301538 在指定时间范围内无数据
2024-12-30 07:13:30,494 - WARNING - QA: 股票 301551 在指定时间范围内无数据
2024-12-30 07:13:30,494 - WARNING - QA: 股票 301551 在指定时间范围内无数据
2024-12-30 07:13:30,524 - WARNING - QA: 股票 301592 数据为空，将在3秒后进行第 1 次重试
2024-12-30 07:13:30,529 - WARNING - QA: 股票 301591 数据为空，将在3秒后进行第 1 次重试
2024-12-30 07:13:30,533 - WARNING - QA: 股票 301552 在指定时间范围内无数据
2024-12-30 07:13:30,533 - WARNING - QA: 股票 301552 在指定时间范围内无数据
2024-12-30 07:13:30,538 - WARNING - QA: 股票 301556 在指定时间范围内无数据
2024-12-30 07:13:30,538 - WARNING - QA: 股票 301556 在指定时间范围内无数据
2024-12-30 07:13:30,547 - WARNING - QA: 股票 301596 数据为空，将在3秒后进行第 1 次重试
2024-12-30 07:13:30,571 - WARNING - QA: 股票 301571 在指定时间范围内无数据
2024-12-30 07:13:30,571 - WARNING - QA: 股票 301565 在指定时间范围内无数据
2024-12-30 07:13:30,572 - WARNING - QA: 股票 301571 在指定时间范围内无数据
2024-12-30 07:13:30,572 - WARNING - QA: 股票 301565 在指定时间范围内无数据
2024-12-30 07:13:30,573 - WARNING - QA: 股票 301567 在指定时间范围内无数据
2024-12-30 07:13:30,574 - WARNING - QA: 股票 301567 在指定时间范围内无数据
2024-12-30 07:13:30,659 - WARNING - QA: 股票 301598 数据为空，将在3秒后进行第 1 次重试
2024-12-30 07:13:30,689 - WARNING - QA: 股票 301600 数据为空，将在3秒后进行第 1 次重试
2024-12-30 07:13:30,702 - WARNING - QA: 股票 301603 数据为空，将在3秒后进行第 1 次重试
2024-12-30 07:13:30,734 - WARNING - QA: 股票 301586 在指定时间范围内无数据
2024-12-30 07:13:30,735 - WARNING - QA: 股票 301607 数据为空，将在3秒后进行第 1 次重试
2024-12-30 07:13:30,737 - WARNING - QA: 股票 301577 在指定时间范围内无数据
2024-12-30 07:13:30,737 - WARNING - QA: 股票 301608 数据为空，将在3秒后进行第 1 次重试
2024-12-30 07:13:30,737 - WARNING - QA: 股票 301586 在指定时间范围内无数据
2024-12-30 07:13:30,738 - WARNING - QA: 股票 301577 在指定时间范围内无数据
2024-12-30 07:13:30,738 - WARNING - QA: 股票 301606 数据为空，将在3秒后进行第 1 次重试
2024-12-30 07:13:30,740 - WARNING - QA: 股票 301580 在指定时间范围内无数据
2024-12-30 07:13:30,741 - WARNING - QA: 股票 301580 在指定时间范围内无数据
2024-12-30 07:13:30,743 - WARNING - QA: 股票 301585 在指定时间范围内无数据
2024-12-30 07:13:30,743 - WARNING - QA: 股票 301585 在指定时间范围内无数据
2024-12-30 07:13:30,882 - WARNING - QA: 股票 301587 在指定时间范围内无数据
2024-12-30 07:13:30,883 - WARNING - QA: 股票 301587 在指定时间范围内无数据
2024-12-30 07:13:30,895 - WARNING - QA: 股票 301613 数据为空，将在3秒后进行第 1 次重试
2024-12-30 07:13:30,899 - WARNING - QA: 股票 301618 数据为空，将在3秒后进行第 1 次重试
2024-12-30 07:13:30,911 - WARNING - QA: 股票 301611 数据为空，将在3秒后进行第 1 次重试
2024-12-30 07:13:30,913 - WARNING - QA: 股票 301617 数据为空，将在3秒后进行第 1 次重试
2024-12-30 07:13:31,033 - WARNING - QA: 股票 301622 数据为空，将在3秒后进行第 1 次重试
2024-12-30 07:13:32,950 - WARNING - QA: 股票 301588 数据为空，将在3秒后进行第 2 次重试
2024-12-30 07:13:33,480 - WARNING - QA: 股票 301589 数据为空，将在3秒后进行第 2 次重试
2024-12-30 07:13:33,685 - WARNING - QA: 股票 301592 数据为空，将在3秒后进行第 2 次重试
2024-12-30 07:13:33,689 - WARNING - QA: 股票 301591 数据为空，将在3秒后进行第 2 次重试
2024-12-30 07:13:33,712 - WARNING - QA: 股票 301596 数据为空，将在3秒后进行第 2 次重试
2024-12-30 07:13:33,821 - WARNING - QA: 股票 301598 数据为空，将在3秒后进行第 2 次重试
2024-12-30 07:13:33,868 - WARNING - QA: 股票 301600 数据为空，将在3秒后进行第 2 次重试
2024-12-30 07:13:33,872 - WARNING - QA: 股票 301603 数据为空，将在3秒后进行第 2 次重试
2024-12-30 07:13:33,898 - WARNING - QA: 股票 301608 数据为空，将在3秒后进行第 2 次重试
2024-12-30 07:13:33,900 - WARNING - QA: 股票 301607 数据为空，将在3秒后进行第 2 次重试
2024-12-30 07:13:33,909 - WARNING - QA: 股票 301606 数据为空，将在3秒后进行第 2 次重试
2024-12-30 07:13:34,062 - WARNING - QA: 股票 301613 数据为空，将在3秒后进行第 2 次重试
2024-12-30 07:13:34,062 - WARNING - QA: 股票 301618 数据为空，将在3秒后进行第 2 次重试
2024-12-30 07:13:34,070 - WARNING - QA: 股票 301617 数据为空，将在3秒后进行第 2 次重试
2024-12-30 07:13:34,076 - WARNING - QA: 股票 301611 数据为空，将在3秒后进行第 2 次重试
2024-12-30 07:13:34,198 - WARNING - QA: 股票 301622 数据为空，将在3秒后进行第 2 次重试
2024-12-30 07:13:36,113 - WARNING - QA: 股票 301588 在指定时间范围内无数据
2024-12-30 07:13:36,114 - WARNING - QA: 股票 301588 在指定时间范围内无数据
2024-12-30 07:13:36,270 - WARNING - QA: 股票 301626 数据为空，将在3秒后进行第 1 次重试
2024-12-30 07:13:36,656 - WARNING - QA: 股票 301589 在指定时间范围内无数据
2024-12-30 07:13:36,657 - WARNING - QA: 股票 301589 在指定时间范围内无数据
2024-12-30 07:13:36,817 - WARNING - QA: 股票 301628 数据为空，将在3秒后进行第 1 次重试
2024-12-30 07:13:36,844 - WARNING - QA: 股票 301592 在指定时间范围内无数据
2024-12-30 07:13:36,844 - WARNING - QA: 股票 301592 在指定时间范围内无数据
2024-12-30 07:13:36,847 - WARNING - QA: 股票 301591 在指定时间范围内无数据
2024-12-30 07:13:36,847 - WARNING - QA: 股票 301591 在指定时间范围内无数据
2024-12-30 07:13:36,870 - WARNING - QA: 股票 301596 在指定时间范围内无数据
2024-12-30 07:13:36,870 - WARNING - QA: 股票 301596 在指定时间范围内无数据
2024-12-30 07:13:36,984 - WARNING - QA: 股票 301598 在指定时间范围内无数据
2024-12-30 07:13:36,984 - WARNING - QA: 股票 301598 在指定时间范围内无数据
2024-12-30 07:13:36,991 - WARNING - QA: 股票 301633 数据为空，将在3秒后进行第 1 次重试
2024-12-30 07:13:37,011 - WARNING - QA: 股票 301631 数据为空，将在3秒后进行第 1 次重试
2024-12-30 07:13:37,026 - WARNING - QA: 股票 301603 在指定时间范围内无数据
2024-12-30 07:13:37,026 - WARNING - QA: 股票 301600 在指定时间范围内无数据
2024-12-30 07:13:37,031 - WARNING - QA: 股票 301603 在指定时间范围内无数据
2024-12-30 07:13:37,031 - WARNING - QA: 股票 301600 在指定时间范围内无数据
2024-12-30 07:13:37,050 - WARNING - QA: 股票 301608 在指定时间范围内无数据
2024-12-30 07:13:37,050 - WARNING - QA: 股票 301608 在指定时间范围内无数据
2024-12-30 07:13:37,063 - WARNING - QA: 股票 301606 在指定时间范围内无数据
2024-12-30 07:13:37,063 - WARNING - QA: 股票 301606 在指定时间范围内无数据
2024-12-30 07:13:37,063 - WARNING - QA: 股票 301607 在指定时间范围内无数据
2024-12-30 07:13:37,063 - WARNING - QA: 股票 301607 在指定时间范围内无数据
2024-12-30 07:13:37,215 - WARNING - QA: 股票 301613 在指定时间范围内无数据
2024-12-30 07:13:37,215 - WARNING - QA: 股票 301618 在指定时间范围内无数据
2024-12-30 07:13:37,216 - WARNING - QA: 股票 301613 在指定时间范围内无数据
2024-12-30 07:13:37,216 - WARNING - QA: 股票 301618 在指定时间范围内无数据
2024-12-30 07:13:37,241 - WARNING - QA: 股票 301617 在指定时间范围内无数据
2024-12-30 07:13:37,241 - WARNING - QA: 股票 301611 在指定时间范围内无数据
2024-12-30 07:13:37,241 - WARNING - QA: 股票 301617 在指定时间范围内无数据
2024-12-30 07:13:37,242 - WARNING - QA: 股票 301611 在指定时间范围内无数据
2024-12-30 07:13:37,365 - WARNING - QA: 股票 301622 在指定时间范围内无数据
2024-12-30 07:13:37,365 - WARNING - QA: 股票 301622 在指定时间范围内无数据
2024-12-30 07:13:39,471 - WARNING - QA: 股票 301626 数据为空，将在3秒后进行第 2 次重试
2024-12-30 07:13:40,008 - WARNING - QA: 股票 301628 数据为空，将在3秒后进行第 2 次重试
2024-12-30 07:13:40,163 - WARNING - QA: 股票 301633 数据为空，将在3秒后进行第 2 次重试
2024-12-30 07:13:40,183 - WARNING - QA: 股票 301631 数据为空，将在3秒后进行第 2 次重试
2024-12-30 07:13:42,625 - WARNING - QA: 股票 301626 在指定时间范围内无数据
2024-12-30 07:13:42,626 - WARNING - QA: 股票 301626 在指定时间范围内无数据
2024-12-30 07:13:43,175 - WARNING - QA: 股票 301628 在指定时间范围内无数据
2024-12-30 07:13:43,176 - WARNING - QA: 股票 301628 在指定时间范围内无数据
2024-12-30 07:13:43,327 - WARNING - QA: 股票 301633 在指定时间范围内无数据
2024-12-30 07:13:43,327 - WARNING - QA: 股票 301633 在指定时间范围内无数据
2024-12-30 07:13:43,341 - WARNING - QA: 股票 301631 在指定时间范围内无数据
2024-12-30 07:13:43,341 - WARNING - QA: 股票 301631 在指定时间范围内无数据
2024-12-30 07:13:53,637 - WARNING - QA: 股票 601033 数据为空，将在3秒后进行第 1 次重试
2024-12-30 07:13:56,893 - WARNING - QA: 股票 601033 数据为空，将在3秒后进行第 2 次重试
2024-12-30 07:14:00,409 - WARNING - QA: 股票 601033 在指定时间范围内无数据
2024-12-30 07:14:00,410 - WARNING - QA: 股票 601033 在指定时间范围内无数据
2024-12-30 07:14:01,049 - WARNING - QA: 股票 603082 数据为空，将在3秒后进行第 1 次重试
2024-12-30 07:14:01,509 - WARNING - QA: 股票 603091 数据为空，将在3秒后进行第 1 次重试
2024-12-30 07:14:03,782 - WARNING - QA: 股票 603194 数据为空，将在3秒后进行第 1 次重试
2024-12-30 07:14:04,053 - WARNING - QA: 股票 603205 数据为空，将在3秒后进行第 1 次重试
2024-12-30 07:14:04,066 - WARNING - QA: 股票 603207 数据为空，将在3秒后进行第 1 次重试
2024-12-30 07:14:04,237 - WARNING - QA: 股票 603082 数据为空，将在3秒后进行第 2 次重试
2024-12-30 07:14:04,676 - WARNING - QA: 股票 603091 数据为空，将在3秒后进行第 2 次重试
2024-12-30 07:14:05,341 - WARNING - QA: 股票 603285 数据为空，将在3秒后进行第 1 次重试
2024-12-30 07:14:05,862 - WARNING - QA: 股票 603310 数据为空，将在3秒后进行第 1 次重试
2024-12-30 07:14:05,896 - WARNING - QA: 股票 603312 数据为空，将在3秒后进行第 1 次重试
2024-12-30 07:14:06,383 - WARNING - QA: 股票 603325 数据为空，将在3秒后进行第 1 次重试
2024-12-30 07:14:06,870 - WARNING - QA: 股票 603341 数据为空，将在3秒后进行第 1 次重试
2024-12-30 07:14:06,871 - WARNING - QA: 股票 603344 数据为空，将在3秒后进行第 1 次重试
2024-12-30 07:14:06,945 - WARNING - QA: 股票 603194 数据为空，将在3秒后进行第 2 次重试
2024-12-30 07:14:07,075 - WARNING - QA: 股票 603350 数据为空，将在3秒后进行第 1 次重试
2024-12-30 07:14:07,220 - WARNING - QA: 股票 603205 数据为空，将在3秒后进行第 2 次重试
2024-12-30 07:14:07,234 - WARNING - QA: 股票 603207 数据为空，将在3秒后进行第 2 次重试
2024-12-30 07:14:07,398 - WARNING - QA: 股票 603082 在指定时间范围内无数据
2024-12-30 07:14:07,398 - WARNING - QA: 股票 603082 在指定时间范围内无数据
2024-12-30 07:14:07,852 - WARNING - QA: 股票 603091 在指定时间范围内无数据
2024-12-30 07:14:07,852 - WARNING - QA: 股票 603091 在指定时间范围内无数据
2024-12-30 07:14:07,893 - WARNING - QA: 股票 603375 数据为空，将在3秒后进行第 1 次重试
2024-12-30 07:14:08,104 - WARNING - QA: 股票 603381 数据为空，将在3秒后进行第 1 次重试
2024-12-30 07:14:08,459 - WARNING - QA: 股票 603391 数据为空，将在3秒后进行第 1 次重试
2024-12-30 07:14:08,502 - WARNING - QA: 股票 603285 数据为空，将在3秒后进行第 2 次重试
2024-12-30 07:14:08,768 - WARNING - QA: 股票 603395 数据为空，将在3秒后进行第 1 次重试
2024-12-30 07:14:09,024 - WARNING - QA: 股票 603310 数据为空，将在3秒后进行第 2 次重试
2024-12-30 07:14:09,068 - WARNING - QA: 股票 603312 数据为空，将在3秒后进行第 2 次重试
2024-12-30 07:14:09,547 - WARNING - QA: 股票 603325 数据为空，将在3秒后进行第 2 次重试
2024-12-30 07:14:10,038 - WARNING - QA: 股票 603344 数据为空，将在3秒后进行第 2 次重试
2024-12-30 07:14:10,038 - WARNING - QA: 股票 603341 数据为空，将在3秒后进行第 2 次重试
2024-12-30 07:14:10,102 - WARNING - QA: 股票 603194 在指定时间范围内无数据
2024-12-30 07:14:10,102 - WARNING - QA: 股票 603194 在指定时间范围内无数据
2024-12-30 07:14:10,240 - WARNING - QA: 股票 603350 数据为空，将在3秒后进行第 2 次重试
2024-12-30 07:14:10,393 - WARNING - QA: 股票 603207 在指定时间范围内无数据
2024-12-30 07:14:10,393 - WARNING - QA: 股票 603207 在指定时间范围内无数据
2024-12-30 07:14:10,401 - WARNING - QA: 股票 603205 在指定时间范围内无数据
2024-12-30 07:14:10,401 - WARNING - QA: 股票 603205 在指定时间范围内无数据
2024-12-30 07:14:11,049 - WARNING - QA: 股票 603375 数据为空，将在3秒后进行第 2 次重试
2024-12-30 07:14:11,258 - WARNING - QA: 股票 603381 数据为空，将在3秒后进行第 2 次重试
2024-12-30 07:14:11,623 - WARNING - QA: 股票 603391 数据为空，将在3秒后进行第 2 次重试
2024-12-30 07:14:11,668 - WARNING - QA: 股票 603285 在指定时间范围内无数据
2024-12-30 07:14:11,674 - WARNING - QA: 股票 603285 在指定时间范围内无数据
2024-12-30 07:14:11,923 - WARNING - QA: 股票 603395 数据为空，将在3秒后进行第 2 次重试
2024-12-30 07:14:12,183 - WARNING - QA: 股票 603310 在指定时间范围内无数据
2024-12-30 07:14:12,183 - WARNING - QA: 股票 603310 在指定时间范围内无数据
2024-12-30 07:14:12,236 - WARNING - QA: 股票 603312 在指定时间范围内无数据
2024-12-30 07:14:12,236 - WARNING - QA: 股票 603312 在指定时间范围内无数据
2024-12-30 07:14:12,711 - WARNING - QA: 股票 603325 在指定时间范围内无数据
2024-12-30 07:14:12,711 - WARNING - QA: 股票 603325 在指定时间范围内无数据
2024-12-30 07:14:13,220 - WARNING - QA: 股票 603344 在指定时间范围内无数据
2024-12-30 07:14:13,221 - WARNING - QA: 股票 603341 在指定时间范围内无数据
2024-12-30 07:14:13,221 - WARNING - QA: 股票 603341 在指定时间范围内无数据
2024-12-30 07:14:13,221 - WARNING - QA: 股票 603344 在指定时间范围内无数据
2024-12-30 07:14:13,399 - WARNING - QA: 股票 603350 在指定时间范围内无数据
2024-12-30 07:14:13,399 - WARNING - QA: 股票 603350 在指定时间范围内无数据
2024-12-30 07:14:14,256 - WARNING - QA: 股票 603375 在指定时间范围内无数据
2024-12-30 07:14:14,257 - WARNING - QA: 股票 603375 在指定时间范围内无数据
2024-12-30 07:14:14,416 - WARNING - QA: 股票 603381 在指定时间范围内无数据
2024-12-30 07:14:14,416 - WARNING - QA: 股票 603381 在指定时间范围内无数据
2024-12-30 07:14:14,780 - WARNING - QA: 股票 603391 在指定时间范围内无数据
2024-12-30 07:14:14,780 - WARNING - QA: 股票 603391 在指定时间范围内无数据
2024-12-30 07:14:15,089 - WARNING - QA: 股票 603395 在指定时间范围内无数据
2024-12-30 07:14:15,100 - WARNING - QA: 股票 603395 在指定时间范围内无数据
2024-12-30 07:14:27,134 - WARNING - QA: 股票 688449 数据为空，将在3秒后进行第 1 次重试
2024-12-30 07:14:28,425 - WARNING - QA: 股票 688530 数据为空，将在3秒后进行第 1 次重试
2024-12-30 07:14:29,084 - WARNING - QA: 股票 688584 数据为空，将在3秒后进行第 1 次重试
2024-12-30 07:14:29,714 - WARNING - QA: 股票 688605 数据为空，将在3秒后进行第 1 次重试
2024-12-30 07:14:29,969 - WARNING - QA: 股票 688615 数据为空，将在3秒后进行第 1 次重试
2024-12-30 07:14:30,318 - WARNING - QA: 股票 688449 数据为空，将在3秒后进行第 2 次重试
2024-12-30 07:14:31,139 - WARNING - QA: 股票 688691 数据为空，将在3秒后进行第 1 次重试
2024-12-30 07:14:31,146 - WARNING - QA: 股票 688695 数据为空，将在3秒后进行第 1 次重试
2024-12-30 07:14:31,155 - WARNING - QA: 股票 688692 数据为空，将在3秒后进行第 1 次重试
2024-12-30 07:14:31,578 - WARNING - QA: 股票 688709 数据为空，将在3秒后进行第 1 次重试
2024-12-30 07:14:31,588 - WARNING - QA: 股票 688708 数据为空，将在3秒后进行第 1 次重试
2024-12-30 07:14:31,588 - WARNING - QA: 股票 688530 数据为空，将在3秒后进行第 2 次重试
2024-12-30 07:14:31,588 - WARNING - QA: 股票 688710 数据为空，将在3秒后进行第 1 次重试
2024-12-30 07:14:31,781 - WARNING - QA: 股票 688717 数据为空，将在3秒后进行第 1 次重试
2024-12-30 07:14:32,122 - WARNING - QA: 股票 688721 数据为空，将在3秒后进行第 1 次重试
2024-12-30 07:14:32,240 - WARNING - QA: 股票 688584 数据为空，将在3秒后进行第 2 次重试
2024-12-30 07:14:32,342 - WARNING - QA: 股票 688726 数据为空，将在3秒后进行第 1 次重试
2024-12-30 07:14:32,887 - WARNING - QA: 股票 688605 数据为空，将在3秒后进行第 2 次重试
2024-12-30 07:14:33,138 - WARNING - QA: 股票 688615 数据为空，将在3秒后进行第 2 次重试
2024-12-30 07:14:33,473 - WARNING - QA: 股票 688449 在指定时间范围内无数据
2024-12-30 07:14:33,473 - WARNING - QA: 股票 688449 在指定时间范围内无数据
2024-12-30 07:14:34,301 - WARNING - QA: 股票 688691 数据为空，将在3秒后进行第 2 次重试
2024-12-30 07:14:34,309 - WARNING - QA: 股票 688695 数据为空，将在3秒后进行第 2 次重试
2024-12-30 07:14:34,325 - WARNING - QA: 股票 688692 数据为空，将在3秒后进行第 2 次重试
2024-12-30 07:14:34,463 - WARNING - QA: 股票 688750 数据为空，将在3秒后进行第 1 次重试
2024-12-30 07:14:34,752 - WARNING - QA: 股票 688710 数据为空，将在3秒后进行第 2 次重试
2024-12-30 07:14:34,752 - WARNING - QA: 股票 688708 数据为空，将在3秒后进行第 2 次重试
2024-12-30 07:14:34,752 - WARNING - QA: 股票 688530 在指定时间范围内无数据
2024-12-30 07:14:34,752 - WARNING - QA: 股票 688709 数据为空，将在3秒后进行第 2 次重试
2024-12-30 07:14:34,753 - WARNING - QA: 股票 688530 在指定时间范围内无数据
2024-12-30 07:14:34,946 - WARNING - QA: 股票 688717 数据为空，将在3秒后进行第 2 次重试
2024-12-30 07:14:35,305 - WARNING - QA: 股票 688721 数据为空，将在3秒后进行第 2 次重试
2024-12-30 07:14:35,400 - WARNING - QA: 股票 688584 在指定时间范围内无数据
2024-12-30 07:14:35,400 - WARNING - QA: 股票 688584 在指定时间范围内无数据
2024-12-30 07:14:35,500 - WARNING - QA: 股票 688726 数据为空，将在3秒后进行第 2 次重试
2024-12-30 07:14:36,046 - WARNING - QA: 股票 688605 在指定时间范围内无数据
2024-12-30 07:14:36,046 - WARNING - QA: 股票 688605 在指定时间范围内无数据
2024-12-30 07:14:36,304 - WARNING - QA: 股票 688615 在指定时间范围内无数据
2024-12-30 07:14:36,304 - WARNING - QA: 股票 688615 在指定时间范围内无数据
2024-12-30 07:14:36,648 - WARNING - QA: 股票 920002 数据为空，将在3秒后进行第 1 次重试
2024-12-30 07:14:36,716 - WARNING - QA: 股票 920016 数据为空，将在3秒后进行第 1 次重试
2024-12-30 07:14:36,731 - WARNING - QA: 股票 920008 数据为空，将在3秒后进行第 1 次重试
2024-12-30 07:14:36,754 - WARNING - QA: 股票 920019 数据为空，将在3秒后进行第 1 次重试
2024-12-30 07:14:37,471 - WARNING - QA: 股票 688695 在指定时间范围内无数据
2024-12-30 07:14:37,472 - WARNING - QA: 股票 688695 在指定时间范围内无数据
2024-12-30 07:14:37,477 - WARNING - QA: 股票 688691 在指定时间范围内无数据
2024-12-30 07:14:37,478 - WARNING - QA: 股票 688691 在指定时间范围内无数据
2024-12-30 07:14:37,496 - WARNING - QA: 股票 688692 在指定时间范围内无数据
2024-12-30 07:14:37,496 - WARNING - QA: 股票 688692 在指定时间范围内无数据
2024-12-30 07:14:37,626 - WARNING - QA: 股票 920060 数据为空，将在3秒后进行第 1 次重试
2024-12-30 07:14:37,626 - WARNING - QA: 股票 688750 数据为空，将在3秒后进行第 2 次重试
2024-12-30 07:14:37,634 - WARNING - QA: 股票 920066 数据为空，将在3秒后进行第 1 次重试
2024-12-30 07:14:37,650 - WARNING - QA: 股票 920088 数据为空，将在3秒后进行第 1 次重试
2024-12-30 07:14:37,921 - WARNING - QA: 股票 688709 在指定时间范围内无数据
2024-12-30 07:14:37,922 - WARNING - QA: 股票 688709 在指定时间范围内无数据
2024-12-30 07:14:37,932 - WARNING - QA: 股票 688710 在指定时间范围内无数据
2024-12-30 07:14:37,932 - WARNING - QA: 股票 688708 在指定时间范围内无数据
2024-12-30 07:14:37,933 - WARNING - QA: 股票 688708 在指定时间范围内无数据
2024-12-30 07:14:37,933 - WARNING - QA: 股票 688710 在指定时间范围内无数据
2024-12-30 07:14:38,081 - WARNING - QA: 股票 920098 数据为空，将在3秒后进行第 1 次重试
2024-12-30 07:14:38,092 - WARNING - QA: 股票 920099 数据为空，将在3秒后进行第 1 次重试
2024-12-30 07:14:38,092 - WARNING - QA: 股票 920106 数据为空，将在3秒后进行第 1 次重试
2024-12-30 07:14:38,113 - WARNING - QA: 股票 688717 在指定时间范围内无数据
2024-12-30 07:14:38,113 - WARNING - QA: 股票 688717 在指定时间范围内无数据
2024-12-30 07:14:38,280 - WARNING - QA: 股票 920111 数据为空，将在3秒后进行第 1 次重试
2024-12-30 07:14:38,470 - WARNING - QA: 股票 688721 在指定时间范围内无数据
2024-12-30 07:14:38,471 - WARNING - QA: 股票 688721 在指定时间范围内无数据
2024-12-30 07:14:38,634 - WARNING - QA: 股票 920118 数据为空，将在3秒后进行第 1 次重试
2024-12-30 07:14:38,669 - WARNING - QA: 股票 688726 在指定时间范围内无数据
2024-12-30 07:14:38,670 - WARNING - QA: 股票 688726 在指定时间范围内无数据
2024-12-30 07:14:38,827 - WARNING - QA: 股票 920128 数据为空，将在3秒后进行第 1 次重试
2024-12-30 07:14:39,814 - WARNING - QA: 股票 920002 数据为空，将在3秒后进行第 2 次重试
2024-12-30 07:14:39,890 - WARNING - QA: 股票 920016 数据为空，将在3秒后进行第 2 次重试
2024-12-30 07:14:39,896 - WARNING - QA: 股票 920008 数据为空，将在3秒后进行第 2 次重试
2024-12-30 07:14:39,929 - WARNING - QA: 股票 920019 数据为空，将在3秒后进行第 2 次重试
2024-12-30 07:14:40,786 - WARNING - QA: 股票 920066 数据为空，将在3秒后进行第 2 次重试
2024-12-30 07:14:40,786 - WARNING - QA: 股票 920060 数据为空，将在3秒后进行第 2 次重试
2024-12-30 07:14:40,787 - WARNING - QA: 股票 688750 在指定时间范围内无数据
2024-12-30 07:14:40,787 - WARNING - QA: 股票 688750 在指定时间范围内无数据
2024-12-30 07:14:40,820 - WARNING - QA: 股票 920088 数据为空，将在3秒后进行第 2 次重试
2024-12-30 07:14:41,254 - WARNING - QA: 股票 920099 数据为空，将在3秒后进行第 2 次重试
2024-12-30 07:14:41,254 - WARNING - QA: 股票 920106 数据为空，将在3秒后进行第 2 次重试
2024-12-30 07:14:41,254 - WARNING - QA: 股票 920098 数据为空，将在3秒后进行第 2 次重试
2024-12-30 07:14:41,449 - WARNING - QA: 股票 920111 数据为空，将在3秒后进行第 2 次重试
2024-12-30 07:14:41,798 - WARNING - QA: 股票 920118 数据为空，将在3秒后进行第 2 次重试
2024-12-30 07:14:41,996 - WARNING - QA: 股票 920128 数据为空，将在3秒后进行第 2 次重试
2024-12-30 07:14:42,997 - WARNING - QA: 股票 920002 在指定时间范围内无数据
2024-12-30 07:14:42,997 - WARNING - QA: 股票 920002 在指定时间范围内无数据
2024-12-30 07:14:43,055 - WARNING - QA: 股票 920016 在指定时间范围内无数据
2024-12-30 07:14:43,056 - WARNING - QA: 股票 920016 在指定时间范围内无数据
2024-12-30 07:14:43,063 - WARNING - QA: 股票 920008 在指定时间范围内无数据
2024-12-30 07:14:43,063 - WARNING - QA: 股票 920008 在指定时间范围内无数据
2024-12-30 07:14:43,094 - WARNING - QA: 股票 920019 在指定时间范围内无数据
2024-12-30 07:14:43,095 - WARNING - QA: 股票 920019 在指定时间范围内无数据
2024-12-30 07:14:43,950 - WARNING - QA: 股票 920060 在指定时间范围内无数据
2024-12-30 07:14:43,951 - WARNING - QA: 股票 920060 在指定时间范围内无数据
2024-12-30 07:14:43,953 - WARNING - QA: 股票 920066 在指定时间范围内无数据
2024-12-30 07:14:43,953 - WARNING - QA: 股票 920066 在指定时间范围内无数据
2024-12-30 07:14:43,998 - WARNING - QA: 股票 920088 在指定时间范围内无数据
2024-12-30 07:14:43,999 - WARNING - QA: 股票 920088 在指定时间范围内无数据
2024-12-30 07:14:44,424 - WARNING - QA: 股票 920098 在指定时间范围内无数据
2024-12-30 07:14:44,424 - WARNING - QA: 股票 920106 在指定时间范围内无数据
2024-12-30 07:14:44,424 - WARNING - QA: 股票 920098 在指定时间范围内无数据
2024-12-30 07:14:44,426 - WARNING - QA: 股票 920106 在指定时间范围内无数据
2024-12-30 07:14:44,426 - WARNING - QA: 股票 920099 在指定时间范围内无数据
2024-12-30 07:14:44,426 - WARNING - QA: 股票 920099 在指定时间范围内无数据
2024-12-30 07:14:44,630 - WARNING - QA: 股票 920111 在指定时间范围内无数据
2024-12-30 07:14:44,631 - WARNING - QA: 股票 920111 在指定时间范围内无数据
2024-12-30 07:14:44,957 - WARNING - QA: 股票 920118 在指定时间范围内无数据
2024-12-30 07:14:44,958 - WARNING - QA: 股票 920118 在指定时间范围内无数据
2024-12-30 07:14:45,166 - WARNING - QA: 股票 920128 在指定时间范围内无数据
2024-12-30 07:14:45,167 - WARNING - QA: 股票 920128 在指定时间范围内无数据
2024-12-30 07:15:09,382 - ERROR - QA: 股票 601200 数据获取失败: HTTPSConnectionPool(host='push2his.eastmoney.com', port=443): Max retries exceeded with url: /api/qt/stock/kline/get?fields1=f1%2Cf2%2Cf3%2Cf4%2Cf5%2Cf6&fields2=f51%2Cf52%2Cf53%2Cf54%2Cf55%2Cf56%2Cf57%2Cf58%2Cf59%2Cf60%2Cf61%2Cf116&ut=7eea3edcaed734bea9cbfc24409ed989&klt=101&fqt=1&secid=1.601200&beg=20230601&end=20240101&_=1623766962675 (Caused by ConnectTimeoutError(<urllib3.connection.HTTPSConnection object at 0x115bc2c60>, 'Connection to push2his.eastmoney.com timed out. (connect timeout=None)'))
2024-12-30 07:15:09,384 - ERROR - QA: 股票 601200 API请求失败
2024-12-30 07:15:09,386 - WARNING - QA: 无数据股票: 001277, 001279, 001359, 001379, 001389, 001387, 300784, 301392, 301502, 301539, 301522, 301538, 301551, 301552, 301556, 301571, 301565, 301567, 301586, 301577, 301580, 301585, 301587, 301588, 301589, 301592, 301591, 301596, 301598, 301603, 301600, 301608, 301606, 301607, 301613, 301618, 301617, 301611, 301622, 301626, 301628, 301633, 301631, 601033, 603082, 603091, 603194, 603207, 603205, 603285, 603310, 603312, 603325, 603341, 603344, 603350, 603375, 603381, 603391, 603395, 688449, 688530, 688584, 688605, 688615, 688695, 688691, 688692, 688709, 688708, 688710, 688717, 688721, 688726, 688750, 920002, 920016, 920008, 920019, 920060, 920066, 920088, 920098, 920106, 920099, 920111, 920118, 920128
2024-12-30 07:15:09,386 - WARNING - QA: 处理失败的股票: 601200
2024-12-30 07:15:09,386 - INFO - QA: 所有数据处理完成 | 总体数据获取成功率: 98.2% | 数据写入成功率: 98.2% | 无数据股票数量: 88
