2024-12-20 16:36:29,456 - INFO - QA: PROD: 成功读取到 4905 支股票代码。
2024-12-20 16:36:29,456 - INFO - QA: PROD: 清空目标表 MA...
2024-12-20 16:36:29,464 - INFO - QA: PROD: 目标表 MA 已清空。开始计算MA
2024-12-20 16:36:29,464 - INFO - QA: PROD: 开始处理第 1 批，共 1000 支股票。
2024-12-20 16:36:31,084 - INFO - QA: PROD: 返回数据行数：232286
2024-12-20 16:36:31,653 - INFO - QA: PROD: 插入完成，共插入 1000 条记录。
2024-12-20 16:36:31,653 - INFO - QA: PROD: 第 1 批处理完成，已插入结果。
2024-12-20 16:36:31,653 - INFO - QA: PROD: 开始处理第 2 批，共 1000 支股票。
2024-12-20 16:36:33,293 - INFO - QA: PROD: 返回数据行数：232265
2024-12-20 16:36:33,872 - INFO - QA: PROD: 插入完成，共插入 1000 条记录。
2024-12-20 16:36:33,872 - INFO - QA: PROD: 第 2 批处理完成，已插入结果。
2024-12-20 16:36:33,872 - INFO - QA: PROD: 开始处理第 3 批，共 1000 支股票。
2024-12-20 16:36:35,474 - INFO - QA: PROD: 返回数据行数：232125
2024-12-20 16:36:36,036 - INFO - QA: PROD: 插入完成，共插入 1000 条记录。
2024-12-20 16:36:36,036 - INFO - QA: PROD: 第 3 批处理完成，已插入结果。
2024-12-20 16:36:36,036 - INFO - QA: PROD: 开始处理第 4 批，共 1000 支股票。
2024-12-20 16:36:37,633 - INFO - QA: PROD: 返回数据行数：232936
2024-12-20 16:36:38,185 - INFO - QA: PROD: 插入完成，共插入 1000 条记录。
2024-12-20 16:36:38,185 - INFO - QA: PROD: 第 4 批处理完成，已插入结果。
2024-12-20 16:36:38,185 - INFO - QA: PROD: 开始处理第 5 批，共 905 支股票。
2024-12-20 16:36:39,687 - INFO - QA: PROD: 返回数据行数：211571
2024-12-20 16:36:40,197 - INFO - QA: PROD: 插入完成，共插入 905 条记录。
2024-12-20 16:36:40,197 - INFO - QA: PROD: 第 5 批处理完成，已插入结果。
2024-12-24 06:33:29,013 - INFO - PROD: PROD: 成功读取到 4972 支股票代码。
2024-12-24 06:33:29,013 - INFO - PROD: PROD: 清空目标表 MA...
2024-12-24 06:33:29,022 - INFO - PROD: PROD: 目标表 MA 已清空。开始计算MA
2024-12-24 06:33:29,022 - INFO - PROD: PROD: 开始处理第 1 批，共 1000 支股票。
2024-12-24 06:33:30,644 - INFO - PROD: PROD: 返回数据行数：233858
2024-12-24 06:33:31,203 - INFO - PROD: PROD: 插入完成，共插入 1000 条记录。
2024-12-24 06:33:31,203 - INFO - PROD: PROD: 第 1 批处理完成，已插入结果。
2024-12-24 06:33:31,203 - INFO - PROD: PROD: 开始处理第 2 批，共 1000 支股票。
2024-12-24 06:33:32,814 - INFO - PROD: PROD: 返回数据行数：233199
2024-12-24 06:33:33,384 - INFO - PROD: PROD: 插入完成，共插入 1000 条记录。
2024-12-24 06:33:33,384 - INFO - PROD: PROD: 第 2 批处理完成，已插入结果。
2024-12-24 06:33:33,384 - INFO - PROD: PROD: 开始处理第 3 批，共 1000 支股票。
2024-12-24 06:33:34,978 - INFO - PROD: PROD: 返回数据行数：232663
2024-12-24 06:33:35,541 - INFO - PROD: PROD: 插入完成，共插入 1000 条记录。
2024-12-24 06:33:35,541 - INFO - PROD: PROD: 第 3 批处理完成，已插入结果。
2024-12-24 06:33:35,541 - INFO - PROD: PROD: 开始处理第 4 批，共 1000 支股票。
2024-12-24 06:33:37,189 - INFO - PROD: PROD: 返回数据行数：233370
2024-12-24 06:33:37,784 - INFO - PROD: PROD: 插入完成，共插入 1000 条记录。
2024-12-24 06:33:37,784 - INFO - PROD: PROD: 第 4 批处理完成，已插入结果。
2024-12-24 06:33:37,784 - INFO - PROD: PROD: 开始处理第 5 批，共 972 支股票。
2024-12-24 06:33:39,345 - INFO - PROD: PROD: 返回数据行数：228112
2024-12-24 06:33:39,939 - INFO - PROD: PROD: 插入完成，共插入 972 条记录。
2024-12-24 06:33:39,939 - INFO - PROD: PROD: 第 5 批处理完成，已插入结果。
2024-12-24 15:30:41,305 - INFO - PROD: PROD: 成功读取到 4972 支股票代码。
2024-12-24 15:30:41,305 - INFO - PROD: PROD: 清空目标表 MA...
2024-12-24 15:30:41,332 - INFO - PROD: PROD: 目标表 MA 已清空。开始计算MA
2024-12-24 15:30:41,332 - INFO - PROD: PROD: 开始处理第 1 批，共 1000 支股票。
2024-12-24 15:30:43,939 - INFO - PROD: PROD: 返回数据行数：374784
2024-12-24 15:30:44,568 - INFO - PROD: PROD: 插入完成，共插入 1000 条记录。
2024-12-24 15:30:44,568 - INFO - PROD: PROD: 第 1 批处理完成，已插入结果。
2024-12-24 15:30:44,568 - INFO - PROD: PROD: 开始处理第 2 批，共 1000 支股票。
2024-12-24 15:30:47,214 - INFO - PROD: PROD: 返回数据行数：373584
2024-12-24 15:30:47,819 - INFO - PROD: PROD: 插入完成，共插入 1000 条记录。
2024-12-24 15:30:47,819 - INFO - PROD: PROD: 第 2 批处理完成，已插入结果。
2024-12-24 15:30:47,819 - INFO - PROD: PROD: 开始处理第 3 批，共 1000 支股票。
2024-12-24 15:30:50,341 - INFO - PROD: PROD: 返回数据行数：370657
2024-12-24 15:30:50,942 - INFO - PROD: PROD: 插入完成，共插入 1000 条记录。
2024-12-24 15:30:50,942 - INFO - PROD: PROD: 第 3 批处理完成，已插入结果。
2024-12-24 15:30:50,942 - INFO - PROD: PROD: 开始处理第 4 批，共 1000 支股票。
2024-12-24 15:30:53,452 - INFO - PROD: PROD: 返回数据行数：371636
2024-12-24 15:30:54,061 - INFO - PROD: PROD: 插入完成，共插入 1000 条记录。
2024-12-24 15:30:54,061 - INFO - PROD: PROD: 第 4 批处理完成，已插入结果。
2024-12-24 15:30:54,061 - INFO - PROD: PROD: 开始处理第 5 批，共 972 支股票。
2024-12-24 15:30:56,576 - INFO - PROD: PROD: 返回数据行数：365958
2024-12-24 15:30:57,228 - INFO - PROD: PROD: 插入完成，共插入 972 条记录。
2024-12-24 15:30:57,228 - INFO - PROD: PROD: 第 5 批处理完成，已插入结果。
2024-12-24 16:29:23,858 - INFO - PROD: PROD: 成功读取到 4929 支股票代码。
2024-12-24 16:29:23,858 - INFO - PROD: PROD: 清空目标表 MA...
2024-12-24 16:29:23,868 - INFO - PROD: PROD: 目标表 MA 已清空。开始计算MA
2024-12-24 16:29:23,868 - INFO - PROD: PROD: 开始处理第 1 批，共 1000 支股票。
2024-12-24 16:29:26,398 - INFO - PROD: PROD: 返回数据行数：366996
2024-12-24 16:29:27,001 - INFO - PROD: PROD: 插入完成，共插入 1000 条记录。
2024-12-24 16:29:27,001 - INFO - PROD: PROD: 第 1 批处理完成，已插入结果。
2024-12-24 16:29:27,001 - INFO - PROD: PROD: 开始处理第 2 批，共 1000 支股票。
2024-12-24 16:29:29,575 - INFO - PROD: PROD: 返回数据行数：375276
2024-12-24 16:29:30,179 - INFO - PROD: PROD: 插入完成，共插入 1000 条记录。
2024-12-24 16:29:30,179 - INFO - PROD: PROD: 第 2 批处理完成，已插入结果。
2024-12-24 16:29:30,179 - INFO - PROD: PROD: 开始处理第 3 批，共 1000 支股票。
2024-12-24 16:29:33,181 - INFO - PROD: PROD: 返回数据行数：377133
2024-12-24 16:29:33,832 - INFO - PROD: PROD: 插入完成，共插入 1000 条记录。
2024-12-24 16:29:33,832 - INFO - PROD: PROD: 第 3 批处理完成，已插入结果。
2024-12-24 16:29:33,832 - INFO - PROD: PROD: 开始处理第 4 批，共 1000 支股票。
2024-12-24 16:29:36,484 - INFO - PROD: PROD: 返回数据行数：377688
2024-12-24 16:29:37,133 - INFO - PROD: PROD: 插入完成，共插入 1000 条记录。
2024-12-24 16:29:37,133 - INFO - PROD: PROD: 第 4 批处理完成，已插入结果。
2024-12-24 16:29:37,133 - INFO - PROD: PROD: 开始处理第 5 批，共 929 支股票。
2024-12-24 16:29:39,646 - INFO - PROD: PROD: 返回数据行数：349247
2024-12-24 16:29:40,216 - INFO - PROD: PROD: 插入完成，共插入 929 条记录。
2024-12-24 16:29:40,216 - INFO - PROD: PROD: 第 5 批处理完成，已插入结果。
2024-12-24 21:57:34,291 - INFO - PROD: PROD: 成功读取到 4929 支股票代码。
2024-12-24 21:57:34,291 - INFO - PROD: PROD: 清空目标表 MA...
2024-12-24 21:57:34,323 - INFO - PROD: PROD: 目标表 MA 已清空。开始计算MA
2024-12-24 21:57:34,323 - INFO - PROD: PROD: 开始处理第 1 批，共 1000 支股票。
2024-12-24 21:57:37,055 - INFO - PROD: PROD: 返回数据行数：366996
2024-12-24 21:57:37,667 - INFO - PROD: PROD: 插入完成，共插入 1000 条记录。
2024-12-24 21:57:37,667 - INFO - PROD: PROD: 第 1 批处理完成，已插入结果。
2024-12-24 21:57:37,667 - INFO - PROD: PROD: 开始处理第 2 批，共 1000 支股票。
2024-12-24 21:57:40,221 - INFO - PROD: PROD: 返回数据行数：375276
2024-12-24 21:57:40,840 - INFO - PROD: PROD: 插入完成，共插入 1000 条记录。
2024-12-24 21:57:40,840 - INFO - PROD: PROD: 第 2 批处理完成，已插入结果。
2024-12-24 21:57:40,840 - INFO - PROD: PROD: 开始处理第 3 批，共 1000 支股票。
2024-12-24 21:57:43,483 - INFO - PROD: PROD: 返回数据行数：377133
2024-12-24 21:57:44,091 - INFO - PROD: PROD: 插入完成，共插入 1000 条记录。
2024-12-24 21:57:44,091 - INFO - PROD: PROD: 第 3 批处理完成，已插入结果。
2024-12-24 21:57:44,091 - INFO - PROD: PROD: 开始处理第 4 批，共 1000 支股票。
2024-12-24 21:57:46,886 - INFO - PROD: PROD: 返回数据行数：377688
2024-12-24 21:57:47,506 - INFO - PROD: PROD: 插入完成，共插入 1000 条记录。
2024-12-24 21:57:47,506 - INFO - PROD: PROD: 第 4 批处理完成，已插入结果。
2024-12-24 21:57:47,506 - INFO - PROD: PROD: 开始处理第 5 批，共 929 支股票。
2024-12-24 21:57:50,062 - INFO - PROD: PROD: 返回数据行数：349247
2024-12-24 21:57:50,641 - INFO - PROD: PROD: 插入完成，共插入 929 条记录。
2024-12-24 21:57:50,641 - INFO - PROD: PROD: 第 5 批处理完成，已插入结果。
2024-12-25 16:01:38,000 - INFO - PROD: PROD: 成功读取到 4980 支股票代码。
2024-12-25 16:01:38,000 - INFO - PROD: PROD: 清空目标表 MA...
2024-12-25 16:01:38,007 - INFO - PROD: PROD: 目标表 MA 已清空。开始计算MA
2024-12-25 16:01:38,007 - INFO - PROD: PROD: 开始处理第 1 批，共 1000 支股票。
2024-12-25 16:01:40,572 - INFO - PROD: PROD: 返回数据行数：375793
2024-12-25 16:01:41,172 - INFO - PROD: PROD: 插入完成，共插入 1000 条记录。
2024-12-25 16:01:41,172 - INFO - PROD: PROD: 第 1 批处理完成，已插入结果。
2024-12-25 16:01:41,172 - INFO - PROD: PROD: 开始处理第 2 批，共 1000 支股票。
2024-12-25 16:01:43,748 - INFO - PROD: PROD: 返回数据行数：378522
2024-12-25 16:01:44,369 - INFO - PROD: PROD: 插入完成，共插入 1000 条记录。
2024-12-25 16:01:44,369 - INFO - PROD: PROD: 第 2 批处理完成，已插入结果。
2024-12-25 16:01:44,369 - INFO - PROD: PROD: 开始处理第 3 批，共 1000 支股票。
2024-12-25 16:01:46,964 - INFO - PROD: PROD: 返回数据行数：374901
2024-12-25 16:01:47,614 - INFO - PROD: PROD: 插入完成，共插入 1000 条记录。
2024-12-25 16:01:47,615 - INFO - PROD: PROD: 第 3 批处理完成，已插入结果。
2024-12-25 16:01:47,615 - INFO - PROD: PROD: 开始处理第 4 批，共 1000 支股票。
2024-12-25 16:01:50,198 - INFO - PROD: PROD: 返回数据行数：374052
2024-12-25 16:01:50,796 - INFO - PROD: PROD: 插入完成，共插入 1000 条记录。
2024-12-25 16:01:50,797 - INFO - PROD: PROD: 第 4 批处理完成，已插入结果。
2024-12-25 16:01:50,797 - INFO - PROD: PROD: 开始处理第 5 批，共 980 支股票。
2024-12-25 16:01:53,312 - INFO - PROD: PROD: 返回数据行数：365919
2024-12-25 16:01:53,902 - INFO - PROD: PROD: 插入完成，共插入 980 条记录。
2024-12-25 16:01:53,902 - INFO - PROD: PROD: 第 5 批处理完成，已插入结果。
2024-12-26 21:54:35,881 - INFO - PROD: PROD: 成功读取到 4911 支股票代码。
2024-12-26 21:54:35,882 - INFO - PROD: PROD: 清空目标表 MA...
2024-12-26 21:54:35,892 - INFO - PROD: PROD: 目标表 MA 已清空。开始计算MA
2024-12-26 21:54:35,892 - INFO - PROD: PROD: 开始处理第 1 批，共 1000 支股票。
2024-12-26 21:54:38,449 - INFO - PROD: PROD: 返回数据行数：372881
2024-12-26 21:54:39,051 - INFO - PROD: PROD: 插入完成，共插入 1000 条记录。
2024-12-26 21:54:39,051 - INFO - PROD: PROD: 第 1 批处理完成，已插入结果。
2024-12-26 21:54:39,051 - INFO - PROD: PROD: 开始处理第 2 批，共 1000 支股票。
2024-12-26 21:54:41,684 - INFO - PROD: PROD: 返回数据行数：376774
2024-12-26 21:54:42,298 - INFO - PROD: PROD: 插入完成，共插入 1000 条记录。
2024-12-26 21:54:42,298 - INFO - PROD: PROD: 第 2 批处理完成，已插入结果。
2024-12-26 21:54:42,298 - INFO - PROD: PROD: 开始处理第 3 批，共 1000 支股票。
2024-12-26 21:54:44,866 - INFO - PROD: PROD: 返回数据行数：374165
2024-12-26 21:54:45,477 - INFO - PROD: PROD: 插入完成，共插入 1000 条记录。
2024-12-26 21:54:45,477 - INFO - PROD: PROD: 第 3 批处理完成，已插入结果。
2024-12-26 21:54:45,477 - INFO - PROD: PROD: 开始处理第 4 批，共 1000 支股票。
2024-12-26 21:54:48,053 - INFO - PROD: PROD: 返回数据行数：379126
2024-12-26 21:54:48,652 - INFO - PROD: PROD: 插入完成，共插入 1000 条记录。
2024-12-26 21:54:48,652 - INFO - PROD: PROD: 第 4 批处理完成，已插入结果。
2024-12-26 21:54:48,652 - INFO - PROD: PROD: 开始处理第 5 批，共 911 支股票。
2024-12-26 21:54:51,103 - INFO - PROD: PROD: 返回数据行数：345646
2024-12-26 21:54:51,683 - INFO - PROD: PROD: 插入完成，共插入 911 条记录。
2024-12-26 21:54:51,683 - INFO - PROD: PROD: 第 5 批处理完成，已插入结果。
2024-12-27 16:49:27,837 - INFO - PROD: PROD: 成功读取到 4941 支股票代码。
2024-12-27 16:49:27,837 - INFO - PROD: PROD: 清空目标表 MA...
2024-12-27 16:49:27,846 - INFO - PROD: PROD: 目标表 MA 已清空。开始计算MA
2024-12-27 16:49:27,846 - INFO - PROD: PROD: 开始处理第 1 批，共 1000 支股票。
2024-12-27 16:49:30,462 - INFO - PROD: PROD: 返回数据行数：382149
2024-12-27 16:49:31,074 - INFO - PROD: PROD: 插入完成，共插入 1000 条记录。
2024-12-27 16:49:31,075 - INFO - PROD: PROD: 第 1 批处理完成，已插入结果。
2024-12-27 16:49:31,075 - INFO - PROD: PROD: 开始处理第 2 批，共 1000 支股票。
2024-12-27 16:49:33,663 - INFO - PROD: PROD: 返回数据行数：380760
2024-12-27 16:49:34,261 - INFO - PROD: PROD: 插入完成，共插入 1000 条记录。
2024-12-27 16:49:34,261 - INFO - PROD: PROD: 第 2 批处理完成，已插入结果。
2024-12-27 16:49:34,261 - INFO - PROD: PROD: 开始处理第 3 批，共 1000 支股票。
2024-12-27 16:49:36,823 - INFO - PROD: PROD: 返回数据行数：378197
2024-12-27 16:49:37,419 - INFO - PROD: PROD: 插入完成，共插入 1000 条记录。
2024-12-27 16:49:37,419 - INFO - PROD: PROD: 第 3 批处理完成，已插入结果。
2024-12-27 16:49:37,419 - INFO - PROD: PROD: 开始处理第 4 批，共 1000 支股票。
2024-12-27 16:49:39,996 - INFO - PROD: PROD: 返回数据行数：376051
2024-12-27 16:49:40,603 - INFO - PROD: PROD: 插入完成，共插入 1000 条记录。
2024-12-27 16:49:40,604 - INFO - PROD: PROD: 第 4 批处理完成，已插入结果。
2024-12-27 16:49:40,604 - INFO - PROD: PROD: 开始处理第 5 批，共 941 支股票。
2024-12-27 16:49:43,050 - INFO - PROD: PROD: 返回数据行数：346637
2024-12-27 16:49:43,614 - INFO - PROD: PROD: 插入完成，共插入 941 条记录。
2024-12-27 16:49:43,614 - INFO - PROD: PROD: 第 5 批处理完成，已插入结果。
2024-12-30 16:34:37,319 - INFO - PROD: PROD: 成功读取到 4961 支股票代码。
2024-12-30 16:34:37,319 - INFO - PROD: PROD: 清空目标表 MA...
2024-12-30 16:34:37,329 - INFO - PROD: PROD: 目标表 MA 已清空。开始计算MA
2024-12-30 16:34:37,329 - INFO - PROD: PROD: 开始处理第 1 批，共 1000 支股票。
2024-12-30 16:34:39,943 - INFO - PROD: PROD: 返回数据行数：380546
2024-12-30 16:34:40,555 - INFO - PROD: PROD: 插入完成，共插入 1000 条记录。
2024-12-30 16:34:40,555 - INFO - PROD: PROD: 第 1 批处理完成，已插入结果。
2024-12-30 16:34:40,555 - INFO - PROD: PROD: 开始处理第 2 批，共 1000 支股票。
2024-12-30 16:34:43,142 - INFO - PROD: PROD: 返回数据行数：380769
2024-12-30 16:34:43,746 - INFO - PROD: PROD: 插入完成，共插入 1000 条记录。
2024-12-30 16:34:43,746 - INFO - PROD: PROD: 第 2 批处理完成，已插入结果。
2024-12-30 16:34:43,746 - INFO - PROD: PROD: 开始处理第 3 批，共 1000 支股票。
2024-12-30 16:34:46,337 - INFO - PROD: PROD: 返回数据行数：381342
2024-12-30 16:34:46,939 - INFO - PROD: PROD: 插入完成，共插入 1000 条记录。
2024-12-30 16:34:46,939 - INFO - PROD: PROD: 第 3 批处理完成，已插入结果。
2024-12-30 16:34:46,939 - INFO - PROD: PROD: 开始处理第 4 批，共 1000 支股票。
2024-12-30 16:34:49,517 - INFO - PROD: PROD: 返回数据行数：377296
2024-12-30 16:34:50,129 - INFO - PROD: PROD: 插入完成，共插入 1000 条记录。
2024-12-30 16:34:50,129 - INFO - PROD: PROD: 第 4 批处理完成，已插入结果。
2024-12-30 16:34:50,129 - INFO - PROD: PROD: 开始处理第 5 批，共 961 支股票。
2024-12-30 16:34:52,606 - INFO - PROD: PROD: 返回数据行数：356847
2024-12-30 16:34:53,190 - INFO - PROD: PROD: 插入完成，共插入 961 条记录。
2024-12-30 16:34:53,190 - INFO - PROD: PROD: 第 5 批处理完成，已插入结果。
2024-12-31 23:53:22,682 - INFO - PROD: PROD: 成功读取到 4963 支股票代码。
2024-12-31 23:53:22,682 - INFO - PROD: PROD: 清空目标表 MA...
2024-12-31 23:53:22,688 - INFO - PROD: PROD: 目标表 MA 已清空。开始计算MA
2024-12-31 23:53:22,688 - INFO - PROD: PROD: 开始处理第 1 批，共 1000 支股票。
2024-12-31 23:53:25,277 - INFO - PROD: PROD: 返回数据行数：377268
2024-12-31 23:53:25,922 - INFO - PROD: PROD: 插入完成，共插入 1000 条记录。
2024-12-31 23:53:25,922 - INFO - PROD: PROD: 第 1 批处理完成，已插入结果。
2024-12-31 23:53:25,922 - INFO - PROD: PROD: 开始处理第 2 批，共 1000 支股票。
2024-12-31 23:53:28,556 - INFO - PROD: PROD: 返回数据行数：382334
2024-12-31 23:53:29,151 - INFO - PROD: PROD: 插入完成，共插入 1000 条记录。
2024-12-31 23:53:29,151 - INFO - PROD: PROD: 第 2 批处理完成，已插入结果。
2024-12-31 23:53:29,151 - INFO - PROD: PROD: 开始处理第 3 批，共 1000 支股票。
2024-12-31 23:53:31,738 - INFO - PROD: PROD: 返回数据行数：381168
2024-12-31 23:53:32,324 - INFO - PROD: PROD: 插入完成，共插入 1000 条记录。
2024-12-31 23:53:32,324 - INFO - PROD: PROD: 第 3 批处理完成，已插入结果。
2024-12-31 23:53:32,324 - INFO - PROD: PROD: 开始处理第 4 批，共 1000 支股票。
2024-12-31 23:53:34,889 - INFO - PROD: PROD: 返回数据行数：377623
2024-12-31 23:53:35,476 - INFO - PROD: PROD: 插入完成，共插入 1000 条记录。
2024-12-31 23:53:35,476 - INFO - PROD: PROD: 第 4 批处理完成，已插入结果。
2024-12-31 23:53:35,476 - INFO - PROD: PROD: 开始处理第 5 批，共 963 支股票。
2024-12-31 23:53:37,988 - INFO - PROD: PROD: 返回数据行数：363688
2024-12-31 23:53:38,551 - INFO - PROD: PROD: 插入完成，共插入 963 条记录。
2024-12-31 23:53:38,551 - INFO - PROD: PROD: 第 5 批处理完成，已插入结果。
2025-01-03 11:50:23,400 - INFO - PROD: PROD: 成功读取到 4963 支股票代码。
2025-01-03 11:50:23,400 - INFO - PROD: PROD: 清空目标表 MA...
2025-01-03 11:50:23,457 - INFO - PROD: PROD: 目标表 MA 已清空。开始计算MA
2025-01-03 11:50:23,458 - INFO - PROD: PROD: 开始处理第 1 批，共 1000 支股票。
2025-01-03 11:50:26,265 - INFO - PROD: PROD: 返回数据行数：379266
2025-01-03 11:50:26,877 - INFO - PROD: PROD: 插入完成，共插入 1000 条记录。
2025-01-03 11:50:26,877 - INFO - PROD: PROD: 第 1 批处理完成，已插入结果。
2025-01-03 11:50:26,877 - INFO - PROD: PROD: 开始处理第 2 批，共 1000 支股票。
2025-01-03 11:50:29,532 - INFO - PROD: PROD: 返回数据行数：384332
2025-01-03 11:50:30,115 - INFO - PROD: PROD: 插入完成，共插入 1000 条记录。
2025-01-03 11:50:30,115 - INFO - PROD: PROD: 第 2 批处理完成，已插入结果。
2025-01-03 11:50:30,115 - INFO - PROD: PROD: 开始处理第 3 批，共 1000 支股票。
2025-01-03 11:50:32,705 - INFO - PROD: PROD: 返回数据行数：383168
2025-01-03 11:50:33,293 - INFO - PROD: PROD: 插入完成，共插入 1000 条记录。
2025-01-03 11:50:33,293 - INFO - PROD: PROD: 第 3 批处理完成，已插入结果。
2025-01-03 11:50:33,293 - INFO - PROD: PROD: 开始处理第 4 批，共 1000 支股票。
2025-01-03 11:50:35,874 - INFO - PROD: PROD: 返回数据行数：379623
2025-01-03 11:50:36,458 - INFO - PROD: PROD: 插入完成，共插入 1000 条记录。
2025-01-03 11:50:36,458 - INFO - PROD: PROD: 第 4 批处理完成，已插入结果。
2025-01-03 11:50:36,458 - INFO - PROD: PROD: 开始处理第 5 批，共 963 支股票。
2025-01-03 11:50:38,962 - INFO - PROD: PROD: 返回数据行数：365610
2025-01-03 11:50:39,525 - INFO - PROD: PROD: 插入完成，共插入 963 条记录。
2025-01-03 11:50:39,525 - INFO - PROD: PROD: 第 5 批处理完成，已插入结果。
2025-01-03 11:55:18,743 - INFO - PROD: PROD: 成功读取到 4963 支股票代码。
2025-01-03 11:55:18,743 - INFO - PROD: PROD: 清空目标表 MA...
2025-01-03 11:55:18,772 - INFO - PROD: PROD: 目标表 MA 已清空。开始计算MA
2025-01-03 11:55:18,772 - INFO - PROD: PROD: 开始处理第 1 批，共 1000 支股票。
2025-01-03 11:55:21,372 - INFO - PROD: PROD: 返回数据行数：378267
2025-01-03 11:55:21,973 - INFO - PROD: PROD: 插入完成，共插入 1000 条记录。
2025-01-03 11:55:21,973 - INFO - PROD: PROD: 第 1 批处理完成，已插入结果。
2025-01-03 11:55:21,973 - INFO - PROD: PROD: 开始处理第 2 批，共 1000 支股票。
2025-01-03 11:55:24,568 - INFO - PROD: PROD: 返回数据行数：383333
2025-01-03 11:55:25,167 - INFO - PROD: PROD: 插入完成，共插入 1000 条记录。
2025-01-03 11:55:25,167 - INFO - PROD: PROD: 第 2 批处理完成，已插入结果。
2025-01-03 11:55:25,167 - INFO - PROD: PROD: 开始处理第 3 批，共 1000 支股票。
2025-01-03 11:55:27,758 - INFO - PROD: PROD: 返回数据行数：382168
2025-01-03 11:55:28,350 - INFO - PROD: PROD: 插入完成，共插入 1000 条记录。
2025-01-03 11:55:28,350 - INFO - PROD: PROD: 第 3 批处理完成，已插入结果。
2025-01-03 11:55:28,350 - INFO - PROD: PROD: 开始处理第 4 批，共 1000 支股票。
2025-01-03 11:55:30,921 - INFO - PROD: PROD: 返回数据行数：378623
2025-01-03 11:55:31,524 - INFO - PROD: PROD: 插入完成，共插入 1000 条记录。
2025-01-03 11:55:31,524 - INFO - PROD: PROD: 第 4 批处理完成，已插入结果。
2025-01-03 11:55:31,524 - INFO - PROD: PROD: 开始处理第 5 批，共 963 支股票。
2025-01-03 11:55:34,062 - INFO - PROD: PROD: 返回数据行数：364649
2025-01-03 11:55:34,649 - INFO - PROD: PROD: 插入完成，共插入 963 条记录。
2025-01-03 11:55:34,649 - INFO - PROD: PROD: 第 5 批处理完成，已插入结果。
2025-01-03 16:30:02,473 - INFO - PROD: PROD: 成功读取到 4967 支股票代码。
2025-01-03 16:30:02,473 - INFO - PROD: PROD: 清空目标表 MA...
2025-01-03 16:30:02,484 - INFO - PROD: PROD: 目标表 MA 已清空。开始计算MA
2025-01-03 16:30:02,484 - INFO - PROD: PROD: 开始处理第 1 批，共 1000 支股票。
2025-01-03 16:30:05,154 - INFO - PROD: PROD: 返回数据行数：378938
2025-01-03 16:30:05,773 - INFO - PROD: PROD: 插入完成，共插入 1000 条记录。
2025-01-03 16:30:05,773 - INFO - PROD: PROD: 第 1 批处理完成，已插入结果。
2025-01-03 16:30:05,773 - INFO - PROD: PROD: 开始处理第 2 批，共 1000 支股票。
2025-01-03 16:30:08,581 - INFO - PROD: PROD: 返回数据行数：384771
2025-01-03 16:30:09,209 - INFO - PROD: PROD: 插入完成，共插入 1000 条记录。
2025-01-03 16:30:09,209 - INFO - PROD: PROD: 第 2 批处理完成，已插入结果。
2025-01-03 16:30:09,209 - INFO - PROD: PROD: 开始处理第 3 批，共 1000 支股票。
2025-01-03 16:30:11,946 - INFO - PROD: PROD: 返回数据行数：380117
2025-01-03 16:30:12,578 - INFO - PROD: PROD: 插入完成，共插入 1000 条记录。
2025-01-03 16:30:12,579 - INFO - PROD: PROD: 第 3 批处理完成，已插入结果。
2025-01-03 16:30:12,579 - INFO - PROD: PROD: 开始处理第 4 批，共 1000 支股票。
2025-01-03 16:30:15,242 - INFO - PROD: PROD: 返回数据行数：380434
2025-01-03 16:30:15,863 - INFO - PROD: PROD: 插入完成，共插入 1000 条记录。
2025-01-03 16:30:15,864 - INFO - PROD: PROD: 第 4 批处理完成，已插入结果。
2025-01-03 16:30:15,864 - INFO - PROD: PROD: 开始处理第 5 批，共 967 支股票。
2025-01-03 16:30:18,479 - INFO - PROD: PROD: 返回数据行数：369096
2025-01-03 16:30:19,060 - INFO - PROD: PROD: 插入完成，共插入 967 条记录。
2025-01-03 16:30:19,060 - INFO - PROD: PROD: 第 5 批处理完成，已插入结果。
2025-01-06 15:48:28,589 - INFO - PROD: PROD: 成功读取到 4955 支股票代码。
2025-01-06 15:48:28,589 - INFO - PROD: PROD: 清空目标表 MA...
2025-01-06 15:48:28,596 - INFO - PROD: PROD: 目标表 MA 已清空。开始计算MA
2025-01-06 15:48:28,596 - INFO - PROD: PROD: 开始处理第 1 批，共 1000 支股票。
2025-01-06 15:48:31,217 - INFO - PROD: PROD: 返回数据行数：382370
2025-01-06 15:48:31,815 - INFO - PROD: PROD: 插入完成，共插入 1000 条记录。
2025-01-06 15:48:31,815 - INFO - PROD: PROD: 第 1 批处理完成，已插入结果。
2025-01-06 15:48:31,816 - INFO - PROD: PROD: 开始处理第 2 批，共 1000 支股票。
2025-01-06 15:48:34,450 - INFO - PROD: PROD: 返回数据行数：382811
2025-01-06 15:48:35,038 - INFO - PROD: PROD: 插入完成，共插入 1000 条记录。
2025-01-06 15:48:35,038 - INFO - PROD: PROD: 第 2 批处理完成，已插入结果。
2025-01-06 15:48:35,038 - INFO - PROD: PROD: 开始处理第 3 批，共 1000 支股票。
2025-01-06 15:48:37,695 - INFO - PROD: PROD: 返回数据行数：384609
2025-01-06 15:48:38,292 - INFO - PROD: PROD: 插入完成，共插入 1000 条记录。
2025-01-06 15:48:38,292 - INFO - PROD: PROD: 第 3 批处理完成，已插入结果。
2025-01-06 15:48:38,292 - INFO - PROD: PROD: 开始处理第 4 批，共 1000 支股票。
2025-01-06 15:48:40,922 - INFO - PROD: PROD: 返回数据行数：381416
2025-01-06 15:48:41,514 - INFO - PROD: PROD: 插入完成，共插入 1000 条记录。
2025-01-06 15:48:41,515 - INFO - PROD: PROD: 第 4 批处理完成，已插入结果。
2025-01-06 15:48:41,515 - INFO - PROD: PROD: 开始处理第 5 批，共 955 支股票。
2025-01-06 15:48:44,085 - INFO - PROD: PROD: 返回数据行数：361168
2025-01-06 15:48:44,654 - INFO - PROD: PROD: 插入完成，共插入 955 条记录。
2025-01-06 15:48:44,654 - INFO - PROD: PROD: 第 5 批处理完成，已插入结果。
2025-01-07 20:39:26,330 - INFO - PROD: PROD: 成功读取到 4906 支股票代码。
2025-01-07 20:39:26,330 - INFO - PROD: PROD: 清空目标表 MA...
2025-01-07 20:39:26,341 - INFO - PROD: PROD: 目标表 MA 已清空。开始计算MA
2025-01-07 20:39:26,341 - INFO - PROD: PROD: 开始处理第 1 批，共 1000 支股票。
2025-01-07 20:39:28,945 - INFO - PROD: PROD: 返回数据行数：383146
2025-01-07 20:39:29,541 - INFO - PROD: PROD: 插入完成，共插入 1000 条记录。
2025-01-07 20:39:29,541 - INFO - PROD: PROD: 第 1 批处理完成，已插入结果。
2025-01-07 20:39:29,541 - INFO - PROD: PROD: 开始处理第 2 批，共 1000 支股票。
2025-01-07 20:39:32,512 - INFO - PROD: PROD: 返回数据行数：381087
2025-01-07 20:39:33,118 - INFO - PROD: PROD: 插入完成，共插入 1000 条记录。
2025-01-07 20:39:33,118 - INFO - PROD: PROD: 第 2 批处理完成，已插入结果。
2025-01-07 20:39:33,118 - INFO - PROD: PROD: 开始处理第 3 批，共 1000 支股票。
2025-01-07 20:39:37,122 - INFO - PROD: PROD: 返回数据行数：381595
2025-01-07 20:39:37,813 - INFO - PROD: PROD: 插入完成，共插入 1000 条记录。
2025-01-07 20:39:37,813 - INFO - PROD: PROD: 第 3 批处理完成，已插入结果。
2025-01-07 20:39:37,813 - INFO - PROD: PROD: 开始处理第 4 批，共 1000 支股票。
2025-01-07 20:39:40,990 - INFO - PROD: PROD: 返回数据行数：383138
2025-01-07 20:39:41,779 - INFO - PROD: PROD: 插入完成，共插入 1000 条记录。
2025-01-07 20:39:41,779 - INFO - PROD: PROD: 第 4 批处理完成，已插入结果。
2025-01-07 20:39:41,779 - INFO - PROD: PROD: 开始处理第 5 批，共 906 支股票。
2025-01-07 20:39:44,955 - INFO - PROD: PROD: 返回数据行数：349868
2025-01-07 20:39:45,765 - INFO - PROD: PROD: 插入完成，共插入 906 条记录。
2025-01-07 20:39:45,765 - INFO - PROD: PROD: 第 5 批处理完成，已插入结果。
2025-01-08 16:40:40,878 - INFO - PROD: PROD: 成功读取到 4947 支股票代码。
2025-01-08 16:40:40,879 - INFO - PROD: PROD: 清空目标表 MA...
2025-01-08 16:40:40,884 - INFO - PROD: PROD: 目标表 MA 已清空。开始计算MA
2025-01-08 16:40:40,884 - INFO - PROD: PROD: 开始处理第 1 批，共 1000 支股票。
2025-01-08 16:40:43,568 - INFO - PROD: PROD: 返回数据行数：380958
2025-01-08 16:40:44,174 - INFO - PROD: PROD: 插入完成，共插入 1000 条记录。
2025-01-08 16:40:44,174 - INFO - PROD: PROD: 第 1 批处理完成，已插入结果。
2025-01-08 16:40:44,174 - INFO - PROD: PROD: 开始处理第 2 批，共 1000 支股票。
2025-01-08 16:40:46,834 - INFO - PROD: PROD: 返回数据行数：384177
2025-01-08 16:40:47,429 - INFO - PROD: PROD: 插入完成，共插入 1000 条记录。
2025-01-08 16:40:47,429 - INFO - PROD: PROD: 第 2 批处理完成，已插入结果。
2025-01-08 16:40:47,429 - INFO - PROD: PROD: 开始处理第 3 批，共 1000 支股票。
2025-01-08 16:40:50,070 - INFO - PROD: PROD: 返回数据行数：385331
2025-01-08 16:40:50,670 - INFO - PROD: PROD: 插入完成，共插入 1000 条记录。
2025-01-08 16:40:50,671 - INFO - PROD: PROD: 第 3 批处理完成，已插入结果。
2025-01-08 16:40:50,671 - INFO - PROD: PROD: 开始处理第 4 批，共 1000 支股票。
2025-01-08 16:40:53,303 - INFO - PROD: PROD: 返回数据行数：385429
2025-01-08 16:40:53,894 - INFO - PROD: PROD: 插入完成，共插入 1000 条记录。
2025-01-08 16:40:53,895 - INFO - PROD: PROD: 第 4 批处理完成，已插入结果。
2025-01-08 16:40:53,895 - INFO - PROD: PROD: 开始处理第 5 批，共 947 支股票。
2025-01-08 16:40:56,454 - INFO - PROD: PROD: 返回数据行数：363964
2025-01-08 16:40:57,014 - INFO - PROD: PROD: 插入完成，共插入 947 条记录。
2025-01-08 16:40:57,014 - INFO - PROD: PROD: 第 5 批处理完成，已插入结果。
2025-01-09 22:07:05,885 - INFO - PROD: PROD: 成功读取到 4939 支股票代码。
2025-01-09 22:07:05,885 - INFO - PROD: PROD: 清空目标表 MA...
2025-01-09 22:07:05,890 - INFO - PROD: PROD: 目标表 MA 已清空。开始计算MA
2025-01-09 22:07:05,891 - INFO - PROD: PROD: 开始处理第 1 批，共 1000 支股票。
2025-01-09 22:07:08,521 - INFO - PROD: PROD: 返回数据行数：376612
2025-01-09 22:07:09,108 - INFO - PROD: PROD: 插入完成，共插入 1000 条记录。
2025-01-09 22:07:09,108 - INFO - PROD: PROD: 第 1 批处理完成，已插入结果。
2025-01-09 22:07:09,108 - INFO - PROD: PROD: 开始处理第 2 批，共 1000 支股票。
2025-01-09 22:07:11,760 - INFO - PROD: PROD: 返回数据行数：385933
2025-01-09 22:07:12,354 - INFO - PROD: PROD: 插入完成，共插入 1000 条记录。
2025-01-09 22:07:12,354 - INFO - PROD: PROD: 第 2 批处理完成，已插入结果。
2025-01-09 22:07:12,354 - INFO - PROD: PROD: 开始处理第 3 批，共 1000 支股票。
2025-01-09 22:07:15,026 - INFO - PROD: PROD: 返回数据行数：386270
2025-01-09 22:07:15,613 - INFO - PROD: PROD: 插入完成，共插入 1000 条记录。
2025-01-09 22:07:15,613 - INFO - PROD: PROD: 第 3 批处理完成，已插入结果。
2025-01-09 22:07:15,613 - INFO - PROD: PROD: 开始处理第 4 批，共 1000 支股票。
2025-01-09 22:07:18,291 - INFO - PROD: PROD: 返回数据行数：388025
2025-01-09 22:07:18,893 - INFO - PROD: PROD: 插入完成，共插入 1000 条记录。
2025-01-09 22:07:18,893 - INFO - PROD: PROD: 第 4 批处理完成，已插入结果。
2025-01-09 22:07:18,893 - INFO - PROD: PROD: 开始处理第 5 批，共 939 支股票。
2025-01-09 22:07:21,490 - INFO - PROD: PROD: 返回数据行数：364828
2025-01-09 22:07:22,040 - INFO - PROD: PROD: 插入完成，共插入 939 条记录。
2025-01-09 22:07:22,040 - INFO - PROD: PROD: 第 5 批处理完成，已插入结果。
2025-01-10 21:43:36,411 - INFO - PROD: PROD: 成功读取到 4967 支股票代码。
2025-01-10 21:43:36,411 - INFO - PROD: PROD: 清空目标表 MA...
2025-01-10 21:43:36,417 - INFO - PROD: PROD: 目标表 MA 已清空。开始计算MA
2025-01-10 21:43:36,417 - INFO - PROD: PROD: 开始处理第 1 批，共 1000 支股票。
2025-01-10 21:43:39,091 - INFO - PROD: PROD: 返回数据行数：386107
2025-01-10 21:43:39,685 - INFO - PROD: PROD: 插入完成，共插入 1000 条记录。
2025-01-10 21:43:39,685 - INFO - PROD: PROD: 第 1 批处理完成，已插入结果。
2025-01-10 21:43:39,685 - INFO - PROD: PROD: 开始处理第 2 批，共 1000 支股票。
2025-01-10 21:43:42,345 - INFO - PROD: PROD: 返回数据行数：388304
2025-01-10 21:43:42,939 - INFO - PROD: PROD: 插入完成，共插入 1000 条记录。
2025-01-10 21:43:42,939 - INFO - PROD: PROD: 第 2 批处理完成，已插入结果。
2025-01-10 21:43:42,939 - INFO - PROD: PROD: 开始处理第 3 批，共 1000 支股票。
2025-01-10 21:43:45,568 - INFO - PROD: PROD: 返回数据行数：386401
2025-01-10 21:43:46,177 - INFO - PROD: PROD: 插入完成，共插入 1000 条记录。
2025-01-10 21:43:46,177 - INFO - PROD: PROD: 第 3 批处理完成，已插入结果。
2025-01-10 21:43:46,177 - INFO - PROD: PROD: 开始处理第 4 批，共 1000 支股票。
2025-01-10 21:43:48,821 - INFO - PROD: PROD: 返回数据行数：385571
2025-01-10 21:43:49,414 - INFO - PROD: PROD: 插入完成，共插入 1000 条记录。
2025-01-10 21:43:49,414 - INFO - PROD: PROD: 第 4 批处理完成，已插入结果。
2025-01-10 21:43:49,414 - INFO - PROD: PROD: 开始处理第 5 批，共 967 支股票。
2025-01-10 21:43:51,984 - INFO - PROD: PROD: 返回数据行数：370730
2025-01-10 21:43:52,560 - INFO - PROD: PROD: 插入完成，共插入 967 条记录。
2025-01-10 21:43:52,560 - INFO - PROD: PROD: 第 5 批处理完成，已插入结果。
2025-01-13 20:37:00,567 - INFO - PROD: PROD: 成功读取到 4958 支股票代码。
2025-01-13 20:37:00,567 - INFO - PROD: PROD: 清空目标表 MA...
2025-01-13 20:37:00,572 - INFO - PROD: PROD: 目标表 MA 已清空。开始计算MA
2025-01-13 20:37:00,572 - INFO - PROD: PROD: 开始处理第 1 批，共 1000 支股票。
2025-01-13 20:37:03,213 - INFO - PROD: PROD: 返回数据行数：386201
2025-01-13 20:37:03,817 - INFO - PROD: PROD: 插入完成，共插入 1000 条记录。
2025-01-13 20:37:03,817 - INFO - PROD: PROD: 第 1 批处理完成，已插入结果。
2025-01-13 20:37:03,817 - INFO - PROD: PROD: 开始处理第 2 批，共 1000 支股票。
2025-01-13 20:37:06,472 - INFO - PROD: PROD: 返回数据行数：389324
2025-01-13 20:37:07,068 - INFO - PROD: PROD: 插入完成，共插入 1000 条记录。
2025-01-13 20:37:07,068 - INFO - PROD: PROD: 第 2 批处理完成，已插入结果。
2025-01-13 20:37:07,068 - INFO - PROD: PROD: 开始处理第 3 批，共 1000 支股票。
2025-01-13 20:37:09,811 - INFO - PROD: PROD: 返回数据行数：387937
2025-01-13 20:37:10,411 - INFO - PROD: PROD: 插入完成，共插入 1000 条记录。
2025-01-13 20:37:10,411 - INFO - PROD: PROD: 第 3 批处理完成，已插入结果。
2025-01-13 20:37:10,411 - INFO - PROD: PROD: 开始处理第 4 批，共 1000 支股票。
2025-01-13 20:37:13,195 - INFO - PROD: PROD: 返回数据行数：388315
2025-01-13 20:37:13,789 - INFO - PROD: PROD: 插入完成，共插入 1000 条记录。
2025-01-13 20:37:13,789 - INFO - PROD: PROD: 第 4 批处理完成，已插入结果。
2025-01-13 20:37:13,789 - INFO - PROD: PROD: 开始处理第 5 批，共 958 支股票。
2025-01-13 20:37:16,463 - INFO - PROD: PROD: 返回数据行数：366467
2025-01-13 20:37:17,046 - INFO - PROD: PROD: 插入完成，共插入 958 条记录。
2025-01-13 20:37:17,046 - INFO - PROD: PROD: 第 5 批处理完成，已插入结果。
2025-01-14 17:54:21,571 - INFO - PROD: PROD: 成功读取到 4842 支股票代码。
2025-01-14 17:54:21,571 - INFO - PROD: PROD: 清空目标表 MA...
2025-01-14 17:54:21,578 - INFO - PROD: PROD: 目标表 MA 已清空。开始计算MA
2025-01-14 17:54:21,578 - INFO - PROD: PROD: 开始处理第 1 批，共 1000 支股票。
2025-01-14 17:54:24,302 - INFO - PROD: PROD: 返回数据行数：384945
2025-01-14 17:54:24,903 - INFO - PROD: PROD: 插入完成，共插入 1000 条记录。
2025-01-14 17:54:24,903 - INFO - PROD: PROD: 第 1 批处理完成，已插入结果。
2025-01-14 17:54:24,903 - INFO - PROD: PROD: 开始处理第 2 批，共 1000 支股票。
2025-01-14 17:54:27,575 - INFO - PROD: PROD: 返回数据行数：388465
2025-01-14 17:54:28,166 - INFO - PROD: PROD: 插入完成，共插入 1000 条记录。
2025-01-14 17:54:28,166 - INFO - PROD: PROD: 第 2 批处理完成，已插入结果。
2025-01-14 17:54:28,166 - INFO - PROD: PROD: 开始处理第 3 批，共 1000 支股票。
2025-01-14 17:54:30,814 - INFO - PROD: PROD: 返回数据行数：386747
2025-01-14 17:54:31,417 - INFO - PROD: PROD: 插入完成，共插入 1000 条记录。
2025-01-14 17:54:31,417 - INFO - PROD: PROD: 第 3 批处理完成，已插入结果。
2025-01-14 17:54:31,417 - INFO - PROD: PROD: 开始处理第 4 批，共 1000 支股票。
2025-01-14 17:54:34,077 - INFO - PROD: PROD: 返回数据行数：386884
2025-01-14 17:54:34,666 - INFO - PROD: PROD: 插入完成，共插入 1000 条记录。
2025-01-14 17:54:34,666 - INFO - PROD: PROD: 第 4 批处理完成，已插入结果。
2025-01-14 17:54:34,666 - INFO - PROD: PROD: 开始处理第 5 批，共 842 支股票。
2025-01-14 17:54:37,076 - INFO - PROD: PROD: 返回数据行数：330835
2025-01-14 17:54:37,579 - INFO - PROD: PROD: 插入完成，共插入 842 条记录。
2025-01-14 17:54:37,579 - INFO - PROD: PROD: 第 5 批处理完成，已插入结果。
2025-01-15 21:16:03,900 - INFO - PROD: PROD: 成功读取到 4960 支股票代码。
2025-01-15 21:16:03,901 - INFO - PROD: PROD: 清空目标表 MA...
2025-01-15 21:16:03,909 - INFO - PROD: PROD: 目标表 MA 已清空。开始计算MA
2025-01-15 21:16:03,909 - INFO - PROD: PROD: 开始处理第 1 批，共 1000 支股票。
2025-01-15 21:16:06,558 - INFO - PROD: PROD: 返回数据行数：391588
2025-01-15 21:16:07,149 - INFO - PROD: PROD: 插入完成，共插入 1000 条记录。
2025-01-15 21:16:07,149 - INFO - PROD: PROD: 第 1 批处理完成，已插入结果。
2025-01-15 21:16:07,149 - INFO - PROD: PROD: 开始处理第 2 批，共 1000 支股票。
2025-01-15 21:16:09,818 - INFO - PROD: PROD: 返回数据行数：392068
2025-01-15 21:16:10,420 - INFO - PROD: PROD: 插入完成，共插入 1000 条记录。
2025-01-15 21:16:10,420 - INFO - PROD: PROD: 第 2 批处理完成，已插入结果。
2025-01-15 21:16:10,420 - INFO - PROD: PROD: 开始处理第 3 批，共 1000 支股票。
2025-01-15 21:16:13,057 - INFO - PROD: PROD: 返回数据行数：392259
2025-01-15 21:16:13,658 - INFO - PROD: PROD: 插入完成，共插入 1000 条记录。
2025-01-15 21:16:13,658 - INFO - PROD: PROD: 第 3 批处理完成，已插入结果。
2025-01-15 21:16:13,658 - INFO - PROD: PROD: 开始处理第 4 批，共 1000 支股票。
2025-01-15 21:16:16,285 - INFO - PROD: PROD: 返回数据行数：388789
2025-01-15 21:16:16,868 - INFO - PROD: PROD: 插入完成，共插入 1000 条记录。
2025-01-15 21:16:16,868 - INFO - PROD: PROD: 第 4 批处理完成，已插入结果。
2025-01-15 21:16:16,868 - INFO - PROD: PROD: 开始处理第 5 批，共 960 支股票。
2025-01-15 21:16:19,388 - INFO - PROD: PROD: 返回数据行数：363524
2025-01-15 21:16:19,956 - INFO - PROD: PROD: 插入完成，共插入 960 条记录。
2025-01-15 21:16:19,956 - INFO - PROD: PROD: 第 5 批处理完成，已插入结果。
2025-01-16 19:09:50,938 - INFO - PROD: PROD: 成功读取到 4946 支股票代码。
2025-01-16 19:09:50,938 - INFO - PROD: PROD: 清空目标表 MA...
2025-01-16 19:09:50,945 - INFO - PROD: PROD: 目标表 MA 已清空。开始计算MA
2025-01-16 19:09:50,945 - INFO - PROD: PROD: 开始处理第 1 批，共 1000 支股票。
2025-01-16 19:09:53,624 - INFO - PROD: PROD: 返回数据行数：390084
2025-01-16 19:09:54,216 - INFO - PROD: PROD: 插入完成，共插入 1000 条记录。
2025-01-16 19:09:54,216 - INFO - PROD: PROD: 第 1 批处理完成，已插入结果。
2025-01-16 19:09:54,216 - INFO - PROD: PROD: 开始处理第 2 批，共 1000 支股票。
2025-01-16 19:09:56,904 - INFO - PROD: PROD: 返回数据行数：391232
2025-01-16 19:09:57,511 - INFO - PROD: PROD: 插入完成，共插入 1000 条记录。
2025-01-16 19:09:57,511 - INFO - PROD: PROD: 第 2 批处理完成，已插入结果。
2025-01-16 19:09:57,511 - INFO - PROD: PROD: 开始处理第 3 批，共 1000 支股票。
2025-01-16 19:10:00,194 - INFO - PROD: PROD: 返回数据行数：389612
2025-01-16 19:10:00,783 - INFO - PROD: PROD: 插入完成，共插入 1000 条记录。
2025-01-16 19:10:00,783 - INFO - PROD: PROD: 第 3 批处理完成，已插入结果。
2025-01-16 19:10:00,783 - INFO - PROD: PROD: 开始处理第 4 批，共 1000 支股票。
2025-01-16 19:10:03,506 - INFO - PROD: PROD: 返回数据行数：390941
2025-01-16 19:10:04,102 - INFO - PROD: PROD: 插入完成，共插入 1000 条记录。
2025-01-16 19:10:04,102 - INFO - PROD: PROD: 第 4 批处理完成，已插入结果。
2025-01-16 19:10:04,102 - INFO - PROD: PROD: 开始处理第 5 批，共 946 支股票。
2025-01-16 19:10:06,686 - INFO - PROD: PROD: 返回数据行数：364929
2025-01-16 19:10:07,259 - INFO - PROD: PROD: 插入完成，共插入 946 条记录。
2025-01-16 19:10:07,259 - INFO - PROD: PROD: 第 5 批处理完成，已插入结果。
2025-01-17 20:12:48,597 - INFO - PROD: PROD: 成功读取到 4959 支股票代码。
2025-01-17 20:12:48,597 - INFO - PROD: PROD: 清空目标表 MA...
2025-01-17 20:12:48,605 - INFO - PROD: PROD: 目标表 MA 已清空。开始计算MA
2025-01-17 20:12:48,605 - INFO - PROD: PROD: 开始处理第 1 批，共 1000 支股票。
2025-01-17 20:12:51,327 - INFO - PROD: PROD: 返回数据行数：391102
2025-01-17 20:12:51,929 - INFO - PROD: PROD: 插入完成，共插入 1000 条记录。
2025-01-17 20:12:51,929 - INFO - PROD: PROD: 第 1 批处理完成，已插入结果。
2025-01-17 20:12:51,929 - INFO - PROD: PROD: 开始处理第 2 批，共 1000 支股票。
2025-01-17 20:12:54,656 - INFO - PROD: PROD: 返回数据行数：394065
2025-01-17 20:12:55,253 - INFO - PROD: PROD: 插入完成，共插入 1000 条记录。
2025-01-17 20:12:55,253 - INFO - PROD: PROD: 第 2 批处理完成，已插入结果。
2025-01-17 20:12:55,253 - INFO - PROD: PROD: 开始处理第 3 批，共 1000 支股票。
2025-01-17 20:12:57,932 - INFO - PROD: PROD: 返回数据行数：393696
2025-01-17 20:12:58,526 - INFO - PROD: PROD: 插入完成，共插入 1000 条记录。
2025-01-17 20:12:58,526 - INFO - PROD: PROD: 第 3 批处理完成，已插入结果。
2025-01-17 20:12:58,526 - INFO - PROD: PROD: 开始处理第 4 批，共 1000 支股票。
2025-01-17 20:13:01,187 - INFO - PROD: PROD: 返回数据行数：389145
2025-01-17 20:13:01,797 - INFO - PROD: PROD: 插入完成，共插入 1000 条记录。
2025-01-17 20:13:01,797 - INFO - PROD: PROD: 第 4 批处理完成，已插入结果。
2025-01-17 20:13:01,797 - INFO - PROD: PROD: 开始处理第 5 批，共 959 支股票。
2025-01-17 20:13:04,559 - INFO - PROD: PROD: 返回数据行数：369147
2025-01-17 20:13:05,131 - INFO - PROD: PROD: 插入完成，共插入 959 条记录。
2025-01-17 20:13:05,131 - INFO - PROD: PROD: 第 5 批处理完成，已插入结果。
2025-01-20 16:39:01,065 - INFO - PROD: PROD: 成功读取到 4950 支股票代码。
2025-01-20 16:39:01,066 - INFO - PROD: PROD: 清空目标表 MA...
2025-01-20 16:39:01,072 - INFO - PROD: PROD: 目标表 MA 已清空。开始计算MA
2025-01-20 16:39:01,072 - INFO - PROD: PROD: 开始处理第 1 批，共 1000 支股票。
2025-01-20 16:39:03,738 - INFO - PROD: PROD: 返回数据行数：390801
2025-01-20 16:39:04,330 - INFO - PROD: PROD: 插入完成，共插入 1000 条记录。
2025-01-20 16:39:04,330 - INFO - PROD: PROD: 第 1 批处理完成，已插入结果。
2025-01-20 16:39:04,330 - INFO - PROD: PROD: 开始处理第 2 批，共 1000 支股票。
2025-01-20 16:39:06,981 - INFO - PROD: PROD: 返回数据行数：388389
2025-01-20 16:39:07,590 - INFO - PROD: PROD: 插入完成，共插入 1000 条记录。
2025-01-20 16:39:07,593 - INFO - PROD: PROD: 第 2 批处理完成，已插入结果。
2025-01-20 16:39:07,593 - INFO - PROD: PROD: 开始处理第 3 批，共 1000 支股票。
2025-01-20 16:39:10,239 - INFO - PROD: PROD: 返回数据行数：392125
2025-01-20 16:39:10,837 - INFO - PROD: PROD: 插入完成，共插入 1000 条记录。
2025-01-20 16:39:10,837 - INFO - PROD: PROD: 第 3 批处理完成，已插入结果。
2025-01-20 16:39:10,837 - INFO - PROD: PROD: 开始处理第 4 批，共 1000 支股票。
2025-01-20 16:39:13,499 - INFO - PROD: PROD: 返回数据行数：394235
2025-01-20 16:39:14,086 - INFO - PROD: PROD: 插入完成，共插入 1000 条记录。
2025-01-20 16:39:14,086 - INFO - PROD: PROD: 第 4 批处理完成，已插入结果。
2025-01-20 16:39:14,086 - INFO - PROD: PROD: 开始处理第 5 批，共 950 支股票。
2025-01-20 16:39:16,683 - INFO - PROD: PROD: 返回数据行数：373427
2025-01-20 16:39:17,242 - INFO - PROD: PROD: 插入完成，共插入 950 条记录。
2025-01-20 16:39:17,242 - INFO - PROD: PROD: 第 5 批处理完成，已插入结果。
2025-01-21 20:13:26,181 - INFO - PROD: PROD: 成功读取到 4957 支股票代码。
2025-01-21 20:13:26,183 - INFO - PROD: PROD: 清空目标表 MA...
2025-01-21 20:13:26,192 - INFO - PROD: PROD: 目标表 MA 已清空。开始计算MA
2025-01-21 20:13:26,192 - INFO - PROD: PROD: 开始处理第 1 批，共 1000 支股票。
2025-01-21 20:13:28,983 - INFO - PROD: PROD: 返回数据行数：390824
2025-01-21 20:13:29,568 - INFO - PROD: PROD: 插入完成，共插入 1000 条记录。
2025-01-21 20:13:29,568 - INFO - PROD: PROD: 第 1 批处理完成，已插入结果。
2025-01-21 20:13:29,568 - INFO - PROD: PROD: 开始处理第 2 批，共 1000 支股票。
2025-01-21 20:13:32,324 - INFO - PROD: PROD: 返回数据行数：389882
2025-01-21 20:13:32,917 - INFO - PROD: PROD: 插入完成，共插入 1000 条记录。
2025-01-21 20:13:32,917 - INFO - PROD: PROD: 第 2 批处理完成，已插入结果。
2025-01-21 20:13:32,917 - INFO - PROD: PROD: 开始处理第 3 批，共 1000 支股票。
2025-01-21 20:13:35,674 - INFO - PROD: PROD: 返回数据行数：392745
2025-01-21 20:13:36,318 - INFO - PROD: PROD: 插入完成，共插入 1000 条记录。
2025-01-21 20:13:36,318 - INFO - PROD: PROD: 第 3 批处理完成，已插入结果。
2025-01-21 20:13:36,319 - INFO - PROD: PROD: 开始处理第 4 批，共 1000 支股票。
2025-01-21 20:13:39,217 - INFO - PROD: PROD: 返回数据行数：394036
2025-01-21 20:13:39,825 - INFO - PROD: PROD: 插入完成，共插入 1000 条记录。
2025-01-21 20:13:39,825 - INFO - PROD: PROD: 第 4 批处理完成，已插入结果。
2025-01-21 20:13:39,825 - INFO - PROD: PROD: 开始处理第 5 批，共 957 支股票。
2025-01-21 20:13:42,532 - INFO - PROD: PROD: 返回数据行数：378557
2025-01-21 20:13:43,092 - INFO - PROD: PROD: 插入完成，共插入 957 条记录。
2025-01-21 20:13:43,092 - INFO - PROD: PROD: 第 5 批处理完成，已插入结果。
2025-01-22 15:38:40,779 - INFO - PROD: PROD: 成功读取到 4975 支股票代码。
2025-01-22 15:38:40,780 - INFO - PROD: PROD: 清空目标表 MA...
2025-01-22 15:38:40,785 - INFO - PROD: PROD: 目标表 MA 已清空。开始计算MA
2025-01-22 15:38:40,786 - INFO - PROD: PROD: 开始处理第 1 批，共 1000 支股票。
2025-01-22 15:38:43,731 - INFO - PROD: PROD: 返回数据行数：395285
2025-01-22 15:38:44,336 - INFO - PROD: PROD: 插入完成，共插入 1000 条记录。
2025-01-22 15:38:44,336 - INFO - PROD: PROD: 第 1 批处理完成，已插入结果。
2025-01-22 15:38:44,336 - INFO - PROD: PROD: 开始处理第 2 批，共 1000 支股票。
2025-01-22 15:38:47,444 - INFO - PROD: PROD: 返回数据行数：396602
2025-01-22 15:38:48,164 - INFO - PROD: PROD: 插入完成，共插入 1000 条记录。
2025-01-22 15:38:48,164 - INFO - PROD: PROD: 第 2 批处理完成，已插入结果。
2025-01-22 15:38:48,164 - INFO - PROD: PROD: 开始处理第 3 批，共 1000 支股票。
2025-01-22 15:38:51,058 - INFO - PROD: PROD: 返回数据行数：397030
2025-01-22 15:38:51,666 - INFO - PROD: PROD: 插入完成，共插入 1000 条记录。
2025-01-22 15:38:51,666 - INFO - PROD: PROD: 第 3 批处理完成，已插入结果。
2025-01-22 15:38:51,666 - INFO - PROD: PROD: 开始处理第 4 批，共 1000 支股票。
2025-01-22 15:38:54,703 - INFO - PROD: PROD: 返回数据行数：389888
2025-01-22 15:38:55,297 - INFO - PROD: PROD: 插入完成，共插入 1000 条记录。
2025-01-22 15:38:55,297 - INFO - PROD: PROD: 第 4 批处理完成，已插入结果。
2025-01-22 15:38:55,297 - INFO - PROD: PROD: 开始处理第 5 批，共 975 支股票。
2025-01-22 15:38:58,085 - INFO - PROD: PROD: 返回数据行数：379875
2025-01-22 15:38:58,683 - INFO - PROD: PROD: 插入完成，共插入 975 条记录。
2025-01-22 15:38:58,683 - INFO - PROD: PROD: 第 5 批处理完成，已插入结果。
2025-01-23 16:13:04,477 - INFO - PROD: PROD: 成功读取到 4893 支股票代码。
2025-01-23 16:13:04,477 - INFO - PROD: PROD: 清空目标表 MA...
2025-01-23 16:13:04,496 - INFO - PROD: PROD: 目标表 MA 已清空。开始计算MA
2025-01-23 16:13:04,496 - INFO - PROD: PROD: 开始处理第 1 批，共 1000 支股票。
2025-01-23 16:13:07,516 - INFO - PROD: PROD: 返回数据行数：396042
2025-01-23 16:13:08,132 - INFO - PROD: PROD: 插入完成，共插入 1000 条记录。
2025-01-23 16:13:08,132 - INFO - PROD: PROD: 第 1 批处理完成，已插入结果。
2025-01-23 16:13:08,132 - INFO - PROD: PROD: 开始处理第 2 批，共 1000 支股票。
2025-01-23 16:13:11,277 - INFO - PROD: PROD: 返回数据行数：395301
2025-01-23 16:13:11,889 - INFO - PROD: PROD: 插入完成，共插入 1000 条记录。
2025-01-23 16:13:11,889 - INFO - PROD: PROD: 第 2 批处理完成，已插入结果。
2025-01-23 16:13:11,889 - INFO - PROD: PROD: 开始处理第 3 批，共 1000 支股票。
2025-01-23 16:13:14,736 - INFO - PROD: PROD: 返回数据行数：395379
2025-01-23 16:13:15,334 - INFO - PROD: PROD: 插入完成，共插入 1000 条记录。
2025-01-23 16:13:15,334 - INFO - PROD: PROD: 第 3 批处理完成，已插入结果。
2025-01-23 16:13:15,334 - INFO - PROD: PROD: 开始处理第 4 批，共 1000 支股票。
2025-01-23 16:13:18,305 - INFO - PROD: PROD: 返回数据行数：392161
2025-01-23 16:13:19,035 - INFO - PROD: PROD: 插入完成，共插入 1000 条记录。
2025-01-23 16:13:19,035 - INFO - PROD: PROD: 第 4 批处理完成，已插入结果。
2025-01-23 16:13:19,035 - INFO - PROD: PROD: 开始处理第 5 批，共 893 支股票。
2025-01-23 16:13:21,729 - INFO - PROD: PROD: 返回数据行数：350575
2025-01-23 16:13:22,263 - INFO - PROD: PROD: 插入完成，共插入 893 条记录。
2025-01-23 16:13:22,263 - INFO - PROD: PROD: 第 5 批处理完成，已插入结果。
2025-01-24 16:06:54,133 - INFO - PROD: PROD: 成功读取到 4842 支股票代码。
2025-01-24 16:06:54,133 - INFO - PROD: PROD: 清空目标表 MA...
2025-01-24 16:06:54,155 - INFO - PROD: PROD: 目标表 MA 已清空。开始计算MA
2025-01-24 16:06:54,155 - INFO - PROD: PROD: 开始处理第 1 批，共 1000 支股票。
2025-01-24 16:06:58,323 - INFO - PROD: PROD: 返回数据行数：398239
2025-01-24 16:06:59,147 - INFO - PROD: PROD: 插入完成，共插入 1000 条记录。
2025-01-24 16:06:59,147 - INFO - PROD: PROD: 第 1 批处理完成，已插入结果。
2025-01-24 16:06:59,147 - INFO - PROD: PROD: 开始处理第 2 批，共 1000 支股票。
2025-01-24 16:07:02,926 - INFO - PROD: PROD: 返回数据行数：397953
2025-01-24 16:07:03,716 - INFO - PROD: PROD: 插入完成，共插入 1000 条记录。
2025-01-24 16:07:03,717 - INFO - PROD: PROD: 第 2 批处理完成，已插入结果。
2025-01-24 16:07:03,717 - INFO - PROD: PROD: 开始处理第 3 批，共 1000 支股票。
2025-01-24 16:07:07,499 - INFO - PROD: PROD: 返回数据行数：396501
2025-01-24 16:07:08,441 - INFO - PROD: PROD: 插入完成，共插入 1000 条记录。
2025-01-24 16:07:08,442 - INFO - PROD: PROD: 第 3 批处理完成，已插入结果。
2025-01-24 16:07:08,442 - INFO - PROD: PROD: 开始处理第 4 批，共 1000 支股票。
2025-01-24 16:07:12,352 - INFO - PROD: PROD: 返回数据行数：392660
2025-01-24 16:07:13,187 - INFO - PROD: PROD: 插入完成，共插入 1000 条记录。
2025-01-24 16:07:13,188 - INFO - PROD: PROD: 第 4 批处理完成，已插入结果。
2025-01-24 16:07:13,188 - INFO - PROD: PROD: 开始处理第 5 批，共 842 支股票。
2025-01-24 16:07:16,499 - INFO - PROD: PROD: 返回数据行数：328133
2025-01-24 16:07:16,997 - INFO - PROD: PROD: 插入完成，共插入 842 条记录。
2025-01-24 16:07:16,997 - INFO - PROD: PROD: 第 5 批处理完成，已插入结果。
2025-01-28 07:34:20,933 - INFO - PROD: PROD: 成功读取到 4889 支股票代码。
2025-01-28 07:34:20,934 - INFO - PROD: PROD: 清空目标表 MA...
2025-01-28 07:34:20,944 - INFO - PROD: PROD: 目标表 MA 已清空。开始计算MA
2025-01-28 07:34:20,944 - INFO - PROD: PROD: 开始处理第 1 批，共 1000 支股票。
2025-01-28 07:34:23,935 - INFO - PROD: PROD: 返回数据行数：402256
2025-01-28 07:34:24,538 - INFO - PROD: PROD: 插入完成，共插入 1000 条记录。
2025-01-28 07:34:24,538 - INFO - PROD: PROD: 第 1 批处理完成，已插入结果。
2025-01-28 07:34:24,538 - INFO - PROD: PROD: 开始处理第 2 批，共 1000 支股票。
2025-01-28 07:34:27,403 - INFO - PROD: PROD: 返回数据行数：399947
2025-01-28 07:34:27,995 - INFO - PROD: PROD: 插入完成，共插入 1000 条记录。
2025-01-28 07:34:27,995 - INFO - PROD: PROD: 第 2 批处理完成，已插入结果。
2025-01-28 07:34:27,995 - INFO - PROD: PROD: 开始处理第 3 批，共 1000 支股票。
2025-01-28 07:34:31,123 - INFO - PROD: PROD: 返回数据行数：396276
2025-01-28 07:34:31,720 - INFO - PROD: PROD: 插入完成，共插入 1000 条记录。
2025-01-28 07:34:31,720 - INFO - PROD: PROD: 第 3 批处理完成，已插入结果。
2025-01-28 07:34:31,721 - INFO - PROD: PROD: 开始处理第 4 批，共 1000 支股票。
2025-01-28 07:34:34,527 - INFO - PROD: PROD: 返回数据行数：393832
2025-01-28 07:34:35,128 - INFO - PROD: PROD: 插入完成，共插入 1000 条记录。
2025-01-28 07:34:35,128 - INFO - PROD: PROD: 第 4 批处理完成，已插入结果。
2025-01-28 07:34:35,128 - INFO - PROD: PROD: 开始处理第 5 批，共 889 支股票。
2025-01-28 07:34:37,738 - INFO - PROD: PROD: 返回数据行数：344913
2025-01-28 07:34:38,290 - INFO - PROD: PROD: 插入完成，共插入 889 条记录。
2025-01-28 07:34:38,290 - INFO - PROD: PROD: 第 5 批处理完成，已插入结果。
2025-02-05 22:25:53,285 - INFO - PROD: PROD: 成功读取到 4842 支股票代码。
2025-02-05 22:25:53,285 - INFO - PROD: PROD: 清空目标表 MA...
2025-02-05 22:25:53,291 - INFO - PROD: PROD: 目标表 MA 已清空。开始计算MA
2025-02-05 22:25:53,291 - INFO - PROD: PROD: 开始处理第 1 批，共 1000 支股票。
2025-02-05 22:25:56,113 - INFO - PROD: PROD: 返回数据行数：396999
2025-02-05 22:25:56,697 - INFO - PROD: PROD: 插入完成，共插入 1000 条记录。
2025-02-05 22:25:56,697 - INFO - PROD: PROD: 第 1 批处理完成，已插入结果。
2025-02-05 22:25:56,697 - INFO - PROD: PROD: 开始处理第 2 批，共 1000 支股票。
2025-02-05 22:25:59,411 - INFO - PROD: PROD: 返回数据行数：393294
2025-02-05 22:25:59,991 - INFO - PROD: PROD: 插入完成，共插入 1000 条记录。
2025-02-05 22:25:59,991 - INFO - PROD: PROD: 第 2 批处理完成，已插入结果。
2025-02-05 22:25:59,991 - INFO - PROD: PROD: 开始处理第 3 批，共 1000 支股票。
2025-02-05 22:26:02,694 - INFO - PROD: PROD: 返回数据行数：396123
2025-02-05 22:26:03,320 - INFO - PROD: PROD: 插入完成，共插入 1000 条记录。
2025-02-05 22:26:03,320 - INFO - PROD: PROD: 第 3 批处理完成，已插入结果。
2025-02-05 22:26:03,320 - INFO - PROD: PROD: 开始处理第 4 批，共 1000 支股票。
2025-02-05 22:26:06,117 - INFO - PROD: PROD: 返回数据行数：399259
2025-02-05 22:26:06,701 - INFO - PROD: PROD: 插入完成，共插入 1000 条记录。
2025-02-05 22:26:06,701 - INFO - PROD: PROD: 第 4 批处理完成，已插入结果。
2025-02-05 22:26:06,701 - INFO - PROD: PROD: 开始处理第 5 批，共 842 支股票。
2025-02-05 22:26:09,177 - INFO - PROD: PROD: 返回数据行数：336704
2025-02-05 22:26:09,676 - INFO - PROD: PROD: 插入完成，共插入 842 条记录。
2025-02-05 22:26:09,676 - INFO - PROD: PROD: 第 5 批处理完成，已插入结果。
2025-02-06 22:14:22,954 - INFO - PROD: PROD: 成功读取到 4822 支股票代码。
2025-02-06 22:14:22,955 - INFO - PROD: PROD: 清空目标表 MA...
2025-02-06 22:14:22,960 - INFO - PROD: PROD: 目标表 MA 已清空。开始计算MA
2025-02-06 22:14:22,960 - INFO - PROD: PROD: 开始处理第 1 批，共 1000 支股票。
2025-02-06 22:14:25,652 - INFO - PROD: PROD: 返回数据行数：393632
2025-02-06 22:14:26,240 - INFO - PROD: PROD: 插入完成，共插入 1000 条记录。
2025-02-06 22:14:26,240 - INFO - PROD: PROD: 第 1 批处理完成，已插入结果。
2025-02-06 22:14:26,240 - INFO - PROD: PROD: 开始处理第 2 批，共 1000 支股票。
2025-02-06 22:14:28,992 - INFO - PROD: PROD: 返回数据行数：394571
2025-02-06 22:14:29,585 - INFO - PROD: PROD: 插入完成，共插入 1000 条记录。
2025-02-06 22:14:29,585 - INFO - PROD: PROD: 第 2 批处理完成，已插入结果。
2025-02-06 22:14:29,585 - INFO - PROD: PROD: 开始处理第 3 批，共 1000 支股票。
2025-02-06 22:14:32,301 - INFO - PROD: PROD: 返回数据行数：399173
2025-02-06 22:14:32,881 - INFO - PROD: PROD: 插入完成，共插入 1000 条记录。
2025-02-06 22:14:32,881 - INFO - PROD: PROD: 第 3 批处理完成，已插入结果。
2025-02-06 22:14:32,881 - INFO - PROD: PROD: 开始处理第 4 批，共 1000 支股票。
2025-02-06 22:14:35,626 - INFO - PROD: PROD: 返回数据行数：401458
2025-02-06 22:14:36,213 - INFO - PROD: PROD: 插入完成，共插入 1000 条记录。
2025-02-06 22:14:36,213 - INFO - PROD: PROD: 第 4 批处理完成，已插入结果。
2025-02-06 22:14:36,213 - INFO - PROD: PROD: 开始处理第 5 批，共 822 支股票。
2025-02-06 22:14:38,646 - INFO - PROD: PROD: 返回数据行数：331347
2025-02-06 22:14:39,132 - INFO - PROD: PROD: 插入完成，共插入 822 条记录。
2025-02-06 22:14:39,132 - INFO - PROD: PROD: 第 5 批处理完成，已插入结果。
2025-02-07 22:56:38,809 - INFO - PROD: PROD: 成功读取到 4843 支股票代码。
2025-02-07 22:56:38,809 - INFO - PROD: PROD: 清空目标表 MA...
2025-02-07 22:56:38,816 - INFO - PROD: PROD: 目标表 MA 已清空。开始计算MA
2025-02-07 22:56:38,816 - INFO - PROD: PROD: 开始处理第 1 批，共 1000 支股票。
2025-02-07 22:56:41,641 - INFO - PROD: PROD: 返回数据行数：397433
2025-02-07 22:56:42,236 - INFO - PROD: PROD: 插入完成，共插入 1000 条记录。
2025-02-07 22:56:42,236 - INFO - PROD: PROD: 第 1 批处理完成，已插入结果。
2025-02-07 22:56:42,237 - INFO - PROD: PROD: 开始处理第 2 批，共 1000 支股票。
2025-02-07 22:56:44,998 - INFO - PROD: PROD: 返回数据行数：401209
2025-02-07 22:56:45,576 - INFO - PROD: PROD: 插入完成，共插入 1000 条记录。
2025-02-07 22:56:45,576 - INFO - PROD: PROD: 第 2 批处理完成，已插入结果。
2025-02-07 22:56:45,576 - INFO - PROD: PROD: 开始处理第 3 批，共 1000 支股票。
2025-02-07 22:56:48,307 - INFO - PROD: PROD: 返回数据行数：399615
2025-02-07 22:56:48,898 - INFO - PROD: PROD: 插入完成，共插入 1000 条记录。
2025-02-07 22:56:48,898 - INFO - PROD: PROD: 第 3 批处理完成，已插入结果。
2025-02-07 22:56:48,898 - INFO - PROD: PROD: 开始处理第 4 批，共 1000 支股票。
2025-02-07 22:56:51,621 - INFO - PROD: PROD: 返回数据行数：399362
2025-02-07 22:56:52,216 - INFO - PROD: PROD: 插入完成，共插入 1000 条记录。
2025-02-07 22:56:52,216 - INFO - PROD: PROD: 第 4 批处理完成，已插入结果。
2025-02-07 22:56:52,216 - INFO - PROD: PROD: 开始处理第 5 批，共 843 支股票。
2025-02-07 22:56:54,694 - INFO - PROD: PROD: 返回数据行数：335337
2025-02-07 22:56:55,193 - INFO - PROD: PROD: 插入完成，共插入 843 条记录。
2025-02-07 22:56:55,193 - INFO - PROD: PROD: 第 5 批处理完成，已插入结果。
2025-02-10 16:39:08,322 - INFO - PROD: PROD: 成功读取到 4801 支股票代码。
2025-02-10 16:39:08,323 - INFO - PROD: PROD: 清空目标表 MA...
2025-02-10 16:39:08,332 - INFO - PROD: PROD: 目标表 MA 已清空。开始计算MA
2025-02-10 16:39:08,332 - INFO - PROD: PROD: 开始处理第 1 批，共 1000 支股票。
2025-02-10 16:39:11,286 - INFO - PROD: PROD: 返回数据行数：402069
2025-02-10 16:39:11,926 - INFO - PROD: PROD: 插入完成，共插入 1000 条记录。
2025-02-10 16:39:11,926 - INFO - PROD: PROD: 第 1 批处理完成，已插入结果。
2025-02-10 16:39:11,926 - INFO - PROD: PROD: 开始处理第 2 批，共 1000 支股票。
2025-02-10 16:39:14,889 - INFO - PROD: PROD: 返回数据行数：401796
2025-02-10 16:39:15,486 - INFO - PROD: PROD: 插入完成，共插入 1000 条记录。
2025-02-10 16:39:15,486 - INFO - PROD: PROD: 第 2 批处理完成，已插入结果。
2025-02-10 16:39:15,486 - INFO - PROD: PROD: 开始处理第 3 批，共 1000 支股票。
2025-02-10 16:39:18,455 - INFO - PROD: PROD: 返回数据行数：398594
2025-02-10 16:39:19,058 - INFO - PROD: PROD: 插入完成，共插入 1000 条记录。
2025-02-10 16:39:19,058 - INFO - PROD: PROD: 第 3 批处理完成，已插入结果。
2025-02-10 16:39:19,058 - INFO - PROD: PROD: 开始处理第 4 批，共 1000 支股票。
2025-02-10 16:39:21,926 - INFO - PROD: PROD: 返回数据行数：397787
2025-02-10 16:39:22,556 - INFO - PROD: PROD: 插入完成，共插入 1000 条记录。
2025-02-10 16:39:22,556 - INFO - PROD: PROD: 第 4 批处理完成，已插入结果。
2025-02-10 16:39:22,556 - INFO - PROD: PROD: 开始处理第 5 批，共 801 支股票。
2025-02-10 16:39:25,046 - INFO - PROD: PROD: 返回数据行数：320349
2025-02-10 16:39:25,527 - INFO - PROD: PROD: 插入完成，共插入 801 条记录。
2025-02-10 16:39:25,527 - INFO - PROD: PROD: 第 5 批处理完成，已插入结果。
2025-02-11 15:42:49,205 - INFO - PROD: PROD: 成功读取到 4868 支股票代码。
2025-02-11 15:42:49,205 - INFO - PROD: PROD: 清空目标表 MA...
2025-02-11 15:42:49,215 - INFO - PROD: PROD: 目标表 MA 已清空。开始计算MA
2025-02-11 15:42:49,215 - INFO - PROD: PROD: 开始处理第 1 批，共 1000 支股票。
2025-02-11 15:42:52,025 - INFO - PROD: PROD: 返回数据行数：397421
2025-02-11 15:42:52,650 - INFO - PROD: PROD: 插入完成，共插入 1000 条记录。
2025-02-11 15:42:52,650 - INFO - PROD: PROD: 第 1 批处理完成，已插入结果。
2025-02-11 15:42:52,650 - INFO - PROD: PROD: 开始处理第 2 批，共 1000 支股票。
2025-02-11 15:42:55,401 - INFO - PROD: PROD: 返回数据行数：400368
2025-02-11 15:42:55,980 - INFO - PROD: PROD: 插入完成，共插入 1000 条记录。
2025-02-11 15:42:55,981 - INFO - PROD: PROD: 第 2 批处理完成，已插入结果。
2025-02-11 15:42:55,981 - INFO - PROD: PROD: 开始处理第 3 批，共 1000 支股票。
2025-02-11 15:42:58,808 - INFO - PROD: PROD: 返回数据行数：403652
2025-02-11 15:42:59,398 - INFO - PROD: PROD: 插入完成，共插入 1000 条记录。
2025-02-11 15:42:59,398 - INFO - PROD: PROD: 第 3 批处理完成，已插入结果。
2025-02-11 15:42:59,398 - INFO - PROD: PROD: 开始处理第 4 批，共 1000 支股票。
2025-02-11 15:43:02,321 - INFO - PROD: PROD: 返回数据行数：404230
2025-02-11 15:43:02,917 - INFO - PROD: PROD: 插入完成，共插入 1000 条记录。
2025-02-11 15:43:02,917 - INFO - PROD: PROD: 第 4 批处理完成，已插入结果。
2025-02-11 15:43:02,917 - INFO - PROD: PROD: 开始处理第 5 批，共 868 支股票。
2025-02-11 15:43:05,840 - INFO - PROD: PROD: 返回数据行数：347587
2025-02-11 15:43:06,370 - INFO - PROD: PROD: 插入完成，共插入 868 条记录。
2025-02-11 15:43:06,370 - INFO - PROD: PROD: 第 5 批处理完成，已插入结果。
2025-02-12 16:11:55,338 - INFO - PROD: PROD: 成功读取到 4849 支股票代码。
2025-02-12 16:11:55,339 - INFO - PROD: PROD: 清空目标表 MA...
2025-02-12 16:11:55,346 - INFO - PROD: PROD: 目标表 MA 已清空。开始计算MA
2025-02-12 16:11:55,346 - INFO - PROD: PROD: 开始处理第 1 批，共 1000 支股票。
2025-02-12 16:11:58,202 - INFO - PROD: PROD: 返回数据行数：403600
2025-02-12 16:11:58,817 - INFO - PROD: PROD: 插入完成，共插入 1000 条记录。
2025-02-12 16:11:58,817 - INFO - PROD: PROD: 第 1 批处理完成，已插入结果。
2025-02-12 16:11:58,817 - INFO - PROD: PROD: 开始处理第 2 批，共 1000 支股票。
2025-02-12 16:12:01,641 - INFO - PROD: PROD: 返回数据行数：404552
2025-02-12 16:12:02,250 - INFO - PROD: PROD: 插入完成，共插入 1000 条记录。
2025-02-12 16:12:02,250 - INFO - PROD: PROD: 第 2 批处理完成，已插入结果。
2025-02-12 16:12:02,251 - INFO - PROD: PROD: 开始处理第 3 批，共 1000 支股票。
2025-02-12 16:12:05,062 - INFO - PROD: PROD: 返回数据行数：404455
2025-02-12 16:12:05,659 - INFO - PROD: PROD: 插入完成，共插入 1000 条记录。
2025-02-12 16:12:05,659 - INFO - PROD: PROD: 第 3 批处理完成，已插入结果。
2025-02-12 16:12:05,659 - INFO - PROD: PROD: 开始处理第 4 批，共 1000 支股票。
2025-02-12 16:12:08,499 - INFO - PROD: PROD: 返回数据行数：399676
2025-02-12 16:12:09,097 - INFO - PROD: PROD: 插入完成，共插入 1000 条记录。
2025-02-12 16:12:09,097 - INFO - PROD: PROD: 第 4 批处理完成，已插入结果。
2025-02-12 16:12:09,097 - INFO - PROD: PROD: 开始处理第 5 批，共 849 支股票。
2025-02-12 16:12:11,629 - INFO - PROD: PROD: 返回数据行数：336675
2025-02-12 16:12:12,146 - INFO - PROD: PROD: 插入完成，共插入 849 条记录。
2025-02-12 16:12:12,146 - INFO - PROD: PROD: 第 5 批处理完成，已插入结果。
2025-02-13 15:50:33,798 - INFO - PROD: PROD: 成功读取到 4874 支股票代码。
2025-02-13 15:50:33,799 - INFO - PROD: PROD: 清空目标表 MA...
2025-02-13 15:50:33,805 - INFO - PROD: PROD: 目标表 MA 已清空。开始计算MA
2025-02-13 15:50:33,806 - INFO - PROD: PROD: 开始处理第 1 批，共 1000 支股票。
2025-02-13 15:50:36,581 - INFO - PROD: PROD: 返回数据行数：407410
2025-02-13 15:50:37,198 - INFO - PROD: PROD: 插入完成，共插入 1000 条记录。
2025-02-13 15:50:37,198 - INFO - PROD: PROD: 第 1 批处理完成，已插入结果。
2025-02-13 15:50:37,198 - INFO - PROD: PROD: 开始处理第 2 批，共 1000 支股票。
2025-02-13 15:50:40,065 - INFO - PROD: PROD: 返回数据行数：408979
2025-02-13 15:50:40,679 - INFO - PROD: PROD: 插入完成，共插入 1000 条记录。
2025-02-13 15:50:40,680 - INFO - PROD: PROD: 第 2 批处理完成，已插入结果。
2025-02-13 15:50:40,680 - INFO - PROD: PROD: 开始处理第 3 批，共 1000 支股票。
2025-02-13 15:50:43,464 - INFO - PROD: PROD: 返回数据行数：404739
2025-02-13 15:50:44,067 - INFO - PROD: PROD: 插入完成，共插入 1000 条记录。
2025-02-13 15:50:44,067 - INFO - PROD: PROD: 第 3 批处理完成，已插入结果。
2025-02-13 15:50:44,067 - INFO - PROD: PROD: 开始处理第 4 批，共 1000 支股票。
2025-02-13 15:50:46,844 - INFO - PROD: PROD: 返回数据行数：399291
2025-02-13 15:50:47,445 - INFO - PROD: PROD: 插入完成，共插入 1000 条记录。
2025-02-13 15:50:47,445 - INFO - PROD: PROD: 第 4 批处理完成，已插入结果。
2025-02-13 15:50:47,445 - INFO - PROD: PROD: 开始处理第 5 批，共 874 支股票。
2025-02-13 15:50:49,965 - INFO - PROD: PROD: 返回数据行数：343589
2025-02-13 15:50:50,490 - INFO - PROD: PROD: 插入完成，共插入 874 条记录。
2025-02-13 15:50:50,490 - INFO - PROD: PROD: 第 5 批处理完成，已插入结果。
2025-02-14 16:02:47,915 - INFO - PROD: PROD: 成功读取到 4836 支股票代码。
2025-02-14 16:02:47,915 - INFO - PROD: PROD: 清空目标表 MA...
2025-02-14 16:02:47,928 - INFO - PROD: PROD: 目标表 MA 已清空。开始计算MA
2025-02-14 16:02:47,928 - INFO - PROD: PROD: 开始处理第 1 批，共 1000 支股票。
2025-02-14 16:02:50,796 - INFO - PROD: PROD: 返回数据行数：403520
2025-02-14 16:02:51,426 - INFO - PROD: PROD: 插入完成，共插入 1000 条记录。
2025-02-14 16:02:51,426 - INFO - PROD: PROD: 第 1 批处理完成，已插入结果。
2025-02-14 16:02:51,426 - INFO - PROD: PROD: 开始处理第 2 批，共 1000 支股票。
2025-02-14 16:02:54,200 - INFO - PROD: PROD: 返回数据行数：400475
2025-02-14 16:02:54,794 - INFO - PROD: PROD: 插入完成，共插入 1000 条记录。
2025-02-14 16:02:54,794 - INFO - PROD: PROD: 第 2 批处理完成，已插入结果。
2025-02-14 16:02:54,794 - INFO - PROD: PROD: 开始处理第 3 批，共 1000 支股票。
2025-02-14 16:02:57,611 - INFO - PROD: PROD: 返回数据行数：405960
2025-02-14 16:02:58,607 - INFO - PROD: PROD: 插入完成，共插入 1000 条记录。
2025-02-14 16:02:58,608 - INFO - PROD: PROD: 第 3 批处理完成，已插入结果。
2025-02-14 16:02:58,608 - INFO - PROD: PROD: 开始处理第 4 批，共 1000 支股票。
2025-02-14 16:03:01,507 - INFO - PROD: PROD: 返回数据行数：405950
2025-02-14 16:03:02,145 - INFO - PROD: PROD: 插入完成，共插入 1000 条记录。
2025-02-14 16:03:02,145 - INFO - PROD: PROD: 第 4 批处理完成，已插入结果。
2025-02-14 16:03:02,145 - INFO - PROD: PROD: 开始处理第 5 批，共 836 支股票。
2025-02-14 16:03:04,707 - INFO - PROD: PROD: 返回数据行数：338632
2025-02-14 16:03:05,225 - INFO - PROD: PROD: 插入完成，共插入 836 条记录。
2025-02-14 16:03:05,225 - INFO - PROD: PROD: 第 5 批处理完成，已插入结果。
