2024-12-20 16:36:25,978 - INFO - PROD: 开始执行 SubAK001 函数
2024-12-20 16:36:25,978 - INFO - PROD: 输入文件路径: StkList_AK.csv
2024-12-20 16:36:25,978 - INFO - PROD: 输出文件路径: FilterOut.csv
2024-12-22 08:48:36,200 - INFO - 已将 StkList_AK.csv 备份为 StkList_20241222_084836.csv
2024-12-22 08:48:36,793 - INFO - 获取到的股票数量：5676
2024-12-22 08:48:36,833 - INFO - 最新的股票列表已保存到 StkList_AK.csv 文件中
2024-12-22 08:48:36,854 - INFO - 没有发现可能退市的股票代码。
2024-12-22 08:48:36,854 - INFO - 没有发现可能新上市的股票代码。
2024-12-22 08:48:36,900 - INFO - 已将股票列表保存到 FilterOut.csv 文件中
2024-12-22 08:48:36,900 - INFO - 股票列表更新完成
2024-12-22 08:48:36,900 - INFO - 开始执行初次过滤...
2024-12-22 08:48:36,900 - INFO - 开始执行 SubAK001 函数
2024-12-22 08:48:36,900 - ERROR - 运行 SubAK001 脚本时出错：'FilterOut'
2024-12-22 08:48:36,900 - ERROR - 处理过程中出现错误：'FilterOut'
2024-12-22 08:49:16,921 - INFO - 已将 StkList_AK.csv 备份为 StkList_20241222_084916.csv
2024-12-22 08:49:17,546 - INFO - 获取到的股票数量：5676
2024-12-22 08:49:17,584 - INFO - 最新的股票列表已保存到 StkList_AK.csv 文件中
2024-12-22 08:49:17,605 - INFO - 没有发现可能退市的股票代码。
2024-12-22 08:49:17,605 - INFO - 没有发现可能新上市的股票代码。
2024-12-22 08:49:17,652 - INFO - 已将股票列表保存到 FilterOut.csv 文件中
2024-12-22 08:49:17,652 - INFO - 股票列表更新完成
2024-12-22 08:49:17,652 - INFO - 开始执行初次过滤...
2024-12-22 08:49:17,652 - INFO - 开始执行 SubAK001 函数
2024-12-22 08:49:17,652 - ERROR - 运行 SubAK001 脚本时出错：'FilterOut'
2024-12-22 08:49:17,652 - ERROR - 处理过程中出现错误：'FilterOut'
2024-12-22 08:49:29,609 - INFO - 开始执行 SubAK001 函数
2024-12-22 08:50:09,337 - INFO - 开始执行 SubAK001 函数
2024-12-22 08:57:18,927 - INFO - 开始执行 SubAK001 函数
2024-12-22 08:57:18,927 - INFO - 输入文件路径: StkList_AK.csv
2024-12-22 08:57:18,927 - INFO - 输出文件路径: FilterOut.csv
2024-12-22 08:57:18,953 - INFO - 输入股票数量: 5676
2024-12-22 08:57:18,981 - INFO - 筛选后行数：4905
2024-12-22 08:57:19,054 - INFO - 过滤后股票数量: 4905
2024-12-22 08:57:19,066 - INFO - 过滤结果已保存: Filter0, 输入:5676, 输出:4905
2024-12-22 08:57:19,069 - INFO - 过滤结果已记录到数据库
2024-12-22 08:57:25,976 - INFO - 已将 StkList_AK.csv 备份为 StkList_20241222_085725.csv
2024-12-22 08:57:26,578 - INFO - 获取到的股票数量：5676
2024-12-22 08:57:26,618 - INFO - 最新的股票列表已保存到 StkList_AK.csv 文件中
2024-12-22 08:57:26,636 - INFO - 没有发现可能退市的股票代码。
2024-12-22 08:57:26,636 - INFO - 没有发现可能新上市的股票代码。
2024-12-22 08:57:26,682 - INFO - 已将股票列表保存到 FilterOut.csv 文件中
2024-12-22 08:57:26,682 - INFO - 股票列表更新完成
2024-12-22 08:57:26,682 - INFO - 开始执行初次过滤...
2024-12-22 08:57:26,682 - INFO - 开始执行 SubAK001 函数
2024-12-22 08:57:26,682 - INFO - 输入文件路径: StkList_AK.csv
2024-12-22 08:57:26,682 - INFO - 输出文件路径: FilterOut.csv
2024-12-22 08:57:26,691 - INFO - 输入股票数量: 5676
2024-12-22 08:57:26,712 - INFO - 筛选后行数：4905
2024-12-22 08:57:26,779 - INFO - 过滤后股票数量: 4905
2024-12-22 08:57:26,781 - INFO - 过滤结果已保存: Filter0, 输入:5676, 输出:4905
2024-12-22 08:57:26,782 - INFO - 过滤结果已记录到数据库
2024-12-22 08:57:26,782 - INFO - SubAK001 脚本已成功运行，初次过滤: FilterOut.csv已生成。
2024-12-22 08:57:26,782 - INFO - 初次过滤完成，结果保存在: FilterOut.csv
2024-12-22 08:57:26,782 - INFO - AK001全部处理完成
2024-12-22 08:57:39,046 - INFO - 已将 StkList_AK.csv 备份为 StkList_20241222_085739.csv
2024-12-22 08:57:39,647 - INFO - 获取到的股票数量：5676
2024-12-22 08:57:39,688 - INFO - 最新的股票列表已保存到 StkList_AK.csv 文件中
2024-12-22 08:57:39,708 - INFO - 没有发现可能退市的股票代码。
2024-12-22 08:57:39,708 - INFO - 没有发现可能新上市的股票代码。
2024-12-22 08:57:39,753 - INFO - 已将股票列表保存到 FilterOut.csv 文件中
2024-12-22 08:57:39,754 - INFO - 股票列表更新完成
2024-12-22 08:57:39,754 - INFO - 开始执行初次过滤...
2024-12-22 08:57:39,754 - INFO - 开始执行 SubAK001 函数
2024-12-22 08:57:39,754 - INFO - 输入文件路径: StkList_AK.csv
2024-12-22 08:57:39,754 - INFO - 输出文件路径: FilterOut.csv
2024-12-22 08:57:39,767 - INFO - 输入股票数量: 5676
2024-12-22 08:57:39,787 - INFO - 筛选后行数：4905
2024-12-22 08:57:39,856 - INFO - 过滤后股票数量: 4905
2024-12-22 08:57:39,858 - INFO - 过滤结果已保存: Filter0, 输入:5676, 输出:4905
2024-12-22 08:57:39,859 - INFO - 过滤结果已记录到数据库
2024-12-22 08:57:39,859 - INFO - SubAK001 脚本已成功运行，初次过滤: FilterOut.csv已生成。
2024-12-22 08:57:39,859 - INFO - 初次过滤完成，结果保存在: FilterOut.csv
2024-12-22 08:57:39,859 - INFO - AK001全部处理完成
2024-12-22 09:03:13,647 - INFO - 已将 StkList_AK.csv 备份为 StkList_20241222_090313.csv
2024-12-22 09:03:14,226 - INFO - 获取到的股票数量：5676
2024-12-22 09:03:14,266 - INFO - 最新的股票列表已保存到 StkList_AK.csv 文件中
2024-12-22 09:03:14,285 - INFO - 没有发现可能退市的股票代码。
2024-12-22 09:03:14,285 - INFO - 没有发现可能新上市的股票代码。
2024-12-22 09:03:14,332 - INFO - 已将股票列表保存到 FilterOut.csv 文件中
2024-12-22 09:03:14,332 - INFO - 股票列表更新完成
2024-12-22 09:03:14,332 - INFO - 开始执行初次过滤...
2024-12-22 09:03:14,333 - INFO - 开始执行 SubAK001 函数
2024-12-22 09:03:14,333 - INFO - 输入文件路径: StkList_AK.csv
2024-12-22 09:03:14,333 - INFO - 输出文件路径: FilterOut.csv
2024-12-22 09:03:14,342 - INFO - 输入股票数量: 5676
2024-12-22 09:03:14,368 - INFO - 筛选后行数：4905
2024-12-22 09:03:14,443 - INFO - 过滤后股票数量: 4905
2024-12-22 09:03:14,445 - INFO - 过滤结果已保存: Filter0, 输入:5676, 输出:4905
2024-12-22 09:03:14,447 - INFO - 过滤结果已记录到数据库
2024-12-22 09:03:14,447 - INFO - SubAK001 脚本已成功运行，初次过滤: FilterOut.csv已生成。
2024-12-22 09:03:14,447 - INFO - 初次过滤完成，结果保存在: FilterOut.csv
2024-12-22 09:03:14,447 - INFO - AK001全部处理完成
2024-12-22 09:05:18,321 - INFO - 已将 StkList_AK.csv 备份为 StkList_20241222_090518.csv
2024-12-22 09:05:18,868 - INFO - 获取到的股票数量：5676
2024-12-22 09:05:18,907 - INFO - 最新的股票列表已保存到 StkList_AK.csv 文件中
2024-12-22 09:05:18,929 - INFO - 没有发现可能退市的股票代码。
2024-12-22 09:05:18,929 - INFO - 没有发现可能新上市的股票代码。
2024-12-22 09:05:18,977 - INFO - 已将股票列表保存到 FilterOut.csv 文件中
2024-12-22 09:05:18,977 - INFO - 股票列表更新完成
2024-12-22 09:05:18,978 - INFO - 开始执行初次过滤...
2024-12-22 09:05:18,978 - INFO - 开始执行 SubAK001 函数
2024-12-22 09:05:18,978 - INFO - 输入文件路径: StkList_AK.csv
2024-12-22 09:05:18,978 - INFO - 输出文件路径: FilterOut.csv
2024-12-22 09:05:18,990 - INFO - 输入股票数量: 5676
2024-12-22 09:05:19,011 - INFO - 筛选后行数：4905
2024-12-22 09:05:19,080 - INFO - 过滤后股票数量: 4905
2024-12-22 09:05:19,083 - INFO - 过滤结果已保存: Filter0, 输入:5676, 输出:4905
2024-12-22 09:05:19,084 - INFO - 过滤结果已记录到数据库
2024-12-22 09:05:19,084 - INFO - SubAK001 脚本已成功运行，初次过滤: FilterOut.csv已生成。
2024-12-22 09:05:19,084 - INFO - 初次过滤完成，结果保存在: FilterOut.csv
2024-12-22 09:05:19,084 - INFO - AK001全部处理完成
2024-12-24 06:31:49,808 - INFO - 已将 StkList_AK.csv 备份为 StkList_20241224_063149.csv
2024-12-24 06:31:50,831 - INFO - 获取到的股票数量：5677
2024-12-24 06:31:50,871 - INFO - 最新的股票列表已保存到 StkList_AK.csv 文件中
2024-12-24 06:31:50,891 - INFO - 没有发现可能退市的股票代码。
2024-12-24 06:31:50,892 - INFO - 可能是新上市的股票：
2024-12-24 06:31:50,892 - INFO - 920116
2024-12-24 06:31:50,939 - INFO - 已将股票列表保存到 FilterOut.csv 文件中
2024-12-24 06:31:50,939 - INFO - 股票列表更新完成
2024-12-24 06:31:50,939 - INFO - 开始执行初次过滤...
2024-12-24 06:31:50,939 - INFO - 开始执行 SubAK001 函数
2024-12-24 06:31:50,939 - INFO - 输入文件路径: StkList_AK.csv
2024-12-24 06:31:50,939 - INFO - 输出文件路径: FilterOut.csv
2024-12-24 06:31:50,951 - INFO - 输入股票数量: 5677
2024-12-24 06:31:50,974 - INFO - 筛选后行数：4972
2024-12-24 06:31:51,046 - INFO - 过滤后股票数量: 4972
2024-12-24 06:31:51,052 - INFO - 过滤结果已保存: Filter0, 输入:5677, 输出:4972
2024-12-24 06:31:51,053 - INFO - 过滤结果已记录到数据库
2024-12-24 06:31:51,053 - INFO - SubAK001 脚本已成功运行，初次过滤: FilterOut.csv已生成。
2024-12-24 06:31:51,053 - INFO - 初次过滤完成，结果保存在: FilterOut.csv
2024-12-24 06:31:51,053 - INFO - AK001全部处理完成
2024-12-24 06:33:24,015 - INFO - 已将 StkList_AK.csv 备份为 StkList_20241224_063324.csv
2024-12-24 06:33:25,650 - INFO - 获取到的股票数量：5677
2024-12-24 06:33:25,690 - INFO - 最新的股票列表已保存到 StkList_AK.csv 文件中
2024-12-24 06:33:25,709 - INFO - 没有发现可能退市的股票代码。
2024-12-24 06:33:25,709 - INFO - 没有发现可能新上市的股票代码。
2024-12-24 06:33:25,753 - INFO - 已将股票列表保存到 FilterOut.csv 文件中
2024-12-24 06:33:25,754 - INFO - 股票列表更新完成
2024-12-24 06:33:25,754 - INFO - 开始执行初次过滤...
2024-12-24 06:33:25,754 - INFO - 开始执行 SubAK001 函数
2024-12-24 06:33:25,754 - INFO - 输入文件路径: StkList_AK.csv
2024-12-24 06:33:25,754 - INFO - 输出文件路径: FilterOut.csv
2024-12-24 06:33:25,765 - INFO - 输入股票数量: 5677
2024-12-24 06:33:25,786 - INFO - 筛选后行数：4972
2024-12-24 06:33:25,855 - INFO - 过滤后股票数量: 4972
2024-12-24 06:33:25,865 - INFO - 过滤结果已保存: Filter0, 输入:5677, 输出:4972
2024-12-24 06:33:25,866 - INFO - 过滤结果已记录到数据库
2024-12-24 06:33:25,866 - INFO - SubAK001 脚本已成功运行，初次过滤: FilterOut.csv已生成。
2024-12-24 06:33:25,866 - INFO - 初次过滤完成，结果保存在: FilterOut.csv
2024-12-24 06:33:25,866 - INFO - AK001全部处理完成
2024-12-24 16:29:18,919 - INFO - 已将 StkList_AK.csv 备份为 StkList_20241224_162918.csv
2024-12-24 16:29:19,746 - INFO - 获取到的股票数量：5677
2024-12-24 16:29:19,786 - INFO - 最新的股票列表已保存到 StkList_AK.csv 文件中
2024-12-24 16:29:19,807 - INFO - 没有发现可能退市的股票代码。
2024-12-24 16:29:19,807 - INFO - 没有发现可能新上市的股票代码。
2024-12-24 16:29:19,853 - INFO - 已将股票列表保存到 FilterOut.csv 文件中
2024-12-24 16:29:19,853 - INFO - 股票列表更新完成
2024-12-24 16:29:19,853 - INFO - 开始执行初次过滤...
2024-12-24 16:29:19,854 - INFO - 开始执行 SubAK001 函数
2024-12-24 16:29:19,854 - INFO - 输入文件路径: StkList_AK.csv
2024-12-24 16:29:19,854 - INFO - 输出文件路径: FilterOut.csv
2024-12-24 16:29:19,865 - INFO - 输入股票数量: 5677
2024-12-24 16:29:19,885 - INFO - 筛选后行数：4929
2024-12-24 16:29:19,952 - INFO - 过滤后股票数量: 4929
2024-12-24 16:29:19,958 - INFO - 过滤结果已保存: Filter0, 输入:5677, 输出:4929
2024-12-24 16:29:19,959 - INFO - 过滤结果已记录到数据库
2024-12-24 16:29:19,959 - INFO - SubAK001 脚本已成功运行，初次过滤: FilterOut.csv已生成。
2024-12-24 16:29:19,959 - INFO - 初次过滤完成，结果保存在: FilterOut.csv
2024-12-24 16:29:19,959 - INFO - AK001全部处理完成
2024-12-25 16:01:31,939 - INFO - 已将 StkList_AK.csv 备份为 StkList_20241225_160131.csv
2024-12-25 16:01:33,072 - INFO - 获取到的股票数量：5677
2024-12-25 16:01:33,113 - INFO - 最新的股票列表已保存到 StkList_AK.csv 文件中
2024-12-25 16:01:33,131 - INFO - 没有发现可能退市的股票代码。
2024-12-25 16:01:33,131 - INFO - 没有发现可能新上市的股票代码。
2024-12-25 16:01:33,179 - INFO - 已将股票列表保存到 FilterOut.csv 文件中
2024-12-25 16:01:33,179 - INFO - 股票列表更新完成
2024-12-25 16:01:33,179 - INFO - 开始执行初次过滤...
2024-12-25 16:01:33,179 - INFO - 开始执行 SubAK001 函数
2024-12-25 16:01:33,179 - INFO - 输入文件路径: StkList_AK.csv
2024-12-25 16:01:33,179 - INFO - 输出文件路径: FilterOut.csv
2024-12-25 16:01:33,190 - INFO - 输入股票数量: 5677
2024-12-25 16:01:33,211 - INFO - 筛选后行数：4980
2024-12-25 16:01:33,273 - INFO - 过滤后股票数量: 4980
2024-12-25 16:01:33,283 - INFO - PROD: 过滤结果已保存到数据库
2024-12-25 16:01:33,284 - INFO - 过滤结果已记录到数据库
2024-12-25 16:01:33,285 - INFO - SubAK001 脚本已成功运行，初次过滤: FilterOut.csv已生成。
2024-12-25 16:01:33,285 - INFO - 初次过滤完成，结果保存在: FilterOut.csv
2024-12-25 16:01:33,285 - INFO - AK001全部处理完成
2024-12-26 21:54:27,551 - INFO - 已将 StkList_AK.csv 备份为 StkList_20241226_215427.csv
2024-12-26 21:54:30,335 - INFO - 获取到的股票数量：5679
2024-12-26 21:54:30,378 - INFO - 最新的股票列表已保存到 StkList_AK.csv 文件中
2024-12-26 21:54:30,396 - INFO - 没有发现可能退市的股票代码。
2024-12-26 21:54:30,397 - INFO - 可能是新上市的股票：
2024-12-26 21:54:30,397 - INFO - 688583, 301601
2024-12-26 21:54:30,445 - INFO - 已将股票列表保存到 FilterOut.csv 文件中
2024-12-26 21:54:30,445 - INFO - 股票列表更新完成
2024-12-26 21:54:30,445 - INFO - 开始执行初次过滤...
2024-12-26 21:54:30,445 - INFO - 开始执行 SubAK001 函数
2024-12-26 21:54:30,445 - INFO - 输入文件路径: StkList_AK.csv
2024-12-26 21:54:30,445 - INFO - 输出文件路径: FilterOut.csv
2024-12-26 21:54:30,463 - INFO - 输入股票数量: 5679
2024-12-26 21:54:30,484 - INFO - 筛选后行数：4911
2024-12-26 21:54:30,554 - INFO - 过滤后股票数量: 4911
2024-12-26 21:54:30,569 - INFO - PROD: 过滤结果已保存到数据库
2024-12-26 21:54:30,573 - INFO - 过滤结果已记录到数据库
2024-12-26 21:54:30,573 - INFO - SubAK001 脚本已成功运行，初次过滤: FilterOut.csv已生成。
2024-12-26 21:54:30,573 - INFO - 初次过滤完成，结果保存在: FilterOut.csv
2024-12-26 21:54:30,573 - INFO - AK001全部处理完成
2024-12-26 22:13:19,263 - INFO - 开始执行 SubAK001 函数
2024-12-26 22:13:19,263 - INFO - 输入文件路径: StkList_AK.csv
2024-12-26 22:13:19,263 - INFO - 输出文件路径: FilterOut.csv
2024-12-26 22:13:19,280 - INFO - 输入股票数量: 5679
2024-12-26 22:13:19,306 - INFO - 筛选后行数：4911
2024-12-26 22:13:19,382 - INFO - 过滤后股票数量: 4911
2024-12-26 22:13:19,389 - INFO - PROD: 过滤结果已保存到数据库
2024-12-26 22:13:19,390 - INFO - 过滤结果已记录到数据库
2024-12-27 09:22:29,536 - INFO - 已将 StkList_AK.csv 备份为 StkList_20241227_092229.csv
2024-12-27 09:22:30,312 - INFO - 获取到的股票数量：5679
2024-12-27 09:22:30,346 - INFO - 最新的股票列表已保存到 StkList_AK.csv 文件中
2024-12-27 09:22:30,363 - INFO - 没有发现可能退市的股票代码。
2024-12-27 09:22:30,364 - INFO - 没有发现可能新上市的股票代码。
2024-12-27 09:22:30,405 - INFO - 已将股票列表保存到 FilterOut.csv 文件中
2024-12-27 09:22:30,405 - INFO - 股票列表更新完成
2024-12-27 09:22:30,405 - INFO - 开始执行初次过滤...
2024-12-27 09:22:30,405 - INFO - 开始执行 SubAK001 函数
2024-12-27 09:22:30,405 - INFO - 输入文件路径: StkList_AK.csv
2024-12-27 09:22:30,405 - INFO - 输出文件路径: FilterOut.csv
2024-12-27 09:22:30,416 - INFO - 输入股票数量: 5679
2024-12-27 09:22:30,435 - INFO - 筛选后行数：4739
2024-12-27 09:22:30,497 - INFO - 过滤后股票数量: 4739
2024-12-27 09:22:30,500 - INFO - PROD: 过滤结果已保存到数据库
2024-12-27 09:22:30,502 - INFO - 过滤结果已记录到数据库
2024-12-27 09:22:30,502 - INFO - SubAK001 脚本已成功运行，初次过滤: FilterOut.csv已生成。
2024-12-27 09:22:30,502 - INFO - 初次过滤完成，结果保存在: FilterOut.csv
2024-12-27 09:22:30,502 - INFO - AK001全部处理完成
2024-12-27 16:49:20,511 - INFO - 已将 StkList_AK.csv 备份为 StkList_20241227_164920.csv
2024-12-27 16:49:23,279 - INFO - 获取到的股票数量：5679
2024-12-27 16:49:23,317 - INFO - 最新的股票列表已保存到 StkList_AK.csv 文件中
2024-12-27 16:49:23,337 - INFO - 没有发现可能退市的股票代码。
2024-12-27 16:49:23,337 - INFO - 没有发现可能新上市的股票代码。
2024-12-27 16:49:23,382 - INFO - 已将股票列表保存到 FilterOut.csv 文件中
2024-12-27 16:49:23,382 - INFO - 股票列表更新完成
2024-12-27 16:49:23,382 - INFO - 开始执行初次过滤...
2024-12-27 16:49:23,382 - INFO - 开始执行 SubAK001 函数
2024-12-27 16:49:23,382 - INFO - 输入文件路径: StkList_AK.csv
2024-12-27 16:49:23,382 - INFO - 输出文件路径: FilterOut.csv
2024-12-27 16:49:23,394 - INFO - 输入股票数量: 5679
2024-12-27 16:49:23,415 - INFO - 筛选后行数：4941
2024-12-27 16:49:23,503 - INFO - 过滤后股票数量: 4941
2024-12-27 16:49:23,510 - INFO - PROD: 过滤结果已保存到数据库
2024-12-27 16:49:23,511 - INFO - 过滤结果已记录到数据库
2024-12-27 16:49:23,511 - INFO - SubAK001 脚本已成功运行，初次过滤: FilterOut.csv已生成。
2024-12-27 16:49:23,511 - INFO - 初次过滤完成，结果保存在: FilterOut.csv
2024-12-27 16:49:23,511 - INFO - AK001全部处理完成
2024-12-30 16:34:32,730 - INFO - 已将 StkList_AK.csv 备份为 StkList_20241230_163432.csv
2024-12-30 16:34:33,279 - INFO - 获取到的股票数量：5679
2024-12-30 16:34:33,318 - INFO - 最新的股票列表已保存到 StkList_AK.csv 文件中
2024-12-30 16:34:33,339 - INFO - 没有发现可能退市的股票代码。
2024-12-30 16:34:33,339 - INFO - 没有发现可能新上市的股票代码。
2024-12-30 16:34:33,385 - INFO - 已将股票列表保存到 FilterOut.csv 文件中
2024-12-30 16:34:33,386 - INFO - 股票列表更新完成
2024-12-30 16:34:33,386 - INFO - 开始执行初次过滤...
2024-12-30 16:34:33,386 - INFO - 开始执行 SubAK001 函数
2024-12-30 16:34:33,386 - INFO - 输入文件路径: StkList_AK.csv
2024-12-30 16:34:33,386 - INFO - 输出文件路径: FilterOut.csv
2024-12-30 16:34:33,401 - INFO - 输入股票数量: 5679
2024-12-30 16:34:33,426 - INFO - 筛选后行数：4961
2024-12-30 16:34:33,501 - INFO - 过滤后股票数量: 4961
2024-12-30 16:34:33,516 - INFO - PROD: 过滤结果已保存到数据库
2024-12-30 16:34:33,517 - INFO - 过滤结果已记录到数据库
2024-12-30 16:34:33,518 - INFO - SubAK001 脚本已成功运行，初次过滤: FilterOut.csv已生成。
2024-12-30 16:34:33,518 - INFO - 初次过滤完成，结果保存在: FilterOut.csv
2024-12-30 16:34:33,518 - INFO - AK001全部处理完成
2024-12-31 23:53:17,467 - INFO - 已将 StkList_AK.csv 备份为 StkList_20241231_235317.csv
2024-12-31 23:53:18,387 - INFO - 获取到的股票数量：5679
2024-12-31 23:53:18,427 - INFO - 最新的股票列表已保存到 StkList_AK.csv 文件中
2024-12-31 23:53:18,448 - INFO - 没有发现可能退市的股票代码。
2024-12-31 23:53:18,449 - INFO - 没有发现可能新上市的股票代码。
2024-12-31 23:53:18,493 - INFO - 已将股票列表保存到 FilterOut.csv 文件中
2024-12-31 23:53:18,494 - INFO - 股票列表更新完成
2024-12-31 23:53:18,494 - INFO - 开始执行初次过滤...
2024-12-31 23:53:18,494 - INFO - 开始执行 SubAK001 函数
2024-12-31 23:53:18,494 - INFO - 输入文件路径: StkList_AK.csv
2024-12-31 23:53:18,494 - INFO - 输出文件路径: FilterOut.csv
2024-12-31 23:53:18,503 - INFO - 输入股票数量: 5679
2024-12-31 23:53:18,527 - INFO - 筛选后行数：4963
2024-12-31 23:53:18,591 - INFO - 过滤后股票数量: 4963
2024-12-31 23:53:18,598 - INFO - PROD: 过滤结果已保存到数据库
2024-12-31 23:53:18,599 - INFO - 过滤结果已记录到数据库
2024-12-31 23:53:18,599 - INFO - SubAK001 脚本已成功运行，初次过滤: FilterOut.csv已生成。
2024-12-31 23:53:18,599 - INFO - 初次过滤完成，结果保存在: FilterOut.csv
2024-12-31 23:53:18,599 - INFO - AK001全部处理完成
2025-01-03 16:29:57,781 - INFO - 已将 StkList_AK.csv 备份为 StkList_20250103_162957.csv
2025-01-03 16:29:58,350 - INFO - 获取到的股票数量：5682
2025-01-03 16:29:58,391 - INFO - 最新的股票列表已保存到 StkList_AK.csv 文件中
2025-01-03 16:29:58,412 - INFO - 没有发现可能退市的股票代码。
2025-01-03 16:29:58,412 - INFO - 可能是新上市的股票：
2025-01-03 16:29:58,412 - INFO - 1356, 688545, 301602
2025-01-03 16:29:58,461 - INFO - 已将股票列表保存到 FilterOut.csv 文件中
2025-01-03 16:29:58,461 - INFO - 股票列表更新完成
2025-01-03 16:29:58,461 - INFO - 开始执行初次过滤...
2025-01-03 16:29:58,462 - INFO - 开始执行 SubAK001 函数
2025-01-03 16:29:58,462 - INFO - 输入文件路径: StkList_AK.csv
2025-01-03 16:29:58,462 - INFO - 输出文件路径: FilterOut.csv
2025-01-03 16:29:58,520 - INFO - 输入股票数量: 5682
2025-01-03 16:29:58,542 - INFO - 筛选后行数：4967
2025-01-03 16:29:58,620 - INFO - 过滤后股票数量: 4967
2025-01-03 16:29:58,661 - INFO - PROD: 过滤结果已保存到数据库
2025-01-03 16:29:58,664 - INFO - 过滤结果已记录到数据库
2025-01-03 16:29:58,664 - INFO - SubAK001 脚本已成功运行，初次过滤: FilterOut.csv已生成。
2025-01-03 16:29:58,664 - INFO - 初次过滤完成，结果保存在: FilterOut.csv
2025-01-03 16:29:58,664 - INFO - AK001全部处理完成
2025-01-06 15:48:12,555 - INFO - 已将 StkList_AK.csv 备份为 StkList_20250106_154812.csv
2025-01-06 15:48:22,257 - INFO - 获取到的股票数量：5682
2025-01-06 15:48:22,295 - INFO - 最新的股票列表已保存到 StkList_AK.csv 文件中
2025-01-06 15:48:22,316 - INFO - 没有发现可能退市的股票代码。
2025-01-06 15:48:22,316 - INFO - 没有发现可能新上市的股票代码。
2025-01-06 15:48:22,359 - INFO - 已将股票列表保存到 FilterOut.csv 文件中
2025-01-06 15:48:22,359 - INFO - 股票列表更新完成
2025-01-06 15:48:22,359 - INFO - 开始执行初次过滤...
2025-01-06 15:48:22,360 - INFO - 开始执行 SubAK001 函数
2025-01-06 15:48:22,360 - INFO - 输入文件路径: StkList_AK.csv
2025-01-06 15:48:22,360 - INFO - 输出文件路径: FilterOut.csv
2025-01-06 15:48:22,374 - INFO - 输入股票数量: 5682
2025-01-06 15:48:22,396 - INFO - 筛选后行数：4955
2025-01-06 15:48:22,460 - INFO - 过滤后股票数量: 4955
2025-01-06 15:48:22,465 - INFO - PROD: 过滤结果已保存到数据库
2025-01-06 15:48:22,466 - INFO - 过滤结果已记录到数据库
2025-01-06 15:48:22,467 - INFO - SubAK001 脚本已成功运行，初次过滤: FilterOut.csv已生成。
2025-01-06 15:48:22,467 - INFO - 初次过滤完成，结果保存在: FilterOut.csv
2025-01-06 15:48:22,467 - INFO - AK001全部处理完成
2025-01-07 20:39:20,450 - INFO - 已将 StkList_AK.csv 备份为 StkList_20250107_203920.csv
2025-01-07 20:39:21,695 - INFO - 获取到的股票数量：5682
2025-01-07 20:39:21,732 - INFO - 最新的股票列表已保存到 StkList_AK.csv 文件中
2025-01-07 20:39:21,751 - INFO - 没有发现可能退市的股票代码。
2025-01-07 20:39:21,752 - INFO - 没有发现可能新上市的股票代码。
2025-01-07 20:39:21,795 - INFO - 已将股票列表保存到 FilterOut.csv 文件中
2025-01-07 20:39:21,795 - INFO - 股票列表更新完成
2025-01-07 20:39:21,795 - INFO - 开始执行初次过滤...
2025-01-07 20:39:21,795 - INFO - 开始执行 SubAK001 函数
2025-01-07 20:39:21,795 - INFO - 输入文件路径: StkList_AK.csv
2025-01-07 20:39:21,795 - INFO - 输出文件路径: FilterOut.csv
2025-01-07 20:39:21,813 - INFO - 输入股票数量: 5682
2025-01-07 20:39:21,834 - INFO - 筛选后行数：4906
2025-01-07 20:39:21,906 - INFO - 过滤后股票数量: 4906
2025-01-07 20:39:21,911 - INFO - PROD: 过滤结果已保存到数据库
2025-01-07 20:39:21,912 - INFO - 过滤结果已记录到数据库
2025-01-07 20:39:21,912 - INFO - SubAK001 脚本已成功运行，初次过滤: FilterOut.csv已生成。
2025-01-07 20:39:21,912 - INFO - 初次过滤完成，结果保存在: FilterOut.csv
2025-01-07 20:39:21,912 - INFO - AK001全部处理完成
2025-01-08 16:40:36,011 - INFO - 已将 StkList_AK.csv 备份为 StkList_20250108_164036.csv
2025-01-08 16:40:36,698 - INFO - 获取到的股票数量：5684
2025-01-08 16:40:36,736 - INFO - 最新的股票列表已保存到 StkList_AK.csv 文件中
2025-01-08 16:40:36,754 - INFO - 没有发现可能退市的股票代码。
2025-01-08 16:40:36,754 - INFO - 可能是新上市的股票：
2025-01-08 16:40:36,754 - INFO - 1395, 688411
2025-01-08 16:40:36,800 - INFO - 已将股票列表保存到 FilterOut.csv 文件中
2025-01-08 16:40:36,800 - INFO - 股票列表更新完成
2025-01-08 16:40:36,800 - INFO - 开始执行初次过滤...
2025-01-08 16:40:36,800 - INFO - 开始执行 SubAK001 函数
2025-01-08 16:40:36,800 - INFO - 输入文件路径: StkList_AK.csv
2025-01-08 16:40:36,800 - INFO - 输出文件路径: FilterOut.csv
2025-01-08 16:40:36,810 - INFO - 输入股票数量: 5684
2025-01-08 16:40:36,833 - INFO - 筛选后行数：4947
2025-01-08 16:40:36,902 - INFO - 过滤后股票数量: 4947
2025-01-08 16:40:36,911 - INFO - PROD: 过滤结果已保存到数据库
2025-01-08 16:40:36,911 - INFO - 过滤结果已记录到数据库
2025-01-08 16:40:36,911 - INFO - SubAK001 脚本已成功运行，初次过滤: FilterOut.csv已生成。
2025-01-08 16:40:36,911 - INFO - 初次过滤完成，结果保存在: FilterOut.csv
2025-01-08 16:40:36,911 - INFO - AK001全部处理完成
2025-01-09 22:07:01,337 - INFO - 已将 StkList_AK.csv 备份为 StkList_20250109_220701.csv
2025-01-09 22:07:01,841 - INFO - 获取到的股票数量：5684
2025-01-09 22:07:01,879 - INFO - 最新的股票列表已保存到 StkList_AK.csv 文件中
2025-01-09 22:07:01,898 - INFO - 没有发现可能退市的股票代码。
2025-01-09 22:07:01,898 - INFO - 没有发现可能新上市的股票代码。
2025-01-09 22:07:01,943 - INFO - 已将股票列表保存到 FilterOut.csv 文件中
2025-01-09 22:07:01,943 - INFO - 股票列表更新完成
2025-01-09 22:07:01,943 - INFO - 开始执行初次过滤...
2025-01-09 22:07:01,943 - INFO - 开始执行 SubAK001 函数
2025-01-09 22:07:01,943 - INFO - 输入文件路径: StkList_AK.csv
2025-01-09 22:07:01,943 - INFO - 输出文件路径: FilterOut.csv
2025-01-09 22:07:01,953 - INFO - 输入股票数量: 5684
2025-01-09 22:07:01,974 - INFO - 筛选后行数：4939
2025-01-09 22:07:02,047 - INFO - 过滤后股票数量: 4939
2025-01-09 22:07:02,051 - INFO - PROD: 过滤结果已保存到数据库
2025-01-09 22:07:02,053 - INFO - 过滤结果已记录到数据库
2025-01-09 22:07:02,053 - INFO - SubAK001 脚本已成功运行，初次过滤: FilterOut.csv已生成。
2025-01-09 22:07:02,053 - INFO - 初次过滤完成，结果保存在: FilterOut.csv
2025-01-09 22:07:02,053 - INFO - AK001全部处理完成
2025-01-10 21:43:31,882 - INFO - 已将 StkList_AK.csv 备份为 StkList_20250110_214331.csv
2025-01-10 21:43:32,406 - INFO - 获取到的股票数量：5684
2025-01-10 21:43:32,446 - INFO - 最新的股票列表已保存到 StkList_AK.csv 文件中
2025-01-10 21:43:32,466 - INFO - 没有发现可能退市的股票代码。
2025-01-10 21:43:32,466 - INFO - 没有发现可能新上市的股票代码。
2025-01-10 21:43:32,510 - INFO - 已将股票列表保存到 FilterOut.csv 文件中
2025-01-10 21:43:32,511 - INFO - 股票列表更新完成
2025-01-10 21:43:32,511 - INFO - 开始执行初次过滤...
2025-01-10 21:43:32,511 - INFO - 开始执行 SubAK001 函数
2025-01-10 21:43:32,511 - INFO - 输入文件路径: StkList_AK.csv
2025-01-10 21:43:32,511 - INFO - 输出文件路径: FilterOut.csv
2025-01-10 21:43:32,521 - INFO - 输入股票数量: 5684
2025-01-10 21:43:32,542 - INFO - 筛选后行数：4967
2025-01-10 21:43:32,610 - INFO - 过滤后股票数量: 4967
2025-01-10 21:43:32,614 - INFO - PROD: 过滤结果已保存到数据库
2025-01-10 21:43:32,615 - INFO - 过滤结果已记录到数据库
2025-01-10 21:43:32,615 - INFO - SubAK001 脚本已成功运行，初次过滤: FilterOut.csv已生成。
2025-01-10 21:43:32,615 - INFO - 初次过滤完成，结果保存在: FilterOut.csv
2025-01-10 21:43:32,615 - INFO - AK001全部处理完成
2025-01-13 20:36:56,023 - INFO - 已将 StkList_AK.csv 备份为 StkList_20250113_203656.csv
2025-01-13 20:36:56,594 - INFO - 获取到的股票数量：5684
2025-01-13 20:36:56,633 - INFO - 最新的股票列表已保存到 StkList_AK.csv 文件中
2025-01-13 20:36:56,651 - INFO - 没有发现可能退市的股票代码。
2025-01-13 20:36:56,651 - INFO - 没有发现可能新上市的股票代码。
2025-01-13 20:36:56,695 - INFO - 已将股票列表保存到 FilterOut.csv 文件中
2025-01-13 20:36:56,695 - INFO - 股票列表更新完成
2025-01-13 20:36:56,695 - INFO - 开始执行初次过滤...
2025-01-13 20:36:56,695 - INFO - 开始执行 SubAK001 函数
2025-01-13 20:36:56,695 - INFO - 输入文件路径: StkList_AK.csv
2025-01-13 20:36:56,695 - INFO - 输出文件路径: FilterOut.csv
2025-01-13 20:36:56,706 - INFO - 输入股票数量: 5684
2025-01-13 20:36:56,726 - INFO - 筛选后行数：4958
2025-01-13 20:36:56,798 - INFO - 过滤后股票数量: 4958
2025-01-13 20:36:56,801 - INFO - PROD: 过滤结果已保存到数据库
2025-01-13 20:36:56,802 - INFO - 过滤结果已记录到数据库
2025-01-13 20:36:56,802 - INFO - SubAK001 脚本已成功运行，初次过滤: FilterOut.csv已生成。
2025-01-13 20:36:56,803 - INFO - 初次过滤完成，结果保存在: FilterOut.csv
2025-01-13 20:36:56,803 - INFO - AK001全部处理完成
2025-01-14 17:54:16,966 - INFO - 已将 StkList_AK.csv 备份为 StkList_20250114_175416.csv
2025-01-14 17:54:17,509 - INFO - 获取到的股票数量：5684
2025-01-14 17:54:17,549 - INFO - 最新的股票列表已保存到 StkList_AK.csv 文件中
2025-01-14 17:54:17,573 - INFO - 没有发现可能退市的股票代码。
2025-01-14 17:54:17,573 - INFO - 没有发现可能新上市的股票代码。
2025-01-14 17:54:17,625 - INFO - 已将股票列表保存到 FilterOut.csv 文件中
2025-01-14 17:54:17,626 - INFO - 股票列表更新完成
2025-01-14 17:54:17,626 - INFO - 开始执行初次过滤...
2025-01-14 17:54:17,626 - INFO - 开始执行 SubAK001 函数
2025-01-14 17:54:17,626 - INFO - 输入文件路径: StkList_AK.csv
2025-01-14 17:54:17,626 - INFO - 输出文件路径: FilterOut.csv
2025-01-14 17:54:17,637 - INFO - 输入股票数量: 5684
2025-01-14 17:54:17,663 - INFO - 筛选后行数：4842
2025-01-14 17:54:17,734 - INFO - 过滤后股票数量: 4842
2025-01-14 17:54:17,739 - INFO - PROD: 过滤结果已保存到数据库
2025-01-14 17:54:17,740 - INFO - 过滤结果已记录到数据库
2025-01-14 17:54:17,740 - INFO - SubAK001 脚本已成功运行，初次过滤: FilterOut.csv已生成。
2025-01-14 17:54:17,740 - INFO - 初次过滤完成，结果保存在: FilterOut.csv
2025-01-14 17:54:17,740 - INFO - AK001全部处理完成
2025-01-15 21:15:58,908 - INFO - 已将 StkList_AK.csv 备份为 StkList_20250115_211558.csv
2025-01-15 21:15:59,623 - INFO - 获取到的股票数量：5684
2025-01-15 21:15:59,662 - INFO - 最新的股票列表已保存到 StkList_AK.csv 文件中
2025-01-15 21:15:59,684 - INFO - 没有发现可能退市的股票代码。
2025-01-15 21:15:59,685 - INFO - 没有发现可能新上市的股票代码。
2025-01-15 21:15:59,727 - INFO - 已将股票列表保存到 FilterOut.csv 文件中
2025-01-15 21:15:59,727 - INFO - 股票列表更新完成
2025-01-15 21:15:59,727 - INFO - 开始执行初次过滤...
2025-01-15 21:15:59,727 - INFO - 开始执行 SubAK001 函数
2025-01-15 21:15:59,727 - INFO - 输入文件路径: StkList_AK.csv
2025-01-15 21:15:59,727 - INFO - 输出文件路径: FilterOut.csv
2025-01-15 21:15:59,738 - INFO - 输入股票数量: 5684
2025-01-15 21:15:59,760 - INFO - 筛选后行数：4960
2025-01-15 21:15:59,832 - INFO - 过滤后股票数量: 4960
2025-01-15 21:15:59,837 - INFO - PROD: 过滤结果已保存到数据库
2025-01-15 21:15:59,838 - INFO - 过滤结果已记录到数据库
2025-01-15 21:15:59,838 - INFO - SubAK001 脚本已成功运行，初次过滤: FilterOut.csv已生成。
2025-01-15 21:15:59,838 - INFO - 初次过滤完成，结果保存在: FilterOut.csv
2025-01-15 21:15:59,838 - INFO - AK001全部处理完成
2025-01-16 19:09:46,292 - INFO - 已将 StkList_AK.csv 备份为 StkList_20250116_190946.csv
2025-01-16 19:09:46,826 - INFO - 获取到的股票数量：5685
2025-01-16 19:09:46,865 - INFO - 最新的股票列表已保存到 StkList_AK.csv 文件中
2025-01-16 19:09:46,884 - INFO - 没有发现可能退市的股票代码。
2025-01-16 19:09:46,885 - INFO - 可能是新上市的股票：
2025-01-16 19:09:46,885 - INFO - 920108
2025-01-16 19:09:46,932 - INFO - 已将股票列表保存到 FilterOut.csv 文件中
2025-01-16 19:09:46,932 - INFO - 股票列表更新完成
2025-01-16 19:09:46,932 - INFO - 开始执行初次过滤...
2025-01-16 19:09:46,932 - INFO - 开始执行 SubAK001 函数
2025-01-16 19:09:46,932 - INFO - 输入文件路径: StkList_AK.csv
2025-01-16 19:09:46,932 - INFO - 输出文件路径: FilterOut.csv
2025-01-16 19:09:46,942 - INFO - 输入股票数量: 5685
2025-01-16 19:09:46,963 - INFO - 筛选后行数：4946
2025-01-16 19:09:47,034 - INFO - 过滤后股票数量: 4946
2025-01-16 19:09:47,039 - INFO - PROD: 过滤结果已保存到数据库
2025-01-16 19:09:47,042 - INFO - 过滤结果已记录到数据库
2025-01-16 19:09:47,042 - INFO - SubAK001 脚本已成功运行，初次过滤: FilterOut.csv已生成。
2025-01-16 19:09:47,042 - INFO - 初次过滤完成，结果保存在: FilterOut.csv
2025-01-16 19:09:47,042 - INFO - AK001全部处理完成
2025-01-17 20:12:43,257 - INFO - 已将 StkList_AK.csv 备份为 StkList_20250117_201243.csv
2025-01-17 20:12:44,213 - INFO - 获取到的股票数量：5685
2025-01-17 20:12:44,250 - INFO - 最新的股票列表已保存到 StkList_AK.csv 文件中
2025-01-17 20:12:44,269 - INFO - 没有发现可能退市的股票代码。
2025-01-17 20:12:44,269 - INFO - 没有发现可能新上市的股票代码。
2025-01-17 20:12:44,313 - INFO - 已将股票列表保存到 FilterOut.csv 文件中
2025-01-17 20:12:44,313 - INFO - 股票列表更新完成
2025-01-17 20:12:44,313 - INFO - 开始执行初次过滤...
2025-01-17 20:12:44,313 - INFO - 开始执行 SubAK001 函数
2025-01-17 20:12:44,313 - INFO - 输入文件路径: StkList_AK.csv
2025-01-17 20:12:44,313 - INFO - 输出文件路径: FilterOut.csv
2025-01-17 20:12:44,323 - INFO - 输入股票数量: 5685
2025-01-17 20:12:44,344 - INFO - 筛选后行数：4959
2025-01-17 20:12:44,410 - INFO - 过滤后股票数量: 4959
2025-01-17 20:12:44,415 - INFO - PROD: 过滤结果已保存到数据库
2025-01-17 20:12:44,416 - INFO - 过滤结果已记录到数据库
2025-01-17 20:12:44,416 - INFO - SubAK001 脚本已成功运行，初次过滤: FilterOut.csv已生成。
2025-01-17 20:12:44,416 - INFO - 初次过滤完成，结果保存在: FilterOut.csv
2025-01-17 20:12:44,416 - INFO - AK001全部处理完成
2025-01-20 16:38:56,147 - INFO - 已将 StkList_AK.csv 备份为 StkList_20250120_163856.csv
2025-01-20 16:38:56,779 - INFO - 获取到的股票数量：5685
2025-01-20 16:38:56,816 - INFO - 最新的股票列表已保存到 StkList_AK.csv 文件中
2025-01-20 16:38:56,836 - INFO - 没有发现可能退市的股票代码。
2025-01-20 16:38:56,836 - INFO - 没有发现可能新上市的股票代码。
2025-01-20 16:38:56,879 - INFO - 已将股票列表保存到 FilterOut.csv 文件中
2025-01-20 16:38:56,880 - INFO - 股票列表更新完成
2025-01-20 16:38:56,880 - INFO - 开始执行初次过滤...
2025-01-20 16:38:56,880 - INFO - 开始执行 SubAK001 函数
2025-01-20 16:38:56,880 - INFO - 输入文件路径: StkList_AK.csv
2025-01-20 16:38:56,881 - INFO - 输出文件路径: FilterOut.csv
2025-01-20 16:38:56,890 - INFO - 输入股票数量: 5685
2025-01-20 16:38:56,911 - INFO - 筛选后行数：4950
2025-01-20 16:38:56,977 - INFO - 过滤后股票数量: 4950
2025-01-20 16:38:56,983 - INFO - PROD: 过滤结果已保存到数据库
2025-01-20 16:38:56,984 - INFO - 过滤结果已记录到数据库
2025-01-20 16:38:56,984 - INFO - SubAK001 脚本已成功运行，初次过滤: FilterOut.csv已生成。
2025-01-20 16:38:56,984 - INFO - 初次过滤完成，结果保存在: FilterOut.csv
2025-01-20 16:38:56,984 - INFO - AK001全部处理完成
2025-01-20 21:37:36,899 - INFO - 开始管理备份文件...
2025-01-20 21:37:36,900 - WARNING - 无法解析文件名日期: StkList_AK.csv
2025-01-20 21:37:36,900 - WARNING - 无法解析文件名日期: StkList_test.csv
2025-01-20 21:37:36,901 - INFO - 删除过期备份文件: StkList_20250116_190946.csv
2025-01-20 21:37:36,901 - INFO - 删除过期备份文件: StkList_20250115_211558.csv
2025-01-20 21:37:36,902 - INFO - 删除过期备份文件: StkList_20250114_175416.csv
2025-01-20 21:37:36,902 - INFO - 删除过期备份文件: StkList_20250113_203656.csv
2025-01-20 21:37:36,902 - INFO - 备份文件管理完成
2025-01-20 21:37:36,902 - INFO - 已将 StkList_AK.csv 备份为 StkList_20250120_213736.csv
2025-01-20 21:37:37,441 - INFO - 获取到的股票数量：5685
2025-01-20 21:37:37,480 - INFO - 最新的股票列表已保存到 StkList_AK.csv 文件中
2025-01-20 21:37:37,498 - INFO - 没有发现可能退市的股票代码。
2025-01-20 21:37:37,500 - INFO - 没有发现可能新上市的股票代码。
2025-01-20 21:37:37,606 - INFO - 已将股票列表保存到 FilterOut.csv 文件中
2025-01-20 21:37:37,606 - INFO - 股票列表更新完成
2025-01-20 21:37:37,606 - INFO - 开始执行初次过滤...
2025-01-20 21:37:37,606 - INFO - 开始执行 SubAK001 函数
2025-01-20 21:37:37,606 - INFO - 输入文件路径: StkList_AK.csv
2025-01-20 21:37:37,606 - INFO - 输出文件路径: FilterOut.csv
2025-01-20 21:37:37,618 - INFO - 输入股票数量: 5685
2025-01-20 21:37:37,642 - INFO - 筛选后行数：4950
2025-01-20 21:37:37,712 - INFO - 过滤后股票数量: 4950
2025-01-20 21:37:37,720 - INFO - PROD: 过滤结果已保存到数据库
2025-01-20 21:37:37,721 - INFO - 过滤结果已记录到数据库
2025-01-20 21:37:37,721 - INFO - SubAK001 脚本已成功运行，初次过滤: FilterOut.csv已生成。
2025-01-20 21:37:37,721 - INFO - 初次过滤完成，结果保存在: FilterOut.csv
2025-01-20 21:37:37,721 - INFO - AK001全部处理完成
2025-01-21 20:13:15,387 - INFO - 开始管理备份文件...
2025-01-21 20:13:15,389 - WARNING - 无法解析文件名日期: StkList_AK.csv
2025-01-21 20:13:15,389 - WARNING - 无法解析文件名日期: StkList_test.csv
2025-01-21 20:13:15,389 - INFO - 删除重复备份文件: StkList_20250120_163856.csv
2025-01-21 20:13:15,390 - INFO - 删除过期备份文件: StkList_20250117_201243.csv
2025-01-21 20:13:15,390 - INFO - 备份文件管理完成
2025-01-21 20:13:15,390 - INFO - 已将 StkList_AK.csv 备份为 StkList_20250121_201315.csv
2025-01-21 20:13:19,136 - INFO - 获取到的股票数量：5685
2025-01-21 20:13:19,176 - INFO - 最新的股票列表已保存到 StkList_AK.csv 文件中
2025-01-21 20:13:19,197 - INFO - 没有发现可能退市的股票代码。
2025-01-21 20:13:19,197 - INFO - 没有发现可能新上市的股票代码。
2025-01-21 20:13:19,245 - INFO - 已将股票列表保存到 FilterOut.csv 文件中
2025-01-21 20:13:19,245 - INFO - 股票列表更新完成
2025-01-21 20:13:19,245 - INFO - 开始执行初次过滤...
2025-01-21 20:13:19,245 - INFO - 开始执行 SubAK001 函数
2025-01-21 20:13:19,245 - INFO - 输入文件路径: StkList_AK.csv
2025-01-21 20:13:19,245 - INFO - 输出文件路径: FilterOut.csv
2025-01-21 20:13:19,256 - INFO - 输入股票数量: 5685
2025-01-21 20:13:19,278 - INFO - 筛选后行数：4957
2025-01-21 20:13:19,340 - INFO - 过滤后股票数量: 4957
2025-01-21 20:13:19,343 - INFO - PROD: 过滤结果已保存到数据库
2025-01-21 20:13:19,343 - INFO - 过滤结果已记录到数据库
2025-01-21 20:13:19,343 - INFO - SubAK001 脚本已成功运行，初次过滤: FilterOut.csv已生成。
2025-01-21 20:13:19,343 - INFO - 初次过滤完成，结果保存在: FilterOut.csv
2025-01-21 20:13:19,343 - INFO - AK001全部处理完成
2025-01-22 15:38:34,051 - INFO - 开始管理备份文件...
2025-01-22 15:38:34,053 - WARNING - 无法解析文件名日期: StkList_AK.csv
2025-01-22 15:38:34,053 - WARNING - 无法解析文件名日期: StkList_test.csv
2025-01-22 15:38:34,053 - INFO - 备份文件管理完成
2025-01-22 15:38:34,053 - INFO - 已将 StkList_AK.csv 备份为 StkList_20250122_153834.csv
2025-01-22 15:38:34,854 - INFO - 获取到的股票数量：5685
2025-01-22 15:38:34,894 - INFO - 最新的股票列表已保存到 StkList_AK.csv 文件中
2025-01-22 15:38:34,915 - INFO - 没有发现可能退市的股票代码。
2025-01-22 15:38:34,915 - INFO - 没有发现可能新上市的股票代码。
2025-01-22 15:38:34,965 - INFO - 已将股票列表保存到 'Filter0Out.csv 文件中
2025-01-22 15:38:34,965 - INFO - 股票列表更新完成
2025-01-22 15:38:34,965 - INFO - 开始执行初次过滤...
2025-01-22 15:38:34,966 - INFO - 开始执行 SubAK001 函数
2025-01-22 15:38:34,966 - INFO - 输入文件路径: StkList_AK.csv
2025-01-22 15:38:34,966 - INFO - 输出文件路径: 'Filter0Out.csv
2025-01-22 15:38:34,976 - INFO - 输入股票数量: 5685
2025-01-22 15:38:34,999 - INFO - 筛选后行数：4975
2025-01-22 15:38:35,057 - INFO - 过滤后股票数量: 4975
2025-01-22 15:38:35,058 - INFO - PROD: 过滤结果已保存到数据库
2025-01-22 15:38:35,059 - INFO - 过滤结果已记录到数据库
2025-01-22 15:38:35,059 - INFO - SubAK001 脚本已成功运行，初次过滤: 'Filter0Out.csv已生成。
2025-01-22 15:38:35,059 - INFO - 初次过滤完成，结果保存在: 'Filter0Out.csv
2025-01-22 15:38:35,059 - INFO - AK001全部处理完成
2025-01-22 15:49:01,607 - INFO - 开始执行 SubAK001 函数
2025-01-22 15:49:01,608 - INFO - 输入文件路径: StkList_AK.csv
2025-01-22 15:49:01,608 - INFO - 输出文件路径: 'Filter0Out.csv
2025-01-22 15:49:01,657 - INFO - 输入股票数量: 5685
2025-01-22 15:49:01,674 - INFO - 筛选后行数：4887
2025-01-22 15:49:01,704 - INFO - 过滤后股票数量: 4887
2025-01-22 15:49:01,716 - INFO - PROD: 过滤结果已保存到数据库
2025-01-22 15:49:01,719 - INFO - 过滤结果已记录到数据库
2025-01-23 16:12:56,864 - INFO - 开始管理备份文件...
2025-01-23 16:12:56,865 - WARNING - 无法解析文件名日期: StkList_AK.csv
2025-01-23 16:12:56,865 - WARNING - 无法解析文件名日期: StkList_test.csv
2025-01-23 16:12:56,865 - INFO - 备份文件管理完成
2025-01-23 16:12:56,865 - INFO - 已将 StkList_AK.csv 备份为 StkList_20250123_161256.csv
2025-01-23 16:12:58,763 - INFO - 获取到的股票数量：5685
2025-01-23 16:12:58,814 - INFO - 最新的股票列表已保存到 StkList_AK.csv 文件中
2025-01-23 16:12:58,843 - INFO - 没有发现可能退市的股票代码。
2025-01-23 16:12:58,843 - INFO - 没有发现可能新上市的股票代码。
2025-01-23 16:12:58,904 - INFO - 已将股票列表保存到 Filter0Out.csv 文件中
2025-01-23 16:12:58,904 - INFO - 股票列表更新完成
2025-01-23 16:12:58,904 - INFO - 开始执行初次过滤...
2025-01-23 16:12:58,904 - INFO - 开始执行 SubAK001 函数
2025-01-23 16:12:58,905 - INFO - 输入文件路径: StkList_AK.csv
2025-01-23 16:12:58,905 - INFO - 输出文件路径: Filter0Out.csv
2025-01-23 16:12:58,918 - INFO - 输入股票数量: 5685
2025-01-23 16:12:58,935 - INFO - 筛选后行数：4893
2025-01-23 16:12:58,981 - INFO - 过滤后股票数量: 4893
2025-01-23 16:12:58,985 - INFO - PROD: 过滤结果已保存到数据库
2025-01-23 16:12:58,986 - INFO - 过滤结果已记录到数据库
2025-01-23 16:12:58,987 - INFO - SubAK001 脚本已成功运行，初次过滤: Filter0Out.csv已生成。
2025-01-23 16:12:58,987 - INFO - 初次过滤完成，结果保存在: Filter0Out.csv
2025-01-23 16:12:58,987 - INFO - AK001全部处理完成
2025-01-24 16:06:40,529 - INFO - 开始管理备份文件...
2025-01-24 16:06:40,530 - WARNING - 无法解析文件名日期: StkList_AK.csv
2025-01-24 16:06:40,530 - WARNING - 无法解析文件名日期: StkList_test.csv
2025-01-24 16:06:40,530 - INFO - 备份文件管理完成
2025-01-24 16:06:40,531 - INFO - 已将 StkList_AK.csv 备份为 StkList_20250124_160640.csv
2025-01-24 16:06:47,443 - INFO - 获取到的股票数量：5685
2025-01-24 16:06:47,488 - INFO - 最新的股票列表已保存到 StkList_AK.csv 文件中
2025-01-24 16:06:47,511 - INFO - 没有发现可能退市的股票代码。
2025-01-24 16:06:47,512 - INFO - 没有发现可能新上市的股票代码。
2025-01-24 16:06:47,567 - INFO - 已将股票列表保存到 Filter0Out.csv 文件中
2025-01-24 16:06:47,567 - INFO - 股票列表更新完成
2025-01-24 16:06:47,567 - INFO - 开始执行初次过滤...
2025-01-24 16:06:47,567 - INFO - 开始执行 SubAK001 函数
2025-01-24 16:06:47,567 - INFO - 输入文件路径: StkList_AK.csv
2025-01-24 16:06:47,567 - INFO - 输出文件路径: Filter0Out.csv
2025-01-24 16:06:47,579 - INFO - 输入股票数量: 5685
2025-01-24 16:06:47,594 - INFO - 筛选后行数：4842
2025-01-24 16:06:47,635 - INFO - 过滤后股票数量: 4842
2025-01-24 16:06:47,640 - INFO - PROD: 过滤结果已保存到数据库
2025-01-24 16:06:47,641 - INFO - 过滤结果已记录到数据库
2025-01-24 16:06:47,641 - INFO - SubAK001 脚本已成功运行，初次过滤: Filter0Out.csv已生成。
2025-01-24 16:06:47,641 - INFO - 初次过滤完成，结果保存在: Filter0Out.csv
2025-01-24 16:06:47,641 - INFO - AK001全部处理完成
2025-01-28 07:34:15,873 - INFO - 开始管理备份文件...
2025-01-28 07:34:15,874 - WARNING - 无法解析文件名日期: StkList_AK.csv
2025-01-28 07:34:15,874 - WARNING - 无法解析文件名日期: StkList_test.csv
2025-01-28 07:34:15,874 - INFO - 删除过期备份文件: StkList_20250124_160640.csv
2025-01-28 07:34:15,875 - INFO - 删除过期备份文件: StkList_20250123_161256.csv
2025-01-28 07:34:15,875 - INFO - 删除过期备份文件: StkList_20250122_153834.csv
2025-01-28 07:34:15,876 - INFO - 删除过期备份文件: StkList_20250121_201315.csv
2025-01-28 07:34:15,876 - INFO - 备份文件管理完成
2025-01-28 07:34:15,877 - INFO - 已将 StkList_AK.csv 备份为 StkList_20250128_073415.csv
2025-01-28 07:34:16,566 - INFO - 获取到的股票数量：5685
2025-01-28 07:34:16,609 - INFO - 最新的股票列表已保存到 StkList_AK.csv 文件中
2025-01-28 07:34:16,632 - INFO - 没有发现可能退市的股票代码。
2025-01-28 07:34:16,632 - INFO - 没有发现可能新上市的股票代码。
2025-01-28 07:34:16,679 - INFO - 已将股票列表保存到 Filter0Out.csv 文件中
2025-01-28 07:34:16,679 - INFO - 股票列表更新完成
2025-01-28 07:34:16,679 - INFO - 开始执行初次过滤...
2025-01-28 07:34:16,681 - INFO - 开始执行 SubAK001 函数
2025-01-28 07:34:16,681 - INFO - 输入文件路径: StkList_AK.csv
2025-01-28 07:34:16,681 - INFO - 输出文件路径: Filter0Out.csv
2025-01-28 07:34:16,697 - INFO - 输入股票数量: 5685
2025-01-28 07:34:16,711 - INFO - 筛选后行数：4889
2025-01-28 07:34:16,756 - INFO - 过滤后股票数量: 4889
2025-01-28 07:34:16,761 - INFO - PROD: 过滤结果已保存到数据库
2025-01-28 07:34:16,761 - INFO - 过滤结果已记录到数据库
2025-01-28 07:34:16,761 - INFO - SubAK001 脚本已成功运行，初次过滤: Filter0Out.csv已生成。
2025-01-28 07:34:16,761 - INFO - 初次过滤完成，结果保存在: Filter0Out.csv
2025-01-28 07:34:16,761 - INFO - AK001全部处理完成
2025-02-05 22:25:48,040 - INFO - 开始管理备份文件...
2025-02-05 22:25:48,041 - WARNING - 无法解析文件名日期: StkList_AK.csv
2025-02-05 22:25:48,041 - WARNING - 无法解析文件名日期: StkList_test.csv
2025-02-05 22:25:48,041 - INFO - 删除过期备份文件: StkList_20250128_073415.csv
2025-02-05 22:25:48,041 - INFO - 备份文件管理完成
2025-02-05 22:25:48,041 - INFO - 已将 StkList_AK.csv 备份为 StkList_20250205_222548.csv
2025-02-05 22:25:48,796 - INFO - 获取到的股票数量：5685
2025-02-05 22:25:48,834 - INFO - 最新的股票列表已保存到 StkList_AK.csv 文件中
2025-02-05 22:25:48,852 - INFO - 没有发现可能退市的股票代码。
2025-02-05 22:25:48,853 - INFO - 没有发现可能新上市的股票代码。
2025-02-05 22:25:48,900 - INFO - 已将股票列表保存到 Filter0Out.csv 文件中
2025-02-05 22:25:48,900 - INFO - 股票列表更新完成
2025-02-05 22:25:48,900 - INFO - 开始执行初次过滤...
2025-02-05 22:25:48,901 - INFO - 开始执行 SubAK001 函数
2025-02-05 22:25:48,901 - INFO - 输入文件路径: StkList_AK.csv
2025-02-05 22:25:48,901 - INFO - 输出文件路径: Filter0Out.csv
2025-02-05 22:25:48,979 - INFO - 输入股票数量: 5685
2025-02-05 22:25:48,995 - INFO - 筛选后行数：4842
2025-02-05 22:25:49,033 - INFO - 过滤后股票数量: 4842
2025-02-05 22:25:49,061 - INFO - PROD: 过滤结果已保存到数据库
2025-02-05 22:25:49,063 - INFO - 过滤结果已记录到数据库
2025-02-05 22:25:49,063 - INFO - SubAK001 脚本已成功运行，初次过滤: Filter0Out.csv已生成。
2025-02-05 22:25:49,063 - INFO - 初次过滤完成，结果保存在: Filter0Out.csv
2025-02-05 22:25:49,063 - INFO - AK001全部处理完成
2025-02-06 22:14:18,441 - INFO - 开始管理备份文件...
2025-02-06 22:14:18,442 - WARNING - 无法解析文件名日期: StkList_AK.csv
2025-02-06 22:14:18,442 - WARNING - 无法解析文件名日期: StkList_test.csv
2025-02-06 22:14:18,442 - INFO - 备份文件管理完成
2025-02-06 22:14:18,442 - INFO - 已将 StkList_AK.csv 备份为 StkList_20250206_221418.csv
2025-02-06 22:14:19,093 - INFO - 获取到的股票数量：5685
2025-02-06 22:14:19,131 - INFO - 最新的股票列表已保存到 StkList_AK.csv 文件中
2025-02-06 22:14:19,150 - INFO - 没有发现可能退市的股票代码。
2025-02-06 22:14:19,150 - INFO - 没有发现可能新上市的股票代码。
2025-02-06 22:14:19,194 - INFO - 已将股票列表保存到 Filter0Out.csv 文件中
2025-02-06 22:14:19,194 - INFO - 股票列表更新完成
2025-02-06 22:14:19,194 - INFO - 开始执行初次过滤...
2025-02-06 22:14:19,194 - INFO - 开始执行 SubAK001 函数
2025-02-06 22:14:19,194 - INFO - 输入文件路径: StkList_AK.csv
2025-02-06 22:14:19,194 - INFO - 输出文件路径: Filter0Out.csv
2025-02-06 22:14:19,203 - INFO - 输入股票数量: 5685
2025-02-06 22:14:19,216 - INFO - 筛选后行数：4822
2025-02-06 22:14:19,246 - INFO - 过滤后股票数量: 4822
2025-02-06 22:14:19,249 - INFO - PROD: 过滤结果已保存到数据库
2025-02-06 22:14:19,249 - INFO - 过滤结果已记录到数据库
2025-02-06 22:14:19,249 - INFO - SubAK001 脚本已成功运行，初次过滤: Filter0Out.csv已生成。
2025-02-06 22:14:19,249 - INFO - 初次过滤完成，结果保存在: Filter0Out.csv
2025-02-06 22:14:19,249 - INFO - AK001全部处理完成
2025-02-07 22:56:34,326 - INFO - 开始管理备份文件...
2025-02-07 22:56:34,326 - WARNING - 无法解析文件名日期: StkList_AK.csv
2025-02-07 22:56:34,326 - WARNING - 无法解析文件名日期: StkList_test.csv
2025-02-07 22:56:34,326 - INFO - 备份文件管理完成
2025-02-07 22:56:34,326 - INFO - 已将 StkList_AK.csv 备份为 StkList_20250207_225634.csv
2025-02-07 22:56:34,840 - INFO - 获取到的股票数量：5685
2025-02-07 22:56:34,881 - INFO - 最新的股票列表已保存到 StkList_AK.csv 文件中
2025-02-07 22:56:34,906 - INFO - 没有发现可能退市的股票代码。
2025-02-07 22:56:34,906 - INFO - 没有发现可能新上市的股票代码。
2025-02-07 22:56:34,963 - INFO - 已将股票列表保存到 Filter0Out.csv 文件中
2025-02-07 22:56:34,963 - INFO - 股票列表更新完成
2025-02-07 22:56:34,963 - INFO - 开始执行初次过滤...
2025-02-07 22:56:34,963 - INFO - 开始执行 SubAK001 函数
2025-02-07 22:56:34,963 - INFO - 输入文件路径: StkList_AK.csv
2025-02-07 22:56:34,963 - INFO - 输出文件路径: Filter0Out.csv
2025-02-07 22:56:34,975 - INFO - 输入股票数量: 5685
2025-02-07 22:56:34,991 - INFO - 筛选后行数：4843
2025-02-07 22:56:35,026 - INFO - 过滤后股票数量: 4843
2025-02-07 22:56:35,030 - INFO - PROD: 过滤结果已保存到数据库
2025-02-07 22:56:35,031 - INFO - 过滤结果已记录到数据库
2025-02-07 22:56:35,032 - INFO - SubAK001 脚本已成功运行，初次过滤: Filter0Out.csv已生成。
2025-02-07 22:56:35,032 - INFO - 初次过滤完成，结果保存在: Filter0Out.csv
2025-02-07 22:56:35,032 - INFO - AK001全部处理完成
2025-02-10 16:39:01,749 - INFO - 开始管理备份文件...
2025-02-10 16:39:01,750 - WARNING - 无法解析文件名日期: StkList_AK.csv
2025-02-10 16:39:01,750 - WARNING - 无法解析文件名日期: StkList_test.csv
2025-02-10 16:39:01,750 - INFO - 删除过期备份文件: StkList_20250206_221418.csv
2025-02-10 16:39:01,751 - INFO - 删除过期备份文件: StkList_20250205_222548.csv
2025-02-10 16:39:01,751 - INFO - 备份文件管理完成
2025-02-10 16:39:01,751 - INFO - 已将 StkList_AK.csv 备份为 StkList_20250210_163901.csv
2025-02-10 16:39:03,026 - INFO - 获取到的股票数量：5685
2025-02-10 16:39:03,065 - INFO - 最新的股票列表已保存到 StkList_AK.csv 文件中
2025-02-10 16:39:03,087 - INFO - 没有发现可能退市的股票代码。
2025-02-10 16:39:03,087 - INFO - 没有发现可能新上市的股票代码。
2025-02-10 16:39:03,132 - INFO - 已将股票列表保存到 Filter0Out.csv 文件中
2025-02-10 16:39:03,132 - INFO - 股票列表更新完成
2025-02-10 16:39:03,132 - INFO - 开始执行初次过滤...
2025-02-10 16:39:03,132 - INFO - 开始执行 SubAK001 函数
2025-02-10 16:39:03,132 - INFO - 输入文件路径: StkList_AK.csv
2025-02-10 16:39:03,132 - INFO - 输出文件路径: Filter0Out.csv
2025-02-10 16:39:03,144 - INFO - 输入股票数量: 5685
2025-02-10 16:39:03,157 - INFO - 筛选后行数：4801
2025-02-10 16:39:03,202 - INFO - 过滤后股票数量: 4801
2025-02-10 16:39:03,210 - INFO - PROD: 过滤结果已保存到数据库
2025-02-10 16:39:03,211 - INFO - 过滤结果已记录到数据库
2025-02-10 16:39:03,211 - INFO - SubAK001 脚本已成功运行，初次过滤: Filter0Out.csv已生成。
2025-02-10 16:39:03,211 - INFO - 初次过滤完成，结果保存在: Filter0Out.csv
2025-02-10 16:39:03,211 - INFO - AK001全部处理完成
