2024-12-22 08:57:39,859 - INFO - PROD: 今天非工作日，将 2024-12-20 视为处理日期。
2024-12-22 08:57:39,860 - INFO - QA: 配置文件 'daily_update_table': 'Dec20' -> 'Dec20'.
QA: 配置文件 'last_update_date': '2024-12-20' -> '2024-12-20'.
2024-12-22 08:57:39,880 - INFO - QA: 最后一个工作日的数据表已经存在,无需再次创建
2024-12-22 09:03:14,447 - INFO - PROD: 今天非工作日，将 2024-12-20 视为处理日期。
2024-12-22 09:03:14,448 - INFO - QA: 配置文件 'daily_update_table': 'Dec20' -> 'Dec20'.
QA: 配置文件 'last_update_date': '2024-12-20' -> '2024-12-20'.
2024-12-22 09:03:14,452 - INFO - QA: 最后一个工作日的数据表已经存在,无需再次创建
2024-12-22 09:05:19,085 - INFO - PROD: 今天非工作日，将 2024-12-20 视为处理日期。
2024-12-22 09:05:19,085 - INFO - PROD: 配置文件 'daily_update_table': 'Dec20' -> 'Dec20'.
PROD: 配置文件 'last_update_date': '2024-12-20' -> '2024-12-20'.
2024-12-22 09:05:19,090 - INFO - PROD: 最后一个工作日的数据表已经存在,无需再次创建
2024-12-24 06:31:51,053 - INFO - PROD: 当前时间 06:31 早于开盘时间 09:20, 当前工作日尚未开盘。
2024-12-24 06:33:25,866 - INFO - PROD: 当前时间 06:33 早于收盘时间 16:00，将 2024-12-23 视为处理日期。
2024-12-24 06:33:25,867 - INFO - PROD: 配置文件 'daily_update_table': 'Dec20' -> 'Dec23'.
PROD: 配置文件 'last_update_date': '2024-12-20' -> '2024-12-23'.
2024-12-24 06:33:25,909 - INFO - 根据 Dec20 成功创建了表 Dec23。
2024-12-24 16:29:19,959 - INFO - PROD: 当前时间 16:29 晚于收盘时间 16:00，将 2024-12-24 视为处理日期。
2024-12-24 16:29:19,960 - INFO - PROD: 配置文件 'daily_update_table': 'Dec23' -> 'Dec24'.
PROD: 配置文件 'last_update_date': '2024-12-23' -> '2024-12-24'.
2024-12-24 16:29:19,990 - INFO - 根据 Dec23 成功创建了表 Dec24。
2024-12-25 16:01:33,285 - INFO - PROD: 当前时间 16:01 晚于收盘时间 15:30，将 2024-12-25 视为处理日期。
2024-12-25 16:01:33,285 - INFO - PROD: 配置文件 'daily_update_table': 'Dec24' -> 'Dec25'.
PROD: 配置文件 'last_update_date': '2024-12-24' -> '2024-12-25'.
2024-12-25 16:01:33,312 - INFO - 根据 Dec24 成功创建了表 Dec25。
2024-12-26 21:54:30,574 - INFO - PROD: 当前时间 21:54 晚于收盘时间 15:30，将 2024-12-26 视为处理日期。
2024-12-26 21:54:30,575 - INFO - PROD: 配置文件 'daily_update_table': 'Dec25' -> 'Dec26'.
PROD: 配置文件 'last_update_date': '2024-12-25' -> '2024-12-26'.
2024-12-26 21:54:30,605 - INFO - 根据 Dec25 成功创建了表 Dec26。
2024-12-27 09:22:30,502 - INFO - PROD: 当前时间 09:22 早于收盘时间 15:30，将 2024-12-26 视为处理日期。
2024-12-27 09:22:30,503 - INFO - PROD: 配置文件 'daily_update_table': 'Dec26' -> 'Dec26'.
PROD: 配置文件 'last_update_date': '2024-12-26' -> '2024-12-26'.
2024-12-27 09:22:30,509 - INFO - PROD: 最后一个工作日的数据表已经存在,无需再次创建
2024-12-27 16:49:23,512 - INFO - PROD: 当前时间 16:49 晚于收盘时间 15:30，将 2024-12-27 视为处理日期。
2024-12-27 16:49:23,512 - INFO - PROD: 配置文件 'daily_update_table': 'Dec26' -> 'Dec27'.
PROD: 配置文件 'last_update_date': '2024-12-26' -> '2024-12-27'.
2024-12-27 16:49:23,558 - INFO - 根据 Dec26 成功创建了表 Dec27。
2024-12-29 12:57:23,040 - INFO - PROD: PROD: 开始执行数据导入程序...
2024-12-29 12:57:23,106 - ERROR - PROD: PROD: 清空表 buffer 时发生错误: (1146, "Table 'stkfilterprod.buffer' doesn't exist")
2024-12-29 12:59:28,450 - INFO - PROD: PROD: 开始执行数据导入程序...
2024-12-29 12:59:28,480 - INFO - PROD: PROD: 成功清空表 buffer
2024-12-29 12:59:28,497 - INFO - PROD: PROD: 成功读取股票列表，共 5679 只股票
2024-12-29 12:59:28,497 - INFO - PROD: PROD: 数据获取时间范围: 20241214 至 20241218
2024-12-29 12:59:31,025 - WARNING - PROD: PROD: 股票 002743 在指定时间范围内无数据
2024-12-29 12:59:31,025 - WARNING - PROD: PROD: 股票 002743 在指定时间范围内无数据
2024-12-29 12:59:31,186 - WARNING - PROD: PROD: 股票 603958 在指定时间范围内无数据
2024-12-29 12:59:31,187 - WARNING - PROD: PROD: 股票 603958 在指定时间范围内无数据
2024-12-29 12:59:32,586 - WARNING - PROD: PROD: 股票 301598 在指定时间范围内无数据
2024-12-29 12:59:32,587 - WARNING - PROD: PROD: 股票 301598 在指定时间范围内无数据
2024-12-29 13:01:43,047 - WARNING - PROD: PROD: 股票 833994 在指定时间范围内无数据
2024-12-29 13:01:43,050 - WARNING - PROD: PROD: 股票 920116 在指定时间范围内无数据
2024-12-29 13:01:43,051 - WARNING - PROD: PROD: 股票 920116 在指定时间范围内无数据
2024-12-29 13:01:43,051 - WARNING - PROD: PROD: 股票 833994 在指定时间范围内无数据
2024-12-29 13:01:43,061 - WARNING - PROD: PROD: 股票 833874 在指定时间范围内无数据
2024-12-29 13:01:43,061 - WARNING - PROD: PROD: 股票 833874 在指定时间范围内无数据
2024-12-29 13:01:43,239 - WARNING - PROD: PROD: 股票 832317 在指定时间范围内无数据
2024-12-29 13:01:43,278 - WARNING - PROD: PROD: 股票 832317 在指定时间范围内无数据
2024-12-29 13:01:43,536 - WARNING - PROD: PROD: 股票 688758 在指定时间范围内无数据
2024-12-29 13:01:43,547 - WARNING - PROD: PROD: 股票 688758 在指定时间范围内无数据
2024-12-29 13:01:43,688 - WARNING - PROD: PROD: 股票 688555 在指定时间范围内无数据
2024-12-29 13:01:43,688 - WARNING - PROD: PROD: 股票 688555 在指定时间范围内无数据
2024-12-29 13:01:43,691 - WARNING - PROD: PROD: 股票 688583 在指定时间范围内无数据
2024-12-29 13:01:43,692 - WARNING - PROD: PROD: 股票 688583 在指定时间范围内无数据
2024-12-29 13:01:43,964 - WARNING - PROD: PROD: 股票 688086 在指定时间范围内无数据
2024-12-29 13:01:43,965 - WARNING - PROD: PROD: 股票 688086 在指定时间范围内无数据
2024-12-29 13:01:44,269 - WARNING - PROD: PROD: 股票 603996 在指定时间范围内无数据
2024-12-29 13:01:44,270 - WARNING - PROD: PROD: 股票 603996 在指定时间范围内无数据
2024-12-29 13:01:44,562 - WARNING - PROD: PROD: 股票 603603 在指定时间范围内无数据
2024-12-29 13:01:44,563 - WARNING - PROD: PROD: 股票 603603 在指定时间范围内无数据
2024-12-29 13:01:44,655 - WARNING - PROD: PROD: 股票 603555 在指定时间范围内无数据
2024-12-29 13:01:44,656 - WARNING - PROD: PROD: 股票 603555 在指定时间范围内无数据
2024-12-29 13:01:44,799 - WARNING - PROD: PROD: 股票 603133 在指定时间范围内无数据
2024-12-29 13:01:44,799 - WARNING - PROD: PROD: 股票 603157 在指定时间范围内无数据
2024-12-29 13:01:44,800 - WARNING - PROD: PROD: 股票 603133 在指定时间范围内无数据
2024-12-29 13:01:44,800 - WARNING - PROD: PROD: 股票 603157 在指定时间范围内无数据
2024-12-29 13:01:44,847 - WARNING - PROD: PROD: 股票 603072 在指定时间范围内无数据
2024-12-29 13:01:44,847 - WARNING - PROD: PROD: 股票 603072 在指定时间范围内无数据
2024-12-29 13:01:45,253 - WARNING - PROD: PROD: 股票 601558 在指定时间范围内无数据
2024-12-29 13:01:45,253 - WARNING - PROD: PROD: 股票 601558 在指定时间范围内无数据
2024-12-29 13:01:45,292 - WARNING - PROD: PROD: 股票 601299 在指定时间范围内无数据
2024-12-29 13:01:45,293 - WARNING - PROD: PROD: 股票 601299 在指定时间范围内无数据
2024-12-29 13:01:45,393 - WARNING - PROD: PROD: 股票 601268 在指定时间范围内无数据
2024-12-29 13:01:45,394 - WARNING - PROD: PROD: 股票 601268 在指定时间范围内无数据
2024-12-29 13:01:45,401 - WARNING - PROD: PROD: 股票 601258 在指定时间范围内无数据
2024-12-29 13:01:45,402 - WARNING - PROD: PROD: 股票 601258 在指定时间范围内无数据
2024-12-29 13:01:45,538 - WARNING - PROD: PROD: 股票 600991 在指定时间范围内无数据
2024-12-29 13:01:45,539 - WARNING - PROD: PROD: 股票 600991 在指定时间范围内无数据
2024-12-29 13:01:45,690 - WARNING - PROD: PROD: 股票 600978 在指定时间范围内无数据
2024-12-29 13:01:45,690 - WARNING - PROD: PROD: 股票 600978 在指定时间范围内无数据
2024-12-29 13:01:45,894 - WARNING - PROD: PROD: 股票 600899 在指定时间范围内无数据
2024-12-29 13:01:45,895 - WARNING - PROD: PROD: 股票 600899 在指定时间范围内无数据
2024-12-29 13:01:45,982 - WARNING - PROD: PROD: 股票 600891 在指定时间范围内无数据
2024-12-29 13:01:45,983 - WARNING - PROD: PROD: 股票 600896 在指定时间范围内无数据
2024-12-29 13:01:45,984 - WARNING - PROD: PROD: 股票 600891 在指定时间范围内无数据
2024-12-29 13:01:45,984 - WARNING - PROD: PROD: 股票 600896 在指定时间范围内无数据
2024-12-29 13:01:46,024 - WARNING - PROD: PROD: 股票 600890 在指定时间范围内无数据
2024-12-29 13:01:46,025 - WARNING - PROD: PROD: 股票 600890 在指定时间范围内无数据
2024-12-29 13:01:46,128 - WARNING - PROD: PROD: 股票 600870 在指定时间范围内无数据
2024-12-29 13:01:46,128 - WARNING - PROD: PROD: 股票 600878 在指定时间范围内无数据
2024-12-29 13:01:46,129 - WARNING - PROD: PROD: 股票 600878 在指定时间范围内无数据
2024-12-29 13:01:46,129 - WARNING - PROD: PROD: 股票 600870 在指定时间范围内无数据
2024-12-29 13:01:46,279 - WARNING - PROD: PROD: 股票 600856 在指定时间范围内无数据
2024-12-29 13:01:46,279 - WARNING - PROD: PROD: 股票 600852 在指定时间范围内无数据
2024-12-29 13:01:46,279 - WARNING - PROD: PROD: 股票 600852 在指定时间范围内无数据
2024-12-29 13:01:46,280 - WARNING - PROD: PROD: 股票 600856 在指定时间范围内无数据
2024-12-29 13:01:46,366 - WARNING - PROD: PROD: 股票 600849 在指定时间范围内无数据
2024-12-29 13:01:46,366 - WARNING - PROD: PROD: 股票 600849 在指定时间范围内无数据
2024-12-29 13:01:46,427 - WARNING - PROD: PROD: 股票 600842 在指定时间范围内无数据
2024-12-29 13:01:46,427 - WARNING - PROD: PROD: 股票 600840 在指定时间范围内无数据
2024-12-29 13:01:46,428 - WARNING - PROD: PROD: 股票 600842 在指定时间范围内无数据
2024-12-29 13:01:46,428 - WARNING - PROD: PROD: 股票 600840 在指定时间范围内无数据
2024-12-29 13:01:46,506 - WARNING - PROD: PROD: 股票 600836 在指定时间范围内无数据
2024-12-29 13:01:46,506 - WARNING - PROD: PROD: 股票 600836 在指定时间范围内无数据
2024-12-29 13:01:46,562 - WARNING - PROD: PROD: 股票 600832 在指定时间范围内无数据
2024-12-29 13:01:46,564 - WARNING - PROD: PROD: 股票 600823 在指定时间范围内无数据
2024-12-29 13:01:46,564 - WARNING - PROD: PROD: 股票 600823 在指定时间范围内无数据
2024-12-29 13:01:46,564 - WARNING - PROD: PROD: 股票 600832 在指定时间范围内无数据
2024-12-29 13:01:46,702 - WARNING - PROD: PROD: 股票 600806 在指定时间范围内无数据
2024-12-29 13:01:46,702 - WARNING - PROD: PROD: 股票 600813 在指定时间范围内无数据
2024-12-29 13:01:46,703 - WARNING - PROD: PROD: 股票 600806 在指定时间范围内无数据
2024-12-29 13:01:46,703 - WARNING - PROD: PROD: 股票 600813 在指定时间范围内无数据
2024-12-29 13:01:46,787 - WARNING - PROD: PROD: 股票 600799 在指定时间范围内无数据
2024-12-29 13:01:46,788 - WARNING - PROD: PROD: 股票 600799 在指定时间范围内无数据
2024-12-29 13:01:46,836 - WARNING - PROD: PROD: 股票 600786 在指定时间范围内无数据
2024-12-29 13:01:46,840 - WARNING - PROD: PROD: 股票 600786 在指定时间范围内无数据
2024-12-29 13:01:46,844 - WARNING - PROD: PROD: 股票 600788 在指定时间范围内无数据
2024-12-29 13:01:46,845 - WARNING - PROD: PROD: 股票 600788 在指定时间范围内无数据
2024-12-29 13:01:46,941 - WARNING - PROD: PROD: 股票 600781 在指定时间范围内无数据
2024-12-29 13:01:46,941 - WARNING - PROD: PROD: 股票 600781 在指定时间范围内无数据
2024-12-29 13:01:46,975 - WARNING - PROD: PROD: 股票 600772 在指定时间范围内无数据
2024-12-29 13:01:46,981 - WARNING - PROD: PROD: 股票 600772 在指定时间范围内无数据
2024-12-29 13:01:47,081 - WARNING - PROD: PROD: 股票 600767 在指定时间范围内无数据
2024-12-29 13:01:47,081 - WARNING - PROD: PROD: 股票 600767 在指定时间范围内无数据
2024-12-29 13:01:47,108 - WARNING - PROD: PROD: 股票 600766 在指定时间范围内无数据
2024-12-29 13:01:47,109 - WARNING - PROD: PROD: 股票 600766 在指定时间范围内无数据
2024-12-29 13:01:47,113 - WARNING - PROD: PROD: 股票 600762 在指定时间范围内无数据
2024-12-29 13:01:47,115 - WARNING - PROD: PROD: 股票 600762 在指定时间范围内无数据
2024-12-29 13:01:47,216 - WARNING - PROD: PROD: 股票 600752 在指定时间范围内无数据
2024-12-29 13:01:47,217 - WARNING - PROD: PROD: 股票 600752 在指定时间范围内无数据
2024-12-29 13:01:47,259 - WARNING - PROD: PROD: 股票 600747 在指定时间范围内无数据
2024-12-29 13:01:47,259 - WARNING - PROD: PROD: 股票 600747 在指定时间范围内无数据
2024-12-29 13:01:47,271 - WARNING - PROD: PROD: 股票 600723 在指定时间范围内无数据
2024-12-29 13:01:47,271 - WARNING - PROD: PROD: 股票 600723 在指定时间范围内无数据
2024-12-29 13:01:47,405 - WARNING - PROD: PROD: 股票 600709 在指定时间范围内无数据
2024-12-29 13:01:47,406 - WARNING - PROD: PROD: 股票 600709 在指定时间范围内无数据
2024-12-29 13:01:47,515 - WARNING - PROD: PROD: 股票 600701 在指定时间范围内无数据
2024-12-29 13:01:47,516 - WARNING - PROD: PROD: 股票 600701 在指定时间范围内无数据
2024-12-29 13:01:47,555 - WARNING - PROD: PROD: 股票 600700 在指定时间范围内无数据
2024-12-29 13:01:47,555 - WARNING - PROD: PROD: 股票 600700 在指定时间范围内无数据
2024-12-29 13:01:47,571 - WARNING - PROD: PROD: 股票 600695 在指定时间范围内无数据
2024-12-29 13:01:47,572 - WARNING - PROD: PROD: 股票 600695 在指定时间范围内无数据
2024-12-29 13:01:47,658 - WARNING - PROD: PROD: 股票 600687 在指定时间范围内无数据
2024-12-29 13:01:47,659 - WARNING - PROD: PROD: 股票 600687 在指定时间范围内无数据
2024-12-29 13:01:47,695 - WARNING - PROD: PROD: 股票 600680 在指定时间范围内无数据
2024-12-29 13:01:47,695 - WARNING - PROD: PROD: 股票 600680 在指定时间范围内无数据
2024-12-29 13:01:47,714 - WARNING - PROD: PROD: 股票 600677 在指定时间范围内无数据
2024-12-29 13:01:47,714 - WARNING - PROD: PROD: 股票 600677 在指定时间范围内无数据
2024-12-29 13:01:47,799 - WARNING - PROD: PROD: 股票 600672 在指定时间范围内无数据
2024-12-29 13:01:47,800 - WARNING - PROD: PROD: 股票 600672 在指定时间范围内无数据
2024-12-29 13:01:47,833 - WARNING - PROD: PROD: 股票 600670 在指定时间范围内无数据
2024-12-29 13:01:47,834 - WARNING - PROD: PROD: 股票 600670 在指定时间范围内无数据
2024-12-29 13:01:47,859 - WARNING - PROD: PROD: 股票 600669 在指定时间范围内无数据
2024-12-29 13:01:47,860 - WARNING - PROD: PROD: 股票 600669 在指定时间范围内无数据
2024-12-29 13:01:47,941 - WARNING - PROD: PROD: 股票 600659 在指定时间范围内无数据
2024-12-29 13:01:47,942 - WARNING - PROD: PROD: 股票 600659 在指定时间范围内无数据
2024-12-29 13:01:47,980 - WARNING - PROD: PROD: 股票 600656 在指定时间范围内无数据
2024-12-29 13:01:47,981 - WARNING - PROD: PROD: 股票 600656 在指定时间范围内无数据
2024-12-29 13:01:48,000 - WARNING - PROD: PROD: 股票 600652 在指定时间范围内无数据
2024-12-29 13:01:48,001 - WARNING - PROD: PROD: 股票 600652 在指定时间范围内无数据
2024-12-29 13:01:48,087 - WARNING - PROD: PROD: 股票 600647 在指定时间范围内无数据
2024-12-29 13:01:48,088 - WARNING - PROD: PROD: 股票 600647 在指定时间范围内无数据
2024-12-29 13:01:48,127 - WARNING - PROD: PROD: 股票 600646 在指定时间范围内无数据
2024-12-29 13:01:48,128 - WARNING - PROD: PROD: 股票 600646 在指定时间范围内无数据
2024-12-29 13:01:48,232 - WARNING - PROD: PROD: 股票 600634 在指定时间范围内无数据
2024-12-29 13:01:48,233 - WARNING - PROD: PROD: 股票 600634 在指定时间范围内无数据
2024-12-29 13:01:48,272 - WARNING - PROD: PROD: 股票 600632 在指定时间范围内无数据
2024-12-29 13:01:48,275 - WARNING - PROD: PROD: 股票 600632 在指定时间范围内无数据
2024-12-29 13:01:48,318 - WARNING - PROD: PROD: 股票 600631 在指定时间范围内无数据
2024-12-29 13:01:48,319 - WARNING - PROD: PROD: 股票 600631 在指定时间范围内无数据
2024-12-29 13:01:48,375 - WARNING - PROD: PROD: 股票 600627 在指定时间范围内无数据
2024-12-29 13:01:48,376 - WARNING - PROD: PROD: 股票 600627 在指定时间范围内无数据
2024-12-29 13:01:48,422 - WARNING - PROD: PROD: 股票 600625 在指定时间范围内无数据
2024-12-29 13:01:48,423 - WARNING - PROD: PROD: 股票 600625 在指定时间范围内无数据
2024-12-29 13:01:48,464 - WARNING - PROD: PROD: 股票 600614 在指定时间范围内无数据
2024-12-29 13:01:48,465 - WARNING - PROD: PROD: 股票 600614 在指定时间范围内无数据
2024-12-29 13:01:48,518 - WARNING - PROD: PROD: 股票 600607 在指定时间范围内无数据
2024-12-29 13:01:48,519 - WARNING - PROD: PROD: 股票 600607 在指定时间范围内无数据
2024-12-29 13:01:48,605 - WARNING - PROD: PROD: 股票 600591 在指定时间范围内无数据
2024-12-29 13:01:48,606 - WARNING - PROD: PROD: 股票 600591 在指定时间范围内无数据
2024-12-29 13:01:48,718 - WARNING - PROD: PROD: 股票 600565 在指定时间范围内无数据
2024-12-29 13:01:48,718 - WARNING - PROD: PROD: 股票 600565 在指定时间范围内无数据
2024-12-29 13:01:48,738 - WARNING - PROD: PROD: 股票 600555 在指定时间范围内无数据
2024-12-29 13:01:48,738 - WARNING - PROD: PROD: 股票 600555 在指定时间范围内无数据
2024-12-29 13:01:48,798 - WARNING - PROD: PROD: 股票 600553 在指定时间范围内无数据
2024-12-29 13:01:48,798 - WARNING - PROD: PROD: 股票 600553 在指定时间范围内无数据
2024-12-29 13:01:48,848 - WARNING - PROD: PROD: 股票 600532 在指定时间范围内无数据
2024-12-29 13:01:48,849 - WARNING - PROD: PROD: 股票 600532 在指定时间范围内无数据
2024-12-29 13:01:48,932 - WARNING - PROD: PROD: 股票 600485 在指定时间范围内无数据
2024-12-29 13:01:48,933 - WARNING - PROD: PROD: 股票 600485 在指定时间范围内无数据
2024-12-29 13:01:49,005 - WARNING - PROD: PROD: 股票 600472 在指定时间范围内无数据
2024-12-29 13:01:49,006 - WARNING - PROD: PROD: 股票 600472 在指定时间范围内无数据
2024-12-29 13:01:49,026 - WARNING - PROD: PROD: 股票 600466 在指定时间范围内无数据
2024-12-29 13:01:49,028 - WARNING - PROD: PROD: 股票 600466 在指定时间范围内无数据
2024-12-29 13:01:49,077 - WARNING - PROD: PROD: 股票 600432 在指定时间范围内无数据
2024-12-29 13:01:49,078 - WARNING - PROD: PROD: 股票 600432 在指定时间范围内无数据
2024-12-29 13:01:49,149 - WARNING - PROD: PROD: 股票 600401 在指定时间范围内无数据
2024-12-29 13:01:49,150 - WARNING - PROD: PROD: 股票 600401 在指定时间范围内无数据
2024-12-29 13:01:49,215 - WARNING - PROD: PROD: 股票 600393 在指定时间范围内无数据
2024-12-29 13:01:49,216 - WARNING - PROD: PROD: 股票 600393 在指定时间范围内无数据
2024-12-29 13:01:49,293 - WARNING - PROD: PROD: 股票 600385 在指定时间范围内无数据
2024-12-29 13:01:49,293 - WARNING - PROD: PROD: 股票 600385 在指定时间范围内无数据
2024-12-29 13:01:49,333 - WARNING - PROD: PROD: 股票 600357 在指定时间范围内无数据
2024-12-29 13:01:49,334 - WARNING - PROD: PROD: 股票 600357 在指定时间范围内无数据
2024-12-29 13:01:49,492 - WARNING - PROD: PROD: 股票 600321 在指定时间范围内无数据
2024-12-29 13:01:49,493 - WARNING - PROD: PROD: 股票 600321 在指定时间范围内无数据
2024-12-29 13:01:49,520 - WARNING - PROD: PROD: 股票 600317 在指定时间范围内无数据
2024-12-29 13:01:49,521 - WARNING - PROD: PROD: 股票 600317 在指定时间范围内无数据
2024-12-29 13:01:49,579 - WARNING - PROD: PROD: 股票 600311 在指定时间范围内无数据
2024-12-29 13:01:49,580 - WARNING - PROD: PROD: 股票 600311 在指定时间范围内无数据
2024-12-29 13:01:49,629 - WARNING - PROD: PROD: 股票 600306 在指定时间范围内无数据
2024-12-29 13:01:49,630 - WARNING - PROD: PROD: 股票 600306 在指定时间范围内无数据
2024-12-29 13:01:49,673 - WARNING - PROD: PROD: 股票 600297 在指定时间范围内无数据
2024-12-29 13:01:49,676 - WARNING - PROD: PROD: 股票 600297 在指定时间范围内无数据
2024-12-29 13:01:49,720 - WARNING - PROD: PROD: 股票 600296 在指定时间范围内无数据
2024-12-29 13:01:49,721 - WARNING - PROD: PROD: 股票 600296 在指定时间范围内无数据
2024-12-29 13:01:49,771 - WARNING - PROD: PROD: 股票 600291 在指定时间范围内无数据
2024-12-29 13:01:49,772 - WARNING - PROD: PROD: 股票 600291 在指定时间范围内无数据
2024-12-29 13:01:49,819 - WARNING - PROD: PROD: 股票 600290 在指定时间范围内无数据
2024-12-29 13:01:49,819 - WARNING - PROD: PROD: 股票 600290 在指定时间范围内无数据
2024-12-29 13:01:49,862 - WARNING - PROD: PROD: 股票 600289 在指定时间范围内无数据
2024-12-29 13:01:49,863 - WARNING - PROD: PROD: 股票 600289 在指定时间范围内无数据
2024-12-29 13:01:49,918 - WARNING - PROD: PROD: 股票 600286 在指定时间范围内无数据
2024-12-29 13:01:49,919 - WARNING - PROD: PROD: 股票 600286 在指定时间范围内无数据
2024-12-29 13:01:49,965 - WARNING - PROD: PROD: 股票 600277 在指定时间范围内无数据
2024-12-29 13:01:49,966 - WARNING - PROD: PROD: 股票 600277 在指定时间范围内无数据
2024-12-29 13:01:50,004 - WARNING - PROD: PROD: 股票 600275 在指定时间范围内无数据
2024-12-29 13:01:50,004 - WARNING - PROD: PROD: 股票 600275 在指定时间范围内无数据
2024-12-29 13:01:50,058 - WARNING - PROD: PROD: 股票 600270 在指定时间范围内无数据
2024-12-29 13:01:50,059 - WARNING - PROD: PROD: 股票 600270 在指定时间范围内无数据
2024-12-29 13:01:50,091 - WARNING - PROD: PROD: 股票 600263 在指定时间范围内无数据
2024-12-29 13:01:50,091 - WARNING - PROD: PROD: 股票 600263 在指定时间范围内无数据
2024-12-29 13:01:50,137 - WARNING - PROD: PROD: 股票 600260 在指定时间范围内无数据
2024-12-29 13:01:50,137 - WARNING - PROD: PROD: 股票 600260 在指定时间范围内无数据
2024-12-29 13:01:50,210 - WARNING - PROD: PROD: 股票 600253 在指定时间范围内无数据
2024-12-29 13:01:50,216 - WARNING - PROD: PROD: 股票 600253 在指定时间范围内无数据
2024-12-29 13:01:50,228 - WARNING - PROD: PROD: 股票 600247 在指定时间范围内无数据
2024-12-29 13:01:50,229 - WARNING - PROD: PROD: 股票 600247 在指定时间范围内无数据
2024-12-29 13:01:50,271 - WARNING - PROD: PROD: 股票 600242 在指定时间范围内无数据
2024-12-29 13:01:50,272 - WARNING - PROD: PROD: 股票 600242 在指定时间范围内无数据
2024-12-29 13:01:50,368 - WARNING - PROD: PROD: 股票 600240 在指定时间范围内无数据
2024-12-29 13:01:50,368 - WARNING - PROD: PROD: 股票 600225 在指定时间范围内无数据
2024-12-29 13:01:50,369 - WARNING - PROD: PROD: 股票 600225 在指定时间范围内无数据
2024-12-29 13:01:50,369 - WARNING - PROD: PROD: 股票 600240 在指定时间范围内无数据
2024-12-29 13:01:50,414 - WARNING - PROD: PROD: 股票 600220 在指定时间范围内无数据
2024-12-29 13:01:50,415 - WARNING - PROD: PROD: 股票 600220 在指定时间范围内无数据
2024-12-29 13:01:50,504 - WARNING - PROD: PROD: 股票 600213 在指定时间范围内无数据
2024-12-29 13:01:50,505 - WARNING - PROD: PROD: 股票 600213 在指定时间范围内无数据
2024-12-29 13:01:50,513 - WARNING - PROD: PROD: 股票 600209 在指定时间范围内无数据
2024-12-29 13:01:50,514 - WARNING - PROD: PROD: 股票 600209 在指定时间范围内无数据
2024-12-29 13:01:50,564 - WARNING - PROD: PROD: 股票 600205 在指定时间范围内无数据
2024-12-29 13:01:50,564 - WARNING - PROD: PROD: 股票 600205 在指定时间范围内无数据
2024-12-29 13:01:50,645 - WARNING - PROD: PROD: 股票 600181 在指定时间范围内无数据
2024-12-29 13:01:50,646 - WARNING - PROD: PROD: 股票 600181 在指定时间范围内无数据
2024-12-29 13:01:50,648 - WARNING - PROD: PROD: 股票 600175 在指定时间范围内无数据
2024-12-29 13:01:50,649 - WARNING - PROD: PROD: 股票 600175 在指定时间范围内无数据
2024-12-29 13:01:50,700 - WARNING - PROD: PROD: 股票 600146 在指定时间范围内无数据
2024-12-29 13:01:50,701 - WARNING - PROD: PROD: 股票 600146 在指定时间范围内无数据
2024-12-29 13:01:50,786 - WARNING - PROD: PROD: 股票 600145 在指定时间范围内无数据
2024-12-29 13:01:50,786 - WARNING - PROD: PROD: 股票 600145 在指定时间范围内无数据
2024-12-29 13:01:50,795 - WARNING - PROD: PROD: 股票 600139 在指定时间范围内无数据
2024-12-29 13:01:50,797 - WARNING - PROD: PROD: 股票 600139 在指定时间范围内无数据
2024-12-29 13:01:50,850 - WARNING - PROD: PROD: 股票 600122 在指定时间范围内无数据
2024-12-29 13:01:50,850 - WARNING - PROD: PROD: 股票 600122 在指定时间范围内无数据
2024-12-29 13:01:50,935 - WARNING - PROD: PROD: 股票 600112 在指定时间范围内无数据
2024-12-29 13:01:50,936 - WARNING - PROD: PROD: 股票 600112 在指定时间范围内无数据
2024-12-29 13:01:50,939 - WARNING - PROD: PROD: 股票 600102 在指定时间范围内无数据
2024-12-29 13:01:50,940 - WARNING - PROD: PROD: 股票 600102 在指定时间范围内无数据
2024-12-29 13:01:50,993 - WARNING - PROD: PROD: 股票 600093 在指定时间范围内无数据
2024-12-29 13:01:50,993 - WARNING - PROD: PROD: 股票 600093 在指定时间范围内无数据
2024-12-29 13:01:51,072 - WARNING - PROD: PROD: 股票 600092 在指定时间范围内无数据
2024-12-29 13:01:51,072 - WARNING - PROD: PROD: 股票 600091 在指定时间范围内无数据
2024-12-29 13:01:51,073 - WARNING - PROD: PROD: 股票 600092 在指定时间范围内无数据
2024-12-29 13:01:51,074 - WARNING - PROD: PROD: 股票 600091 在指定时间范围内无数据
2024-12-29 13:01:51,127 - WARNING - PROD: PROD: 股票 600090 在指定时间范围内无数据
2024-12-29 13:01:51,128 - WARNING - PROD: PROD: 股票 600090 在指定时间范围内无数据
2024-12-29 13:01:51,214 - WARNING - PROD: PROD: 股票 600087 在指定时间范围内无数据
2024-12-29 13:01:51,215 - WARNING - PROD: PROD: 股票 600087 在指定时间范围内无数据
2024-12-29 13:01:51,217 - WARNING - PROD: PROD: 股票 600086 在指定时间范围内无数据
2024-12-29 13:01:51,217 - WARNING - PROD: PROD: 股票 600086 在指定时间范围内无数据
2024-12-29 13:01:51,268 - WARNING - PROD: PROD: 股票 600077 在指定时间范围内无数据
2024-12-29 13:01:51,269 - WARNING - PROD: PROD: 股票 600077 在指定时间范围内无数据
2024-12-29 13:01:51,372 - WARNING - PROD: PROD: 股票 600069 在指定时间范围内无数据
2024-12-29 13:01:51,374 - WARNING - PROD: PROD: 股票 600074 在指定时间范围内无数据
2024-12-29 13:01:51,374 - WARNING - PROD: PROD: 股票 600069 在指定时间范围内无数据
2024-12-29 13:01:51,375 - WARNING - PROD: PROD: 股票 600074 在指定时间范围内无数据
2024-12-29 13:01:51,419 - WARNING - PROD: PROD: 股票 600068 在指定时间范围内无数据
2024-12-29 13:01:51,419 - WARNING - PROD: PROD: 股票 600068 在指定时间范围内无数据
2024-12-29 13:01:51,505 - WARNING - PROD: PROD: 股票 600065 在指定时间范围内无数据
2024-12-29 13:01:51,506 - WARNING - PROD: PROD: 股票 600065 在指定时间范围内无数据
2024-12-29 13:01:51,555 - WARNING - PROD: PROD: 股票 600005 在指定时间范围内无数据
2024-12-29 13:01:51,555 - WARNING - PROD: PROD: 股票 600005 在指定时间范围内无数据
2024-12-29 13:01:51,645 - WARNING - PROD: PROD: 股票 600003 在指定时间范围内无数据
2024-12-29 13:01:51,646 - WARNING - PROD: PROD: 股票 600003 在指定时间范围内无数据
2024-12-29 13:01:51,659 - WARNING - PROD: PROD: 股票 600002 在指定时间范围内无数据
2024-12-29 13:01:51,660 - WARNING - PROD: PROD: 股票 600002 在指定时间范围内无数据
2024-12-29 13:01:51,701 - WARNING - PROD: PROD: 股票 600001 在指定时间范围内无数据
2024-12-29 13:01:51,702 - WARNING - PROD: PROD: 股票 600001 在指定时间范围内无数据
2024-12-29 13:01:51,798 - WARNING - PROD: PROD: 股票 301601 在指定时间范围内无数据
2024-12-29 13:01:51,799 - WARNING - PROD: PROD: 股票 301601 在指定时间范围内无数据
2024-12-29 13:01:51,837 - WARNING - PROD: PROD: 股票 301581 在指定时间范围内无数据
2024-12-29 13:01:51,838 - WARNING - PROD: PROD: 股票 301581 在指定时间范围内无数据
2024-12-29 13:01:51,942 - WARNING - PROD: PROD: 股票 301458 在指定时间范围内无数据
2024-12-29 13:01:51,943 - WARNING - PROD: PROD: 股票 301458 在指定时间范围内无数据
2024-12-29 13:01:52,376 - WARNING - PROD: PROD: 股票 300799 在指定时间范围内无数据
2024-12-29 13:01:52,377 - WARNING - PROD: PROD: 股票 300799 在指定时间范围内无数据
2024-12-29 13:01:52,391 - WARNING - PROD: PROD: 股票 300742 在指定时间范围内无数据
2024-12-29 13:01:52,391 - WARNING - PROD: PROD: 股票 300742 在指定时间范围内无数据
2024-12-29 13:01:52,527 - WARNING - PROD: PROD: 股票 300526 在指定时间范围内无数据
2024-12-29 13:01:52,528 - WARNING - PROD: PROD: 股票 300526 在指定时间范围内无数据
2024-12-29 13:01:52,663 - WARNING - PROD: PROD: 股票 300495 在指定时间范围内无数据
2024-12-29 13:01:52,663 - WARNING - PROD: PROD: 股票 300495 在指定时间范围内无数据
2024-12-29 13:01:52,676 - WARNING - PROD: PROD: 股票 300431 在指定时间范围内无数据
2024-12-29 13:01:52,677 - WARNING - PROD: PROD: 股票 300431 在指定时间范围内无数据
2024-12-29 13:01:52,820 - WARNING - PROD: PROD: 股票 300372 在指定时间范围内无数据
2024-12-29 13:01:52,821 - WARNING - PROD: PROD: 股票 300392 在指定时间范围内无数据
2024-12-29 13:01:52,821 - WARNING - PROD: PROD: 股票 300367 在指定时间范围内无数据
2024-12-29 13:01:52,821 - WARNING - PROD: PROD: 股票 300372 在指定时间范围内无数据
2024-12-29 13:01:52,822 - WARNING - PROD: PROD: 股票 300392 在指定时间范围内无数据
2024-12-29 13:01:52,822 - WARNING - PROD: PROD: 股票 300367 在指定时间范围内无数据
2024-12-29 13:01:52,983 - WARNING - PROD: PROD: 股票 300362 在指定时间范围内无数据
2024-12-29 13:01:52,983 - WARNING - PROD: PROD: 股票 300356 在指定时间范围内无数据
2024-12-29 13:01:52,984 - WARNING - PROD: PROD: 股票 300362 在指定时间范围内无数据
2024-12-29 13:01:52,984 - WARNING - PROD: PROD: 股票 300356 在指定时间范围内无数据
2024-12-29 13:01:53,133 - WARNING - PROD: PROD: 股票 300330 在指定时间范围内无数据
2024-12-29 13:01:53,133 - WARNING - PROD: PROD: 股票 300330 在指定时间范围内无数据
2024-12-29 13:01:53,142 - WARNING - PROD: PROD: 股票 300325 在指定时间范围内无数据
2024-12-29 13:01:53,142 - WARNING - PROD: PROD: 股票 300336 在指定时间范围内无数据
2024-12-29 13:01:53,142 - WARNING - PROD: PROD: 股票 300325 在指定时间范围内无数据
2024-12-29 13:01:53,143 - WARNING - PROD: PROD: 股票 300336 在指定时间范围内无数据
2024-12-29 13:01:53,267 - WARNING - PROD: PROD: 股票 300312 在指定时间范围内无数据
2024-12-29 13:01:53,268 - WARNING - PROD: PROD: 股票 300312 在指定时间范围内无数据
2024-12-29 13:01:53,280 - WARNING - PROD: PROD: 股票 300297 在指定时间范围内无数据
2024-12-29 13:01:53,282 - WARNING - PROD: PROD: 股票 300297 在指定时间范围内无数据
2024-12-29 13:01:53,290 - WARNING - PROD: PROD: 股票 300309 在指定时间范围内无数据
2024-12-29 13:01:53,291 - WARNING - PROD: PROD: 股票 300309 在指定时间范围内无数据
2024-12-29 13:01:53,428 - WARNING - PROD: PROD: 股票 300273 在指定时间范围内无数据
2024-12-29 13:01:53,428 - WARNING - PROD: PROD: 股票 300273 在指定时间范围内无数据
2024-12-29 13:01:53,428 - WARNING - PROD: PROD: 股票 300282 在指定时间范围内无数据
2024-12-29 13:01:53,428 - WARNING - PROD: PROD: 股票 300282 在指定时间范围内无数据
2024-12-29 13:01:53,429 - WARNING - PROD: PROD: 股票 300262 在指定时间范围内无数据
2024-12-29 13:01:53,429 - WARNING - PROD: PROD: 股票 300262 在指定时间范围内无数据
2024-12-29 13:01:53,566 - WARNING - PROD: PROD: 股票 300216 在指定时间范围内无数据
2024-12-29 13:01:53,566 - WARNING - PROD: PROD: 股票 300216 在指定时间范围内无数据
2024-12-29 13:01:53,566 - WARNING - PROD: PROD: 股票 300202 在指定时间范围内无数据
2024-12-29 13:01:53,566 - WARNING - PROD: PROD: 股票 300202 在指定时间范围内无数据
2024-12-29 13:01:53,781 - WARNING - PROD: PROD: 股票 300156 在指定时间范围内无数据
2024-12-29 13:01:53,781 - WARNING - PROD: PROD: 股票 300186 在指定时间范围内无数据
2024-12-29 13:01:53,782 - WARNING - PROD: PROD: 股票 300156 在指定时间范围内无数据
2024-12-29 13:01:53,782 - WARNING - PROD: PROD: 股票 300186 在指定时间范围内无数据
2024-12-29 13:01:53,785 - WARNING - PROD: PROD: 股票 300178 在指定时间范围内无数据
2024-12-29 13:01:53,786 - WARNING - PROD: PROD: 股票 300178 在指定时间范围内无数据
2024-12-29 13:01:53,919 - WARNING - PROD: PROD: 股票 300104 在指定时间范围内无数据
2024-12-29 13:01:53,920 - WARNING - PROD: PROD: 股票 300104 在指定时间范围内无数据
2024-12-29 13:01:53,922 - WARNING - PROD: PROD: 股票 300116 在指定时间范围内无数据
2024-12-29 13:01:53,922 - WARNING - PROD: PROD: 股票 300116 在指定时间范围内无数据
2024-12-29 13:01:54,057 - WARNING - PROD: PROD: 股票 300064 在指定时间范围内无数据
2024-12-29 13:01:54,057 - WARNING - PROD: PROD: 股票 300089 在指定时间范围内无数据
2024-12-29 13:01:54,058 - WARNING - PROD: PROD: 股票 300089 在指定时间范围内无数据
2024-12-29 13:01:54,058 - WARNING - PROD: PROD: 股票 300064 在指定时间范围内无数据
2024-12-29 13:01:54,073 - WARNING - PROD: PROD: 股票 300090 在指定时间范围内无数据
2024-12-29 13:01:54,074 - WARNING - PROD: PROD: 股票 300090 在指定时间范围内无数据
2024-12-29 13:01:54,218 - WARNING - PROD: PROD: 股票 300038 在指定时间范围内无数据
2024-12-29 13:01:54,218 - WARNING - PROD: PROD: 股票 300023 在指定时间范围内无数据
2024-12-29 13:01:54,218 - WARNING - PROD: PROD: 股票 300028 在指定时间范围内无数据
2024-12-29 13:01:54,219 - WARNING - PROD: PROD: 股票 300023 在指定时间范围内无数据
2024-12-29 13:01:54,219 - WARNING - PROD: PROD: 股票 300038 在指定时间范围内无数据
2024-12-29 13:01:54,221 - WARNING - PROD: PROD: 股票 300028 在指定时间范围内无数据
2024-12-29 13:01:54,683 - WARNING - PROD: PROD: 股票 002781 在指定时间范围内无数据
2024-12-29 13:01:54,684 - WARNING - PROD: PROD: 股票 002781 在指定时间范围内无数据
2024-12-29 13:01:54,696 - WARNING - PROD: PROD: 股票 002770 在指定时间范围内无数据
2024-12-29 13:01:54,697 - WARNING - PROD: PROD: 股票 002770 在指定时间范围内无数据
2024-12-29 13:01:54,706 - WARNING - PROD: PROD: 股票 002776 在指定时间范围内无数据
2024-12-29 13:01:54,707 - WARNING - PROD: PROD: 股票 002776 在指定时间范围内无数据
2024-12-29 13:01:54,849 - WARNING - PROD: PROD: 股票 002751 在指定时间范围内无数据
2024-12-29 13:01:54,850 - WARNING - PROD: PROD: 股票 002751 在指定时间范围内无数据
2024-12-29 13:01:54,983 - WARNING - PROD: PROD: 股票 002740 在指定时间范围内无数据
2024-12-29 13:01:54,983 - WARNING - PROD: PROD: 股票 002740 在指定时间范围内无数据
2024-12-29 13:01:55,124 - WARNING - PROD: PROD: 股票 002711 在指定时间范围内无数据
2024-12-29 13:01:55,126 - WARNING - PROD: PROD: 股票 002711 在指定时间范围内无数据
2024-12-29 13:01:55,153 - WARNING - PROD: PROD: 股票 002699 在指定时间范围内无数据
2024-12-29 13:01:55,155 - WARNING - PROD: PROD: 股票 002699 在指定时间范围内无数据
2024-12-29 13:01:55,278 - WARNING - PROD: PROD: 股票 002684 在指定时间范围内无数据
2024-12-29 13:01:55,279 - WARNING - PROD: PROD: 股票 002684 在指定时间范围内无数据
2024-12-29 13:01:55,284 - WARNING - PROD: PROD: 股票 002665 在指定时间范围内无数据
2024-12-29 13:01:55,285 - WARNING - PROD: PROD: 股票 002665 在指定时间范围内无数据
2024-12-29 13:01:55,297 - WARNING - PROD: PROD: 股票 002680 在指定时间范围内无数据
2024-12-29 13:01:55,298 - WARNING - PROD: PROD: 股票 002680 在指定时间范围内无数据
2024-12-29 13:01:55,420 - WARNING - PROD: PROD: 股票 002621 在指定时间范围内无数据
2024-12-29 13:01:55,420 - WARNING - PROD: PROD: 股票 002656 在指定时间范围内无数据
2024-12-29 13:01:55,420 - WARNING - PROD: PROD: 股票 002621 在指定时间范围内无数据
2024-12-29 13:01:55,421 - WARNING - PROD: PROD: 股票 002656 在指定时间范围内无数据
2024-12-29 13:01:55,426 - WARNING - PROD: PROD: 股票 002619 在指定时间范围内无数据
2024-12-29 13:01:55,426 - WARNING - PROD: PROD: 股票 002619 在指定时间范围内无数据
2024-12-29 13:01:55,570 - WARNING - PROD: PROD: 股票 002618 在指定时间范围内无数据
2024-12-29 13:01:55,570 - WARNING - PROD: PROD: 股票 002604 在指定时间范围内无数据
2024-12-29 13:01:55,571 - WARNING - PROD: PROD: 股票 002610 在指定时间范围内无数据
2024-12-29 13:01:55,571 - WARNING - PROD: PROD: 股票 002618 在指定时间范围内无数据
2024-12-29 13:01:55,571 - WARNING - PROD: PROD: 股票 002610 在指定时间范围内无数据
2024-12-29 13:01:55,571 - WARNING - PROD: PROD: 股票 002604 在指定时间范围内无数据
2024-12-29 13:01:55,884 - WARNING - PROD: PROD: 股票 002509 在指定时间范围内无数据
2024-12-29 13:01:55,885 - WARNING - PROD: PROD: 股票 002509 在指定时间范围内无数据
2024-12-29 13:01:56,030 - WARNING - PROD: PROD: 股票 002505 在指定时间范围内无数据
2024-12-29 13:01:56,031 - WARNING - PROD: PROD: 股票 002505 在指定时间范围内无数据
2024-12-29 13:01:56,036 - WARNING - PROD: PROD: 股票 002503 在指定时间范围内无数据
2024-12-29 13:01:56,038 - WARNING - PROD: PROD: 股票 002504 在指定时间范围内无数据
2024-12-29 13:01:56,039 - WARNING - PROD: PROD: 股票 002503 在指定时间范围内无数据
2024-12-29 13:01:56,039 - WARNING - PROD: PROD: 股票 002504 在指定时间范围内无数据
2024-12-29 13:01:56,178 - WARNING - PROD: PROD: 股票 002502 在指定时间范围内无数据
2024-12-29 13:01:56,178 - WARNING - PROD: PROD: 股票 002502 在指定时间范围内无数据
2024-12-29 13:01:56,181 - WARNING - PROD: PROD: 股票 002477 在指定时间范围内无数据
2024-12-29 13:01:56,181 - WARNING - PROD: PROD: 股票 002477 在指定时间范围内无数据
2024-12-29 13:01:56,186 - WARNING - PROD: PROD: 股票 002499 在指定时间范围内无数据
2024-12-29 13:01:56,187 - WARNING - PROD: PROD: 股票 002499 在指定时间范围内无数据
2024-12-29 13:01:56,315 - WARNING - PROD: PROD: 股票 002473 在指定时间范围内无数据
2024-12-29 13:01:56,316 - WARNING - PROD: PROD: 股票 002473 在指定时间范围内无数据
2024-12-29 13:01:56,328 - WARNING - PROD: PROD: 股票 002464 在指定时间范围内无数据
2024-12-29 13:01:56,328 - WARNING - PROD: PROD: 股票 002450 在指定时间范围内无数据
2024-12-29 13:01:56,329 - WARNING - PROD: PROD: 股票 002464 在指定时间范围内无数据
2024-12-29 13:01:56,329 - WARNING - PROD: PROD: 股票 002450 在指定时间范围内无数据
2024-12-29 13:01:56,461 - WARNING - PROD: PROD: 股票 002447 在指定时间范围内无数据
2024-12-29 13:01:56,462 - WARNING - PROD: PROD: 股票 002447 在指定时间范围内无数据
2024-12-29 13:01:56,477 - WARNING - PROD: PROD: 股票 002435 在指定时间范围内无数据
2024-12-29 13:01:56,478 - WARNING - PROD: PROD: 股票 002435 在指定时间范围内无数据
2024-12-29 13:01:56,611 - WARNING - PROD: PROD: 股票 002433 在指定时间范围内无数据
2024-12-29 13:01:56,612 - WARNING - PROD: PROD: 股票 002433 在指定时间范围内无数据
2024-12-29 13:01:56,616 - WARNING - PROD: PROD: 股票 002411 在指定时间范围内无数据
2024-12-29 13:01:56,616 - WARNING - PROD: PROD: 股票 002411 在指定时间范围内无数据
2024-12-29 13:01:56,618 - WARNING - PROD: PROD: 股票 002417 在指定时间范围内无数据
2024-12-29 13:01:56,618 - WARNING - PROD: PROD: 股票 002417 在指定时间范围内无数据
2024-12-29 13:01:56,758 - WARNING - PROD: PROD: 股票 002341 在指定时间范围内无数据
2024-12-29 13:01:56,759 - WARNING - PROD: PROD: 股票 002359 在指定时间范围内无数据
2024-12-29 13:01:56,759 - WARNING - PROD: PROD: 股票 002341 在指定时间范围内无数据
2024-12-29 13:01:56,761 - WARNING - PROD: PROD: 股票 002359 在指定时间范围内无数据
2024-12-29 13:01:56,894 - WARNING - PROD: PROD: 股票 002325 在指定时间范围内无数据
2024-12-29 13:01:56,895 - WARNING - PROD: PROD: 股票 002325 在指定时间范围内无数据
2024-12-29 13:01:56,920 - WARNING - PROD: PROD: 股票 002309 在指定时间范围内无数据
2024-12-29 13:01:56,921 - WARNING - PROD: PROD: 股票 002309 在指定时间范围内无数据
2024-12-29 13:01:57,037 - WARNING - PROD: PROD: 股票 002308 在指定时间范围内无数据
2024-12-29 13:01:57,038 - WARNING - PROD: PROD: 股票 002308 在指定时间范围内无数据
2024-12-29 13:01:57,113 - WARNING - PROD: PROD: 股票 002288 在指定时间范围内无数据
2024-12-29 13:01:57,114 - WARNING - PROD: PROD: 股票 002288 在指定时间范围内无数据
2024-12-29 13:01:57,199 - WARNING - PROD: PROD: 股票 002280 在指定时间范围内无数据
2024-12-29 13:01:57,200 - WARNING - PROD: PROD: 股票 002280 在指定时间范围内无数据
2024-12-29 13:01:57,249 - WARNING - PROD: PROD: 股票 002260 在指定时间范围内无数据
2024-12-29 13:01:57,249 - WARNING - PROD: PROD: 股票 002260 在指定时间范围内无数据
2024-12-29 13:01:57,420 - WARNING - PROD: PROD: 股票 002220 在指定时间范围内无数据
2024-12-29 13:01:57,421 - WARNING - PROD: PROD: 股票 002220 在指定时间范围内无数据
2024-12-29 13:01:57,565 - WARNING - PROD: PROD: 股票 002147 在指定时间范围内无数据
2024-12-29 13:01:57,565 - WARNING - PROD: PROD: 股票 002147 在指定时间范围内无数据
2024-12-29 13:01:57,660 - WARNING - PROD: PROD: 股票 002143 在指定时间范围内无数据
2024-12-29 13:01:57,660 - WARNING - PROD: PROD: 股票 002143 在指定时间范围内无数据
2024-12-29 13:01:57,703 - WARNING - PROD: PROD: 股票 002118 在指定时间范围内无数据
2024-12-29 13:01:57,719 - WARNING - PROD: PROD: 股票 002118 在指定时间范围内无数据
2024-12-29 13:01:57,809 - WARNING - PROD: PROD: 股票 002113 在指定时间范围内无数据
2024-12-29 13:01:57,810 - WARNING - PROD: PROD: 股票 002113 在指定时间范围内无数据
2024-12-29 13:01:57,860 - WARNING - PROD: PROD: 股票 002089 在指定时间范围内无数据
2024-12-29 13:01:57,861 - WARNING - PROD: PROD: 股票 002089 在指定时间范围内无数据
2024-12-29 13:01:57,941 - WARNING - PROD: PROD: 股票 002087 在指定时间范围内无数据
2024-12-29 13:01:57,943 - WARNING - PROD: PROD: 股票 002087 在指定时间范围内无数据
2024-12-29 13:01:58,013 - WARNING - PROD: PROD: 股票 002071 在指定时间范围内无数据
2024-12-29 13:01:58,013 - WARNING - PROD: PROD: 股票 002071 在指定时间范围内无数据
2024-12-29 13:01:58,110 - WARNING - PROD: PROD: 股票 002070 在指定时间范围内无数据
2024-12-29 13:01:58,111 - WARNING - PROD: PROD: 股票 002070 在指定时间范围内无数据
2024-12-29 13:01:58,162 - WARNING - PROD: PROD: 股票 002013 在指定时间范围内无数据
2024-12-29 13:01:58,162 - WARNING - PROD: PROD: 股票 002018 在指定时间范围内无数据
2024-12-29 13:01:58,162 - WARNING - PROD: PROD: 股票 002013 在指定时间范围内无数据
2024-12-29 13:01:58,162 - WARNING - PROD: PROD: 股票 002018 在指定时间范围内无数据
2024-12-29 13:01:58,253 - WARNING - PROD: PROD: 股票 002002 在指定时间范围内无数据
2024-12-29 13:01:58,254 - WARNING - PROD: PROD: 股票 002002 在指定时间范围内无数据
2024-12-29 13:01:58,299 - WARNING - PROD: PROD: 股票 001391 在指定时间范围内无数据
2024-12-29 13:01:58,300 - WARNING - PROD: PROD: 股票 001391 在指定时间范围内无数据
2024-12-29 13:01:58,406 - WARNING - PROD: PROD: 股票 000996 在指定时间范围内无数据
2024-12-29 13:01:58,407 - WARNING - PROD: PROD: 股票 000996 在指定时间范围内无数据
2024-12-29 13:01:58,448 - WARNING - PROD: PROD: 股票 000979 在指定时间范围内无数据
2024-12-29 13:01:58,448 - WARNING - PROD: PROD: 股票 000982 在指定时间范围内无数据
2024-12-29 13:01:58,449 - WARNING - PROD: PROD: 股票 000979 在指定时间范围内无数据
2024-12-29 13:01:58,449 - WARNING - PROD: PROD: 股票 000982 在指定时间范围内无数据
2024-12-29 13:01:58,549 - WARNING - PROD: PROD: 股票 000976 在指定时间范围内无数据
2024-12-29 13:01:58,550 - WARNING - PROD: PROD: 股票 000976 在指定时间范围内无数据
2024-12-29 13:01:58,585 - WARNING - PROD: PROD: 股票 000971 在指定时间范围内无数据
2024-12-29 13:01:58,586 - WARNING - PROD: PROD: 股票 000961 在指定时间范围内无数据
2024-12-29 13:01:58,586 - WARNING - PROD: PROD: 股票 000971 在指定时间范围内无数据
2024-12-29 13:01:58,586 - WARNING - PROD: PROD: 股票 000961 在指定时间范围内无数据
2024-12-29 13:01:58,688 - WARNING - PROD: PROD: 股票 000956 在指定时间范围内无数据
2024-12-29 13:01:58,688 - WARNING - PROD: PROD: 股票 000956 在指定时间范围内无数据
2024-12-29 13:01:58,721 - WARNING - PROD: PROD: 股票 000939 在指定时间范围内无数据
2024-12-29 13:01:58,721 - WARNING - PROD: PROD: 股票 000939 在指定时间范围内无数据
2024-12-29 13:01:58,726 - WARNING - PROD: PROD: 股票 000918 在指定时间范围内无数据
2024-12-29 13:01:58,727 - WARNING - PROD: PROD: 股票 000918 在指定时间范围内无数据
2024-12-29 13:01:58,827 - WARNING - PROD: PROD: 股票 000916 在指定时间范围内无数据
2024-12-29 13:01:58,828 - WARNING - PROD: PROD: 股票 000916 在指定时间范围内无数据
2024-12-29 13:01:58,873 - WARNING - PROD: PROD: 股票 000866 在指定时间范围内无数据
2024-12-29 13:01:58,873 - WARNING - PROD: PROD: 股票 000866 在指定时间范围内无数据
2024-12-29 13:01:59,010 - WARNING - PROD: PROD: 股票 000836 在指定时间范围内无数据
2024-12-29 13:01:59,010 - WARNING - PROD: PROD: 股票 000861 在指定时间范围内无数据
2024-12-29 13:01:59,010 - WARNING - PROD: PROD: 股票 000836 在指定时间范围内无数据
2024-12-29 13:01:59,010 - WARNING - PROD: PROD: 股票 000861 在指定时间范围内无数据
2024-12-29 13:01:59,131 - WARNING - PROD: PROD: 股票 000835 在指定时间范围内无数据
2024-12-29 13:01:59,131 - WARNING - PROD: PROD: 股票 000835 在指定时间范围内无数据
2024-12-29 13:01:59,144 - WARNING - PROD: PROD: 股票 000827 在指定时间范围内无数据
2024-12-29 13:01:59,144 - WARNING - PROD: PROD: 股票 000827 在指定时间范围内无数据
2024-12-29 13:01:59,146 - WARNING - PROD: PROD: 股票 000832 在指定时间范围内无数据
2024-12-29 13:01:59,147 - WARNING - PROD: PROD: 股票 000832 在指定时间范围内无数据
2024-12-29 13:01:59,277 - WARNING - PROD: PROD: 股票 000817 在指定时间范围内无数据
2024-12-29 13:01:59,277 - WARNING - PROD: PROD: 股票 000817 在指定时间范围内无数据
2024-12-29 13:01:59,283 - WARNING - PROD: PROD: 股票 000806 在指定时间范围内无数据
2024-12-29 13:01:59,284 - WARNING - PROD: PROD: 股票 000805 在指定时间范围内无数据
2024-12-29 13:01:59,285 - WARNING - PROD: PROD: 股票 000806 在指定时间范围内无数据
2024-12-29 13:01:59,285 - WARNING - PROD: PROD: 股票 000805 在指定时间范围内无数据
2024-12-29 13:01:59,419 - WARNING - PROD: PROD: 股票 000780 在指定时间范围内无数据
2024-12-29 13:01:59,419 - WARNING - PROD: PROD: 股票 000787 在指定时间范围内无数据
2024-12-29 13:01:59,420 - WARNING - PROD: PROD: 股票 000787 在指定时间范围内无数据
2024-12-29 13:01:59,420 - WARNING - PROD: PROD: 股票 000780 在指定时间范围内无数据
2024-12-29 13:01:59,435 - WARNING - PROD: PROD: 股票 000769 在指定时间范围内无数据
2024-12-29 13:01:59,435 - WARNING - PROD: PROD: 股票 000769 在指定时间范围内无数据
2024-12-29 13:01:59,551 - WARNING - PROD: PROD: 股票 000763 在指定时间范围内无数据
2024-12-29 13:01:59,552 - WARNING - PROD: PROD: 股票 000763 在指定时间范围内无数据
2024-12-29 13:01:59,568 - WARNING - PROD: PROD: 股票 000765 在指定时间范围内无数据
2024-12-29 13:01:59,569 - WARNING - PROD: PROD: 股票 000765 在指定时间范围内无数据
2024-12-29 13:01:59,575 - WARNING - PROD: PROD: 股票 000760 在指定时间范围内无数据
2024-12-29 13:01:59,576 - WARNING - PROD: PROD: 股票 000760 在指定时间范围内无数据
2024-12-29 13:01:59,690 - WARNING - PROD: PROD: 股票 000748 在指定时间范围内无数据
2024-12-29 13:01:59,691 - WARNING - PROD: PROD: 股票 000748 在指定时间范围内无数据
2024-12-29 13:01:59,709 - WARNING - PROD: PROD: 股票 000732 在指定时间范围内无数据
2024-12-29 13:01:59,711 - WARNING - PROD: PROD: 股票 000732 在指定时间范围内无数据
2024-12-29 13:01:59,824 - WARNING - PROD: PROD: 股票 000730 在指定时间范围内无数据
2024-12-29 13:01:59,824 - WARNING - PROD: PROD: 股票 000730 在指定时间范围内无数据
2024-12-29 13:01:59,840 - WARNING - PROD: PROD: 股票 000699 在指定时间范围内无数据
2024-12-29 13:01:59,841 - WARNING - PROD: PROD: 股票 000699 在指定时间范围内无数据
2024-12-29 13:01:59,844 - WARNING - PROD: PROD: 股票 000693 在指定时间范围内无数据
2024-12-29 13:01:59,844 - WARNING - PROD: PROD: 股票 000693 在指定时间范围内无数据
2024-12-29 13:01:59,961 - WARNING - PROD: PROD: 股票 000689 在指定时间范围内无数据
2024-12-29 13:01:59,961 - WARNING - PROD: PROD: 股票 000689 在指定时间范围内无数据
2024-12-29 13:01:59,979 - WARNING - PROD: PROD: 股票 000687 在指定时间范围内无数据
2024-12-29 13:01:59,979 - WARNING - PROD: PROD: 股票 000687 在指定时间范围内无数据
2024-12-29 13:01:59,984 - WARNING - PROD: PROD: 股票 000675 在指定时间范围内无数据
2024-12-29 13:01:59,985 - WARNING - PROD: PROD: 股票 000675 在指定时间范围内无数据
2024-12-29 13:02:00,108 - WARNING - PROD: PROD: 股票 000673 在指定时间范围内无数据
2024-12-29 13:02:00,109 - WARNING - PROD: PROD: 股票 000673 在指定时间范围内无数据
2024-12-29 13:02:00,119 - WARNING - PROD: PROD: 股票 000671 在指定时间范围内无数据
2024-12-29 13:02:00,119 - WARNING - PROD: PROD: 股票 000667 在指定时间范围内无数据
2024-12-29 13:02:00,120 - WARNING - PROD: PROD: 股票 000667 在指定时间范围内无数据
2024-12-29 13:02:00,120 - WARNING - PROD: PROD: 股票 000671 在指定时间范围内无数据
2024-12-29 13:02:00,250 - WARNING - PROD: PROD: 股票 000666 在指定时间范围内无数据
2024-12-29 13:02:00,250 - WARNING - PROD: PROD: 股票 000666 在指定时间范围内无数据
2024-12-29 13:02:00,262 - WARNING - PROD: PROD: 股票 000660 在指定时间范围内无数据
2024-12-29 13:02:00,263 - WARNING - PROD: PROD: 股票 000660 在指定时间范围内无数据
2024-12-29 13:02:00,266 - WARNING - PROD: PROD: 股票 000662 在指定时间范围内无数据
2024-12-29 13:02:00,267 - WARNING - PROD: PROD: 股票 000662 在指定时间范围内无数据
2024-12-29 13:02:00,406 - WARNING - PROD: PROD: 股票 000653 在指定时间范围内无数据
2024-12-29 13:02:00,407 - WARNING - PROD: PROD: 股票 000658 在指定时间范围内无数据
2024-12-29 13:02:00,407 - WARNING - PROD: PROD: 股票 000621 在指定时间范围内无数据
2024-12-29 13:02:00,407 - WARNING - PROD: PROD: 股票 000653 在指定时间范围内无数据
2024-12-29 13:02:00,408 - WARNING - PROD: PROD: 股票 000658 在指定时间范围内无数据
2024-12-29 13:02:00,409 - WARNING - PROD: PROD: 股票 000621 在指定时间范围内无数据
2024-12-29 13:02:00,554 - WARNING - PROD: PROD: 股票 000613 在指定时间范围内无数据
2024-12-29 13:02:00,554 - WARNING - PROD: PROD: 股票 000613 在指定时间范围内无数据
2024-12-29 13:02:00,556 - WARNING - PROD: PROD: 股票 000616 在指定时间范围内无数据
2024-12-29 13:02:00,556 - WARNING - PROD: PROD: 股票 000616 在指定时间范围内无数据
2024-12-29 13:02:00,559 - WARNING - PROD: PROD: 股票 000618 在指定时间范围内无数据
2024-12-29 13:02:00,560 - WARNING - PROD: PROD: 股票 000618 在指定时间范围内无数据
2024-12-29 13:02:00,720 - WARNING - PROD: PROD: 股票 000606 在指定时间范围内无数据
2024-12-29 13:02:00,721 - WARNING - PROD: PROD: 股票 000611 在指定时间范围内无数据
2024-12-29 13:02:00,721 - WARNING - PROD: PROD: 股票 000606 在指定时间范围内无数据
2024-12-29 13:02:00,721 - WARNING - PROD: PROD: 股票 000611 在指定时间范围内无数据
2024-12-29 13:02:00,875 - WARNING - PROD: PROD: 股票 000594 在指定时间范围内无数据
2024-12-29 13:02:00,875 - WARNING - PROD: PROD: 股票 000588 在指定时间范围内无数据
2024-12-29 13:02:00,875 - WARNING - PROD: PROD: 股票 000602 在指定时间范围内无数据
2024-12-29 13:02:00,876 - WARNING - PROD: PROD: 股票 000594 在指定时间范围内无数据
2024-12-29 13:02:00,876 - WARNING - PROD: PROD: 股票 000588 在指定时间范围内无数据
2024-12-29 13:02:00,876 - WARNING - PROD: PROD: 股票 000602 在指定时间范围内无数据
2024-12-29 13:02:01,021 - WARNING - PROD: PROD: 股票 000587 在指定时间范围内无数据
2024-12-29 13:02:01,022 - WARNING - PROD: PROD: 股票 000585 在指定时间范围内无数据
2024-12-29 13:02:01,023 - WARNING - PROD: PROD: 股票 000587 在指定时间范围内无数据
2024-12-29 13:02:01,024 - WARNING - PROD: PROD: 股票 000585 在指定时间范围内无数据
2024-12-29 13:02:01,179 - WARNING - PROD: PROD: 股票 000583 在指定时间范围内无数据
2024-12-29 13:02:01,179 - WARNING - PROD: PROD: 股票 000583 在指定时间范围内无数据
2024-12-29 13:02:01,185 - WARNING - PROD: PROD: 股票 000578 在指定时间范围内无数据
2024-12-29 13:02:01,186 - WARNING - PROD: PROD: 股票 000578 在指定时间范围内无数据
2024-12-29 13:02:01,188 - WARNING - PROD: PROD: 股票 000569 在指定时间范围内无数据
2024-12-29 13:02:01,188 - WARNING - PROD: PROD: 股票 000569 在指定时间范围内无数据
2024-12-29 13:02:01,323 - WARNING - PROD: PROD: 股票 000562 在指定时间范围内无数据
2024-12-29 13:02:01,324 - WARNING - PROD: PROD: 股票 000562 在指定时间范围内无数据
2024-12-29 13:02:01,328 - WARNING - PROD: PROD: 股票 000556 在指定时间范围内无数据
2024-12-29 13:02:01,330 - WARNING - PROD: PROD: 股票 000556 在指定时间范围内无数据
2024-12-29 13:02:01,332 - WARNING - PROD: PROD: 股票 000549 在指定时间范围内无数据
2024-12-29 13:02:01,334 - WARNING - PROD: PROD: 股票 000549 在指定时间范围内无数据
2024-12-29 13:02:01,458 - WARNING - PROD: PROD: 股票 000542 在指定时间范围内无数据
2024-12-29 13:02:01,458 - WARNING - PROD: PROD: 股票 000542 在指定时间范围内无数据
2024-12-29 13:02:01,471 - WARNING - PROD: PROD: 股票 000540 在指定时间范围内无数据
2024-12-29 13:02:01,471 - WARNING - PROD: PROD: 股票 000540 在指定时间范围内无数据
2024-12-29 13:02:01,596 - WARNING - PROD: PROD: 股票 000535 在指定时间范围内无数据
2024-12-29 13:02:01,596 - WARNING - PROD: PROD: 股票 000535 在指定时间范围内无数据
2024-12-29 13:02:01,608 - WARNING - PROD: PROD: 股票 000527 在指定时间范围内无数据
2024-12-29 13:02:01,609 - WARNING - PROD: PROD: 股票 000527 在指定时间范围内无数据
2024-12-29 13:02:01,749 - WARNING - PROD: PROD: 股票 000515 在指定时间范围内无数据
2024-12-29 13:02:01,750 - WARNING - PROD: PROD: 股票 000511 在指定时间范围内无数据
2024-12-29 13:02:01,750 - WARNING - PROD: PROD: 股票 000522 在指定时间范围内无数据
2024-12-29 13:02:01,751 - WARNING - PROD: PROD: 股票 000511 在指定时间范围内无数据
2024-12-29 13:02:01,751 - WARNING - PROD: PROD: 股票 000515 在指定时间范围内无数据
2024-12-29 13:02:01,751 - WARNING - PROD: PROD: 股票 000522 在指定时间范围内无数据
2024-12-29 13:02:01,894 - WARNING - PROD: PROD: 股票 000502 在指定时间范围内无数据
2024-12-29 13:02:01,894 - WARNING - PROD: PROD: 股票 000508 在指定时间范围内无数据
2024-12-29 13:02:01,895 - WARNING - PROD: PROD: 股票 000508 在指定时间范围内无数据
2024-12-29 13:02:01,895 - WARNING - PROD: PROD: 股票 000502 在指定时间范围内无数据
2024-12-29 13:02:02,035 - WARNING - PROD: PROD: 股票 000418 在指定时间范围内无数据
2024-12-29 13:02:02,035 - WARNING - PROD: PROD: 股票 000416 在指定时间范围内无数据
2024-12-29 13:02:02,035 - WARNING - PROD: PROD: 股票 000413 在指定时间范围内无数据
2024-12-29 13:02:02,036 - WARNING - PROD: PROD: 股票 000413 在指定时间范围内无数据
2024-12-29 13:02:02,036 - WARNING - PROD: PROD: 股票 000418 在指定时间范围内无数据
2024-12-29 13:02:02,036 - WARNING - PROD: PROD: 股票 000416 在指定时间范围内无数据
2024-12-29 13:02:02,173 - WARNING - PROD: PROD: 股票 000405 在指定时间范围内无数据
2024-12-29 13:02:02,174 - WARNING - PROD: PROD: 股票 000405 在指定时间范围内无数据
2024-12-29 13:02:02,176 - WARNING - PROD: PROD: 股票 000412 在指定时间范围内无数据
2024-12-29 13:02:02,177 - WARNING - PROD: PROD: 股票 000412 在指定时间范围内无数据
2024-12-29 13:02:02,183 - WARNING - PROD: PROD: 股票 000406 在指定时间范围内无数据
2024-12-29 13:02:02,184 - WARNING - PROD: PROD: 股票 000406 在指定时间范围内无数据
2024-12-29 13:02:02,328 - WARNING - PROD: PROD: 股票 000150 在指定时间范围内无数据
2024-12-29 13:02:02,328 - WARNING - PROD: PROD: 股票 000150 在指定时间范围内无数据
2024-12-29 13:02:02,330 - WARNING - PROD: PROD: 股票 000046 在指定时间范围内无数据
2024-12-29 13:02:02,330 - WARNING - PROD: PROD: 股票 000047 在指定时间范围内无数据
2024-12-29 13:02:02,330 - WARNING - PROD: PROD: 股票 000047 在指定时间范围内无数据
2024-12-29 13:02:02,330 - WARNING - PROD: PROD: 股票 000046 在指定时间范围内无数据
2024-12-29 13:02:02,463 - WARNING - PROD: PROD: 股票 000038 在指定时间范围内无数据
2024-12-29 13:02:02,464 - WARNING - PROD: PROD: 股票 000038 在指定时间范围内无数据
2024-12-29 13:02:02,469 - WARNING - PROD: PROD: 股票 000024 在指定时间范围内无数据
2024-12-29 13:02:02,469 - WARNING - PROD: PROD: 股票 000024 在指定时间范围内无数据
2024-12-29 13:02:02,473 - WARNING - PROD: PROD: 股票 000033 在指定时间范围内无数据
2024-12-29 13:02:02,474 - WARNING - PROD: PROD: 股票 000033 在指定时间范围内无数据
2024-12-29 13:02:02,593 - WARNING - PROD: PROD: 股票 000023 在指定时间范围内无数据
2024-12-29 13:02:02,593 - WARNING - PROD: PROD: 股票 000023 在指定时间范围内无数据
2024-12-29 13:02:02,604 - WARNING - PROD: PROD: 股票 000015 在指定时间范围内无数据
2024-12-29 13:02:02,605 - WARNING - PROD: PROD: 股票 000015 在指定时间范围内无数据
2024-12-29 13:02:02,605 - WARNING - PROD: PROD: 股票 000018 在指定时间范围内无数据
2024-12-29 13:02:02,605 - WARNING - PROD: PROD: 股票 000018 在指定时间范围内无数据
2024-12-29 13:02:02,735 - WARNING - PROD: PROD: 股票 000013 在指定时间范围内无数据
2024-12-29 13:02:02,735 - WARNING - PROD: PROD: 股票 000013 在指定时间范围内无数据
2024-12-29 13:02:02,740 - WARNING - PROD: PROD: 股票 000003 在指定时间范围内无数据
2024-12-29 13:02:02,740 - WARNING - PROD: PROD: 股票 000003 在指定时间范围内无数据
2024-12-29 13:02:02,742 - WARNING - PROD: PROD: 股票 000005 在指定时间范围内无数据
2024-12-29 13:02:02,743 - WARNING - PROD: PROD: 股票 000005 在指定时间范围内无数据
2024-12-29 13:03:09,842 - WARNING - PROD: PROD: 股票 301585 在指定时间范围内无数据
2024-12-29 13:03:09,844 - WARNING - PROD: PROD: 股票 301585 在指定时间范围内无数据
2024-12-29 13:03:25,420 - WARNING - PROD: PROD: 股票 603194 在指定时间范围内无数据
2024-12-29 13:03:25,422 - WARNING - PROD: PROD: 股票 603194 在指定时间范围内无数据
2024-12-29 13:03:45,988 - WARNING - PROD: PROD: 股票 600725 在指定时间范围内无数据
2024-12-29 13:03:45,990 - WARNING - PROD: PROD: 股票 600725 在指定时间范围内无数据
2024-12-29 13:03:46,437 - WARNING - PROD: PROD: 股票 920082 在指定时间范围内无数据
2024-12-29 13:03:46,447 - WARNING - PROD: PROD: 股票 920082 在指定时间范围内无数据
2024-12-30 16:34:33,518 - INFO - PROD: 当前时间 16:34 晚于收盘时间 15:30，将 2024-12-30 视为处理日期。
2024-12-30 16:34:33,519 - INFO - PROD: 配置文件 'daily_update_table': 'Dec27' -> 'Dec30'.
PROD: 配置文件 'last_update_date': '2024-12-27' -> '2024-12-30'.
2024-12-30 16:34:33,544 - INFO - 根据 Dec27 成功创建了表 Dec30。
2024-12-31 23:53:18,599 - INFO - PROD: 当前时间 23:53 晚于收盘时间 15:30，将 2024-12-31 视为处理日期。
2024-12-31 23:53:18,600 - INFO - PROD: 配置文件 'daily_update_table': 'Dec30' -> 'Dec31'.
PROD: 配置文件 'last_update_date': '2024-12-30' -> '2024-12-31'.
2024-12-31 23:53:18,624 - INFO - 根据 Dec30 成功创建了表 Dec31。
2025-01-03 16:29:58,665 - INFO - PROD: 当前时间 16:29 晚于收盘时间 15:30，将 2025-01-03 视为处理日期。
2025-01-03 16:29:58,666 - INFO - PROD: 配置文件 'daily_update_table': 'Dec31' -> 'Jan03'.
PROD: 配置文件 'last_update_date': '2024-12-31' -> '2025-01-03'.
2025-01-03 16:29:58,701 - INFO - 根据 Jan02 成功创建了表 Jan03。
2025-01-06 15:48:22,467 - INFO - PROD: 当前时间 15:48 晚于收盘时间 15:30，将 2025-01-06 视为处理日期。
2025-01-06 15:48:22,468 - INFO - PROD: 配置文件 'daily_update_table': 'Jan03' -> 'Jan06'.
PROD: 配置文件 'last_update_date': '2025-01-03' -> '2025-01-06'.
2025-01-06 15:48:22,513 - INFO - 根据 Jan03 成功创建了表 Jan06。
2025-01-07 20:39:21,913 - INFO - PROD: 当前时间 20:39 晚于收盘时间 15:30，将 2025-01-07 视为处理日期。
2025-01-07 20:39:21,913 - INFO - PROD: 配置文件 'daily_update_table': 'Jan06' -> 'Jan07'.
PROD: 配置文件 'last_update_date': '2025-01-06' -> '2025-01-07'.
2025-01-07 20:39:21,948 - INFO - 根据 Jan06 成功创建了表 Jan07。
2025-01-08 16:40:36,912 - INFO - PROD: 当前时间 16:40 晚于收盘时间 15:30，将 2025-01-08 视为处理日期。
2025-01-08 16:40:36,912 - INFO - PROD: 配置文件 'daily_update_table': 'Jan07' -> 'Jan08'.
PROD: 配置文件 'last_update_date': '2025-01-07' -> '2025-01-08'.
2025-01-08 16:40:36,941 - INFO - 根据 Jan07 成功创建了表 Jan08。
2025-01-09 22:07:02,053 - INFO - PROD: 当前时间 22:07 晚于收盘时间 15:30，将 2025-01-09 视为处理日期。
2025-01-09 22:07:02,054 - INFO - PROD: 配置文件 'daily_update_table': 'Jan08' -> 'Jan09'.
PROD: 配置文件 'last_update_date': '2025-01-08' -> '2025-01-09'.
2025-01-09 22:07:02,082 - INFO - 根据 Jan08 成功创建了表 Jan09。
2025-01-10 21:43:32,615 - INFO - PROD: 当前时间 21:43 晚于收盘时间 15:30，将 2025-01-10 视为处理日期。
2025-01-10 21:43:32,616 - INFO - PROD: 配置文件 'daily_update_table': 'Jan09' -> 'Jan10'.
PROD: 配置文件 'last_update_date': '2025-01-09' -> '2025-01-10'.
2025-01-10 21:43:32,639 - INFO - 根据 Jan09 成功创建了表 Jan10。
2025-01-13 20:36:56,803 - INFO - PROD: 当前时间 20:36 晚于收盘时间 15:30，将 2025-01-13 视为处理日期。
2025-01-13 20:36:56,803 - INFO - PROD: 配置文件 'daily_update_table': 'Jan10' -> 'Jan13'.
PROD: 配置文件 'last_update_date': '2025-01-10' -> '2025-01-13'.
2025-01-13 20:36:56,841 - INFO - 根据 Jan10 成功创建了表 Jan13。
2025-01-14 17:54:17,740 - INFO - PROD: 当前时间 17:54 晚于收盘时间 15:30，将 2025-01-14 视为处理日期。
2025-01-14 17:54:17,741 - INFO - PROD: 配置文件 'daily_update_table': 'Jan13' -> 'Jan14'.
PROD: 配置文件 'last_update_date': '2025-01-13' -> '2025-01-14'.
2025-01-14 17:54:17,778 - INFO - 根据 Jan13 成功创建了表 Jan14。
2025-01-15 21:15:59,838 - INFO - PROD: 当前时间 21:15 晚于收盘时间 15:30，将 2025-01-15 视为处理日期。
2025-01-15 21:15:59,839 - INFO - PROD: 配置文件 'daily_update_table': 'Jan14' -> 'Jan15'.
PROD: 配置文件 'last_update_date': '2025-01-14' -> '2025-01-15'.
2025-01-15 21:15:59,880 - INFO - 根据 Jan14 成功创建了表 Jan15。
2025-01-16 19:09:47,042 - INFO - PROD: 当前时间 19:09 晚于收盘时间 15:30，将 2025-01-16 视为处理日期。
2025-01-16 19:09:47,043 - INFO - PROD: 配置文件 'daily_update_table': 'Jan15' -> 'Jan16'.
PROD: 配置文件 'last_update_date': '2025-01-15' -> '2025-01-16'.
2025-01-16 19:09:47,065 - INFO - 根据 Jan15 成功创建了表 Jan16。
2025-01-17 20:12:44,416 - INFO - PROD: 当前时间 20:12 晚于收盘时间 15:30，将 2025-01-17 视为处理日期。
2025-01-17 20:12:44,417 - INFO - PROD: 配置文件 'daily_update_table': 'Jan16' -> 'Jan17'.
PROD: 配置文件 'last_update_date': '2025-01-16' -> '2025-01-17'.
2025-01-17 20:12:44,444 - INFO - 根据 Jan16 成功创建了表 Jan17。
2025-01-20 16:38:56,984 - INFO - PROD: 当前时间 16:38 晚于收盘时间 15:30，将 2025-01-20 视为处理日期。
2025-01-20 16:38:56,985 - INFO - PROD: 配置文件 'daily_update_table': 'Jan17' -> 'Jan20'.
PROD: 配置文件 'last_update_date': '2025-01-17' -> '2025-01-20'.
2025-01-20 16:38:57,009 - INFO - 根据 Jan17 成功创建了表 Jan20。
2025-01-21 20:13:19,344 - INFO - PROD: 当前时间 20:13 晚于收盘时间 15:30，将 2025-01-21 视为处理日期。
2025-01-21 20:13:19,345 - INFO - PROD: 配置文件 'daily_update_table': 'Jan20' -> 'Jan21'.
PROD: 配置文件 'last_update_date': '2025-01-20' -> '2025-01-21'.
2025-01-21 20:13:19,370 - INFO - 根据 Jan20 成功创建了表 Jan21。
2025-01-22 15:38:35,059 - INFO - PROD: 当前时间 15:38 晚于收盘时间 15:30，将 2025-01-22 视为处理日期。
2025-01-22 15:38:35,060 - INFO - PROD: 配置文件 'daily_update_table': 'Jan21' -> 'Jan22'.
PROD: 配置文件 'last_update_date': '2025-01-21' -> '2025-01-22'.
2025-01-22 15:38:35,072 - INFO - 根据 Jan21 成功创建了表 Jan22。
2025-01-23 16:12:58,987 - INFO - PROD: 当前时间 16:12 晚于收盘时间 15:30，将 2025-01-23 视为处理日期。
2025-01-23 16:12:58,988 - INFO - PROD: 配置文件 'daily_update_table': 'Jan22' -> 'Jan23'.
PROD: 配置文件 'last_update_date': '2025-01-22' -> '2025-01-23'.
2025-01-23 16:12:59,039 - INFO - 根据 Jan22 成功创建了表 Jan23。
2025-01-24 16:06:47,641 - INFO - PROD: 当前时间 16:06 晚于收盘时间 15:30，将 2025-01-24 视为处理日期。
2025-01-24 16:06:47,642 - INFO - PROD: 配置文件 'daily_update_table': 'Jan23' -> 'Jan24'.
PROD: 配置文件 'last_update_date': '2025-01-23' -> '2025-01-24'.
2025-01-24 16:06:47,678 - INFO - 根据 Jan23 成功创建了表 Jan24。
2025-01-28 07:34:16,762 - INFO - PROD: 今天非工作日，将 2025-01-27 视为处理日期。
2025-01-28 07:34:16,762 - INFO - PROD: 配置文件 'daily_update_table': 'Jan24' -> 'Jan27'.
PROD: 配置文件 'last_update_date': '2025-01-24' -> '2025-01-27'.
2025-01-28 07:34:16,779 - INFO - 根据 Jan26 成功创建了表 Jan27。
2025-02-05 22:25:49,064 - INFO - PROD: 当前时间 22:25 晚于收盘时间 15:30，将 2025-02-05 视为处理日期。
2025-02-05 22:25:49,064 - INFO - PROD: 配置文件 'daily_update_table': 'Jan27' -> 'Feb05'.
PROD: 配置文件 'last_update_date': '2025-01-27' -> '2025-02-05'.
2025-02-05 22:25:49,095 - INFO - 根据 Jan27 成功创建了表 Feb05。
2025-02-06 22:14:19,250 - INFO - PROD: 当前时间 22:14 晚于收盘时间 15:30，将 2025-02-06 视为处理日期。
2025-02-06 22:14:19,250 - INFO - PROD: 配置文件 'daily_update_table': 'Feb05' -> 'Feb06'.
PROD: 配置文件 'last_update_date': '2025-02-05' -> '2025-02-06'.
2025-02-06 22:14:19,277 - INFO - 根据 Feb05 成功创建了表 Feb06。
2025-02-07 22:56:35,032 - INFO - PROD: 当前时间 22:56 晚于收盘时间 15:30，将 2025-02-07 视为处理日期。
2025-02-07 22:56:35,033 - INFO - PROD: 配置文件 'daily_update_table': 'Feb06' -> 'Feb07'.
PROD: 配置文件 'last_update_date': '2025-02-06' -> '2025-02-07'.
2025-02-07 22:56:35,070 - INFO - 根据 Feb06 成功创建了表 Feb07。
2025-02-10 16:39:03,212 - INFO - PROD: 当前时间 16:39 晚于收盘时间 15:30，将 2025-02-10 视为处理日期。
2025-02-10 16:39:03,212 - INFO - PROD: 配置文件 'daily_update_table': 'Feb07' -> 'Feb10'.
PROD: 配置文件 'last_update_date': '2025-02-07' -> '2025-02-10'.
2025-02-10 16:39:03,254 - INFO - 根据 Feb08 成功创建了表 Feb10。
2025-02-11 15:42:44,976 - INFO - PROD: 当前时间 15:42 晚于收盘时间 15:30，将 2025-02-11 视为处理日期。
2025-02-11 15:42:44,976 - INFO - PROD: 配置文件 'daily_update_table': 'Feb10' -> 'Feb11'.
PROD: 配置文件 'last_update_date': '2025-02-10' -> '2025-02-11'.
2025-02-11 15:42:45,018 - INFO - 根据 Feb10 成功创建了表 Feb11。
2025-02-12 16:11:50,934 - INFO - PROD: 当前时间 16:11 晚于收盘时间 15:30，将 2025-02-12 视为处理日期。
2025-02-12 16:11:50,934 - INFO - PROD: 配置文件 'daily_update_table': 'Feb11' -> 'Feb12'.
PROD: 配置文件 'last_update_date': '2025-02-11' -> '2025-02-12'.
2025-02-12 16:11:50,963 - INFO - 根据 Feb11 成功创建了表 Feb12。
