2024-12-31 23:52:09,633 - INFO - PROD: 开始更新本周周K数据
2024-12-31 23:52:09,645 - INFO - PROD: 查询日期范围: 2024-12-30 到 2025-01-05
2024-12-31 23:52:11,755 - INFO - PROD: 查询到 5679 条数据
2024-12-31 23:52:12,074 - ERROR - PROD: 程序执行出现错误: 'WK_table'
2024-12-31 23:52:51,675 - INFO - PROD: 开始更新本周周K数据
2024-12-31 23:52:51,688 - INFO - PROD: 查询日期范围: 2024-12-30 到 2025-01-05
2024-12-31 23:52:53,700 - INFO - PROD: 查询到 5679 条数据
2024-12-31 23:52:55,801 - INFO - PROD: 
=== AK008更新周K完成统计 ===
总计处理: 5679 只股票
正常股票: 5366 只 (94.5%)
ST股票: 313 只 (5.5%)

2024-12-31 23:54:14,706 - INFO - PROD: 开始更新本周周K数据
2024-12-31 23:54:14,718 - INFO - PROD: 查询日期范围: 2024-12-30 到 2025-01-05
2024-12-31 23:54:16,674 - INFO - PROD: 查询到 11358 条数据
2024-12-31 23:54:18,664 - INFO - PROD: 
=== AK008更新周K完成统计 ===
总计处理: 5679 只股票
正常股票: 5366 只 (94.5%)
ST股票: 313 只 (5.5%)

2025-01-03 11:51:43,774 - INFO - PROD: 开始更新本周周K数据
2025-01-03 11:51:43,785 - INFO - PROD: 查询日期范围: 2024-12-30 到 2025-01-05
2025-01-03 11:51:45,933 - INFO - PROD: 查询到 22094 条数据
2025-01-03 11:51:48,768 - INFO - PROD: 
=== AK008更新周K完成统计 ===
总计处理: 5679 只股票
正常股票: 5366 只 (94.5%)
ST股票: 313 只 (5.5%)

2025-01-03 16:30:59,822 - INFO - PROD: 开始更新本周周K数据
2025-01-03 16:30:59,844 - INFO - PROD: 查询日期范围: 2024-12-30 到 2025-01-05
2025-01-03 16:31:02,065 - INFO - PROD: 查询到 28087 条数据
2025-01-03 16:31:04,236 - INFO - PROD: 
=== AK008更新周K完成统计 ===
总计处理: 5682 只股票
正常股票: 5366 只 (94.4%)
ST股票: 316 只 (5.6%)

2025-01-03 17:04:32,668 - INFO - PROD: 开始更新本周周K数据
2025-01-03 17:04:32,680 - INFO - PROD: 查询日期范围: 2024-12-30 到 2025-01-05
2025-01-03 17:04:35,001 - INFO - PROD: 查询到 28087 条数据
2025-01-03 17:04:37,792 - INFO - PROD: 
=== AK008更新周K完成统计 ===
总计处理: 5682 只股票
正常股票: 5366 只 (94.4%)
ST股票: 316 只 (5.6%)

2025-01-06 15:49:22,791 - INFO - PROD: 开始更新本周周K数据
2025-01-06 15:49:22,807 - INFO - PROD: 查询日期范围: 2025-01-06 到 2025-01-12
2025-01-06 15:49:24,773 - INFO - PROD: 查询到 5682 条数据
2025-01-06 15:49:26,741 - INFO - PROD: 
=== AK008更新周K完成统计 ===
总计处理: 5682 只股票
正常股票: 5369 只 (94.5%)
ST股票: 313 只 (5.5%)

2025-01-07 20:40:25,664 - INFO - PROD: 开始更新本周周K数据
2025-01-07 20:40:25,682 - INFO - PROD: 查询日期范围: 2025-01-06 到 2025-01-12
2025-01-07 20:40:27,641 - INFO - PROD: 查询到 11364 条数据
2025-01-07 20:40:29,875 - INFO - PROD: 
=== AK008更新周K完成统计 ===
总计处理: 5682 只股票
正常股票: 5369 只 (94.5%)
ST股票: 313 只 (5.5%)

2025-01-08 16:41:36,082 - INFO - PROD: 开始更新本周周K数据
2025-01-08 16:41:36,103 - INFO - PROD: 查询日期范围: 2025-01-06 到 2025-01-12
2025-01-08 16:41:38,135 - INFO - PROD: 查询到 17048 条数据
2025-01-08 16:41:40,012 - INFO - PROD: 
=== AK008更新周K完成统计 ===
总计处理: 5684 只股票
正常股票: 5369 只 (94.5%)
ST股票: 315 只 (5.5%)

2025-01-09 22:08:01,219 - INFO - PROD: 开始更新本周周K数据
2025-01-09 22:08:01,240 - INFO - PROD: 查询日期范围: 2025-01-06 到 2025-01-12
2025-01-09 22:08:03,315 - INFO - PROD: 查询到 22732 条数据
2025-01-09 22:08:05,361 - INFO - PROD: 
=== AK008更新周K完成统计 ===
总计处理: 5684 只股票
正常股票: 5369 只 (94.5%)
ST股票: 315 只 (5.5%)

2025-01-10 21:44:32,265 - INFO - PROD: 开始更新本周周K数据
2025-01-10 21:44:32,292 - INFO - PROD: 查询日期范围: 2025-01-06 到 2025-01-12
2025-01-10 21:44:34,403 - INFO - PROD: 查询到 28416 条数据
2025-01-10 21:44:36,633 - INFO - PROD: 
=== AK008更新周K完成统计 ===
总计处理: 5684 只股票
正常股票: 5369 只 (94.5%)
ST股票: 315 只 (5.5%)

2025-01-13 20:37:56,259 - INFO - PROD: 开始更新本周周K数据
2025-01-13 20:37:56,271 - INFO - PROD: 查询日期范围: 2025-01-13 到 2025-01-19
2025-01-13 20:37:58,259 - INFO - PROD: 查询到 5684 条数据
2025-01-13 20:38:00,275 - INFO - PROD: 
=== AK008更新周K完成统计 ===
总计处理: 5684 只股票
正常股票: 5373 只 (94.5%)
ST股票: 311 只 (5.5%)

2025-01-14 17:55:20,688 - INFO - PROD: 开始更新本周周K数据
2025-01-14 17:55:20,709 - INFO - PROD: 查询日期范围: 2025-01-13 到 2025-01-19
2025-01-14 17:55:22,908 - INFO - PROD: 查询到 11368 条数据
2025-01-14 17:55:25,610 - INFO - PROD: 
=== AK008更新周K完成统计 ===
总计处理: 5684 只股票
正常股票: 5373 只 (94.5%)
ST股票: 311 只 (5.5%)

2025-01-15 21:16:59,567 - INFO - PROD: 开始更新本周周K数据
2025-01-15 21:16:59,589 - INFO - PROD: 查询日期范围: 2025-01-13 到 2025-01-19
2025-01-15 21:17:01,634 - INFO - PROD: 查询到 17052 条数据
2025-01-15 21:17:03,774 - INFO - PROD: 
=== AK008更新周K完成统计 ===
总计处理: 5684 只股票
正常股票: 5373 只 (94.5%)
ST股票: 311 只 (5.5%)

2025-01-16 19:10:46,942 - INFO - PROD: 开始更新本周周K数据
2025-01-16 19:10:46,958 - INFO - PROD: 查询日期范围: 2025-01-13 到 2025-01-19
2025-01-16 19:10:49,047 - INFO - PROD: 查询到 22737 条数据
2025-01-16 19:10:51,116 - INFO - PROD: 
=== AK008更新周K完成统计 ===
总计处理: 5685 只股票
正常股票: 5373 只 (94.5%)
ST股票: 312 只 (5.5%)

2025-01-17 20:13:44,690 - INFO - PROD: 开始更新本周周K数据
2025-01-17 20:13:44,715 - INFO - PROD: 查询日期范围: 2025-01-13 到 2025-01-19
2025-01-17 20:13:46,856 - INFO - PROD: 查询到 28422 条数据
2025-01-17 20:13:48,953 - INFO - PROD: 
=== AK008更新周K完成统计 ===
总计处理: 5685 只股票
正常股票: 5373 只 (94.5%)
ST股票: 312 只 (5.5%)

2025-01-20 16:39:57,032 - INFO - PROD: 开始更新本周周K数据
2025-01-20 16:39:57,053 - INFO - PROD: 查询日期范围: 2025-01-20 到 2025-01-26
2025-01-20 16:39:59,067 - INFO - PROD: 查询到 5685 条数据
2025-01-20 16:40:01,094 - INFO - PROD: 
=== AK008更新周K完成统计 ===
总计处理: 5685 只股票
正常股票: 5376 只 (94.6%)
ST股票: 309 只 (5.4%)

2025-01-21 20:14:26,714 - INFO - PROD: 开始更新本周周K数据
2025-01-21 20:14:26,730 - INFO - PROD: 查询日期范围: 2025-01-20 到 2025-01-26
2025-01-21 20:14:28,983 - INFO - PROD: 查询到 11370 条数据
2025-01-21 20:14:31,199 - INFO - PROD: 
=== AK008更新周K完成统计 ===
总计处理: 5685 只股票
正常股票: 5376 只 (94.6%)
ST股票: 309 只 (5.4%)

2025-01-22 15:39:44,695 - INFO - PROD: 开始更新本周周K数据
2025-01-22 15:39:44,714 - INFO - PROD: 查询日期范围: 2025-01-20 到 2025-01-26
2025-01-22 15:39:47,052 - INFO - PROD: 查询到 17055 条数据
2025-01-22 15:39:49,236 - INFO - PROD: 
=== AK008更新周K完成统计 ===
总计处理: 5685 只股票
正常股票: 5376 只 (94.6%)
ST股票: 309 只 (5.4%)

2025-01-23 16:14:09,536 - INFO - PROD: 开始更新本周周K数据
2025-01-23 16:14:14,708 - INFO - PROD: 
=== AK008更新周K完成统计 ===
总计处理: 5685 只股票
正常股票: 5376 只 (94.6%)
ST股票: 309 只 (5.4%)

2025-01-24 16:08:01,995 - INFO - PROD: 开始更新本周周K数据
2025-01-24 16:08:06,608 - INFO - PROD: 
=== AK008更新周K完成统计 ===
总计处理: 5685 只股票
正常股票: 5376 只 (94.6%)
ST股票: 309 只 (5.4%)

2025-01-28 07:35:23,152 - INFO - PROD: 开始更新本周周K数据
2025-01-28 07:35:27,478 - INFO - PROD: 
=== AK008更新周K完成统计 ===
总计处理: 5685 只股票
正常股票: 5381 只 (94.7%)
ST股票: 304 只 (5.3%)

2025-02-05 22:26:50,979 - INFO - PROD: 开始更新本周周K数据
2025-02-05 22:26:55,259 - INFO - PROD: 
=== AK008更新周K完成统计 ===
总计处理: 5685 只股票
正常股票: 5383 只 (94.7%)
ST股票: 302 只 (5.3%)

2025-02-06 22:15:20,602 - INFO - PROD: 开始更新本周周K数据
2025-02-06 22:15:24,852 - INFO - PROD: 
=== AK008更新周K完成统计 ===
总计处理: 5685 只股票
正常股票: 5383 只 (94.7%)
ST股票: 302 只 (5.3%)

2025-02-07 22:57:36,860 - INFO - PROD: 开始更新本周周K数据
2025-02-07 22:57:41,488 - INFO - PROD: 
=== AK008更新周K完成统计 ===
总计处理: 5685 只股票
正常股票: 5383 只 (94.7%)
ST股票: 302 只 (5.3%)

2025-02-10 16:40:08,633 - INFO - PROD: 开始更新本周周K数据
2025-02-10 16:40:13,730 - INFO - PROD: 
=== AK008更新周K完成统计 ===
总计处理: 5685 只股票
正常股票: 5386 只 (94.7%)
ST股票: 299 只 (5.3%)

2025-02-11 15:43:52,341 - INFO - PROD: 开始更新本周周K数据
2025-02-11 15:43:56,789 - INFO - PROD: 
=== AK008更新周K完成统计 ===
总计处理: 5685 只股票
正常股票: 5386 只 (94.7%)
ST股票: 299 只 (5.3%)

2025-02-12 16:12:52,747 - INFO - PROD: 开始更新本周周K数据
2025-02-12 16:12:57,217 - INFO - PROD: 
=== AK008更新周K完成统计 ===
总计处理: 5686 只股票
正常股票: 5386 只 (94.7%)
ST股票: 300 只 (5.3%)

2025-02-13 15:51:31,278 - INFO - PROD: 开始更新本周周K数据
2025-02-13 15:51:35,640 - INFO - PROD: 
=== AK008更新周K完成统计 ===
总计处理: 5687 只股票
正常股票: 5386 只 (94.7%)
ST股票: 301 只 (5.3%)

2025-02-14 16:03:46,040 - INFO - PROD: 开始更新本周周K数据
2025-02-14 16:03:50,533 - INFO - PROD: 
=== AK008更新周K完成统计 ===
总计处理: 5688 只股票
正常股票: 5386 只 (94.7%)
ST股票: 302 只 (5.3%)

