2024-12-24 06:54:05,729 - INFO - PROD: 当前时间 06:54 早于收盘时间 16:00，将 2024-12-23 视为处理日期。
2024-12-24 06:54:05,730 - INFO - PROD: 开始运行缺口检测程序 - 环境: PROD, 交易日期: 2024-12-23
2024-12-24 06:54:05,788 - INFO - PROD: 开始更新现有缺口...
2024-12-24 06:54:06,220 - INFO - QA: 共有 1020 个未填满的缺口需要更新。
2024-12-24 06:54:06,220 - INFO - PROD: QA: 0 个股票无今日数据,仅更新时间戳。
2024-12-24 06:54:06,221 - INFO - PROD: QA: 984 个缺口没有缩小,无需更新。
2024-12-24 06:54:06,221 - INFO - PROD: QA: 26 个缺口已填满。
2024-12-24 06:54:06,222 - INFO - PROD: QA: 10 个缺口缩小。
2024-12-24 06:54:10,110 - INFO - QA: 更新 984 个无需变化的缺口
2024-12-24 06:54:10,216 - INFO - QA: 更新 26 个已填满的缺口
2024-12-24 06:54:10,257 - INFO - QA: 更新 10 个减小的缺口
2024-12-24 06:54:10,260 - INFO - QA: 现有缺口更新完成。
2024-12-24 06:54:10,260 - INFO - PROD: 开始检测新缺口...
2024-12-24 06:54:10,283 - INFO - QA: 读取到 5677 个股票代码
2024-12-24 06:54:28,967 - INFO - PROD: 
QA: 共发现 103 个缺口，其中 103 个为新缺口
2024-12-24 06:54:28,967 - INFO - PROD: 程序运行结束

2024-12-24 08:42:20,176 - INFO - PROD: 当前时间 08:42 早于收盘时间 16:00，将 2024-12-23 视为处理日期。
2024-12-24 08:42:20,176 - INFO - PROD: 开始运行缺口检测程序 - 环境: PROD, 交易日期: 2024-12-23
2024-12-24 08:42:20,208 - INFO - PROD: 开始更新现有缺口...
2024-12-24 08:42:20,237 - INFO - PROD: 开始检测新缺口...
2024-12-24 08:42:20,247 - INFO - PROD: 读取到 5677 个股票代码
2024-12-24 08:42:20,248 - INFO - PROD: 程序运行结束

2024-12-24 08:47:06,933 - INFO - PROD: 当前时间 08:47 早于收盘时间 16:00，将 2024-12-23 视为处理日期。
2024-12-24 08:47:06,933 - INFO - PROD: 开始运行缺口检测程序 - 环境: PROD, 交易日期: 2024-12-23
2024-12-24 08:47:06,953 - INFO - PROD: 开始更新现有缺口...
2024-12-24 08:47:07,394 - INFO - PROD: 开始检测新缺口...
2024-12-24 08:47:07,406 - INFO - PROD: 读取到 5677 个股票代码
2024-12-24 08:47:07,406 - INFO - PROD: 程序运行结束

2024-12-24 08:49:50,504 - INFO - PROD: 当前时间 08:49 早于收盘时间 16:00，将 2024-12-23 视为处理日期。
2024-12-24 08:49:50,505 - INFO - PROD: 开始运行缺口检测程序 - 环境: PROD, 交易日期: 2024-12-23
2024-12-24 08:49:50,521 - INFO - PROD: 开始更新现有缺口...
2024-12-24 08:49:50,975 - INFO - PROD: 共有 1097 个未填满的缺口需要更新。
2024-12-24 08:49:50,975 - ERROR - PROD: 程序运行出错: 'high'
2024-12-24 08:49:50,976 - INFO - PROD: 程序运行结束

2024-12-24 08:49:50,976 - ERROR - PROD: 程序执行失败: 'high'
2024-12-24 08:53:02,141 - INFO - PROD: 当前时间 08:53 早于收盘时间 16:00，将 2024-12-23 视为处理日期。
2024-12-24 08:53:02,141 - INFO - PROD: 开始运行缺口检测程序 - 环境: PROD, 交易日期: 2024-12-23
2024-12-24 08:53:02,159 - INFO - PROD: 开始更新现有缺口...
2024-12-24 08:53:02,622 - INFO - PROD: 共有 1097 个未填满的缺口需要更新。
2024-12-24 08:53:02,623 - INFO - PROD: PROD: 0 个股票无今日数据,仅更新时间戳。
2024-12-24 08:53:02,623 - INFO - PROD: PROD: 1097 个缺口没有缩小,无需更新。
2024-12-24 08:53:02,624 - INFO - PROD: PROD: 0 个缺口已填满。
2024-12-24 08:53:02,624 - INFO - PROD: PROD: 0 个缺口缩小。
2024-12-24 08:53:06,993 - INFO - PROD: 更新 1097 个无需变化的缺口
2024-12-24 08:53:06,996 - INFO - PROD: 现有缺口更新完成。
2024-12-24 08:53:06,997 - INFO - PROD: 开始检测新缺口...
2024-12-24 08:53:07,018 - INFO - PROD: 读取到 5677 个股票代码
2024-12-24 08:53:25,643 - INFO - PROD: 
PROD: 发现 103 个缺口，但都已存在于数据库中
2024-12-24 08:53:25,643 - INFO - PROD: 程序运行结束

2024-12-24 21:52:58,573 - INFO - PROD: 当前时间 21:52 晚于收盘时间 16:00，将 2024-12-24 视为处理日期。
2024-12-24 21:52:58,573 - INFO - PROD: 开始运行缺口检测程序 - 环境: PROD, 交易日期: 2024-12-24
2024-12-24 21:52:58,649 - INFO - PROD: 开始更新现有缺口...
2024-12-24 21:52:59,513 - INFO - PROD: 共有 1097 个未填满的缺口需要更新。
2024-12-24 21:52:59,514 - INFO - PROD: PROD: 0 个股票无今日数据,仅更新时间戳。
2024-12-24 21:52:59,515 - INFO - PROD: PROD: 1076 个缺口没有缩小,无需更新。
2024-12-24 21:52:59,515 - INFO - PROD: PROD: 13 个缺口已填满。
2024-12-24 21:52:59,515 - INFO - PROD: PROD: 8 个缺口缩小。
2024-12-24 21:53:03,930 - INFO - PROD: 更新 1076 个无需变化的缺口
2024-12-24 21:53:03,989 - INFO - PROD: 更新 13 个已填满的缺口
2024-12-24 21:53:04,024 - INFO - PROD: 更新 8 个减小的缺口
2024-12-24 21:53:04,028 - INFO - PROD: 现有缺口更新完成。
2024-12-24 21:53:04,029 - INFO - PROD: 开始检测新缺口...
2024-12-24 21:53:04,051 - INFO - PROD: 读取到 5677 个股票代码
2024-12-24 21:53:34,518 - INFO - PROD: 
PROD: 共发现 98 个缺口，其中 98 个为新缺口
2024-12-24 21:53:34,519 - INFO - PROD: 程序运行结束

2024-12-25 16:02:56,430 - INFO - PROD: 当前时间 16:02 晚于收盘时间 15:30，将 2024-12-25 视为处理日期。
2024-12-25 16:02:56,431 - INFO - PROD: 开始运行缺口检测程序 - 环境: PROD, 交易日期: 2024-12-25
2024-12-25 16:02:56,459 - INFO - PROD: 开始更新现有缺口...
2024-12-25 16:02:57,206 - INFO - PROD: 共有 1182 个未填满的缺口需要更新。
2024-12-25 16:02:57,206 - INFO - PROD: PROD: 1 个股票无今日数据,仅更新时间戳。
2024-12-25 16:02:57,207 - INFO - PROD: PROD: 1154 个缺口没有缩小,无需更新。
2024-12-25 16:02:57,207 - INFO - PROD: PROD: 17 个缺口已填满。
2024-12-25 16:02:57,208 - INFO - PROD: PROD: 10 个缺口缩小。
2024-12-25 16:02:57,215 - INFO - PROD: 更新 1 个无数据股票的时间戳
2024-12-25 16:03:01,899 - INFO - PROD: 更新 1154 个无需变化的缺口
2024-12-25 16:03:01,970 - INFO - PROD: 更新 17 个已填满的缺口
2024-12-25 16:03:02,014 - INFO - PROD: 更新 10 个减小的缺口
2024-12-25 16:03:02,015 - INFO - PROD: 现有缺口更新完成。
2024-12-25 16:03:02,016 - INFO - PROD: 开始检测新缺口...
2024-12-25 16:03:02,037 - INFO - PROD: 读取到 5677 个股票代码
2024-12-25 16:03:32,151 - INFO - PROD: 
PROD: 共发现 40 个缺口，其中 40 个为新缺口
2024-12-25 16:03:32,151 - INFO - PROD: 程序运行结束

2024-12-26 21:59:12,020 - INFO - PROD: 当前时间 21:59 晚于收盘时间 15:30，将 2024-12-26 视为处理日期。
2024-12-26 21:59:12,020 - INFO - PROD: 开始运行缺口检测程序 - 环境: PROD, 交易日期: 2024-12-26
2024-12-26 21:59:12,086 - INFO - PROD: 开始更新现有缺口...
2024-12-26 21:59:12,883 - INFO - PROD: 共有 1205 个未填满的缺口需要更新。
2024-12-26 21:59:12,884 - INFO - PROD: PROD: 3 个股票无今日数据,仅更新时间戳。
2024-12-26 21:59:12,884 - INFO - PROD: PROD: 1160 个缺口没有缩小,无需更新。
2024-12-26 21:59:12,884 - INFO - PROD: PROD: 25 个缺口已填满。
2024-12-26 21:59:12,885 - INFO - PROD: PROD: 17 个缺口缩小。
2024-12-26 21:59:12,905 - INFO - PROD: 更新 3 个无数据股票的时间戳
2024-12-26 21:59:17,682 - INFO - PROD: 更新 1160 个无需变化的缺口
2024-12-26 21:59:17,787 - INFO - PROD: 更新 25 个已填满的缺口
2024-12-26 21:59:17,858 - INFO - PROD: 更新 17 个减小的缺口
2024-12-26 21:59:17,860 - INFO - PROD: 现有缺口更新完成。
2024-12-26 21:59:17,861 - INFO - PROD: 开始检测新缺口...
2024-12-26 21:59:17,886 - INFO - PROD: 读取到 5679 个股票代码
2024-12-26 21:59:48,219 - INFO - PROD: 
PROD: 共发现 23 个缺口，其中 23 个为新缺口
2024-12-26 21:59:48,219 - INFO - PROD: 程序运行结束

2024-12-27 09:21:47,206 - INFO - PROD: 当前时间 09:21 早于收盘时间 15:30，将 2024-12-26 视为处理日期。
2024-12-27 09:21:47,207 - INFO - PROD: 开始运行缺口检测程序 - 环境: PROD, 交易日期: 2024-12-26
2024-12-27 09:21:47,233 - INFO - PROD: 开始更新现有缺口...
2024-12-27 09:21:48,031 - INFO - PROD: 共有 1203 个未填满的缺口需要更新。
2024-12-27 09:21:48,032 - INFO - PROD: PROD: 3 个股票无今日数据,仅更新时间戳。
2024-12-27 09:21:48,032 - INFO - PROD: PROD: 1200 个缺口没有缩小,无需更新。
2024-12-27 09:21:48,033 - INFO - PROD: PROD: 0 个缺口已填满。
2024-12-27 09:21:48,034 - INFO - PROD: PROD: 0 个缺口缩小。
2024-12-27 09:21:48,048 - INFO - PROD: 更新 3 个无数据股票的时间戳
2024-12-27 09:21:52,936 - INFO - PROD: 更新 1200 个无需变化的缺口
2024-12-27 09:21:52,938 - INFO - PROD: 现有缺口更新完成。
2024-12-27 09:21:52,938 - INFO - PROD: 开始检测新缺口...
2024-12-27 09:21:52,959 - INFO - PROD: 读取到 5679 个股票代码
2024-12-27 09:22:23,073 - INFO - PROD: 
PROD: 发现 23 个缺口，但都已存在于数据库中
2024-12-27 09:22:23,073 - INFO - PROD: 程序运行结束

2024-12-27 16:49:43,620 - INFO - PROD: 当前时间 16:49 晚于收盘时间 15:30，将 2024-12-27 视为处理日期。
2024-12-27 16:49:43,621 - INFO - PROD: 开始运行缺口检测程序 - 环境: PROD, 交易日期: 2024-12-27
2024-12-27 16:49:43,623 - INFO - PROD: 开始更新现有缺口...
2024-12-27 16:49:44,182 - INFO - PROD: 共有 1203 个未填满的缺口需要更新。
2024-12-27 16:49:44,183 - INFO - PROD: PROD: 3 个股票无今日数据,仅更新时间戳。
2024-12-27 16:49:44,183 - INFO - PROD: PROD: 1152 个缺口没有缩小,无需更新。
2024-12-27 16:49:44,183 - INFO - PROD: PROD: 29 个缺口已填满。
2024-12-27 16:49:44,184 - INFO - PROD: PROD: 19 个缺口缩小。
2024-12-27 16:49:44,199 - INFO - PROD: 更新 3 个无数据股票的时间戳
2024-12-27 16:49:48,843 - INFO - PROD: 更新 1152 个无需变化的缺口
2024-12-27 16:49:48,961 - INFO - PROD: 更新 29 个已填满的缺口
2024-12-27 16:49:49,040 - INFO - PROD: 更新 19 个减小的缺口
2024-12-27 16:49:49,042 - INFO - PROD: 现有缺口更新完成。
2024-12-27 16:49:49,043 - INFO - PROD: 开始检测新缺口...
2024-12-27 16:49:49,069 - INFO - PROD: 读取到 5679 个股票代码
2024-12-27 16:50:19,414 - INFO - PROD: 
PROD: 共发现 21 个缺口.
2024-12-27 16:50:19,415 - INFO - PROD: 程序运行结束

2024-12-27 16:51:35,598 - INFO - PROD: 当前时间 16:51 晚于收盘时间 15:30，将 2024-12-27 视为处理日期。
2024-12-27 16:51:35,598 - INFO - PROD: 开始运行缺口检测程序 - 环境: PROD, 交易日期: 2024-12-27
2024-12-27 16:51:35,616 - INFO - PROD: 开始更新现有缺口...
2024-12-27 16:51:36,248 - INFO - PROD: 共有 1195 个未填满的缺口需要更新。
2024-12-27 16:51:36,249 - INFO - PROD: PROD: 3 个股票无今日数据,仅更新时间戳。
2024-12-27 16:51:36,249 - INFO - PROD: PROD: 1192 个缺口没有缩小,无需更新。
2024-12-27 16:51:36,249 - INFO - PROD: PROD: 0 个缺口已填满。
2024-12-27 16:51:36,250 - INFO - PROD: PROD: 0 个缺口缩小。
2024-12-27 16:51:36,263 - INFO - PROD: 更新 3 个无数据股票的时间戳
2024-12-27 16:51:41,088 - INFO - PROD: 更新 1192 个无需变化的缺口
2024-12-27 16:51:41,089 - INFO - PROD: 现有缺口更新完成。
2024-12-27 16:51:41,089 - INFO - PROD: 开始检测新缺口...
2024-12-27 16:51:41,102 - INFO - PROD: 读取到 5679 个股票代码
2024-12-27 16:52:11,825 - INFO - PROD: 
PROD: 发现 21 个缺口，但都已存在于数据库中
2024-12-27 16:52:11,826 - INFO - PROD: 程序运行结束

2024-12-30 16:34:53,197 - INFO - PROD: 当前时间 16:34 晚于收盘时间 15:30，将 2024-12-30 视为处理日期。
2024-12-30 16:34:53,198 - INFO - PROD: 开始运行缺口检测程序 - 环境: PROD, 交易日期: 2024-12-30
2024-12-30 16:34:53,201 - INFO - PROD: 开始更新现有缺口...
2024-12-30 16:34:53,767 - INFO - PROD: 共有 1195 个未填满的缺口需要更新。
2024-12-30 16:34:53,768 - INFO - PROD: PROD: 3 个股票无今日数据,仅更新时间戳。
2024-12-30 16:34:53,769 - INFO - PROD: PROD: 1172 个缺口没有缩小,无需更新。
2024-12-30 16:34:53,770 - INFO - PROD: PROD: 18 个缺口已填满。
2024-12-30 16:34:53,770 - INFO - PROD: PROD: 2 个缺口缩小。
2024-12-30 16:34:53,785 - INFO - PROD: 更新 3 个无数据股票的时间戳
2024-12-30 16:34:58,540 - INFO - PROD: 更新 1172 个无需变化的缺口
2024-12-30 16:34:58,614 - INFO - PROD: 更新 18 个已填满的缺口
2024-12-30 16:34:58,623 - INFO - PROD: 更新 2 个减小的缺口
2024-12-30 16:34:58,625 - INFO - PROD: 现有缺口更新完成。
2024-12-30 16:34:58,625 - INFO - PROD: 开始检测新缺口...
2024-12-30 16:34:58,648 - INFO - PROD: 读取到 5679 个股票代码
2024-12-30 16:35:29,096 - INFO - PROD: 
PROD: 共发现 121 个缺口.
2024-12-30 16:35:29,097 - INFO - PROD: 程序运行结束

2024-12-31 23:53:38,558 - INFO - PROD: 当前时间 23:53 晚于收盘时间 15:30，将 2024-12-31 视为处理日期。
2024-12-31 23:53:38,558 - INFO - PROD: 开始运行缺口检测程序 - 环境: PROD, 交易日期: 2024-12-31
2024-12-31 23:53:38,561 - INFO - PROD: 开始更新现有缺口...
2024-12-31 23:53:39,131 - INFO - PROD: 共有 1298 个未填满的缺口需要更新。
2024-12-31 23:53:39,131 - INFO - PROD: PROD: 3 个股票无今日数据,仅更新时间戳。
2024-12-31 23:53:39,132 - INFO - PROD: PROD: 1255 个缺口没有缩小,无需更新。
2024-12-31 23:53:39,133 - INFO - PROD: PROD: 25 个缺口已填满。
2024-12-31 23:53:39,133 - INFO - PROD: PROD: 15 个缺口缩小。
2024-12-31 23:53:39,147 - INFO - PROD: 更新 3 个无数据股票的时间戳
2024-12-31 23:53:44,262 - INFO - PROD: 更新 1255 个无需变化的缺口
2024-12-31 23:53:44,364 - INFO - PROD: 更新 25 个已填满的缺口
2024-12-31 23:53:44,427 - INFO - PROD: 更新 15 个减小的缺口
2024-12-31 23:53:44,428 - INFO - PROD: 现有缺口更新完成。
2024-12-31 23:53:44,428 - INFO - PROD: 开始检测新缺口...
2024-12-31 23:53:44,452 - INFO - PROD: 读取到 5679 个股票代码
2024-12-31 23:54:14,704 - INFO - PROD: 
PROD: 共发现 22 个缺口.
2024-12-31 23:54:14,704 - INFO - PROD: 程序运行结束

2025-01-03 11:50:46,191 - INFO - PROD: 当前时间 11:50 早于收盘时间 15:30，将 2025-01-02 视为处理日期。
2025-01-03 11:50:46,192 - INFO - PROD: 开始运行缺口检测程序 - 环境: PROD, 交易日期: 2025-01-02
2025-01-03 11:50:46,206 - INFO - PROD: 开始更新现有缺口...
2025-01-03 11:50:47,328 - INFO - PROD: 共有 2586 个未填满的缺口需要更新。
2025-01-03 11:50:47,328 - INFO - PROD: PROD: 4 个股票无今日数据,仅更新时间戳。
2025-01-03 11:50:47,329 - INFO - PROD: PROD: 2514 个缺口没有缩小,无需更新。
2025-01-03 11:50:47,330 - INFO - PROD: PROD: 50 个缺口已填满。
2025-01-03 11:50:47,331 - INFO - PROD: PROD: 18 个缺口缩小。
2025-01-03 11:50:47,351 - INFO - PROD: 更新 4 个无数据股票的时间戳
2025-01-03 11:50:57,828 - INFO - PROD: 更新 2514 个无需变化的缺口
2025-01-03 11:50:58,033 - INFO - PROD: 更新 50 个已填满的缺口
2025-01-03 11:50:58,108 - INFO - PROD: 更新 18 个减小的缺口
2025-01-03 11:50:58,111 - INFO - PROD: 现有缺口更新完成。
2025-01-03 11:50:58,112 - INFO - PROD: 开始检测新缺口...
2025-01-03 11:50:58,133 - INFO - PROD: 读取到 5679 个股票代码
2025-01-03 11:51:29,816 - INFO - PROD: 
PROD: 共发现 284 个缺口.
2025-01-03 11:51:29,817 - INFO - PROD: 程序运行结束

2025-01-03 16:30:19,066 - INFO - PROD: 当前时间 16:30 晚于收盘时间 15:30，将 2025-01-03 视为处理日期。
2025-01-03 16:30:19,066 - INFO - PROD: 开始运行缺口检测程序 - 环境: PROD, 交易日期: 2025-01-03
2025-01-03 16:30:19,077 - INFO - PROD: 开始更新现有缺口...
2025-01-03 16:30:19,690 - INFO - PROD: 共有 1554 个未填满的缺口需要更新。
2025-01-03 16:30:19,691 - INFO - PROD: PROD: 3 个股票无今日数据,仅更新时间戳。
2025-01-03 16:30:19,691 - INFO - PROD: PROD: 1527 个缺口没有缩小,无需更新。
2025-01-03 16:30:19,691 - INFO - PROD: PROD: 15 个缺口已填满。
2025-01-03 16:30:19,692 - INFO - PROD: PROD: 9 个缺口缩小。
2025-01-03 16:30:19,708 - INFO - PROD: 更新 3 个无数据股票的时间戳
2025-01-03 16:30:26,245 - INFO - PROD: 更新 1527 个无需变化的缺口
2025-01-03 16:30:26,312 - INFO - PROD: 更新 15 个已填满的缺口
2025-01-03 16:30:26,352 - INFO - PROD: 更新 9 个减小的缺口
2025-01-03 16:30:26,354 - INFO - PROD: 现有缺口更新完成。
2025-01-03 16:30:26,355 - INFO - PROD: 开始检测新缺口...
2025-01-03 16:30:26,381 - INFO - PROD: 读取到 5682 个股票代码
2025-01-03 16:30:59,819 - INFO - PROD: 
PROD: 共发现 32 个缺口.
2025-01-03 16:30:59,821 - INFO - PROD: 程序运行结束

2025-01-06 15:48:44,659 - INFO - PROD: 当前时间 15:48 晚于收盘时间 15:30，将 2025-01-06 视为处理日期。
2025-01-06 15:48:44,660 - INFO - PROD: 开始运行缺口检测程序 - 环境: PROD, 交易日期: 2025-01-06
2025-01-06 15:48:44,663 - INFO - PROD: 开始更新现有缺口...
2025-01-06 15:48:45,242 - INFO - PROD: 共有 1571 个未填满的缺口需要更新。
2025-01-06 15:48:45,242 - INFO - PROD: PROD: 17 个股票无今日数据,仅更新时间戳。
2025-01-06 15:48:45,243 - INFO - PROD: PROD: 1543 个缺口没有缩小,无需更新。
2025-01-06 15:48:45,244 - INFO - PROD: PROD: 5 个缺口已填满。
2025-01-06 15:48:45,245 - INFO - PROD: PROD: 6 个缺口缩小。
2025-01-06 15:48:45,321 - INFO - PROD: 更新 17 个无数据股票的时间戳
2025-01-06 15:48:51,710 - INFO - PROD: 更新 1543 个无需变化的缺口
2025-01-06 15:48:51,733 - INFO - PROD: 更新 5 个已填满的缺口
2025-01-06 15:48:51,760 - INFO - PROD: 更新 6 个减小的缺口
2025-01-06 15:48:51,761 - INFO - PROD: 现有缺口更新完成。
2025-01-06 15:48:51,762 - INFO - PROD: 开始检测新缺口...
2025-01-06 15:48:51,779 - INFO - PROD: 读取到 5682 个股票代码
2025-01-06 15:49:22,788 - INFO - PROD: 
PROD: 共发现 204 个缺口.
2025-01-06 15:49:22,789 - INFO - PROD: 程序运行结束

2025-01-07 20:39:45,773 - INFO - PROD: 当前时间 20:39 晚于收盘时间 15:30，将 2025-01-07 视为处理日期。
2025-01-07 20:39:45,774 - INFO - PROD: 开始运行缺口检测程序 - 环境: PROD, 交易日期: 2025-01-07
2025-01-07 20:39:45,788 - INFO - PROD: 开始更新现有缺口...
2025-01-07 20:39:46,608 - INFO - PROD: 共有 1770 个未填满的缺口需要更新。
2025-01-07 20:39:46,608 - INFO - PROD: PROD: 13 个股票无今日数据,仅更新时间戳。
2025-01-07 20:39:46,609 - INFO - PROD: PROD: 1699 个缺口没有缩小,无需更新。
2025-01-07 20:39:46,609 - INFO - PROD: PROD: 37 个缺口已填满。
2025-01-07 20:39:46,610 - INFO - PROD: PROD: 21 个缺口缩小。
2025-01-07 20:39:46,673 - INFO - PROD: 更新 13 个无数据股票的时间戳
2025-01-07 20:39:54,261 - INFO - PROD: 更新 1699 个无需变化的缺口
2025-01-07 20:39:54,428 - INFO - PROD: 更新 37 个已填满的缺口
2025-01-07 20:39:54,520 - INFO - PROD: 更新 21 个减小的缺口
2025-01-07 20:39:54,523 - INFO - PROD: 现有缺口更新完成。
2025-01-07 20:39:54,524 - INFO - PROD: 开始检测新缺口...
2025-01-07 20:39:54,549 - INFO - PROD: 读取到 5682 个股票代码
2025-01-07 20:40:25,662 - INFO - PROD: 
PROD: 共发现 36 个缺口.
2025-01-07 20:40:25,663 - INFO - PROD: 程序运行结束

2025-01-08 16:40:57,019 - INFO - PROD: 当前时间 16:40 晚于收盘时间 15:30，将 2025-01-08 视为处理日期。
2025-01-08 16:40:57,020 - INFO - PROD: 开始运行缺口检测程序 - 环境: PROD, 交易日期: 2025-01-08
2025-01-08 16:40:57,022 - INFO - PROD: 开始更新现有缺口...
2025-01-08 16:40:57,605 - INFO - PROD: 共有 1769 个未填满的缺口需要更新。
2025-01-08 16:40:57,605 - INFO - PROD: PROD: 13 个股票无今日数据,仅更新时间戳。
2025-01-08 16:40:57,606 - INFO - PROD: PROD: 1675 个缺口没有缩小,无需更新。
2025-01-08 16:40:57,607 - INFO - PROD: PROD: 52 个缺口已填满。
2025-01-08 16:40:57,607 - INFO - PROD: PROD: 29 个缺口缩小。
2025-01-08 16:40:57,667 - INFO - PROD: 更新 13 个无数据股票的时间戳
2025-01-08 16:41:04,706 - INFO - PROD: 更新 1675 个无需变化的缺口
2025-01-08 16:41:04,927 - INFO - PROD: 更新 52 个已填满的缺口
2025-01-08 16:41:05,052 - INFO - PROD: 更新 29 个减小的缺口
2025-01-08 16:41:05,053 - INFO - PROD: 现有缺口更新完成。
2025-01-08 16:41:05,054 - INFO - PROD: 开始检测新缺口...
2025-01-08 16:41:05,078 - INFO - PROD: 读取到 5684 个股票代码
2025-01-08 16:41:36,079 - INFO - PROD: 
PROD: 共发现 11 个缺口.
2025-01-08 16:41:36,080 - INFO - PROD: 程序运行结束

2025-01-09 22:07:22,045 - INFO - PROD: 当前时间 22:07 晚于收盘时间 15:30，将 2025-01-09 视为处理日期。
2025-01-09 22:07:22,046 - INFO - PROD: 开始运行缺口检测程序 - 环境: PROD, 交易日期: 2025-01-09
2025-01-09 22:07:22,048 - INFO - PROD: 开始更新现有缺口...
2025-01-09 22:07:22,630 - INFO - PROD: 共有 1728 个未填满的缺口需要更新。
2025-01-09 22:07:22,630 - INFO - PROD: PROD: 13 个股票无今日数据,仅更新时间戳。
2025-01-09 22:07:22,631 - INFO - PROD: PROD: 1643 个缺口没有缩小,无需更新。
2025-01-09 22:07:22,632 - INFO - PROD: PROD: 48 个缺口已填满。
2025-01-09 22:07:22,633 - INFO - PROD: PROD: 24 个缺口缩小。
2025-01-09 22:07:22,692 - INFO - PROD: 更新 13 个无数据股票的时间戳
2025-01-09 22:07:29,648 - INFO - PROD: 更新 1643 个无需变化的缺口
2025-01-09 22:07:29,855 - INFO - PROD: 更新 48 个已填满的缺口
2025-01-09 22:07:29,959 - INFO - PROD: 更新 24 个减小的缺口
2025-01-09 22:07:29,961 - INFO - PROD: 现有缺口更新完成。
2025-01-09 22:07:29,962 - INFO - PROD: 开始检测新缺口...
2025-01-09 22:07:29,984 - INFO - PROD: 读取到 5684 个股票代码
2025-01-09 22:08:01,217 - INFO - PROD: 
PROD: 共发现 13 个缺口.
2025-01-09 22:08:01,217 - INFO - PROD: 程序运行结束

2025-01-10 21:43:52,566 - INFO - PROD: 当前时间 21:43 晚于收盘时间 15:30，将 2025-01-10 视为处理日期。
2025-01-10 21:43:52,566 - INFO - PROD: 开始运行缺口检测程序 - 环境: PROD, 交易日期: 2025-01-10
2025-01-10 21:43:52,569 - INFO - PROD: 开始更新现有缺口...
2025-01-10 21:43:53,154 - INFO - PROD: 共有 1693 个未填满的缺口需要更新。
2025-01-10 21:43:53,155 - INFO - PROD: PROD: 13 个股票无今日数据,仅更新时间戳。
2025-01-10 21:43:53,156 - INFO - PROD: PROD: 1635 个缺口没有缩小,无需更新。
2025-01-10 21:43:53,156 - INFO - PROD: PROD: 33 个缺口已填满。
2025-01-10 21:43:53,157 - INFO - PROD: PROD: 12 个缺口缩小。
2025-01-10 21:43:53,216 - INFO - PROD: 更新 13 个无数据股票的时间戳
2025-01-10 21:44:00,130 - INFO - PROD: 更新 1635 个无需变化的缺口
2025-01-10 21:44:00,273 - INFO - PROD: 更新 33 个已填满的缺口
2025-01-10 21:44:00,326 - INFO - PROD: 更新 12 个减小的缺口
2025-01-10 21:44:00,328 - INFO - PROD: 现有缺口更新完成。
2025-01-10 21:44:00,328 - INFO - PROD: 开始检测新缺口...
2025-01-10 21:44:00,350 - INFO - PROD: 读取到 5684 个股票代码
2025-01-10 21:44:32,262 - INFO - PROD: 
PROD: 共发现 47 个缺口.
2025-01-10 21:44:32,263 - INFO - PROD: 程序运行结束

2025-01-13 20:37:17,051 - INFO - PROD: 当前时间 20:37 晚于收盘时间 15:30，将 2025-01-13 视为处理日期。
2025-01-13 20:37:17,052 - INFO - PROD: 开始运行缺口检测程序 - 环境: PROD, 交易日期: 2025-01-13
2025-01-13 20:37:17,055 - INFO - PROD: 开始更新现有缺口...
2025-01-13 20:37:17,657 - INFO - PROD: 共有 1707 个未填满的缺口需要更新。
2025-01-13 20:37:17,658 - INFO - PROD: PROD: 27 个股票无今日数据,仅更新时间戳。
2025-01-13 20:37:17,659 - INFO - PROD: PROD: 1658 个缺口没有缩小,无需更新。
2025-01-13 20:37:17,659 - INFO - PROD: PROD: 11 个缺口已填满。
2025-01-13 20:37:17,660 - INFO - PROD: PROD: 11 个缺口缩小。
2025-01-13 20:37:17,786 - INFO - PROD: 更新 27 个无数据股票的时间戳
2025-01-13 20:37:24,881 - INFO - PROD: 更新 1658 个无需变化的缺口
2025-01-13 20:37:24,931 - INFO - PROD: 更新 11 个已填满的缺口
2025-01-13 20:37:24,979 - INFO - PROD: 更新 11 个减小的缺口
2025-01-13 20:37:24,982 - INFO - PROD: 现有缺口更新完成。
2025-01-13 20:37:24,982 - INFO - PROD: 开始检测新缺口...
2025-01-13 20:37:25,005 - INFO - PROD: 读取到 5684 个股票代码
2025-01-13 20:37:56,257 - INFO - PROD: 
PROD: 共发现 531 个缺口.
2025-01-13 20:37:56,258 - INFO - PROD: 程序运行结束

2025-01-14 17:54:37,584 - INFO - PROD: 当前时间 17:54 晚于收盘时间 15:30，将 2025-01-14 视为处理日期。
2025-01-14 17:54:37,585 - INFO - PROD: 开始运行缺口检测程序 - 环境: PROD, 交易日期: 2025-01-14
2025-01-14 17:54:37,588 - INFO - PROD: 开始更新现有缺口...
2025-01-14 17:54:38,182 - INFO - PROD: 共有 2227 个未填满的缺口需要更新。
2025-01-14 17:54:38,182 - INFO - PROD: PROD: 28 个股票无今日数据,仅更新时间戳。
2025-01-14 17:54:38,183 - INFO - PROD: PROD: 1642 个缺口没有缩小,无需更新。
2025-01-14 17:54:38,184 - INFO - PROD: PROD: 501 个缺口已填满。
2025-01-14 17:54:38,185 - INFO - PROD: PROD: 56 个缺口缩小。
2025-01-14 17:54:38,316 - INFO - PROD: 更新 28 个无数据股票的时间戳
2025-01-14 17:54:45,771 - INFO - PROD: 更新 1642 个无需变化的缺口
2025-01-14 17:54:48,026 - INFO - PROD: 更新 501 个已填满的缺口
2025-01-14 17:54:48,276 - INFO - PROD: 更新 56 个减小的缺口
2025-01-14 17:54:48,279 - INFO - PROD: 现有缺口更新完成。
2025-01-14 17:54:48,280 - INFO - PROD: 开始检测新缺口...
2025-01-14 17:54:48,303 - INFO - PROD: 读取到 5684 个股票代码
2025-01-14 17:55:20,684 - INFO - PROD: 
PROD: 共发现 2 个缺口.
2025-01-14 17:55:20,687 - INFO - PROD: 程序运行结束

2025-01-15 21:16:19,962 - INFO - PROD: 当前时间 21:16 晚于收盘时间 15:30，将 2025-01-15 视为处理日期。
2025-01-15 21:16:19,962 - INFO - PROD: 开始运行缺口检测程序 - 环境: PROD, 交易日期: 2025-01-15
2025-01-15 21:16:19,966 - INFO - PROD: 开始更新现有缺口...
2025-01-15 21:16:20,556 - INFO - PROD: 共有 1728 个未填满的缺口需要更新。
2025-01-15 21:16:20,557 - INFO - PROD: PROD: 28 个股票无今日数据,仅更新时间戳。
2025-01-15 21:16:20,557 - INFO - PROD: PROD: 1612 个缺口没有缩小,无需更新。
2025-01-15 21:16:20,558 - INFO - PROD: PROD: 52 个缺口已填满。
2025-01-15 21:16:20,558 - INFO - PROD: PROD: 36 个缺口缩小。
2025-01-15 21:16:20,690 - INFO - PROD: 更新 28 个无数据股票的时间戳
2025-01-15 21:16:27,980 - INFO - PROD: 更新 1612 个无需变化的缺口
2025-01-15 21:16:28,214 - INFO - PROD: 更新 52 个已填满的缺口
2025-01-15 21:16:28,376 - INFO - PROD: 更新 36 个减小的缺口
2025-01-15 21:16:28,379 - INFO - PROD: 现有缺口更新完成。
2025-01-15 21:16:28,379 - INFO - PROD: 开始检测新缺口...
2025-01-15 21:16:28,405 - INFO - PROD: 读取到 5684 个股票代码
2025-01-15 21:16:59,564 - INFO - PROD: 
PROD: 共发现 3 个缺口.
2025-01-15 21:16:59,565 - INFO - PROD: 程序运行结束

2025-01-16 19:10:07,264 - INFO - PROD: 当前时间 19:10 晚于收盘时间 15:30，将 2025-01-16 视为处理日期。
2025-01-16 19:10:07,265 - INFO - PROD: 开始运行缺口检测程序 - 环境: PROD, 交易日期: 2025-01-16
2025-01-16 19:10:07,268 - INFO - PROD: 开始更新现有缺口...
2025-01-16 19:10:07,854 - INFO - PROD: 共有 1679 个未填满的缺口需要更新。
2025-01-16 19:10:07,855 - INFO - PROD: PROD: 26 个股票无今日数据,仅更新时间戳。
2025-01-16 19:10:07,856 - INFO - PROD: PROD: 1567 个缺口没有缩小,无需更新。
2025-01-16 19:10:07,857 - INFO - PROD: PROD: 55 个缺口已填满。
2025-01-16 19:10:07,857 - INFO - PROD: PROD: 31 个缺口缩小。
2025-01-16 19:10:07,979 - INFO - PROD: 更新 26 个无数据股票的时间戳
2025-01-16 19:10:14,864 - INFO - PROD: 更新 1567 个无需变化的缺口
2025-01-16 19:10:15,108 - INFO - PROD: 更新 55 个已填满的缺口
2025-01-16 19:10:15,246 - INFO - PROD: 更新 31 个减小的缺口
2025-01-16 19:10:15,248 - INFO - PROD: 现有缺口更新完成。
2025-01-16 19:10:15,248 - INFO - PROD: 开始检测新缺口...
2025-01-16 19:10:15,269 - INFO - PROD: 读取到 5685 个股票代码
2025-01-16 19:10:46,941 - INFO - PROD: 
PROD: 共发现 4 个缺口.
2025-01-16 19:10:46,941 - INFO - PROD: 程序运行结束

2025-01-17 20:13:05,137 - INFO - PROD: 当前时间 20:13 晚于收盘时间 15:30，将 2025-01-17 视为处理日期。
2025-01-17 20:13:05,148 - INFO - PROD: 开始运行缺口检测程序 - 环境: PROD, 交易日期: 2025-01-17
2025-01-17 20:13:05,152 - INFO - PROD: 开始更新现有缺口...
2025-01-17 20:13:05,744 - INFO - PROD: 共有 1628 个未填满的缺口需要更新。
2025-01-17 20:13:05,745 - INFO - PROD: PROD: 42 个股票无今日数据,仅更新时间戳。
2025-01-17 20:13:05,746 - INFO - PROD: PROD: 1545 个缺口没有缩小,无需更新。
2025-01-17 20:13:05,746 - INFO - PROD: PROD: 32 个缺口已填满。
2025-01-17 20:13:05,747 - INFO - PROD: PROD: 9 个缺口缩小。
2025-01-17 20:13:05,944 - INFO - PROD: 更新 42 个无数据股票的时间戳
2025-01-17 20:13:12,707 - INFO - PROD: 更新 1545 个无需变化的缺口
2025-01-17 20:13:12,851 - INFO - PROD: 更新 32 个已填满的缺口
2025-01-17 20:13:12,893 - INFO - PROD: 更新 9 个减小的缺口
2025-01-17 20:13:12,895 - INFO - PROD: 现有缺口更新完成。
2025-01-17 20:13:12,895 - INFO - PROD: 开始检测新缺口...
2025-01-17 20:13:12,915 - INFO - PROD: 读取到 5685 个股票代码
2025-01-17 20:13:44,687 - INFO - PROD: 
PROD: 共发现 30 个缺口.
2025-01-17 20:13:44,689 - INFO - PROD: 程序运行结束

2025-01-20 16:39:17,248 - INFO - PROD: 当前时间 16:39 晚于收盘时间 15:30，将 2025-01-20 视为处理日期。
2025-01-20 16:39:17,248 - INFO - PROD: 开始运行缺口检测程序 - 环境: PROD, 交易日期: 2025-01-20
2025-01-20 16:39:17,251 - INFO - PROD: 开始更新现有缺口...
2025-01-20 16:39:17,837 - INFO - PROD: 共有 1626 个未填满的缺口需要更新。
2025-01-20 16:39:17,838 - INFO - PROD: PROD: 42 个股票无今日数据,仅更新时间戳。
2025-01-20 16:39:17,838 - INFO - PROD: PROD: 1526 个缺口没有缩小,无需更新。
2025-01-20 16:39:17,838 - INFO - PROD: PROD: 41 个缺口已填满。
2025-01-20 16:39:17,839 - INFO - PROD: PROD: 17 个缺口缩小。
2025-01-20 16:39:18,033 - INFO - PROD: 更新 42 个无数据股票的时间戳
2025-01-20 16:39:24,719 - INFO - PROD: 更新 1526 个无需变化的缺口
2025-01-20 16:39:24,900 - INFO - PROD: 更新 41 个已填满的缺口
2025-01-20 16:39:24,977 - INFO - PROD: 更新 17 个减小的缺口
2025-01-20 16:39:24,979 - INFO - PROD: 现有缺口更新完成。
2025-01-20 16:39:24,979 - INFO - PROD: 开始检测新缺口...
2025-01-20 16:39:25,002 - INFO - PROD: 读取到 5685 个股票代码
2025-01-20 16:39:57,030 - INFO - PROD: 
PROD: 共发现 55 个缺口.
2025-01-20 16:39:57,031 - INFO - PROD: 程序运行结束

2025-01-21 20:13:43,097 - INFO - PROD: 当前时间 20:13 晚于收盘时间 15:30，将 2025-01-21 视为处理日期。
2025-01-21 20:13:43,099 - INFO - PROD: 开始运行缺口检测程序 - 环境: PROD, 交易日期: 2025-01-21
2025-01-21 20:13:43,107 - INFO - PROD: 开始更新现有缺口...
2025-01-21 20:13:43,761 - INFO - PROD: 共有 1640 个未填满的缺口需要更新。
2025-01-21 20:13:43,761 - INFO - PROD: PROD: 42 个股票无今日数据,仅更新时间戳。
2025-01-21 20:13:43,762 - INFO - PROD: PROD: 1552 个缺口没有缩小,无需更新。
2025-01-21 20:13:43,762 - INFO - PROD: PROD: 25 个缺口已填满。
2025-01-21 20:13:43,762 - INFO - PROD: PROD: 21 个缺口缩小。
2025-01-21 20:13:43,972 - INFO - PROD: 更新 42 个无数据股票的时间戳
2025-01-21 20:13:51,509 - INFO - PROD: 更新 1552 个无需变化的缺口
2025-01-21 20:13:51,630 - INFO - PROD: 更新 25 个已填满的缺口
2025-01-21 20:13:51,731 - INFO - PROD: 更新 21 个减小的缺口
2025-01-21 20:13:51,733 - INFO - PROD: 现有缺口更新完成。
2025-01-21 20:13:51,733 - INFO - PROD: 开始检测新缺口...
2025-01-21 20:13:51,751 - INFO - PROD: 读取到 5685 个股票代码
2025-01-21 20:14:26,711 - INFO - PROD: 
PROD: 共发现 50 个缺口.
2025-01-21 20:14:26,712 - INFO - PROD: 程序运行结束

2025-01-22 15:38:58,688 - INFO - PROD: 当前时间 15:38 晚于收盘时间 15:30，将 2025-01-22 视为处理日期。
2025-01-22 15:38:58,689 - INFO - PROD: 开始运行缺口检测程序 - 环境: PROD, 交易日期: 2025-01-22
2025-01-22 15:38:58,692 - INFO - PROD: 开始更新现有缺口...
2025-01-22 15:38:59,362 - INFO - PROD: 共有 1665 个未填满的缺口需要更新。
2025-01-22 15:38:59,362 - INFO - PROD: PROD: 42 个股票无今日数据,仅更新时间戳。
2025-01-22 15:38:59,362 - INFO - PROD: PROD: 1588 个缺口没有缩小,无需更新。
2025-01-22 15:38:59,363 - INFO - PROD: PROD: 23 个缺口已填满。
2025-01-22 15:38:59,363 - INFO - PROD: PROD: 12 个缺口缩小。
2025-01-22 15:38:59,585 - INFO - PROD: 更新 42 个无数据股票的时间戳
2025-01-22 15:39:07,796 - INFO - PROD: 更新 1588 个无需变化的缺口
2025-01-22 15:39:07,917 - INFO - PROD: 更新 23 个已填满的缺口
2025-01-22 15:39:07,982 - INFO - PROD: 更新 12 个减小的缺口
2025-01-22 15:39:07,984 - INFO - PROD: 现有缺口更新完成。
2025-01-22 15:39:07,985 - INFO - PROD: 开始检测新缺口...
2025-01-22 15:39:08,004 - INFO - PROD: 读取到 5685 个股票代码
2025-01-22 15:39:44,694 - INFO - PROD: 
PROD: 共发现 121 个缺口.
2025-01-22 15:39:44,694 - INFO - PROD: 程序运行结束

2025-01-23 16:13:22,269 - INFO - PROD: 当前时间 16:13 晚于收盘时间 15:30，将 2025-01-23 视为处理日期。
2025-01-23 16:13:22,270 - INFO - PROD: 开始运行缺口检测程序 - 环境: PROD, 交易日期: 2025-01-23
2025-01-23 16:13:22,279 - INFO - PROD: 开始更新现有缺口...
2025-01-23 16:13:23,043 - INFO - PROD: 共有 1763 个未填满的缺口需要更新。
2025-01-23 16:13:23,044 - INFO - PROD: PROD: 42 个股票无今日数据,仅更新时间戳。
2025-01-23 16:13:23,045 - INFO - PROD: PROD: 1594 个缺口没有缩小,无需更新。
2025-01-23 16:13:23,045 - INFO - PROD: PROD: 95 个缺口已填满。
2025-01-23 16:13:23,046 - INFO - PROD: PROD: 32 个缺口缩小。
2025-01-23 16:13:23,267 - INFO - PROD: 更新 42 个无数据股票的时间戳
2025-01-23 16:13:31,766 - INFO - PROD: 更新 1594 个无需变化的缺口
2025-01-23 16:13:32,268 - INFO - PROD: 更新 95 个已填满的缺口
2025-01-23 16:13:32,435 - INFO - PROD: 更新 32 个减小的缺口
2025-01-23 16:13:32,436 - INFO - PROD: 现有缺口更新完成。
2025-01-23 16:13:32,437 - INFO - PROD: 开始检测新缺口...
2025-01-23 16:14:09,532 - INFO - PROD: 
PROD: 共发现 28 个缺口.
2025-01-23 16:14:09,534 - INFO - PROD: 程序运行结束

2025-01-24 16:07:17,004 - INFO - PROD: 当前时间 16:07 晚于收盘时间 15:30，将 2025-01-24 视为处理日期。
2025-01-24 16:07:17,005 - INFO - PROD: 开始运行缺口检测程序 - 环境: PROD, 交易日期: 2025-01-24
2025-01-24 16:07:17,017 - INFO - PROD: 开始更新现有缺口...
2025-01-24 16:07:17,685 - INFO - PROD: 共有 1696 个未填满的缺口需要更新。
2025-01-24 16:07:17,686 - INFO - PROD: PROD: 42 个股票无今日数据,仅更新时间戳。
2025-01-24 16:07:17,687 - INFO - PROD: PROD: 1627 个缺口没有缩小,无需更新。
2025-01-24 16:07:17,687 - INFO - PROD: PROD: 18 个缺口已填满。
2025-01-24 16:07:17,687 - INFO - PROD: PROD: 9 个缺口缩小。
2025-01-24 16:07:17,903 - INFO - PROD: 更新 42 个无数据股票的时间戳
2025-01-24 16:07:26,258 - INFO - PROD: 更新 1627 个无需变化的缺口
2025-01-24 16:07:26,356 - INFO - PROD: 更新 18 个已填满的缺口
2025-01-24 16:07:26,403 - INFO - PROD: 更新 9 个减小的缺口
2025-01-24 16:07:26,405 - INFO - PROD: 现有缺口更新完成。
2025-01-24 16:07:26,406 - INFO - PROD: 开始检测新缺口...
2025-01-24 16:08:01,990 - INFO - PROD: 
PROD: 共发现 117 个缺口.
2025-01-24 16:08:01,992 - INFO - PROD: 程序运行结束

2025-01-28 07:34:38,295 - INFO - PROD: 今天非工作日，将 2025-01-27 视为处理日期。
2025-01-28 07:34:38,295 - INFO - PROD: 开始运行缺口检测程序 - 环境: PROD, 交易日期: 2025-01-27
2025-01-28 07:34:38,307 - INFO - PROD: 开始更新现有缺口...
2025-01-28 07:34:38,974 - INFO - PROD: 共有 1795 个未填满的缺口需要更新。
2025-01-28 07:34:38,975 - INFO - PROD: PROD: 42 个股票无今日数据,仅更新时间戳。
2025-01-28 07:34:38,976 - INFO - PROD: PROD: 1651 个缺口没有缩小,无需更新。
2025-01-28 07:34:38,976 - INFO - PROD: PROD: 57 个缺口已填满。
2025-01-28 07:34:38,976 - INFO - PROD: PROD: 45 个缺口缩小。
2025-01-28 07:34:39,199 - INFO - PROD: 更新 42 个无数据股票的时间戳
2025-01-28 07:34:47,569 - INFO - PROD: 更新 1651 个无需变化的缺口
2025-01-28 07:34:47,848 - INFO - PROD: 更新 57 个已填满的缺口
2025-01-28 07:34:48,071 - INFO - PROD: 更新 45 个减小的缺口
2025-01-28 07:34:48,073 - INFO - PROD: 现有缺口更新完成。
2025-01-28 07:34:48,075 - INFO - PROD: 开始检测新缺口...
2025-01-28 07:35:23,145 - INFO - PROD: 
PROD: 共发现 83 个缺口.
2025-01-28 07:35:23,148 - INFO - PROD: 程序运行结束

2025-02-05 22:26:09,681 - INFO - PROD: 当前时间 22:26 晚于收盘时间 15:30，将 2025-02-05 视为处理日期。
2025-02-05 22:26:09,681 - INFO - PROD: 开始运行缺口检测程序 - 环境: PROD, 交易日期: 2025-02-05
2025-02-05 22:26:09,684 - INFO - PROD: 开始更新现有缺口...
2025-02-05 22:26:10,279 - INFO - PROD: 共有 1821 个未填满的缺口需要更新。
2025-02-05 22:26:10,280 - INFO - PROD: PROD: 41 个股票无今日数据,仅更新时间戳。
2025-02-05 22:26:10,281 - INFO - PROD: PROD: 1702 个缺口没有缩小,无需更新。
2025-02-05 22:26:10,282 - INFO - PROD: PROD: 43 个缺口已填满。
2025-02-05 22:26:10,283 - INFO - PROD: PROD: 35 个缺口缩小。
2025-02-05 22:26:10,479 - INFO - PROD: 更新 41 个无数据股票的时间戳
2025-02-05 22:26:18,262 - INFO - PROD: 更新 1702 个无需变化的缺口
2025-02-05 22:26:18,460 - INFO - PROD: 更新 43 个已填满的缺口
2025-02-05 22:26:18,623 - INFO - PROD: 更新 35 个减小的缺口
2025-02-05 22:26:18,626 - INFO - PROD: 现有缺口更新完成。
2025-02-05 22:26:18,627 - INFO - PROD: 开始检测新缺口...
2025-02-05 22:26:50,978 - INFO - PROD: 
PROD: 共发现 105 个缺口.
2025-02-05 22:26:50,978 - INFO - PROD: 程序运行结束

2025-02-06 22:14:39,136 - INFO - PROD: 当前时间 22:14 晚于收盘时间 15:30，将 2025-02-06 视为处理日期。
2025-02-06 22:14:39,137 - INFO - PROD: 开始运行缺口检测程序 - 环境: PROD, 交易日期: 2025-02-06
2025-02-06 22:14:39,140 - INFO - PROD: 开始更新现有缺口...
2025-02-06 22:14:39,744 - INFO - PROD: 共有 1883 个未填满的缺口需要更新。
2025-02-06 22:14:39,745 - INFO - PROD: PROD: 43 个股票无今日数据,仅更新时间戳。
2025-02-06 22:14:39,746 - INFO - PROD: PROD: 1690 个缺口没有缩小,无需更新。
2025-02-06 22:14:39,746 - INFO - PROD: PROD: 101 个缺口已填满。
2025-02-06 22:14:39,747 - INFO - PROD: PROD: 49 个缺口缩小。
2025-02-06 22:14:39,950 - INFO - PROD: 更新 43 个无数据股票的时间戳
2025-02-06 22:14:47,627 - INFO - PROD: 更新 1690 个无需变化的缺口
2025-02-06 22:14:48,091 - INFO - PROD: 更新 101 个已填满的缺口
2025-02-06 22:14:48,316 - INFO - PROD: 更新 49 个减小的缺口
2025-02-06 22:14:48,318 - INFO - PROD: 现有缺口更新完成。
2025-02-06 22:14:48,318 - INFO - PROD: 开始检测新缺口...
2025-02-06 22:15:20,601 - INFO - PROD: 
PROD: 共发现 16 个缺口.
2025-02-06 22:15:20,601 - INFO - PROD: 程序运行结束

2025-02-07 22:56:55,199 - INFO - PROD: 当前时间 22:56 晚于收盘时间 15:30，将 2025-02-07 视为处理日期。
2025-02-07 22:56:55,199 - INFO - PROD: 开始运行缺口检测程序 - 环境: PROD, 交易日期: 2025-02-07
2025-02-07 22:56:55,202 - INFO - PROD: 开始更新现有缺口...
2025-02-07 22:56:55,823 - INFO - PROD: 共有 1798 个未填满的缺口需要更新。
2025-02-07 22:56:55,824 - INFO - PROD: PROD: 40 个股票无今日数据,仅更新时间戳。
2025-02-07 22:56:55,825 - INFO - PROD: PROD: 1535 个缺口没有缩小,无需更新。
2025-02-07 22:56:55,826 - INFO - PROD: PROD: 131 个缺口已填满。
2025-02-07 22:56:55,826 - INFO - PROD: PROD: 92 个缺口缩小。
2025-02-07 22:56:56,017 - INFO - PROD: 更新 40 个无数据股票的时间戳
2025-02-07 22:57:03,056 - INFO - PROD: 更新 1535 个无需变化的缺口
2025-02-07 22:57:03,670 - INFO - PROD: 更新 131 个已填满的缺口
2025-02-07 22:57:04,094 - INFO - PROD: 更新 92 个减小的缺口
2025-02-07 22:57:04,096 - INFO - PROD: 现有缺口更新完成。
2025-02-07 22:57:04,096 - INFO - PROD: 开始检测新缺口...
2025-02-07 22:57:36,858 - INFO - PROD: 
PROD: 共发现 3 个缺口.
2025-02-07 22:57:36,859 - INFO - PROD: 程序运行结束

2025-02-10 16:39:25,533 - INFO - PROD: 当前时间 16:39 晚于收盘时间 15:30，将 2025-02-10 视为处理日期。
2025-02-10 16:39:25,533 - INFO - PROD: 开始运行缺口检测程序 - 环境: PROD, 交易日期: 2025-02-10
2025-02-10 16:39:25,547 - INFO - PROD: 开始更新现有缺口...
2025-02-10 16:39:26,213 - INFO - PROD: 共有 1670 个未填满的缺口需要更新。
2025-02-10 16:39:26,214 - INFO - PROD: PROD: 49 个股票无今日数据,仅更新时间戳。
2025-02-10 16:39:26,215 - INFO - PROD: PROD: 1456 个缺口没有缩小,无需更新。
2025-02-10 16:39:26,215 - INFO - PROD: PROD: 84 个缺口已填满。
2025-02-10 16:39:26,215 - INFO - PROD: PROD: 81 个缺口缩小。
2025-02-10 16:39:26,995 - INFO - PROD: 更新 49 个无数据股票的时间戳
2025-02-10 16:39:34,862 - INFO - PROD: 更新 1456 个无需变化的缺口
2025-02-10 16:39:35,259 - INFO - PROD: 更新 84 个已填满的缺口
2025-02-10 16:39:35,637 - INFO - PROD: 更新 81 个减小的缺口
2025-02-10 16:39:35,640 - INFO - PROD: 现有缺口更新完成。
2025-02-10 16:39:35,640 - INFO - PROD: 开始检测新缺口...
2025-02-10 16:40:08,628 - INFO - PROD: 
PROD: 共发现 8 个缺口.
2025-02-10 16:40:08,630 - INFO - PROD: 程序运行结束

2025-02-11 15:43:06,375 - INFO - PROD: 当前时间 15:43 晚于收盘时间 15:30，将 2025-02-11 视为处理日期。
2025-02-11 15:43:06,376 - INFO - PROD: 开始运行缺口检测程序 - 环境: PROD, 交易日期: 2025-02-11
2025-02-11 15:43:06,380 - INFO - PROD: 开始更新现有缺口...
2025-02-11 15:43:07,158 - INFO - PROD: 共有 1594 个未填满的缺口需要更新。
2025-02-11 15:43:07,160 - INFO - PROD: PROD: 49 个股票无今日数据,仅更新时间戳。
2025-02-11 15:43:07,161 - INFO - PROD: PROD: 1396 个缺口没有缩小,无需更新。
2025-02-11 15:43:07,161 - INFO - PROD: PROD: 81 个缺口已填满。
2025-02-11 15:43:07,162 - INFO - PROD: PROD: 68 个缺口缩小。
2025-02-11 15:43:07,454 - INFO - PROD: 更新 49 个无数据股票的时间戳
2025-02-11 15:43:14,933 - INFO - PROD: 更新 1396 个无需变化的缺口
2025-02-11 15:43:15,360 - INFO - PROD: 更新 81 个已填满的缺口
2025-02-11 15:43:15,710 - INFO - PROD: 更新 68 个减小的缺口
2025-02-11 15:43:15,712 - INFO - PROD: 现有缺口更新完成。
2025-02-11 15:43:15,713 - INFO - PROD: 开始检测新缺口...
2025-02-11 15:43:52,336 - INFO - PROD: 
PROD: 共发现 8 个缺口.
2025-02-11 15:43:52,339 - INFO - PROD: 程序运行结束

2025-02-12 16:12:12,151 - INFO - PROD: 当前时间 16:12 晚于收盘时间 15:30，将 2025-02-12 视为处理日期。
2025-02-12 16:12:12,152 - INFO - PROD: 开始运行缺口检测程序 - 环境: PROD, 交易日期: 2025-02-12
2025-02-12 16:12:12,156 - INFO - PROD: 开始更新现有缺口...
2025-02-12 16:12:12,772 - INFO - PROD: 共有 1521 个未填满的缺口需要更新。
2025-02-12 16:12:12,773 - INFO - PROD: PROD: 49 个股票无今日数据,仅更新时间戳。
2025-02-12 16:12:12,774 - INFO - PROD: PROD: 1383 个缺口没有缩小,无需更新。
2025-02-12 16:12:12,774 - INFO - PROD: PROD: 51 个缺口已填满。
2025-02-12 16:12:12,775 - INFO - PROD: PROD: 38 个缺口缩小。
2025-02-12 16:12:13,013 - INFO - PROD: 更新 49 个无数据股票的时间戳
2025-02-12 16:12:19,341 - INFO - PROD: 更新 1383 个无需变化的缺口
2025-02-12 16:12:19,577 - INFO - PROD: 更新 51 个已填满的缺口
2025-02-12 16:12:19,752 - INFO - PROD: 更新 38 个减小的缺口
2025-02-12 16:12:19,754 - INFO - PROD: 现有缺口更新完成。
2025-02-12 16:12:19,754 - INFO - PROD: 开始检测新缺口...
2025-02-12 16:12:52,744 - INFO - PROD: 
PROD: 共发现 20 个缺口.
2025-02-12 16:12:52,745 - INFO - PROD: 程序运行结束

2025-02-13 15:50:50,495 - INFO - PROD: 当前时间 15:50 晚于收盘时间 15:30，将 2025-02-13 视为处理日期。
2025-02-13 15:50:50,496 - INFO - PROD: 开始运行缺口检测程序 - 环境: PROD, 交易日期: 2025-02-13
2025-02-13 15:50:50,499 - INFO - PROD: 开始更新现有缺口...
2025-02-13 15:50:51,116 - INFO - PROD: 共有 1490 个未填满的缺口需要更新。
2025-02-13 15:50:51,117 - INFO - PROD: PROD: 49 个股票无今日数据,仅更新时间戳。
2025-02-13 15:50:51,118 - INFO - PROD: PROD: 1345 个缺口没有缩小,无需更新。
2025-02-13 15:50:51,119 - INFO - PROD: PROD: 60 个缺口已填满。
2025-02-13 15:50:51,120 - INFO - PROD: PROD: 36 个缺口缩小。
2025-02-13 15:50:51,359 - INFO - PROD: 更新 49 个无数据股票的时间戳
2025-02-13 15:50:57,575 - INFO - PROD: 更新 1345 个无需变化的缺口
2025-02-13 15:50:57,853 - INFO - PROD: 更新 60 个已填满的缺口
2025-02-13 15:50:58,021 - INFO - PROD: 更新 36 个减小的缺口
2025-02-13 15:50:58,022 - INFO - PROD: 现有缺口更新完成。
2025-02-13 15:50:58,023 - INFO - PROD: 开始检测新缺口...
2025-02-13 15:51:31,276 - INFO - PROD: 
PROD: 共发现 8 个缺口.
2025-02-13 15:51:31,277 - INFO - PROD: 程序运行结束

2025-02-14 16:03:05,235 - INFO - PROD: 当前时间 16:03 晚于收盘时间 15:30，将 2025-02-14 视为处理日期。
2025-02-14 16:03:05,236 - INFO - PROD: 开始运行缺口检测程序 - 环境: PROD, 交易日期: 2025-02-14
2025-02-14 16:03:05,253 - INFO - PROD: 开始更新现有缺口...
2025-02-14 16:03:05,889 - INFO - PROD: 共有 1438 个未填满的缺口需要更新。
2025-02-14 16:03:05,891 - INFO - PROD: PROD: 49 个股票无今日数据,仅更新时间戳。
2025-02-14 16:03:05,892 - INFO - PROD: PROD: 1358 个缺口没有缩小,无需更新。
2025-02-14 16:03:05,893 - INFO - PROD: PROD: 18 个缺口已填满。
2025-02-14 16:03:05,894 - INFO - PROD: PROD: 13 个缺口缩小。
2025-02-14 16:03:06,158 - INFO - PROD: 更新 49 个无数据股票的时间戳
2025-02-14 16:03:12,617 - INFO - PROD: 更新 1358 个无需变化的缺口
2025-02-14 16:03:12,714 - INFO - PROD: 更新 18 个已填满的缺口
2025-02-14 16:03:12,775 - INFO - PROD: 更新 13 个减小的缺口
2025-02-14 16:03:12,777 - INFO - PROD: 现有缺口更新完成。
2025-02-14 16:03:12,778 - INFO - PROD: 开始检测新缺口...
2025-02-14 16:03:46,033 - INFO - PROD: 
PROD: 共发现 54 个缺口.
2025-02-14 16:03:46,037 - INFO - PROD: 程序运行结束

