2024-12-20 16:36:25,143 - INFO - PROD: 开始执行 AK 程序序列
2024-12-20 16:36:25,143 - INFO - PROD: 开始执行 AK001
2024-12-20 16:36:25,143 - INFO - 已将 StkList_AK.csv 备份为 StkList_20241220_163625.csv
2024-12-20 16:36:25,917 - INFO - 获取到的股票数量：5676
2024-12-20 16:36:25,957 - INFO - 最新的股票列表已保存到 StkList_AK.csv 文件中
2024-12-20 16:36:25,977 - INFO - 没有发现可能退市的股票代码。
2024-12-20 16:36:25,978 - INFO - 可能是新上市的股票：
2024-12-20 16:36:25,978 - INFO - 688758, 301458
2024-12-20 16:36:25,978 - INFO - PROD: 开始执行 SubAK001 函数
2024-12-20 16:36:25,978 - INFO - PROD: 输入文件路径: StkList_AK.csv
2024-12-20 16:36:25,978 - INFO - PROD: 输出文件路径: FilterOut.csv
2024-12-20 16:36:26,002 - INFO - PROD: 筛选后行数：4905
2024-12-20 16:36:26,069 - INFO - SubAK001 脚本已成功运行，初次过滤: FilterOut.csv已生成。
2024-12-20 16:36:26,069 - INFO - PROD: AK001 执行成功
2024-12-20 16:36:26,069 - INFO - PROD: 开始执行 AK002
2024-12-20 16:36:26,071 - INFO - QA: 配置文件 'daily_update_table': 'Dec19' -> 'Dec20'.
QA: 配置文件 'last_update_date': '2024-12-19' -> '2024-12-20'.
2024-12-20 16:36:26,092 - INFO - 根据 Dec19 成功创建了表 Dec20。
2024-12-20 16:36:26,092 - INFO - PROD: AK002 执行成功
2024-12-20 16:36:26,092 - INFO - PROD: 开始执行 AK003
2024-12-20 16:36:27,661 - INFO - PROD: 数据已成功插入到 Dec20 表中。
2024-12-20 16:36:27,663 - INFO - PROD: AK003 执行成功
2024-12-20 16:36:27,663 - INFO - PROD: 开始执行 AK004
2024-12-20 16:36:27,692 - INFO - PROD: 数据已成功从 Dec20 --> StockMain
2024-12-20 16:36:27,692 - INFO - PROD: AK004 执行成功
2024-12-20 16:36:27,692 - INFO - PROD: 开始执行 AK005
2024-12-20 16:36:29,416 - INFO - QA: PROD: StkFilterPROD.StockMain 中，最近10天内的 'Latest' 标识符更新完成。
2024-12-20 16:36:29,416 - INFO - QA: PROD: 执行时间：1.72 秒
2024-12-20 16:36:29,416 - INFO - PROD: AK005 执行成功
2024-12-20 16:36:29,416 - INFO - PROD: 开始执行 AK006
2024-12-20 16:36:29,456 - INFO - QA: PROD: 成功读取到 4905 支股票代码。
2024-12-20 16:36:29,456 - INFO - QA: PROD: 清空目标表 MA...
2024-12-20 16:36:29,464 - INFO - QA: PROD: 目标表 MA 已清空。开始计算MA
2024-12-20 16:36:29,464 - INFO - QA: PROD: 开始处理第 1 批，共 1000 支股票。
2024-12-20 16:36:31,084 - INFO - QA: PROD: 返回数据行数：232286
2024-12-20 16:36:31,653 - INFO - QA: PROD: 插入完成，共插入 1000 条记录。
2024-12-20 16:36:31,653 - INFO - QA: PROD: 第 1 批处理完成，已插入结果。
2024-12-20 16:36:31,653 - INFO - QA: PROD: 开始处理第 2 批，共 1000 支股票。
2024-12-20 16:36:33,293 - INFO - QA: PROD: 返回数据行数：232265
2024-12-20 16:36:33,872 - INFO - QA: PROD: 插入完成，共插入 1000 条记录。
2024-12-20 16:36:33,872 - INFO - QA: PROD: 第 2 批处理完成，已插入结果。
2024-12-20 16:36:33,872 - INFO - QA: PROD: 开始处理第 3 批，共 1000 支股票。
2024-12-20 16:36:35,474 - INFO - QA: PROD: 返回数据行数：232125
2024-12-20 16:36:36,036 - INFO - QA: PROD: 插入完成，共插入 1000 条记录。
2024-12-20 16:36:36,036 - INFO - QA: PROD: 第 3 批处理完成，已插入结果。
2024-12-20 16:36:36,036 - INFO - QA: PROD: 开始处理第 4 批，共 1000 支股票。
2024-12-20 16:36:37,633 - INFO - QA: PROD: 返回数据行数：232936
2024-12-20 16:36:38,185 - INFO - QA: PROD: 插入完成，共插入 1000 条记录。
2024-12-20 16:36:38,185 - INFO - QA: PROD: 第 4 批处理完成，已插入结果。
2024-12-20 16:36:38,185 - INFO - QA: PROD: 开始处理第 5 批，共 905 支股票。
2024-12-20 16:36:39,687 - INFO - QA: PROD: 返回数据行数：211571
2024-12-20 16:36:40,197 - INFO - QA: PROD: 插入完成，共插入 905 条记录。
2024-12-20 16:36:40,197 - INFO - QA: PROD: 第 5 批处理完成，已插入结果。
2024-12-20 16:36:40,200 - INFO - PROD: AK006 执行成功
2024-12-20 16:36:40,200 - INFO - PROD: 所有 AK 程序执行完成
2024-12-22 08:48:36,200 - INFO - PROD: PROD: 开始执行 AK 程序序列
2024-12-22 08:48:36,200 - INFO - PROD: PROD: 开始执行 AK001
2024-12-22 08:48:36,900 - ERROR - PROD: PROD: AK001 执行失败
2024-12-22 08:48:36,900 - ERROR - PROD: PROD: AK 程序序列执行中断
2024-12-22 08:57:39,046 - INFO - PROD: PROD: 开始执行 AK 程序序列
2024-12-22 08:57:39,046 - INFO - PROD: PROD: 开始执行 AK001
2024-12-22 08:57:39,859 - INFO - PROD: PROD: AK001 执行成功
2024-12-22 08:57:39,859 - INFO - PROD: PROD: 开始执行 AK002
2024-12-22 08:57:39,880 - ERROR - PROD: PROD: AK002 执行失败
2024-12-22 08:57:39,880 - ERROR - PROD: PROD: AK 程序序列执行中断
2024-12-22 09:03:13,646 - INFO - PROD: PROD: 开始执行 AK 程序序列
2024-12-22 09:03:13,647 - INFO - PROD: PROD: 开始执行 AK001
2024-12-22 09:03:14,447 - INFO - PROD: PROD: AK001 执行成功
2024-12-22 09:03:14,447 - INFO - PROD: PROD: 开始执行 AK002
2024-12-22 09:03:14,452 - ERROR - PROD: PROD: AK002 执行失败
2024-12-22 09:03:14,452 - ERROR - PROD: PROD: AK 程序序列执行中断
2024-12-22 09:05:18,320 - INFO - PROD: PROD: 开始执行 AK 程序序列
2024-12-22 09:05:18,321 - INFO - PROD: PROD: 开始执行 AK001
2024-12-22 09:05:19,085 - INFO - PROD: PROD: AK001 执行成功
2024-12-22 09:05:19,085 - INFO - PROD: PROD: 开始执行 AK002
2024-12-22 09:05:19,090 - ERROR - PROD: PROD: AK002 执行失败
2024-12-22 09:05:19,090 - ERROR - PROD: PROD: AK 程序序列执行中断
2024-12-24 06:31:49,808 - INFO - PROD: PROD: 开始执行 AK 程序序列
2024-12-24 06:31:49,808 - INFO - PROD: PROD: 开始执行 AK001
2024-12-24 06:31:51,053 - INFO - PROD: PROD: AK001 执行成功
2024-12-24 06:31:51,053 - INFO - PROD: PROD: 开始执行 AK002
2024-12-24 06:31:51,053 - ERROR - PROD: PROD: AK002 执行失败
2024-12-24 06:31:51,053 - ERROR - PROD: PROD: AK 程序序列执行中断
2024-12-24 06:33:24,014 - INFO - PROD: PROD: 开始执行 AK 程序序列
2024-12-24 06:33:24,014 - INFO - PROD: PROD: 开始执行 AK001
2024-12-24 06:33:25,866 - INFO - PROD: PROD: AK001 执行成功
2024-12-24 06:33:25,866 - INFO - PROD: PROD: 开始执行 AK002
2024-12-24 06:33:25,909 - INFO - PROD: PROD: AK002 执行成功
2024-12-24 06:33:25,909 - INFO - PROD: PROD: 开始执行 AK003
2024-12-24 06:33:27,263 - INFO - PROD: PROD: AK003 执行成功
2024-12-24 06:33:27,263 - INFO - PROD: PROD: 开始执行 AK004
2024-12-24 06:33:27,292 - INFO - PROD: PROD: AK004 执行成功
2024-12-24 06:33:27,292 - INFO - PROD: PROD: 开始执行 AK005
2024-12-24 06:33:28,987 - INFO - PROD: PROD: AK005 执行成功
2024-12-24 06:33:28,987 - INFO - PROD: PROD: 开始执行 AK006
2024-12-24 06:33:39,942 - INFO - PROD: PROD: AK006 执行成功
2024-12-24 06:33:39,942 - INFO - PROD: PROD: 所有 AK 程序执行完成
2024-12-24 16:29:18,919 - INFO - PROD: PROD: 开始执行 AK 程序序列
2024-12-24 16:29:18,919 - INFO - PROD: PROD: 开始执行 AK001
2024-12-24 16:29:19,959 - INFO - PROD: PROD: AK001 执行成功
2024-12-24 16:29:19,959 - INFO - PROD: PROD: 开始执行 AK002
2024-12-24 16:29:19,990 - INFO - PROD: PROD: AK002 执行成功
2024-12-24 16:29:19,990 - INFO - PROD: PROD: 开始执行 AK003
2024-12-24 16:29:21,344 - INFO - PROD: PROD: AK003 执行成功
2024-12-24 16:29:21,344 - INFO - PROD: PROD: 开始执行 AK004
2024-12-24 16:29:21,375 - INFO - PROD: PROD: AK004 执行成功
2024-12-24 16:29:21,375 - INFO - PROD: PROD: 开始执行 AK005
2024-12-24 16:29:23,824 - INFO - PROD: PROD: AK005 执行成功
2024-12-24 16:29:23,825 - INFO - PROD: PROD: 开始执行 AK006
2024-12-24 16:29:40,221 - INFO - PROD: PROD: AK006 执行成功
2024-12-24 16:29:40,221 - INFO - PROD: PROD: 所有 AK 程序执行完成
2024-12-25 16:01:31,939 - INFO - PROD: PROD: 开始执行 AK 程序序列
2024-12-25 16:01:31,939 - INFO - PROD: PROD: 开始执行 AK001
2024-12-25 16:01:33,285 - INFO - PROD: PROD: AK001 执行成功
2024-12-25 16:01:33,285 - INFO - PROD: PROD: 开始执行 AK002
2024-12-25 16:01:33,312 - INFO - PROD: PROD: AK002 执行成功
2024-12-25 16:01:33,312 - INFO - PROD: PROD: 开始执行 AK003
2024-12-25 16:01:35,419 - INFO - PROD: PROD: AK003 执行成功
2024-12-25 16:01:35,419 - INFO - PROD: PROD: 开始执行 AK004
2024-12-25 16:01:35,449 - INFO - PROD: PROD: AK004 执行成功
2024-12-25 16:01:35,449 - INFO - PROD: PROD: 开始执行 AK005
2024-12-25 16:01:37,968 - INFO - PROD: PROD: AK005 执行成功
2024-12-25 16:01:37,969 - INFO - PROD: PROD: 开始执行 AK006
2024-12-25 16:01:53,907 - INFO - PROD: PROD: AK006 执行成功
2024-12-25 16:01:53,907 - INFO - PROD: PROD: 所有 AK 程序执行完成
2024-12-26 21:54:27,549 - INFO - PROD: PROD: 开始执行 AK 程序序列
2024-12-26 21:54:27,551 - INFO - PROD: PROD: 开始执行 AK001
2024-12-26 21:54:30,573 - INFO - PROD: PROD: AK001 执行成功
2024-12-26 21:54:30,574 - INFO - PROD: PROD: 开始执行 AK002
2024-12-26 21:54:30,605 - INFO - PROD: PROD: AK002 执行成功
2024-12-26 21:54:30,605 - INFO - PROD: PROD: 开始执行 AK003
2024-12-26 21:54:33,318 - INFO - PROD: PROD: AK003 执行成功
2024-12-26 21:54:33,321 - INFO - PROD: PROD: 开始执行 AK004
2024-12-26 21:54:33,350 - INFO - PROD: PROD: AK004 执行成功
2024-12-26 21:54:33,350 - INFO - PROD: PROD: 开始执行 AK005
2024-12-26 21:54:35,847 - INFO - PROD: PROD: AK005 执行成功
2024-12-26 21:54:35,847 - INFO - PROD: PROD: 开始执行 AK006
2024-12-26 21:54:51,687 - INFO - PROD: PROD: AK006 执行成功
2024-12-26 21:54:51,688 - INFO - PROD: PROD: 所有 AK 程序执行完成
2024-12-27 09:22:29,535 - INFO - PROD: PROD: 开始执行 AK 程序序列
2024-12-27 09:22:29,536 - INFO - PROD: PROD: 开始执行 AK001
2024-12-27 09:22:30,502 - INFO - PROD: PROD: AK001 执行成功
2024-12-27 09:22:30,502 - INFO - PROD: PROD: 开始执行 AK002
2024-12-27 09:22:30,509 - ERROR - PROD: PROD: AK002 执行失败
2024-12-27 09:22:30,509 - ERROR - PROD: PROD: AK 程序序列执行中断
2024-12-27 16:49:20,510 - INFO - PROD: PROD: 开始执行 AK 程序序列
2024-12-27 16:49:20,511 - INFO - PROD: PROD: 开始执行 AK001
2024-12-27 16:49:23,511 - INFO - PROD: PROD: AK001 执行成功
2024-12-27 16:49:23,511 - INFO - PROD: PROD: 开始执行 AK002
2024-12-27 16:49:23,558 - INFO - PROD: PROD: AK002 执行成功
2024-12-27 16:49:23,558 - INFO - PROD: PROD: 开始执行 AK003
2024-12-27 16:49:25,229 - INFO - PROD: PROD: AK003 执行成功
2024-12-27 16:49:25,229 - INFO - PROD: PROD: 开始执行 AK004
2024-12-27 16:49:25,258 - INFO - PROD: PROD: AK004 执行成功
2024-12-27 16:49:25,258 - INFO - PROD: PROD: 开始执行 AK005
2024-12-27 16:49:27,799 - INFO - PROD: PROD: AK005 执行成功
2024-12-27 16:49:27,805 - INFO - PROD: PROD: 开始执行 AK006
2024-12-27 16:49:43,618 - INFO - PROD: PROD: AK006 执行成功
2024-12-27 16:49:43,619 - INFO - PROD: PROD: 开始执行 AK007
2024-12-27 16:50:19,415 - ERROR - PROD: PROD: AK007 执行失败
2024-12-27 16:50:19,416 - ERROR - PROD: PROD: AK 程序序列执行中断
2024-12-27 16:50:19,416 - INFO - PROD: PROD: 开始执行过滤程序
2024-12-27 16:50:19,417 - INFO - PROD: PROD: 开始执行 AKFilter1
2024-12-27 16:50:31,389 - INFO - PROD: PROD: AKFilter1 执行成功
2024-12-27 16:50:31,391 - INFO - PROD: PROD: AKFilter1 执行成功
2024-12-27 16:50:31,391 - INFO - PROD: PROD: 开始执行 AKFilter2
2024-12-27 16:50:32,097 - INFO - PROD: PROD: AKFilter2 执行成功
2024-12-27 16:50:32,097 - INFO - PROD: PROD: AKFilter2 执行成功
2024-12-27 16:50:32,097 - INFO - PROD: PROD: 开始执行 AKFilter3
2024-12-27 16:50:32,947 - INFO - PROD: PROD: AKFilter3 执行成功
2024-12-27 16:50:32,947 - INFO - PROD: PROD: AKFilter3 执行成功
2024-12-27 16:50:32,947 - INFO - PROD: PROD: 所有过滤程序执行完成
2024-12-30 16:34:32,728 - INFO - PROD: PROD: 开始执行 AK 程序序列
2024-12-30 16:34:32,729 - INFO - PROD: PROD: 开始执行 AK001
2024-12-30 16:34:33,518 - INFO - PROD: PROD: AK001 执行成功
2024-12-30 16:34:33,518 - INFO - PROD: PROD: 开始执行 AK002
2024-12-30 16:34:33,544 - INFO - PROD: PROD: AK002 执行成功
2024-12-30 16:34:33,544 - INFO - PROD: PROD: 开始执行 AK003
2024-12-30 16:34:34,724 - INFO - PROD: PROD: AK003 执行成功
2024-12-30 16:34:34,724 - INFO - PROD: PROD: 开始执行 AK004
2024-12-30 16:34:34,756 - INFO - PROD: PROD: AK004 执行成功
2024-12-30 16:34:34,756 - INFO - PROD: PROD: 开始执行 AK005
2024-12-30 16:34:37,287 - INFO - PROD: PROD: AK005 执行成功
2024-12-30 16:34:37,290 - INFO - PROD: PROD: 开始执行 AK006
2024-12-30 16:34:53,195 - INFO - PROD: PROD: AK006 执行成功
2024-12-30 16:34:53,197 - INFO - PROD: PROD: 开始执行 AK007
2024-12-30 16:35:29,097 - INFO - PROD: PROD: AK007 执行成功
2024-12-30 16:35:29,098 - INFO - PROD: PROD: 所有 AK 程序执行完成
2024-12-30 16:35:29,098 - INFO - PROD: PROD: 开始执行过滤程序
2024-12-30 16:35:29,098 - INFO - PROD: PROD: 开始执行 AKFilter1
2024-12-30 16:35:40,866 - INFO - PROD: PROD: AKFilter1 执行成功
2024-12-30 16:35:40,868 - INFO - PROD: PROD: AKFilter1 执行成功
2024-12-30 16:35:40,868 - INFO - PROD: PROD: 开始执行 AKFilter2
2024-12-30 16:35:41,519 - INFO - PROD: PROD: AKFilter2 执行成功
2024-12-30 16:35:41,519 - INFO - PROD: PROD: AKFilter2 执行成功
2024-12-30 16:35:41,519 - INFO - PROD: PROD: 开始执行 AKFilter3
2024-12-30 16:35:42,386 - INFO - PROD: PROD: AKFilter3 执行成功
2024-12-30 16:35:42,386 - INFO - PROD: PROD: AKFilter3 执行成功
2024-12-30 16:35:42,386 - INFO - PROD: PROD: 所有过滤程序执行完成
2024-12-31 23:53:17,465 - INFO - PROD: PROD: 开始执行 AK 程序序列
2024-12-31 23:53:17,466 - INFO - PROD: PROD: 开始执行 AK001
2024-12-31 23:53:18,599 - INFO - PROD: PROD: AK001 执行成功
2024-12-31 23:53:18,599 - INFO - PROD: PROD: 开始执行 AK002
2024-12-31 23:53:18,624 - INFO - PROD: PROD: AK002 执行成功
2024-12-31 23:53:18,625 - INFO - PROD: PROD: 开始执行 AK003
2024-12-31 23:53:20,184 - INFO - PROD: PROD: AK003 执行成功
2024-12-31 23:53:20,184 - INFO - PROD: PROD: 开始执行 AK004
2024-12-31 23:53:20,212 - INFO - PROD: PROD: AK004 执行成功
2024-12-31 23:53:20,212 - INFO - PROD: PROD: 开始执行 AK005
2024-12-31 23:53:22,651 - INFO - PROD: PROD: AK005 执行成功
2024-12-31 23:53:22,651 - INFO - PROD: PROD: 开始执行 AK006
2024-12-31 23:53:38,556 - INFO - PROD: PROD: AK006 执行成功
2024-12-31 23:53:38,557 - INFO - PROD: PROD: 开始执行 AK007
2024-12-31 23:54:14,704 - INFO - PROD: PROD: AK007 执行成功
2024-12-31 23:54:14,705 - INFO - PROD: PROD: 开始执行 AK008
2024-12-31 23:54:18,664 - INFO - PROD: PROD: AK008 执行成功
2024-12-31 23:54:18,665 - INFO - PROD: PROD: 所有 AK 程序执行完成
2024-12-31 23:54:18,665 - INFO - PROD: PROD: 开始执行过滤程序
2024-12-31 23:54:18,665 - INFO - PROD: PROD: 开始执行 AKFilter1
2024-12-31 23:54:30,254 - INFO - PROD: PROD: AKFilter1 执行成功
2024-12-31 23:54:30,255 - INFO - PROD: PROD: AKFilter1 执行成功
2024-12-31 23:54:30,255 - INFO - PROD: PROD: 开始执行 AKFilter2
2024-12-31 23:54:30,887 - INFO - PROD: PROD: AKFilter2 执行成功
2024-12-31 23:54:30,887 - INFO - PROD: PROD: AKFilter2 执行成功
2024-12-31 23:54:30,887 - INFO - PROD: PROD: 开始执行 AKFilter3
2024-12-31 23:54:31,715 - INFO - PROD: PROD: AKFilter3 执行成功
2024-12-31 23:54:31,715 - INFO - PROD: PROD: AKFilter3 执行成功
2024-12-31 23:54:31,715 - INFO - PROD: PROD: 所有过滤程序执行完成
2025-01-03 16:29:57,779 - INFO - PROD: PROD: 开始执行 AK 程序序列
2025-01-03 16:29:57,780 - INFO - PROD: PROD: 开始执行 AK001
2025-01-03 16:29:58,664 - INFO - PROD: PROD: AK001 执行成功
2025-01-03 16:29:58,664 - INFO - PROD: PROD: 开始执行 AK002
2025-01-03 16:29:58,701 - INFO - PROD: PROD: AK002 执行成功
2025-01-03 16:29:58,701 - INFO - PROD: PROD: 开始执行 AK003
2025-01-03 16:29:59,804 - INFO - PROD: PROD: AK003 执行成功
2025-01-03 16:29:59,804 - INFO - PROD: PROD: 开始执行 AK004
2025-01-03 16:29:59,839 - INFO - PROD: PROD: AK004 执行成功
2025-01-03 16:29:59,839 - INFO - PROD: PROD: 开始执行 AK005
2025-01-03 16:30:02,439 - INFO - PROD: PROD: AK005 执行成功
2025-01-03 16:30:02,439 - INFO - PROD: PROD: 开始执行 AK006
2025-01-03 16:30:19,064 - INFO - PROD: PROD: AK006 执行成功
2025-01-03 16:30:19,065 - INFO - PROD: PROD: 开始执行 AK007
2025-01-03 16:30:59,821 - INFO - PROD: PROD: AK007 执行成功
2025-01-03 16:30:59,821 - INFO - PROD: PROD: 开始执行 AK008
2025-01-03 16:31:04,237 - INFO - PROD: PROD: AK008 执行成功
2025-01-03 16:31:04,237 - INFO - PROD: PROD: 所有 AK 程序执行完成
2025-01-03 16:31:04,238 - INFO - PROD: PROD: 开始执行过滤程序
2025-01-03 16:31:04,238 - INFO - PROD: PROD: 开始执行 AKFilter1
2025-01-03 16:31:16,569 - INFO - PROD: PROD: AKFilter1 执行成功
2025-01-03 16:31:16,569 - INFO - PROD: PROD: AKFilter1 执行成功
2025-01-03 16:31:16,569 - INFO - PROD: PROD: 开始执行 AKFilter2
2025-01-03 16:31:17,253 - INFO - PROD: PROD: AKFilter2 执行成功
2025-01-03 16:31:17,253 - INFO - PROD: PROD: AKFilter2 执行成功
2025-01-03 16:31:17,253 - INFO - PROD: PROD: 开始执行 AKFilter3
2025-01-03 16:31:18,012 - INFO - PROD: PROD: AKFilter3 执行成功
2025-01-03 16:31:18,012 - INFO - PROD: PROD: AKFilter3 执行成功
2025-01-03 16:31:18,012 - INFO - PROD: PROD: 所有过滤程序执行完成
2025-01-06 15:48:12,555 - INFO - PROD: PROD: 开始执行 AK 程序序列
2025-01-06 15:48:12,555 - INFO - PROD: PROD: 开始执行 AK001
2025-01-06 15:48:22,467 - INFO - PROD: PROD: AK001 执行成功
2025-01-06 15:48:22,467 - INFO - PROD: PROD: 开始执行 AK002
2025-01-06 15:48:22,513 - INFO - PROD: PROD: AK002 执行成功
2025-01-06 15:48:22,513 - INFO - PROD: PROD: 开始执行 AK003
2025-01-06 15:48:26,055 - INFO - PROD: PROD: AK003 执行成功
2025-01-06 15:48:26,055 - INFO - PROD: PROD: 开始执行 AK004
2025-01-06 15:48:26,084 - INFO - PROD: PROD: AK004 执行成功
2025-01-06 15:48:26,084 - INFO - PROD: PROD: 开始执行 AK005
2025-01-06 15:48:28,564 - INFO - PROD: PROD: AK005 执行成功
2025-01-06 15:48:28,564 - INFO - PROD: PROD: 开始执行 AK006
2025-01-06 15:48:44,658 - INFO - PROD: PROD: AK006 执行成功
2025-01-06 15:48:44,658 - INFO - PROD: PROD: 开始执行 AK007
2025-01-06 15:49:22,789 - INFO - PROD: PROD: AK007 执行成功
2025-01-06 15:49:22,790 - INFO - PROD: PROD: 开始执行 AK008
2025-01-06 15:49:26,741 - INFO - PROD: PROD: AK008 执行成功
2025-01-06 15:49:26,741 - INFO - PROD: PROD: 所有 AK 程序执行完成
2025-01-06 15:49:26,741 - INFO - PROD: PROD: 开始执行过滤程序
2025-01-06 15:49:26,741 - INFO - PROD: PROD: 开始执行 AKFilter1
2025-01-06 15:49:38,743 - INFO - PROD: PROD: AKFilter1 执行成功
2025-01-06 15:49:38,744 - INFO - PROD: PROD: AKFilter1 执行成功
2025-01-06 15:49:38,744 - INFO - PROD: PROD: 开始执行 AKFilter2
2025-01-06 15:49:39,413 - INFO - PROD: PROD: AKFilter2 执行成功
2025-01-06 15:49:39,413 - INFO - PROD: PROD: AKFilter2 执行成功
2025-01-06 15:49:39,413 - INFO - PROD: PROD: 开始执行 AKFilter3
2025-01-06 15:49:40,164 - INFO - PROD: PROD: AKFilter3 执行成功
2025-01-06 15:49:40,164 - INFO - PROD: PROD: AKFilter3 执行成功
2025-01-06 15:49:40,164 - INFO - PROD: PROD: 所有过滤程序执行完成
2025-01-07 20:39:20,450 - INFO - PROD: PROD: 开始执行 AK 程序序列
2025-01-07 20:39:20,450 - INFO - PROD: PROD: 开始执行 AK001
2025-01-07 20:39:21,912 - INFO - PROD: PROD: AK001 执行成功
2025-01-07 20:39:21,912 - INFO - PROD: PROD: 开始执行 AK002
2025-01-07 20:39:21,948 - INFO - PROD: PROD: AK002 执行成功
2025-01-07 20:39:21,948 - INFO - PROD: PROD: 开始执行 AK003
2025-01-07 20:39:23,708 - INFO - PROD: PROD: AK003 执行成功
2025-01-07 20:39:23,708 - INFO - PROD: PROD: 开始执行 AK004
2025-01-07 20:39:23,744 - INFO - PROD: PROD: AK004 执行成功
2025-01-07 20:39:23,744 - INFO - PROD: PROD: 开始执行 AK005
2025-01-07 20:39:26,301 - INFO - PROD: PROD: AK005 执行成功
2025-01-07 20:39:26,301 - INFO - PROD: PROD: 开始执行 AK006
2025-01-07 20:39:45,770 - INFO - PROD: PROD: AK006 执行成功
2025-01-07 20:39:45,770 - INFO - PROD: PROD: 开始执行 AK007
2025-01-07 20:40:25,663 - INFO - PROD: PROD: AK007 执行成功
2025-01-07 20:40:25,663 - INFO - PROD: PROD: 开始执行 AK008
2025-01-07 20:40:29,876 - INFO - PROD: PROD: AK008 执行成功
2025-01-07 20:40:29,876 - INFO - PROD: PROD: 所有 AK 程序执行完成
2025-01-07 20:40:29,876 - INFO - PROD: PROD: 开始执行过滤程序
2025-01-07 20:40:29,876 - INFO - PROD: PROD: 开始执行 AKFilter1
2025-01-07 20:40:41,764 - INFO - PROD: PROD: AKFilter1 执行成功
2025-01-07 20:40:41,765 - INFO - PROD: PROD: AKFilter1 执行成功
2025-01-07 20:40:41,765 - INFO - PROD: PROD: 开始执行 AKFilter2
2025-01-07 20:40:42,426 - INFO - PROD: PROD: AKFilter2 执行成功
2025-01-07 20:40:42,426 - INFO - PROD: PROD: AKFilter2 执行成功
2025-01-07 20:40:42,426 - INFO - PROD: PROD: 开始执行 AKFilter3
2025-01-07 20:40:43,197 - INFO - PROD: PROD: AKFilter3 执行成功
2025-01-07 20:40:43,197 - INFO - PROD: PROD: AKFilter3 执行成功
2025-01-07 20:40:43,197 - INFO - PROD: PROD: 所有过滤程序执行完成
2025-01-08 16:40:36,010 - INFO - PROD: PROD: 开始执行 AK 程序序列
2025-01-08 16:40:36,011 - INFO - PROD: PROD: 开始执行 AK001
2025-01-08 16:40:36,911 - INFO - PROD: PROD: AK001 执行成功
2025-01-08 16:40:36,912 - INFO - PROD: PROD: 开始执行 AK002
2025-01-08 16:40:36,941 - INFO - PROD: PROD: AK002 执行成功
2025-01-08 16:40:36,941 - INFO - PROD: PROD: 开始执行 AK003
2025-01-08 16:40:38,234 - INFO - PROD: PROD: AK003 执行成功
2025-01-08 16:40:38,234 - INFO - PROD: PROD: 开始执行 AK004
2025-01-08 16:40:38,335 - INFO - PROD: PROD: AK004 执行成功
2025-01-08 16:40:38,335 - INFO - PROD: PROD: 开始执行 AK005
2025-01-08 16:40:40,847 - INFO - PROD: PROD: AK005 执行成功
2025-01-08 16:40:40,847 - INFO - PROD: PROD: 开始执行 AK006
2025-01-08 16:40:57,019 - INFO - PROD: PROD: AK006 执行成功
2025-01-08 16:40:57,019 - INFO - PROD: PROD: 开始执行 AK007
2025-01-08 16:41:36,080 - INFO - PROD: PROD: AK007 执行成功
2025-01-08 16:41:36,081 - INFO - PROD: PROD: 开始执行 AK008
2025-01-08 16:41:40,013 - INFO - PROD: PROD: AK008 执行成功
2025-01-08 16:41:40,013 - INFO - PROD: PROD: 所有 AK 程序执行完成
2025-01-08 16:41:40,013 - INFO - PROD: PROD: 开始执行过滤程序
2025-01-08 16:41:40,013 - INFO - PROD: PROD: 开始执行 AKFilter1
2025-01-08 16:41:52,275 - INFO - PROD: PROD: AKFilter1 执行成功
2025-01-08 16:41:52,276 - INFO - PROD: PROD: AKFilter1 执行成功
2025-01-08 16:41:52,276 - INFO - PROD: PROD: 开始执行 AKFilter2
2025-01-08 16:41:52,952 - INFO - PROD: PROD: AKFilter2 执行成功
2025-01-08 16:41:52,952 - INFO - PROD: PROD: AKFilter2 执行成功
2025-01-08 16:41:52,952 - INFO - PROD: PROD: 开始执行 AKFilter3
2025-01-08 16:41:53,729 - INFO - PROD: PROD: AKFilter3 执行成功
2025-01-08 16:41:53,729 - INFO - PROD: PROD: AKFilter3 执行成功
2025-01-08 16:41:53,729 - INFO - PROD: PROD: 所有过滤程序执行完成
2025-01-09 22:07:01,337 - INFO - PROD: PROD: 开始执行 AK 程序序列
2025-01-09 22:07:01,337 - INFO - PROD: PROD: 开始执行 AK001
2025-01-09 22:07:02,053 - INFO - PROD: PROD: AK001 执行成功
2025-01-09 22:07:02,053 - INFO - PROD: PROD: 开始执行 AK002
2025-01-09 22:07:02,083 - INFO - PROD: PROD: AK002 执行成功
2025-01-09 22:07:02,083 - INFO - PROD: PROD: 开始执行 AK003
2025-01-09 22:07:03,242 - INFO - PROD: PROD: AK003 执行成功
2025-01-09 22:07:03,242 - INFO - PROD: PROD: 开始执行 AK004
2025-01-09 22:07:03,275 - INFO - PROD: PROD: AK004 执行成功
2025-01-09 22:07:03,275 - INFO - PROD: PROD: 开始执行 AK005
2025-01-09 22:07:05,829 - INFO - PROD: PROD: AK005 执行成功
2025-01-09 22:07:05,829 - INFO - PROD: PROD: 开始执行 AK006
2025-01-09 22:07:22,044 - INFO - PROD: PROD: AK006 执行成功
2025-01-09 22:07:22,044 - INFO - PROD: PROD: 开始执行 AK007
2025-01-09 22:08:01,217 - INFO - PROD: PROD: AK007 执行成功
2025-01-09 22:08:01,218 - INFO - PROD: PROD: 开始执行 AK008
2025-01-09 22:08:05,362 - INFO - PROD: PROD: AK008 执行成功
2025-01-09 22:08:05,362 - INFO - PROD: PROD: 所有 AK 程序执行完成
2025-01-09 22:08:05,362 - INFO - PROD: PROD: 开始执行过滤程序
2025-01-09 22:08:05,362 - INFO - PROD: PROD: 开始执行 AKFilter1
2025-01-09 22:08:16,999 - INFO - PROD: PROD: AKFilter1 执行成功
2025-01-09 22:08:17,001 - INFO - PROD: PROD: AKFilter1 执行成功
2025-01-09 22:08:17,001 - INFO - PROD: PROD: 开始执行 AKFilter2
2025-01-09 22:08:17,676 - INFO - PROD: PROD: AKFilter2 执行成功
2025-01-09 22:08:17,676 - INFO - PROD: PROD: AKFilter2 执行成功
2025-01-09 22:08:17,676 - INFO - PROD: PROD: 开始执行 AKFilter3
2025-01-09 22:08:18,445 - INFO - PROD: PROD: AKFilter3 执行成功
2025-01-09 22:08:18,445 - INFO - PROD: PROD: AKFilter3 执行成功
2025-01-09 22:08:18,445 - INFO - PROD: PROD: 所有过滤程序执行完成
2025-01-10 21:43:31,882 - INFO - PROD: PROD: 开始执行 AK 程序序列
2025-01-10 21:43:31,882 - INFO - PROD: PROD: 开始执行 AK001
2025-01-10 21:43:32,615 - INFO - PROD: PROD: AK001 执行成功
2025-01-10 21:43:32,615 - INFO - PROD: PROD: 开始执行 AK002
2025-01-10 21:43:32,640 - INFO - PROD: PROD: AK002 执行成功
2025-01-10 21:43:32,640 - INFO - PROD: PROD: 开始执行 AK003
2025-01-10 21:43:33,757 - INFO - PROD: PROD: AK003 执行成功
2025-01-10 21:43:33,757 - INFO - PROD: PROD: 开始执行 AK004
2025-01-10 21:43:33,787 - INFO - PROD: PROD: AK004 执行成功
2025-01-10 21:43:33,787 - INFO - PROD: PROD: 开始执行 AK005
2025-01-10 21:43:36,377 - INFO - PROD: PROD: AK005 执行成功
2025-01-10 21:43:36,377 - INFO - PROD: PROD: 开始执行 AK006
2025-01-10 21:43:52,565 - INFO - PROD: PROD: AK006 执行成功
2025-01-10 21:43:52,565 - INFO - PROD: PROD: 开始执行 AK007
2025-01-10 21:44:32,263 - INFO - PROD: PROD: AK007 执行成功
2025-01-10 21:44:32,264 - INFO - PROD: PROD: 开始执行 AK008
2025-01-10 21:44:36,633 - INFO - PROD: PROD: AK008 执行成功
2025-01-10 21:44:36,634 - INFO - PROD: PROD: 所有 AK 程序执行完成
2025-01-10 21:44:36,634 - INFO - PROD: PROD: 开始执行过滤程序
2025-01-10 21:44:36,634 - INFO - PROD: PROD: 开始执行 AKFilter1
2025-01-10 21:44:48,632 - INFO - PROD: PROD: AKFilter1 执行成功
2025-01-10 21:44:48,633 - INFO - PROD: PROD: AKFilter1 执行成功
2025-01-10 21:44:48,633 - INFO - PROD: PROD: 开始执行 AKFilter2
2025-01-10 21:44:49,321 - INFO - PROD: PROD: AKFilter2 执行成功
2025-01-10 21:44:49,321 - INFO - PROD: PROD: AKFilter2 执行成功
2025-01-10 21:44:49,321 - INFO - PROD: PROD: 开始执行 AKFilter3
2025-01-10 21:44:50,076 - INFO - PROD: PROD: AKFilter3 执行成功
2025-01-10 21:44:50,076 - INFO - PROD: PROD: AKFilter3 执行成功
2025-01-10 21:44:50,076 - INFO - PROD: PROD: 所有过滤程序执行完成
2025-01-13 20:36:56,021 - INFO - PROD: PROD: 开始执行 AK 程序序列
2025-01-13 20:36:56,022 - INFO - PROD: PROD: 开始执行 AK001
2025-01-13 20:36:56,803 - INFO - PROD: PROD: AK001 执行成功
2025-01-13 20:36:56,803 - INFO - PROD: PROD: 开始执行 AK002
2025-01-13 20:36:56,841 - INFO - PROD: PROD: AK002 执行成功
2025-01-13 20:36:56,841 - INFO - PROD: PROD: 开始执行 AK003
2025-01-13 20:36:57,939 - INFO - PROD: PROD: AK003 执行成功
2025-01-13 20:36:57,939 - INFO - PROD: PROD: 开始执行 AK004
2025-01-13 20:36:57,975 - INFO - PROD: PROD: AK004 执行成功
2025-01-13 20:36:57,975 - INFO - PROD: PROD: 开始执行 AK005
2025-01-13 20:37:00,535 - INFO - PROD: PROD: AK005 执行成功
2025-01-13 20:37:00,535 - INFO - PROD: PROD: 开始执行 AK006
2025-01-13 20:37:17,051 - INFO - PROD: PROD: AK006 执行成功
2025-01-13 20:37:17,051 - INFO - PROD: PROD: 开始执行 AK007
2025-01-13 20:37:56,258 - INFO - PROD: PROD: AK007 执行成功
2025-01-13 20:37:56,258 - INFO - PROD: PROD: 开始执行 AK008
2025-01-13 20:38:00,276 - INFO - PROD: PROD: AK008 执行成功
2025-01-13 20:38:00,276 - INFO - PROD: PROD: 所有 AK 程序执行完成
2025-01-13 20:38:00,276 - INFO - PROD: PROD: 开始执行过滤程序
2025-01-13 20:38:00,276 - INFO - PROD: PROD: 开始执行 AKFilter1
2025-01-13 20:38:12,356 - INFO - PROD: PROD: AKFilter1 执行成功
2025-01-13 20:38:12,356 - INFO - PROD: PROD: AKFilter1 执行成功
2025-01-13 20:38:12,356 - INFO - PROD: PROD: 开始执行 AKFilter2
2025-01-13 20:38:13,045 - INFO - PROD: PROD: AKFilter2 执行成功
2025-01-13 20:38:13,045 - INFO - PROD: PROD: AKFilter2 执行成功
2025-01-13 20:38:13,045 - INFO - PROD: PROD: 开始执行 AKFilter3
2025-01-13 20:38:13,821 - INFO - PROD: PROD: AKFilter3 执行成功
2025-01-13 20:38:13,822 - INFO - PROD: PROD: AKFilter3 执行成功
2025-01-13 20:38:13,822 - INFO - PROD: PROD: 所有过滤程序执行完成
2025-01-14 17:54:16,966 - INFO - PROD: PROD: 开始执行 AK 程序序列
2025-01-14 17:54:16,966 - INFO - PROD: PROD: 开始执行 AK001
2025-01-14 17:54:17,740 - INFO - PROD: PROD: AK001 执行成功
2025-01-14 17:54:17,740 - INFO - PROD: PROD: 开始执行 AK002
2025-01-14 17:54:17,779 - INFO - PROD: PROD: AK002 执行成功
2025-01-14 17:54:17,779 - INFO - PROD: PROD: 开始执行 AK003
2025-01-14 17:54:18,911 - INFO - PROD: PROD: AK003 执行成功
2025-01-14 17:54:18,911 - INFO - PROD: PROD: 开始执行 AK004
2025-01-14 17:54:18,949 - INFO - PROD: PROD: AK004 执行成功
2025-01-14 17:54:18,949 - INFO - PROD: PROD: 开始执行 AK005
2025-01-14 17:54:21,542 - INFO - PROD: PROD: AK005 执行成功
2025-01-14 17:54:21,543 - INFO - PROD: PROD: 开始执行 AK006
2025-01-14 17:54:37,583 - INFO - PROD: PROD: AK006 执行成功
2025-01-14 17:54:37,583 - INFO - PROD: PROD: 开始执行 AK007
2025-01-14 17:55:20,687 - INFO - PROD: PROD: AK007 执行成功
2025-01-14 17:55:20,687 - INFO - PROD: PROD: 开始执行 AK008
2025-01-14 17:55:25,611 - INFO - PROD: PROD: AK008 执行成功
2025-01-14 17:55:25,611 - INFO - PROD: PROD: 所有 AK 程序执行完成
2025-01-14 17:55:25,611 - INFO - PROD: PROD: 开始执行过滤程序
2025-01-14 17:55:25,611 - INFO - PROD: PROD: 开始执行 AKFilter1
2025-01-14 17:55:38,873 - INFO - PROD: PROD: AKFilter1 执行成功
2025-01-14 17:55:38,874 - INFO - PROD: PROD: AKFilter1 执行成功
2025-01-14 17:55:38,874 - INFO - PROD: PROD: 开始执行 AKFilter2
2025-01-14 17:55:39,674 - INFO - PROD: PROD: AKFilter2 执行成功
2025-01-14 17:55:39,674 - INFO - PROD: PROD: AKFilter2 执行成功
2025-01-14 17:55:39,674 - INFO - PROD: PROD: 开始执行 AKFilter3
2025-01-14 17:55:40,532 - INFO - PROD: PROD: AKFilter3 执行成功
2025-01-14 17:55:40,532 - INFO - PROD: PROD: AKFilter3 执行成功
2025-01-14 17:55:40,533 - INFO - PROD: PROD: 所有过滤程序执行完成
2025-01-15 21:15:58,908 - INFO - PROD: PROD: 开始执行 AK 程序序列
2025-01-15 21:15:58,908 - INFO - PROD: PROD: 开始执行 AK001
2025-01-15 21:15:59,838 - INFO - PROD: PROD: AK001 执行成功
2025-01-15 21:15:59,838 - INFO - PROD: PROD: 开始执行 AK002
2025-01-15 21:15:59,881 - INFO - PROD: PROD: AK002 执行成功
2025-01-15 21:15:59,881 - INFO - PROD: PROD: 开始执行 AK003
2025-01-15 21:16:01,234 - INFO - PROD: PROD: AK003 执行成功
2025-01-15 21:16:01,234 - INFO - PROD: PROD: 开始执行 AK004
2025-01-15 21:16:01,269 - INFO - PROD: PROD: AK004 执行成功
2025-01-15 21:16:01,269 - INFO - PROD: PROD: 开始执行 AK005
2025-01-15 21:16:03,866 - INFO - PROD: PROD: AK005 执行成功
2025-01-15 21:16:03,866 - INFO - PROD: PROD: 开始执行 AK006
2025-01-15 21:16:19,961 - INFO - PROD: PROD: AK006 执行成功
2025-01-15 21:16:19,961 - INFO - PROD: PROD: 开始执行 AK007
2025-01-15 21:16:59,565 - INFO - PROD: PROD: AK007 执行成功
2025-01-15 21:16:59,565 - INFO - PROD: PROD: 开始执行 AK008
2025-01-15 21:17:03,775 - INFO - PROD: PROD: AK008 执行成功
2025-01-15 21:17:03,775 - INFO - PROD: PROD: 所有 AK 程序执行完成
2025-01-15 21:17:03,775 - INFO - PROD: PROD: 开始执行过滤程序
2025-01-15 21:17:03,775 - INFO - PROD: PROD: 开始执行 AKFilter1
2025-01-15 21:17:15,778 - INFO - PROD: PROD: AKFilter1 执行成功
2025-01-15 21:17:15,779 - INFO - PROD: PROD: AKFilter1 执行成功
2025-01-15 21:17:15,779 - INFO - PROD: PROD: 开始执行 AKFilter2
2025-01-15 21:17:16,452 - INFO - PROD: PROD: AKFilter2 执行成功
2025-01-15 21:17:16,452 - INFO - PROD: PROD: AKFilter2 执行成功
2025-01-15 21:17:16,452 - INFO - PROD: PROD: 开始执行 AKFilter3
2025-01-15 21:17:17,236 - INFO - PROD: PROD: AKFilter3 执行成功
2025-01-15 21:17:17,236 - INFO - PROD: PROD: AKFilter3 执行成功
2025-01-15 21:17:17,236 - INFO - PROD: PROD: 所有过滤程序执行完成
2025-01-16 19:09:46,291 - INFO - PROD: PROD: 开始执行 AK 程序序列
2025-01-16 19:09:46,291 - INFO - PROD: PROD: 开始执行 AK001
2025-01-16 19:09:47,042 - INFO - PROD: PROD: AK001 执行成功
2025-01-16 19:09:47,042 - INFO - PROD: PROD: 开始执行 AK002
2025-01-16 19:09:47,065 - INFO - PROD: PROD: AK002 执行成功
2025-01-16 19:09:47,065 - INFO - PROD: PROD: 开始执行 AK003
2025-01-16 19:09:48,202 - INFO - PROD: PROD: AK003 执行成功
2025-01-16 19:09:48,202 - INFO - PROD: PROD: 开始执行 AK004
2025-01-16 19:09:48,236 - INFO - PROD: PROD: AK004 执行成功
2025-01-16 19:09:48,236 - INFO - PROD: PROD: 开始执行 AK005
2025-01-16 19:09:50,907 - INFO - PROD: PROD: AK005 执行成功
2025-01-16 19:09:50,907 - INFO - PROD: PROD: 开始执行 AK006
2025-01-16 19:10:07,263 - INFO - PROD: PROD: AK006 执行成功
2025-01-16 19:10:07,264 - INFO - PROD: PROD: 开始执行 AK007
2025-01-16 19:10:46,941 - INFO - PROD: PROD: AK007 执行成功
2025-01-16 19:10:46,941 - INFO - PROD: PROD: 开始执行 AK008
2025-01-16 19:10:51,117 - INFO - PROD: PROD: AK008 执行成功
2025-01-16 19:10:51,117 - INFO - PROD: PROD: 所有 AK 程序执行完成
2025-01-16 19:10:51,117 - INFO - PROD: PROD: 开始执行过滤程序
2025-01-16 19:10:51,117 - INFO - PROD: PROD: 开始执行 AKFilter1
2025-01-16 19:11:02,954 - INFO - PROD: PROD: AKFilter1 执行成功
2025-01-16 19:11:02,955 - INFO - PROD: PROD: AKFilter1 执行成功
2025-01-16 19:11:02,955 - INFO - PROD: PROD: 开始执行 AKFilter2
2025-01-16 19:11:03,655 - INFO - PROD: PROD: AKFilter2 执行成功
2025-01-16 19:11:03,655 - INFO - PROD: PROD: AKFilter2 执行成功
2025-01-16 19:11:03,655 - INFO - PROD: PROD: 开始执行 AKFilter3
2025-01-16 19:11:04,456 - INFO - PROD: PROD: AKFilter3 执行成功
2025-01-16 19:11:04,456 - INFO - PROD: PROD: AKFilter3 执行成功
2025-01-16 19:11:04,456 - INFO - PROD: PROD: 所有过滤程序执行完成
2025-01-17 20:12:43,256 - INFO - PROD: PROD: 开始执行 AK 程序序列
2025-01-17 20:12:43,257 - INFO - PROD: PROD: 开始执行 AK001
2025-01-17 20:12:44,416 - INFO - PROD: PROD: AK001 执行成功
2025-01-17 20:12:44,416 - INFO - PROD: PROD: 开始执行 AK002
2025-01-17 20:12:44,444 - INFO - PROD: PROD: AK002 执行成功
2025-01-17 20:12:44,444 - INFO - PROD: PROD: 开始执行 AK003
2025-01-17 20:12:45,852 - INFO - PROD: PROD: AK003 执行成功
2025-01-17 20:12:45,852 - INFO - PROD: PROD: 开始执行 AK004
2025-01-17 20:12:45,885 - INFO - PROD: PROD: AK004 执行成功
2025-01-17 20:12:45,885 - INFO - PROD: PROD: 开始执行 AK005
2025-01-17 20:12:48,565 - INFO - PROD: PROD: AK005 执行成功
2025-01-17 20:12:48,565 - INFO - PROD: PROD: 开始执行 AK006
2025-01-17 20:13:05,136 - INFO - PROD: PROD: AK006 执行成功
2025-01-17 20:13:05,136 - INFO - PROD: PROD: 开始执行 AK007
2025-01-17 20:13:44,689 - INFO - PROD: PROD: AK007 执行成功
2025-01-17 20:13:44,689 - INFO - PROD: PROD: 开始执行 AK008
2025-01-17 20:13:48,954 - INFO - PROD: PROD: AK008 执行成功
2025-01-17 20:13:48,954 - INFO - PROD: PROD: 所有 AK 程序执行完成
2025-01-17 20:13:48,954 - INFO - PROD: PROD: 开始执行过滤程序
2025-01-17 20:13:48,954 - INFO - PROD: PROD: 开始执行 AKFilter1
2025-01-17 20:14:01,135 - INFO - PROD: PROD: AKFilter1 执行成功
2025-01-17 20:14:01,136 - INFO - PROD: PROD: AKFilter1 执行成功
2025-01-17 20:14:01,136 - INFO - PROD: PROD: 开始执行 AKFilter2
2025-01-17 20:14:01,812 - INFO - PROD: PROD: AKFilter2 执行成功
2025-01-17 20:14:01,812 - INFO - PROD: PROD: AKFilter2 执行成功
2025-01-17 20:14:01,812 - INFO - PROD: PROD: 开始执行 AKFilter3
2025-01-17 20:14:02,764 - INFO - PROD: PROD: AKFilter3 执行成功
2025-01-17 20:14:02,764 - INFO - PROD: PROD: AKFilter3 执行成功
2025-01-17 20:14:02,764 - INFO - PROD: PROD: 所有过滤程序执行完成
2025-01-20 16:38:56,147 - INFO - PROD: PROD: 开始执行 AK 程序序列
2025-01-20 16:38:56,147 - INFO - PROD: PROD: 开始执行 AK001
2025-01-20 16:38:56,984 - INFO - PROD: PROD: AK001 执行成功
2025-01-20 16:38:56,984 - INFO - PROD: PROD: 开始执行 AK002
2025-01-20 16:38:57,009 - INFO - PROD: PROD: AK002 执行成功
2025-01-20 16:38:57,009 - INFO - PROD: PROD: 开始执行 AK003
2025-01-20 16:38:58,427 - INFO - PROD: PROD: AK003 执行成功
2025-01-20 16:38:58,427 - INFO - PROD: PROD: 开始执行 AK004
2025-01-20 16:38:58,468 - INFO - PROD: PROD: AK004 执行成功
2025-01-20 16:38:58,468 - INFO - PROD: PROD: 开始执行 AK005
2025-01-20 16:39:01,034 - INFO - PROD: PROD: AK005 执行成功
2025-01-20 16:39:01,034 - INFO - PROD: PROD: 开始执行 AK006
2025-01-20 16:39:17,246 - INFO - PROD: PROD: AK006 执行成功
2025-01-20 16:39:17,247 - INFO - PROD: PROD: 开始执行 AK007
2025-01-20 16:39:57,031 - INFO - PROD: PROD: AK007 执行成功
2025-01-20 16:39:57,032 - INFO - PROD: PROD: 开始执行 AK008
2025-01-20 16:40:01,095 - INFO - PROD: PROD: AK008 执行成功
2025-01-20 16:40:01,095 - INFO - PROD: PROD: 所有 AK 程序执行完成
2025-01-20 16:40:01,095 - INFO - PROD: PROD: 开始执行过滤程序
2025-01-20 16:40:01,095 - INFO - PROD: PROD: 开始执行 AKFilter1
2025-01-20 16:40:13,144 - INFO - PROD: PROD: AKFilter1 执行成功
2025-01-20 16:40:13,145 - INFO - PROD: PROD: AKFilter1 执行成功
2025-01-20 16:40:13,145 - INFO - PROD: PROD: 开始执行 AKFilter2
2025-01-20 16:40:13,829 - INFO - PROD: PROD: AKFilter2 执行成功
2025-01-20 16:40:13,829 - INFO - PROD: PROD: AKFilter2 执行成功
2025-01-20 16:40:13,829 - INFO - PROD: PROD: 开始执行 AKFilter3
2025-01-20 16:40:14,659 - INFO - PROD: PROD: AKFilter3 执行成功
2025-01-20 16:40:14,659 - INFO - PROD: PROD: AKFilter3 执行成功
2025-01-20 16:40:14,659 - INFO - PROD: PROD: 所有过滤程序执行完成
2025-01-21 20:13:15,385 - INFO - PROD: PROD: 开始执行 AK 程序序列
2025-01-21 20:13:15,387 - INFO - PROD: PROD: 开始执行 AK001
2025-01-21 20:13:19,343 - INFO - PROD: PROD: AK001 执行成功
2025-01-21 20:13:19,343 - INFO - PROD: PROD: 开始执行 AK002
2025-01-21 20:13:19,370 - INFO - PROD: PROD: AK002 执行成功
2025-01-21 20:13:19,370 - INFO - PROD: PROD: 开始执行 AK003
2025-01-21 20:13:23,317 - INFO - PROD: PROD: AK003 执行成功
2025-01-21 20:13:23,317 - INFO - PROD: PROD: 开始执行 AK004
2025-01-21 20:13:23,346 - INFO - PROD: PROD: AK004 执行成功
2025-01-21 20:13:23,346 - INFO - PROD: PROD: 开始执行 AK005
2025-01-21 20:13:26,155 - INFO - PROD: PROD: AK005 执行成功
2025-01-21 20:13:26,155 - INFO - PROD: PROD: 开始执行 AK006
2025-01-21 20:13:43,096 - INFO - PROD: PROD: AK006 执行成功
2025-01-21 20:13:43,096 - INFO - PROD: PROD: 开始执行 AK007
2025-01-21 20:14:26,713 - INFO - PROD: PROD: AK007 执行成功
2025-01-21 20:14:26,713 - INFO - PROD: PROD: 开始执行 AK008
2025-01-21 20:14:31,200 - INFO - PROD: PROD: AK008 执行成功
2025-01-21 20:14:31,200 - INFO - PROD: PROD: 所有 AK 程序执行完成
2025-01-21 20:14:31,200 - INFO - PROD: PROD: 开始执行过滤程序
2025-01-21 20:14:31,200 - INFO - PROD: PROD: 开始执行 AKFilter1
2025-01-21 20:14:33,229 - INFO - PROD: PROD: AKFilter1 执行成功
2025-01-21 20:14:33,229 - INFO - PROD: PROD: AKFilter1 执行成功
2025-01-21 20:14:33,229 - INFO - PROD: PROD: 开始执行 AKFilter2
2025-01-21 20:14:33,927 - INFO - PROD: PROD: AKFilter2 执行成功
2025-01-21 20:14:33,927 - INFO - PROD: PROD: AKFilter2 执行成功
2025-01-21 20:14:33,927 - INFO - PROD: PROD: 开始执行 AKFilter3
2025-01-21 20:14:34,837 - INFO - PROD: PROD: AKFilter3 执行成功
2025-01-21 20:14:34,837 - INFO - PROD: PROD: AKFilter3 执行成功
2025-01-21 20:14:34,837 - INFO - PROD: PROD: 所有过滤程序执行完成
2025-01-22 15:38:34,051 - INFO - PROD: PROD: 开始执行 AK 程序序列
2025-01-22 15:38:34,051 - INFO - PROD: PROD: 开始执行 AK001
2025-01-22 15:38:35,059 - INFO - PROD: PROD: AK001 执行成功
2025-01-22 15:38:35,059 - INFO - PROD: PROD: 开始执行 AK002
2025-01-22 15:38:35,072 - INFO - PROD: PROD: AK002 执行成功
2025-01-22 15:38:35,072 - INFO - PROD: PROD: 开始执行 AK003
2025-01-22 15:38:37,854 - INFO - PROD: PROD: AK003 执行成功
2025-01-22 15:38:37,854 - INFO - PROD: PROD: 开始执行 AK004
2025-01-22 15:38:37,882 - INFO - PROD: PROD: AK004 执行成功
2025-01-22 15:38:37,882 - INFO - PROD: PROD: 开始执行 AK005
2025-01-22 15:38:40,744 - INFO - PROD: PROD: AK005 执行成功
2025-01-22 15:38:40,745 - INFO - PROD: PROD: 开始执行 AK006
2025-01-22 15:38:58,687 - INFO - PROD: PROD: AK006 执行成功
2025-01-22 15:38:58,688 - INFO - PROD: PROD: 开始执行 AK007
2025-01-22 15:39:44,695 - INFO - PROD: PROD: AK007 执行成功
2025-01-22 15:39:44,695 - INFO - PROD: PROD: 开始执行 AK008
2025-01-22 15:39:49,237 - INFO - PROD: PROD: AK008 执行成功
2025-01-22 15:39:49,237 - INFO - PROD: PROD: 所有 AK 程序执行完成
2025-01-22 15:39:49,237 - INFO - PROD: PROD: 开始执行过滤程序
2025-01-22 15:39:49,237 - INFO - PROD: PROD: 开始执行 AKFilter1
2025-01-22 15:39:51,314 - INFO - PROD: PROD: AKFilter1 执行成功
2025-01-22 15:39:51,314 - INFO - PROD: PROD: AKFilter1 执行成功
2025-01-22 15:39:51,314 - INFO - PROD: PROD: 开始执行 AKFilter2
2025-01-22 15:39:52,001 - INFO - PROD: PROD: AKFilter2 执行成功
2025-01-22 15:39:52,001 - INFO - PROD: PROD: AKFilter2 执行成功
2025-01-22 15:39:52,001 - INFO - PROD: PROD: 开始执行 AKFilter3
2025-01-22 15:39:52,892 - INFO - PROD: PROD: AKFilter3 执行成功
2025-01-22 15:39:52,892 - INFO - PROD: PROD: AKFilter3 执行成功
2025-01-22 15:39:52,892 - INFO - PROD: PROD: 所有过滤程序执行完成
2025-01-23 16:12:56,864 - INFO - PROD: PROD: 开始执行 AK 程序序列
2025-01-23 16:12:56,864 - INFO - PROD: PROD: 开始执行 AK001
2025-01-23 16:12:58,987 - INFO - PROD: PROD: AK001 执行成功
2025-01-23 16:12:58,987 - INFO - PROD: PROD: 开始执行 AK002
2025-01-23 16:12:59,039 - INFO - PROD: PROD: AK002 执行成功
2025-01-23 16:12:59,039 - INFO - PROD: PROD: 开始执行 AK003
2025-01-23 16:13:01,332 - INFO - PROD: PROD: AK003 执行成功
2025-01-23 16:13:01,333 - INFO - PROD: PROD: 开始执行 AK004
2025-01-23 16:13:01,373 - INFO - PROD: PROD: AK004 执行成功
2025-01-23 16:13:01,374 - INFO - PROD: PROD: 开始执行 AK005
2025-01-23 16:13:04,432 - INFO - PROD: PROD: AK005 执行成功
2025-01-23 16:13:04,433 - INFO - PROD: PROD: 开始执行 AK006
2025-01-23 16:13:22,267 - INFO - PROD: PROD: AK006 执行成功
2025-01-23 16:13:22,267 - INFO - PROD: PROD: 开始执行 AK007
2025-01-23 16:14:09,534 - INFO - PROD: PROD: AK007 执行成功
2025-01-23 16:14:09,534 - INFO - PROD: PROD: 开始执行 AK008
2025-01-23 16:14:14,709 - INFO - PROD: PROD: AK008 执行成功
2025-01-23 16:14:14,709 - INFO - PROD: PROD: 所有 AK 程序执行完成
2025-01-23 16:14:14,709 - INFO - PROD: PROD: 开始执行过滤程序
2025-01-23 16:14:14,709 - INFO - PROD: PROD: 开始执行 AKFilter1
2025-01-23 16:14:16,925 - INFO - PROD: PROD: AKFilter1 执行成功
2025-01-23 16:14:16,925 - INFO - PROD: PROD: AKFilter1 执行成功
2025-01-23 16:14:16,925 - INFO - PROD: PROD: 开始执行 AKFilter2
2025-01-23 16:14:17,722 - INFO - PROD: PROD: AKFilter2 执行成功
2025-01-23 16:14:17,723 - INFO - PROD: PROD: AKFilter2 执行成功
2025-01-23 16:14:17,723 - INFO - PROD: PROD: 开始执行 AKFilter3
2025-01-23 16:14:18,739 - INFO - PROD: PROD: AKFilter3 执行成功
2025-01-23 16:14:18,739 - INFO - PROD: PROD: AKFilter3 执行成功
2025-01-23 16:14:18,739 - INFO - PROD: PROD: 所有过滤程序执行完成
2025-01-24 16:06:40,529 - INFO - PROD: PROD: 开始执行 AK 程序序列
2025-01-24 16:06:40,529 - INFO - PROD: PROD: 开始执行 AK001
2025-01-24 16:06:47,641 - INFO - PROD: PROD: AK001 执行成功
2025-01-24 16:06:47,641 - INFO - PROD: PROD: 开始执行 AK002
2025-01-24 16:06:47,678 - INFO - PROD: PROD: AK002 执行成功
2025-01-24 16:06:47,678 - INFO - PROD: PROD: 开始执行 AK003
2025-01-24 16:06:49,597 - INFO - PROD: PROD: AK003 执行成功
2025-01-24 16:06:49,597 - INFO - PROD: PROD: 开始执行 AK004
2025-01-24 16:06:49,649 - INFO - PROD: PROD: AK004 执行成功
2025-01-24 16:06:49,649 - INFO - PROD: PROD: 开始执行 AK005
2025-01-24 16:06:54,085 - INFO - PROD: PROD: AK005 执行成功
2025-01-24 16:06:54,085 - INFO - PROD: PROD: 开始执行 AK006
2025-01-24 16:07:17,001 - INFO - PROD: PROD: AK006 执行成功
2025-01-24 16:07:17,001 - INFO - PROD: PROD: 开始执行 AK007
2025-01-24 16:08:01,992 - INFO - PROD: PROD: AK007 执行成功
2025-01-24 16:08:01,993 - INFO - PROD: PROD: 开始执行 AK008
2025-01-24 16:08:06,609 - INFO - PROD: PROD: AK008 执行成功
2025-01-24 16:08:06,609 - INFO - PROD: PROD: 所有 AK 程序执行完成
2025-01-24 16:08:06,609 - INFO - PROD: PROD: 开始执行过滤程序
2025-01-24 16:08:06,609 - INFO - PROD: PROD: 开始执行 AKFilter1
2025-01-24 16:08:08,635 - INFO - PROD: PROD: AKFilter1 执行成功
2025-01-24 16:08:08,635 - INFO - PROD: PROD: AKFilter1 执行成功
2025-01-24 16:08:08,635 - INFO - PROD: PROD: 开始执行 AKFilter2
2025-01-24 16:08:09,321 - INFO - PROD: PROD: AKFilter2 执行成功
2025-01-24 16:08:09,321 - INFO - PROD: PROD: AKFilter2 执行成功
2025-01-24 16:08:09,321 - INFO - PROD: PROD: 开始执行 AKFilter3
2025-01-24 16:08:10,212 - INFO - PROD: PROD: AKFilter3 执行成功
2025-01-24 16:08:10,212 - INFO - PROD: PROD: AKFilter3 执行成功
2025-01-24 16:08:10,212 - INFO - PROD: PROD: 所有过滤程序执行完成
2025-01-28 07:34:15,873 - INFO - PROD: PROD: 开始执行 AK 程序序列
2025-01-28 07:34:15,873 - INFO - PROD: PROD: 开始执行 AK001
2025-01-28 07:34:16,761 - INFO - PROD: PROD: AK001 执行成功
2025-01-28 07:34:16,761 - INFO - PROD: PROD: 开始执行 AK002
2025-01-28 07:34:16,779 - INFO - PROD: PROD: AK002 执行成功
2025-01-28 07:34:16,779 - INFO - PROD: PROD: 开始执行 AK003
2025-01-28 07:34:18,063 - INFO - PROD: PROD: AK003 执行成功
2025-01-28 07:34:18,064 - INFO - PROD: PROD: 开始执行 AK004
2025-01-28 07:34:18,099 - INFO - PROD: PROD: AK004 执行成功
2025-01-28 07:34:18,099 - INFO - PROD: PROD: 开始执行 AK005
2025-01-28 07:34:20,908 - INFO - PROD: PROD: AK005 执行成功
2025-01-28 07:34:20,908 - INFO - PROD: PROD: 开始执行 AK006
2025-01-28 07:34:38,294 - INFO - PROD: PROD: AK006 执行成功
2025-01-28 07:34:38,294 - INFO - PROD: PROD: 开始执行 AK007
2025-01-28 07:35:23,149 - INFO - PROD: PROD: AK007 执行成功
2025-01-28 07:35:23,150 - INFO - PROD: PROD: 开始执行 AK008
2025-01-28 07:35:27,478 - INFO - PROD: PROD: AK008 执行成功
2025-01-28 07:35:27,479 - INFO - PROD: PROD: 所有 AK 程序执行完成
2025-01-28 07:35:27,479 - INFO - PROD: PROD: 开始执行过滤程序
2025-01-28 07:35:27,479 - INFO - PROD: PROD: 开始执行 AKFilter1
2025-01-28 07:35:29,761 - INFO - PROD: PROD: AKFilter1 执行成功
2025-01-28 07:35:29,761 - INFO - PROD: PROD: AKFilter1 执行成功
2025-01-28 07:35:29,761 - INFO - PROD: PROD: 开始执行 AKFilter2
2025-01-28 07:35:30,461 - INFO - PROD: PROD: AKFilter2 执行成功
2025-01-28 07:35:30,461 - INFO - PROD: PROD: AKFilter2 执行成功
2025-01-28 07:35:30,461 - INFO - PROD: PROD: 开始执行 AKFilter3
2025-01-28 07:35:31,378 - INFO - PROD: PROD: AKFilter3 执行成功
2025-01-28 07:35:31,378 - INFO - PROD: PROD: AKFilter3 执行成功
2025-01-28 07:35:31,378 - INFO - PROD: PROD: 所有过滤程序执行完成
2025-02-05 22:25:48,040 - INFO - PROD: PROD: 开始执行 AK 程序序列
2025-02-05 22:25:48,040 - INFO - PROD: PROD: 开始执行 AK001
2025-02-05 22:25:49,063 - INFO - PROD: PROD: AK001 执行成功
2025-02-05 22:25:49,063 - INFO - PROD: PROD: 开始执行 AK002
2025-02-05 22:25:49,095 - INFO - PROD: PROD: AK002 执行成功
2025-02-05 22:25:49,095 - INFO - PROD: PROD: 开始执行 AK003
2025-02-05 22:25:50,702 - INFO - PROD: PROD: AK003 执行成功
2025-02-05 22:25:50,702 - INFO - PROD: PROD: 开始执行 AK004
2025-02-05 22:25:50,731 - INFO - PROD: PROD: AK004 执行成功
2025-02-05 22:25:50,731 - INFO - PROD: PROD: 开始执行 AK005
2025-02-05 22:25:53,262 - INFO - PROD: PROD: AK005 执行成功
2025-02-05 22:25:53,263 - INFO - PROD: PROD: 开始执行 AK006
2025-02-05 22:26:09,680 - INFO - PROD: PROD: AK006 执行成功
2025-02-05 22:26:09,680 - INFO - PROD: PROD: 开始执行 AK007
2025-02-05 22:26:50,978 - INFO - PROD: PROD: AK007 执行成功
2025-02-05 22:26:50,979 - INFO - PROD: PROD: 开始执行 AK008
2025-02-05 22:26:55,260 - INFO - PROD: PROD: AK008 执行成功
2025-02-05 22:26:55,260 - INFO - PROD: PROD: 所有 AK 程序执行完成
2025-02-05 22:26:55,260 - INFO - PROD: PROD: 开始执行过滤程序
2025-02-05 22:26:55,260 - INFO - PROD: PROD: 开始执行 AKFilter1
2025-02-05 22:26:57,087 - INFO - PROD: PROD: AKFilter1 执行成功
2025-02-05 22:26:57,087 - INFO - PROD: PROD: AKFilter1 执行成功
2025-02-05 22:26:57,087 - INFO - PROD: PROD: 开始执行 AKFilter2
2025-02-05 22:26:57,737 - INFO - PROD: PROD: AKFilter2 执行成功
2025-02-05 22:26:57,737 - INFO - PROD: PROD: AKFilter2 执行成功
2025-02-05 22:26:57,737 - INFO - PROD: PROD: 开始执行 AKFilter3
2025-02-05 22:26:58,573 - INFO - PROD: PROD: AKFilter3 执行成功
2025-02-05 22:26:58,573 - INFO - PROD: PROD: AKFilter3 执行成功
2025-02-05 22:26:58,573 - INFO - PROD: PROD: 所有过滤程序执行完成
2025-02-06 22:14:18,441 - INFO - PROD: PROD: 开始执行 AK 程序序列
2025-02-06 22:14:18,441 - INFO - PROD: PROD: 开始执行 AK001
2025-02-06 22:14:19,249 - INFO - PROD: PROD: AK001 执行成功
2025-02-06 22:14:19,249 - INFO - PROD: PROD: 开始执行 AK002
2025-02-06 22:14:19,277 - INFO - PROD: PROD: AK002 执行成功
2025-02-06 22:14:19,277 - INFO - PROD: PROD: 开始执行 AK003
2025-02-06 22:14:20,445 - INFO - PROD: PROD: AK003 执行成功
2025-02-06 22:14:20,445 - INFO - PROD: PROD: 开始执行 AK004
2025-02-06 22:14:20,475 - INFO - PROD: PROD: AK004 执行成功
2025-02-06 22:14:20,475 - INFO - PROD: PROD: 开始执行 AK005
2025-02-06 22:14:22,933 - INFO - PROD: PROD: AK005 执行成功
2025-02-06 22:14:22,933 - INFO - PROD: PROD: 开始执行 AK006
2025-02-06 22:14:39,136 - INFO - PROD: PROD: AK006 执行成功
2025-02-06 22:14:39,136 - INFO - PROD: PROD: 开始执行 AK007
2025-02-06 22:15:20,601 - INFO - PROD: PROD: AK007 执行成功
2025-02-06 22:15:20,602 - INFO - PROD: PROD: 开始执行 AK008
2025-02-06 22:15:24,853 - INFO - PROD: PROD: AK008 执行成功
2025-02-06 22:15:24,853 - INFO - PROD: PROD: 所有 AK 程序执行完成
2025-02-06 22:15:24,853 - INFO - PROD: PROD: 开始执行过滤程序
2025-02-06 22:15:24,853 - INFO - PROD: PROD: 开始执行 AKFilter1
2025-02-06 22:15:26,771 - INFO - PROD: PROD: AKFilter1 执行成功
2025-02-06 22:15:26,771 - INFO - PROD: PROD: AKFilter1 执行成功
2025-02-06 22:15:26,771 - INFO - PROD: PROD: 开始执行 AKFilter2
2025-02-06 22:15:27,433 - INFO - PROD: PROD: AKFilter2 执行成功
2025-02-06 22:15:27,433 - INFO - PROD: PROD: AKFilter2 执行成功
2025-02-06 22:15:27,433 - INFO - PROD: PROD: 开始执行 AKFilter3
2025-02-06 22:15:28,292 - INFO - PROD: PROD: AKFilter3 执行成功
2025-02-06 22:15:28,292 - INFO - PROD: PROD: AKFilter3 执行成功
2025-02-06 22:15:28,292 - INFO - PROD: PROD: 所有过滤程序执行完成
2025-02-07 22:56:34,326 - INFO - PROD: PROD: 开始执行 AK 程序序列
2025-02-07 22:56:34,326 - INFO - PROD: PROD: 开始执行 AK001
2025-02-07 22:56:35,032 - INFO - PROD: PROD: AK001 执行成功
2025-02-07 22:56:35,032 - INFO - PROD: PROD: 开始执行 AK002
2025-02-07 22:56:35,070 - INFO - PROD: PROD: AK002 执行成功
2025-02-07 22:56:35,070 - INFO - PROD: PROD: 开始执行 AK003
2025-02-07 22:56:36,192 - INFO - PROD: PROD: AK003 执行成功
2025-02-07 22:56:36,192 - INFO - PROD: PROD: 开始执行 AK004
2025-02-07 22:56:36,222 - INFO - PROD: PROD: AK004 执行成功
2025-02-07 22:56:36,222 - INFO - PROD: PROD: 开始执行 AK005
2025-02-07 22:56:38,785 - INFO - PROD: PROD: AK005 执行成功
2025-02-07 22:56:38,785 - INFO - PROD: PROD: 开始执行 AK006
2025-02-07 22:56:55,197 - INFO - PROD: PROD: AK006 执行成功
2025-02-07 22:56:55,197 - INFO - PROD: PROD: 开始执行 AK007
2025-02-07 22:57:36,859 - INFO - PROD: PROD: AK007 执行成功
2025-02-07 22:57:36,859 - INFO - PROD: PROD: 开始执行 AK008
2025-02-07 22:57:41,489 - INFO - PROD: PROD: AK008 执行成功
2025-02-07 22:57:41,489 - INFO - PROD: PROD: 所有 AK 程序执行完成
2025-02-07 22:57:41,489 - INFO - PROD: PROD: 开始执行过滤程序
2025-02-07 22:57:41,489 - INFO - PROD: PROD: 开始执行 AKFilter1
2025-02-07 22:57:43,367 - INFO - PROD: PROD: AKFilter1 执行成功
2025-02-07 22:57:43,367 - INFO - PROD: PROD: AKFilter1 执行成功
2025-02-07 22:57:43,367 - INFO - PROD: PROD: 开始执行 AKFilter2
2025-02-07 22:57:44,021 - INFO - PROD: PROD: AKFilter2 执行成功
2025-02-07 22:57:44,021 - INFO - PROD: PROD: AKFilter2 执行成功
2025-02-07 22:57:44,021 - INFO - PROD: PROD: 开始执行 AKFilter3
2025-02-07 22:57:44,874 - INFO - PROD: PROD: AKFilter3 执行成功
2025-02-07 22:57:44,874 - INFO - PROD: PROD: AKFilter3 执行成功
2025-02-07 22:57:44,874 - INFO - PROD: PROD: 所有过滤程序执行完成
2025-02-10 16:39:01,749 - INFO - PROD: PROD: 开始执行 AK 程序序列
2025-02-10 16:39:01,749 - INFO - PROD: PROD: 开始执行 AK001
2025-02-10 16:39:03,211 - INFO - PROD: PROD: AK001 执行成功
2025-02-10 16:39:03,211 - INFO - PROD: PROD: 开始执行 AK002
2025-02-10 16:39:03,255 - INFO - PROD: PROD: AK002 执行成功
2025-02-10 16:39:03,255 - INFO - PROD: PROD: 开始执行 AK003
2025-02-10 16:39:05,338 - INFO - PROD: PROD: AK003 执行成功
2025-02-10 16:39:05,338 - INFO - PROD: PROD: 开始执行 AK004
2025-02-10 16:39:05,378 - INFO - PROD: PROD: AK004 执行成功
2025-02-10 16:39:05,378 - INFO - PROD: PROD: 开始执行 AK005
2025-02-10 16:39:08,274 - INFO - PROD: PROD: AK005 执行成功
2025-02-10 16:39:08,275 - INFO - PROD: PROD: 开始执行 AK006
2025-02-10 16:39:25,531 - INFO - PROD: PROD: AK006 执行成功
2025-02-10 16:39:25,531 - INFO - PROD: PROD: 开始执行 AK007
2025-02-10 16:40:08,630 - INFO - PROD: PROD: AK007 执行成功
2025-02-10 16:40:08,631 - INFO - PROD: PROD: 开始执行 AK008
2025-02-10 16:40:13,731 - INFO - PROD: PROD: AK008 执行成功
2025-02-10 16:40:13,731 - INFO - PROD: PROD: 所有 AK 程序执行完成
2025-02-10 16:40:13,731 - INFO - PROD: PROD: 开始执行过滤程序
2025-02-10 16:40:13,731 - INFO - PROD: PROD: 开始执行 AKFilter1
2025-02-10 16:40:15,682 - INFO - PROD: PROD: AKFilter1 执行成功
2025-02-10 16:40:15,683 - INFO - PROD: PROD: AKFilter1 执行成功
2025-02-10 16:40:15,683 - INFO - PROD: PROD: 开始执行 AKFilter2
2025-02-10 16:40:16,313 - INFO - PROD: PROD: AKFilter2 执行成功
2025-02-10 16:40:16,314 - INFO - PROD: PROD: AKFilter2 执行成功
2025-02-10 16:40:16,314 - INFO - PROD: PROD: 开始执行 AKFilter3
2025-02-10 16:40:17,177 - INFO - PROD: PROD: AKFilter3 执行成功
2025-02-10 16:40:17,177 - INFO - PROD: PROD: AKFilter3 执行成功
2025-02-10 16:40:17,177 - INFO - PROD: PROD: 所有过滤程序执行完成
2025-02-11 15:42:44,068 - INFO - PROD: PROD: 开始执行 AK 程序序列
2025-02-11 15:42:44,068 - INFO - PROD: PROD: 开始执行 AK001
2025-02-11 15:42:44,976 - INFO - PROD: PROD: AK001 执行成功
2025-02-11 15:42:44,976 - INFO - PROD: PROD: 开始执行 AK002
2025-02-11 15:42:45,018 - INFO - PROD: PROD: AK002 执行成功
2025-02-11 15:42:45,018 - INFO - PROD: PROD: 开始执行 AK003
2025-02-11 15:42:46,327 - INFO - PROD: PROD: AK003 执行成功
2025-02-11 15:42:46,327 - INFO - PROD: PROD: 开始执行 AK004
2025-02-11 15:42:46,358 - INFO - PROD: PROD: AK004 执行成功
2025-02-11 15:42:46,358 - INFO - PROD: PROD: 开始执行 AK005
2025-02-11 15:42:49,182 - INFO - PROD: PROD: AK005 执行成功
2025-02-11 15:42:49,182 - INFO - PROD: PROD: 开始执行 AK006
2025-02-11 15:43:06,374 - INFO - PROD: PROD: AK006 执行成功
2025-02-11 15:43:06,375 - INFO - PROD: PROD: 开始执行 AK007
2025-02-11 15:43:52,339 - INFO - PROD: PROD: AK007 执行成功
2025-02-11 15:43:52,339 - INFO - PROD: PROD: 开始执行 AK008
2025-02-11 15:43:56,790 - INFO - PROD: PROD: AK008 执行成功
2025-02-11 15:43:56,790 - INFO - PROD: PROD: 所有 AK 程序执行完成
2025-02-11 15:43:56,790 - INFO - PROD: PROD: 开始执行过滤程序
2025-02-11 15:43:56,790 - INFO - PROD: PROD: 开始执行 AKFilter1
2025-02-11 15:43:58,692 - INFO - PROD: PROD: AKFilter1 执行成功
2025-02-11 15:43:58,693 - INFO - PROD: PROD: AKFilter1 执行成功
2025-02-11 15:43:58,693 - INFO - PROD: PROD: 开始执行 AKFilter2
2025-02-11 15:43:59,380 - INFO - PROD: PROD: AKFilter2 执行成功
2025-02-11 15:43:59,380 - INFO - PROD: PROD: AKFilter2 执行成功
2025-02-11 15:43:59,380 - INFO - PROD: PROD: 开始执行 AKFilter3
2025-02-11 15:44:00,263 - INFO - PROD: PROD: AKFilter3 执行成功
2025-02-11 15:44:00,263 - INFO - PROD: PROD: AKFilter3 执行成功
2025-02-11 15:44:00,263 - INFO - PROD: PROD: 所有过滤程序执行完成
2025-02-12 16:11:49,682 - INFO - PROD: PROD: 开始执行 AK 程序序列
2025-02-12 16:11:49,682 - INFO - PROD: PROD: 开始执行 AK001
2025-02-12 16:11:50,933 - INFO - PROD: PROD: AK001 执行成功
2025-02-12 16:11:50,933 - INFO - PROD: PROD: 开始执行 AK002
2025-02-12 16:11:50,963 - INFO - PROD: PROD: AK002 执行成功
2025-02-12 16:11:50,963 - INFO - PROD: PROD: 开始执行 AK003
2025-02-12 16:11:52,630 - INFO - PROD: PROD: AK003 执行成功
2025-02-12 16:11:52,630 - INFO - PROD: PROD: 开始执行 AK004
2025-02-12 16:11:52,666 - INFO - PROD: PROD: AK004 执行成功
2025-02-12 16:11:52,666 - INFO - PROD: PROD: 开始执行 AK005
2025-02-12 16:11:55,308 - INFO - PROD: PROD: AK005 执行成功
2025-02-12 16:11:55,309 - INFO - PROD: PROD: 开始执行 AK006
2025-02-12 16:12:12,150 - INFO - PROD: PROD: AK006 执行成功
2025-02-12 16:12:12,150 - INFO - PROD: PROD: 开始执行 AK007
2025-02-12 16:12:52,745 - INFO - PROD: PROD: AK007 执行成功
2025-02-12 16:12:52,746 - INFO - PROD: PROD: 开始执行 AK008
2025-02-12 16:12:57,217 - INFO - PROD: PROD: AK008 执行成功
2025-02-12 16:12:57,217 - INFO - PROD: PROD: 所有 AK 程序执行完成
2025-02-12 16:12:57,217 - INFO - PROD: PROD: 开始执行过滤程序
2025-02-12 16:12:57,217 - INFO - PROD: PROD: 开始执行 AKFilter1
2025-02-12 16:12:59,067 - INFO - PROD: PROD: AKFilter1 执行成功
2025-02-12 16:12:59,067 - INFO - PROD: PROD: AKFilter1 执行成功
2025-02-12 16:12:59,067 - INFO - PROD: PROD: 开始执行 AKFilter2
2025-02-12 16:12:59,713 - INFO - PROD: PROD: AKFilter2 执行成功
2025-02-12 16:12:59,713 - INFO - PROD: PROD: AKFilter2 执行成功
2025-02-12 16:12:59,713 - INFO - PROD: PROD: 开始执行 AKFilter3
2025-02-12 16:13:00,589 - INFO - PROD: PROD: AKFilter3 执行成功
2025-02-12 16:13:00,589 - INFO - PROD: PROD: AKFilter3 执行成功
2025-02-12 16:13:00,589 - INFO - PROD: PROD: 所有过滤程序执行完成
