2024-12-24 15:44:06,023 - INFO - PROD: 开始执行 AKFilter2 过滤程序...
2024-12-24 15:44:06,040 - INFO - PROD: 从 Filter1Out.csv 读取到 4911 个股票代码
2024-12-24 15:44:14,020 - INFO - PROD: 
过滤结果统计:
2024-12-24 15:44:14,021 - INFO - PROD: 过滤前股票数量: 4911
2024-12-24 15:44:14,021 - INFO - PROD: 过滤后股票数量: 3713
2024-12-24 15:44:14,021 - INFO - PROD: 过滤掉的股票数量: 1198
2024-12-24 15:44:14,021 - INFO - PROD: 过滤比例: 24.39%
2024-12-24 15:44:14,022 - INFO - PROD: 处理耗时: 7.98 秒
2024-12-24 15:44:14,161 - INFO - 过滤结果已保存: Filter2, 输入:4911, 输出:3713
2024-12-24 15:44:14,171 - INFO - PROD: 已将过滤后的股票保存至 Filter2Out.csv
2024-12-24 15:44:14,171 - INFO - PROD: 
AKFilter2 过滤程序执行完成
2024-12-24 16:35:47,147 - INFO - PROD: 开始执行 AKFilter2 过滤程序...
2024-12-24 16:35:47,147 - INFO - PROD: 当前时间 16:35 晚于收盘时间 16:00，将 2024-12-24 视为处理日期。
2024-12-24 16:35:47,147 - INFO - PROD: 处理日期: 2024-12-24
2024-12-24 16:35:47,194 - INFO - PROD: 从 Filter1Out.csv 读取到 4911 个股票代码
2024-12-24 16:35:48,001 - INFO - PROD: 
过滤结果统计:
2024-12-24 16:35:48,001 - INFO - PROD: 过滤前股票数量: 4911
2024-12-24 16:35:48,001 - INFO - PROD: 过滤后股票数量: 3797
2024-12-24 16:35:48,001 - INFO - PROD: 过滤掉的股票数量: 1114
2024-12-24 16:35:48,001 - INFO - PROD: 过滤比例: 22.68%
2024-12-24 16:35:48,001 - INFO - PROD: 处理耗时: 0.81 秒
2024-12-24 16:35:48,008 - INFO - 过滤结果已保存: Filter2, 输入:4911, 输出:3797
2024-12-24 16:35:48,013 - INFO - PROD: 已将过滤后的股票保存至 Filter2Out.csv
2024-12-24 16:35:48,014 - INFO - PROD: 
AKFilter2 过滤程序执行完成
2024-12-24 21:54:31,994 - INFO - PROD: 开始执行 AKFilter2 过滤程序...
2024-12-24 21:54:31,995 - INFO - PROD: 当前时间 21:54 晚于收盘时间 16:00，将 2024-12-24 视为处理日期。
2024-12-24 21:54:31,995 - INFO - PROD: 处理日期: 2024-12-24
2024-12-24 21:54:32,040 - INFO - PROD: 从 Filter1Out.csv 读取到 4911 个股票代码
2024-12-24 21:54:32,758 - INFO - PROD: 
过滤结果统计:
2024-12-24 21:54:32,758 - INFO - PROD: 过滤前股票数量: 4911
2024-12-24 21:54:32,758 - INFO - PROD: 过滤后股票数量: 3797
2024-12-24 21:54:32,758 - INFO - PROD: 过滤掉的股票数量: 1114
2024-12-24 21:54:32,758 - INFO - PROD: 过滤比例: 22.68%
2024-12-24 21:54:32,759 - INFO - PROD: 处理耗时: 0.72 秒
2024-12-24 21:54:32,765 - INFO - 过滤结果已保存: Filter2, 输入:4911, 输出:3797
2024-12-24 21:54:32,769 - INFO - PROD: 已将过滤后的股票保存至 Filter2Out.csv
2024-12-24 21:54:32,769 - INFO - PROD: 
AKFilter2 过滤程序执行完成
2024-12-24 22:00:46,563 - INFO - PROD: 开始执行 AKFilter2 过滤程序...
2024-12-24 22:00:46,564 - INFO - PROD: 当前时间 22:00 晚于收盘时间 16:00，将 2024-12-24 视为处理日期。
2024-12-24 22:00:46,564 - INFO - PROD: 处理日期: 2024-12-24
2024-12-24 22:00:46,570 - INFO - PROD: 从 Filter1Out.csv 读取到 4863 个股票代码
2024-12-24 22:00:47,159 - INFO - PROD: 
过滤结果统计:
2024-12-24 22:00:47,159 - INFO - PROD: 过滤前股票数量: 4863
2024-12-24 22:00:47,159 - INFO - PROD: 过滤后股票数量: 3805
2024-12-24 22:00:47,159 - INFO - PROD: 过滤掉的股票数量: 1058
2024-12-24 22:00:47,159 - INFO - PROD: 过滤比例: 21.76%
2024-12-24 22:00:47,159 - INFO - PROD: 处理耗时: 0.59 秒
2024-12-24 22:00:47,161 - INFO - 过滤结果已保存: Filter2, 输入:4863, 输出:3805
2024-12-24 22:00:47,164 - INFO - PROD: 已将过滤后的股票保存至 Filter2Out.csv
2024-12-24 22:00:47,165 - INFO - PROD: 
AKFilter2 过滤程序执行完成
2024-12-25 16:04:03,960 - INFO - PROD: 开始执行 AKFilter2 过滤程序...
2024-12-25 16:04:03,960 - INFO - PROD: 当前时间 16:04 晚于收盘时间 15:30，将 2024-12-25 视为处理日期。
2024-12-25 16:04:03,960 - INFO - PROD: 处理日期: 2024-12-25
2024-12-25 16:04:03,965 - INFO - PROD: 从 Filter1Out.csv 读取到 4955 个股票代码
2024-12-25 16:04:04,551 - INFO - PROD: 
过滤结果统计:
2024-12-25 16:04:04,551 - INFO - PROD: 过滤前股票数量: 4955
2024-12-25 16:04:04,551 - INFO - PROD: 过滤后股票数量: 3648
2024-12-25 16:04:04,551 - INFO - PROD: 过滤掉的股票数量: 1307
2024-12-25 16:04:04,551 - INFO - PROD: 过滤比例: 26.38%
2024-12-25 16:04:04,551 - INFO - PROD: 处理耗时: 0.59 秒
2024-12-25 16:04:04,552 - INFO - PROD: 过滤结果已保存到数据库
2024-12-25 16:04:04,555 - INFO - PROD: 已将过滤后的股票保存至 Filter2Out.csv
2024-12-25 16:04:04,555 - INFO - PROD: 
AKFilter2 过滤程序执行完成
2024-12-26 22:00:08,211 - INFO - PROD: 开始执行 AKFilter2 过滤程序...
2024-12-26 22:00:08,212 - INFO - PROD: 当前时间 22:00 晚于收盘时间 15:30，将 2024-12-26 视为处理日期。
2024-12-26 22:00:08,212 - INFO - PROD: 处理日期: 2024-12-26
2024-12-26 22:00:08,217 - INFO - PROD: 从 Filter1Out.csv 读取到 4833 个股票代码
2024-12-26 22:00:08,779 - INFO - PROD: 
过滤结果统计:
2024-12-26 22:00:08,779 - INFO - PROD: 过滤前股票数量: 4833
2024-12-26 22:00:08,779 - INFO - PROD: 过滤后股票数量: 3628
2024-12-26 22:00:08,779 - INFO - PROD: 过滤掉的股票数量: 1205
2024-12-26 22:00:08,779 - INFO - PROD: 过滤比例: 24.93%
2024-12-26 22:00:08,779 - INFO - PROD: 处理耗时: 0.56 秒
2024-12-26 22:00:08,780 - INFO - PROD: 过滤结果已保存到数据库
2024-12-26 22:00:08,783 - INFO - PROD: 已将过滤后的股票保存至 Filter2Out.csv
2024-12-26 22:00:08,783 - INFO - PROD: 
AKFilter2 过滤程序执行完成
2024-12-27 09:03:01,263 - INFO - PROD: 开始执行 AKFilter2 过滤程序...
2024-12-27 09:03:01,263 - INFO - PROD: 当前时间 09:03 早于收盘时间 15:30，将 2024-12-26 视为处理日期。
2024-12-27 09:03:01,264 - INFO - PROD: 处理日期: 2024-12-26
2024-12-27 09:03:01,312 - INFO - PROD: 从 Filter1Out.csv 读取到 4833 个股票代码
2024-12-27 09:03:02,074 - INFO - PROD: 
过滤结果统计:
2024-12-27 09:03:02,075 - INFO - PROD: 过滤前股票数量: 4833
2024-12-27 09:03:02,075 - INFO - PROD: 过滤后股票数量: 3628
2024-12-27 09:03:02,075 - INFO - PROD: 过滤掉的股票数量: 1205
2024-12-27 09:03:02,075 - INFO - PROD: 过滤比例: 24.93%
2024-12-27 09:03:02,075 - INFO - PROD: 处理耗时: 0.76 秒
2024-12-27 09:03:02,079 - INFO - PROD: Debug信息已保存至 debug_filter2.csv
2024-12-27 09:03:02,086 - INFO - PROD: 过滤结果已保存到数据库
2024-12-27 09:03:02,088 - INFO - PROD: 请增加DEBUG逻辑
2024-12-27 09:03:02,090 - INFO - PROD: 已将过滤后的股票保存至 Filter2Out.csv
2024-12-27 09:03:02,090 - INFO - PROD: 
AKFilter2 过滤程序执行完成
2024-12-27 16:50:31,391 - INFO - PROD: 开始执行 AKFilter2 过滤程序...
2024-12-27 16:50:31,392 - INFO - PROD: 当前时间 16:50 晚于收盘时间 15:30，将 2024-12-27 视为处理日期。
2024-12-27 16:50:31,392 - INFO - PROD: 处理日期: 2024-12-27
2024-12-27 16:50:31,396 - INFO - PROD: 从 Filter1Out.csv 读取到 4892 个股票代码
2024-12-27 16:50:32,089 - INFO - PROD: 
过滤结果统计:
2024-12-27 16:50:32,089 - INFO - PROD: 过滤前股票数量: 4892
2024-12-27 16:50:32,089 - INFO - PROD: 过滤后股票数量: 3817
2024-12-27 16:50:32,089 - INFO - PROD: 过滤掉的股票数量: 1075
2024-12-27 16:50:32,089 - INFO - PROD: 过滤比例: 21.97%
2024-12-27 16:50:32,089 - INFO - PROD: 处理耗时: 0.69 秒
2024-12-27 16:50:32,093 - INFO - PROD: Debug信息已保存至 debug_filter2.csv
2024-12-27 16:50:32,094 - INFO - PROD: 过滤结果已保存到数据库
2024-12-27 16:50:32,097 - INFO - PROD: 已将过滤后的股票保存至 Filter2Out.csv
2024-12-27 16:50:32,097 - INFO - PROD: 
AKFilter2 过滤程序执行完成
2024-12-30 16:35:40,868 - INFO - PROD: 开始执行 AKFilter2 过滤程序...
2024-12-30 16:35:40,868 - INFO - PROD: 当前时间 16:35 晚于收盘时间 15:30，将 2024-12-30 视为处理日期。
2024-12-30 16:35:40,868 - INFO - PROD: 处理日期: 2024-12-30
2024-12-30 16:35:40,872 - INFO - PROD: 从 Filter1Out.csv 读取到 4878 个股票代码
2024-12-30 16:35:41,512 - INFO - PROD: 
过滤结果统计:
2024-12-30 16:35:41,512 - INFO - PROD: 过滤前股票数量: 4878
2024-12-30 16:35:41,512 - INFO - PROD: 过滤后股票数量: 3704
2024-12-30 16:35:41,512 - INFO - PROD: 过滤掉的股票数量: 1174
2024-12-30 16:35:41,512 - INFO - PROD: 过滤比例: 24.07%
2024-12-30 16:35:41,512 - INFO - PROD: 处理耗时: 0.64 秒
2024-12-30 16:35:41,515 - INFO - PROD: Debug信息已保存至 debug_filter2.csv
2024-12-30 16:35:41,516 - INFO - PROD: 过滤结果已保存到数据库
2024-12-30 16:35:41,518 - INFO - PROD: 已将过滤后的股票保存至 Filter2Out.csv
2024-12-30 16:35:41,518 - INFO - PROD: 
AKFilter2 过滤程序执行完成
2024-12-31 23:54:30,256 - INFO - PROD: 开始执行 AKFilter2 过滤程序...
2024-12-31 23:54:30,256 - INFO - PROD: 当前时间 23:54 晚于收盘时间 15:30，将 2024-12-31 视为处理日期。
2024-12-31 23:54:30,256 - INFO - PROD: 处理日期: 2024-12-31
2024-12-31 23:54:30,260 - INFO - PROD: 从 Filter1Out.csv 读取到 4929 个股票代码
2024-12-31 23:54:30,879 - INFO - PROD: 
过滤结果统计:
2024-12-31 23:54:30,879 - INFO - PROD: 过滤前股票数量: 4929
2024-12-31 23:54:30,879 - INFO - PROD: 过滤后股票数量: 3409
2024-12-31 23:54:30,879 - INFO - PROD: 过滤掉的股票数量: 1520
2024-12-31 23:54:30,879 - INFO - PROD: 过滤比例: 30.84%
2024-12-31 23:54:30,879 - INFO - PROD: 处理耗时: 0.62 秒
2024-12-31 23:54:30,884 - INFO - PROD: Debug信息已保存至 debug_filter2.csv
2024-12-31 23:54:30,884 - INFO - PROD: 过滤结果已保存到数据库
2024-12-31 23:54:30,886 - INFO - PROD: 已将过滤后的股票保存至 Filter2Out.csv
2024-12-31 23:54:30,886 - INFO - PROD: 
AKFilter2 过滤程序执行完成
2025-01-03 16:31:16,570 - INFO - PROD: 开始执行 AKFilter2 过滤程序...
2025-01-03 16:31:16,571 - INFO - PROD: 当前时间 16:31 晚于收盘时间 15:30，将 2025-01-03 视为处理日期。
2025-01-03 16:31:16,571 - INFO - PROD: 处理日期: 2025-01-03
2025-01-03 16:31:16,576 - INFO - PROD: 从 Filter1Out.csv 读取到 4942 个股票代码
2025-01-03 16:31:17,241 - INFO - PROD: 
过滤结果统计:
2025-01-03 16:31:17,241 - INFO - PROD: 过滤前股票数量: 4942
2025-01-03 16:31:17,241 - INFO - PROD: 过滤后股票数量: 2435
2025-01-03 16:31:17,241 - INFO - PROD: 过滤掉的股票数量: 2507
2025-01-03 16:31:17,241 - INFO - PROD: 过滤比例: 50.73%
2025-01-03 16:31:17,241 - INFO - PROD: 处理耗时: 0.66 秒
2025-01-03 16:31:17,249 - INFO - PROD: Debug信息已保存至 debug_filter2.csv
2025-01-03 16:31:17,250 - INFO - PROD: 过滤结果已保存到数据库
2025-01-03 16:31:17,252 - INFO - PROD: 已将过滤后的股票保存至 Filter2Out.csv
2025-01-03 16:31:17,252 - INFO - PROD: 
AKFilter2 过滤程序执行完成
2025-01-06 15:49:38,745 - INFO - PROD: 开始执行 AKFilter2 过滤程序...
2025-01-06 15:49:38,746 - INFO - PROD: 当前时间 15:49 晚于收盘时间 15:30，将 2025-01-06 视为处理日期。
2025-01-06 15:49:38,746 - INFO - PROD: 处理日期: 2025-01-06
2025-01-06 15:49:38,750 - INFO - PROD: 从 Filter1Out.csv 读取到 4920 个股票代码
2025-01-06 15:49:39,403 - INFO - PROD: 
过滤结果统计:
2025-01-06 15:49:39,403 - INFO - PROD: 过滤前股票数量: 4920
2025-01-06 15:49:39,403 - INFO - PROD: 过滤后股票数量: 2372
2025-01-06 15:49:39,403 - INFO - PROD: 过滤掉的股票数量: 2548
2025-01-06 15:49:39,404 - INFO - PROD: 过滤比例: 51.79%
2025-01-06 15:49:39,404 - INFO - PROD: 处理耗时: 0.65 秒
2025-01-06 15:49:39,410 - INFO - PROD: Debug信息已保存至 debug_filter2.csv
2025-01-06 15:49:39,411 - INFO - PROD: 过滤结果已保存到数据库
2025-01-06 15:49:39,413 - INFO - PROD: 已将过滤后的股票保存至 Filter2Out.csv
2025-01-06 15:49:39,413 - INFO - PROD: 
AKFilter2 过滤程序执行完成
2025-01-07 20:40:41,765 - INFO - PROD: 开始执行 AKFilter2 过滤程序...
2025-01-07 20:40:41,766 - INFO - PROD: 当前时间 20:40 晚于收盘时间 15:30，将 2025-01-07 视为处理日期。
2025-01-07 20:40:41,766 - INFO - PROD: 处理日期: 2025-01-07
2025-01-07 20:40:41,769 - INFO - PROD: 从 Filter1Out.csv 读取到 4852 个股票代码
2025-01-07 20:40:42,415 - INFO - PROD: 
过滤结果统计:
2025-01-07 20:40:42,415 - INFO - PROD: 过滤前股票数量: 4852
2025-01-07 20:40:42,415 - INFO - PROD: 过滤后股票数量: 2574
2025-01-07 20:40:42,415 - INFO - PROD: 过滤掉的股票数量: 2278
2025-01-07 20:40:42,415 - INFO - PROD: 过滤比例: 46.95%
2025-01-07 20:40:42,415 - INFO - PROD: 处理耗时: 0.65 秒
2025-01-07 20:40:42,422 - INFO - PROD: Debug信息已保存至 debug_filter2.csv
2025-01-07 20:40:42,423 - INFO - PROD: 过滤结果已保存到数据库
2025-01-07 20:40:42,425 - INFO - PROD: 已将过滤后的股票保存至 Filter2Out.csv
2025-01-07 20:40:42,425 - INFO - PROD: 
AKFilter2 过滤程序执行完成
2025-01-08 16:41:52,277 - INFO - PROD: 开始执行 AKFilter2 过滤程序...
2025-01-08 16:41:52,277 - INFO - PROD: 当前时间 16:41 晚于收盘时间 15:30，将 2025-01-08 视为处理日期。
2025-01-08 16:41:52,277 - INFO - PROD: 处理日期: 2025-01-08
2025-01-08 16:41:52,281 - INFO - PROD: 从 Filter1Out.csv 读取到 4841 个股票代码
2025-01-08 16:41:52,941 - INFO - PROD: 
过滤结果统计:
2025-01-08 16:41:52,941 - INFO - PROD: 过滤前股票数量: 4841
2025-01-08 16:41:52,941 - INFO - PROD: 过滤后股票数量: 2510
2025-01-08 16:41:52,941 - INFO - PROD: 过滤掉的股票数量: 2331
2025-01-08 16:41:52,941 - INFO - PROD: 过滤比例: 48.15%
2025-01-08 16:41:52,941 - INFO - PROD: 处理耗时: 0.66 秒
2025-01-08 16:41:52,948 - INFO - PROD: Debug信息已保存至 debug_filter2.csv
2025-01-08 16:41:52,949 - INFO - PROD: 过滤结果已保存到数据库
2025-01-08 16:41:52,951 - INFO - PROD: 已将过滤后的股票保存至 Filter2Out.csv
2025-01-08 16:41:52,951 - INFO - PROD: 
AKFilter2 过滤程序执行完成
2025-01-09 22:08:17,001 - INFO - PROD: 开始执行 AKFilter2 过滤程序...
2025-01-09 22:08:17,002 - INFO - PROD: 当前时间 22:08 晚于收盘时间 15:30，将 2025-01-09 视为处理日期。
2025-01-09 22:08:17,002 - INFO - PROD: 处理日期: 2025-01-09
2025-01-09 22:08:17,005 - INFO - PROD: 从 Filter1Out.csv 读取到 4780 个股票代码
2025-01-09 22:08:17,667 - INFO - PROD: 
过滤结果统计:
2025-01-09 22:08:17,667 - INFO - PROD: 过滤前股票数量: 4780
2025-01-09 22:08:17,667 - INFO - PROD: 过滤后股票数量: 2453
2025-01-09 22:08:17,667 - INFO - PROD: 过滤掉的股票数量: 2327
2025-01-09 22:08:17,667 - INFO - PROD: 过滤比例: 48.68%
2025-01-09 22:08:17,667 - INFO - PROD: 处理耗时: 0.66 秒
2025-01-09 22:08:17,673 - INFO - PROD: Debug信息已保存至 debug_filter2.csv
2025-01-09 22:08:17,674 - INFO - PROD: 过滤结果已保存到数据库
2025-01-09 22:08:17,675 - INFO - PROD: 已将过滤后的股票保存至 Filter2Out.csv
2025-01-09 22:08:17,675 - INFO - PROD: 
AKFilter2 过滤程序执行完成
2025-01-10 21:44:48,634 - INFO - PROD: 开始执行 AKFilter2 过滤程序...
2025-01-10 21:44:48,634 - INFO - PROD: 当前时间 21:44 晚于收盘时间 15:30，将 2025-01-10 视为处理日期。
2025-01-10 21:44:48,635 - INFO - PROD: 处理日期: 2025-01-10
2025-01-10 21:44:48,638 - INFO - PROD: 从 Filter1Out.csv 读取到 4912 个股票代码
2025-01-10 21:44:49,309 - INFO - PROD: 
过滤结果统计:
2025-01-10 21:44:49,309 - INFO - PROD: 过滤前股票数量: 4912
2025-01-10 21:44:49,309 - INFO - PROD: 过滤后股票数量: 2280
2025-01-10 21:44:49,309 - INFO - PROD: 过滤掉的股票数量: 2632
2025-01-10 21:44:49,309 - INFO - PROD: 过滤比例: 53.58%
2025-01-10 21:44:49,309 - INFO - PROD: 处理耗时: 0.67 秒
2025-01-10 21:44:49,316 - INFO - PROD: Debug信息已保存至 debug_filter2.csv
2025-01-10 21:44:49,319 - INFO - PROD: 过滤结果已保存到数据库
2025-01-10 21:44:49,321 - INFO - PROD: 已将过滤后的股票保存至 Filter2Out.csv
2025-01-10 21:44:49,321 - INFO - PROD: 
AKFilter2 过滤程序执行完成
2025-01-13 20:38:12,357 - INFO - PROD: 开始执行 AKFilter2 过滤程序...
2025-01-13 20:38:12,358 - INFO - PROD: 当前时间 20:38 晚于收盘时间 15:30，将 2025-01-13 视为处理日期。
2025-01-13 20:38:12,358 - INFO - PROD: 处理日期: 2025-01-13
2025-01-13 20:38:12,365 - INFO - PROD: 从 Filter1Out.csv 读取到 4908 个股票代码
2025-01-13 20:38:13,035 - INFO - PROD: 
过滤结果统计:
2025-01-13 20:38:13,035 - INFO - PROD: 过滤前股票数量: 4908
2025-01-13 20:38:13,035 - INFO - PROD: 过滤后股票数量: 2225
2025-01-13 20:38:13,035 - INFO - PROD: 过滤掉的股票数量: 2683
2025-01-13 20:38:13,035 - INFO - PROD: 过滤比例: 54.67%
2025-01-13 20:38:13,035 - INFO - PROD: 处理耗时: 0.67 秒
2025-01-13 20:38:13,043 - INFO - PROD: Debug信息已保存至 debug_filter2.csv
2025-01-13 20:38:13,043 - INFO - PROD: 过滤结果已保存到数据库
2025-01-13 20:38:13,045 - INFO - PROD: 已将过滤后的股票保存至 Filter2Out.csv
2025-01-13 20:38:13,045 - INFO - PROD: 
AKFilter2 过滤程序执行完成
2025-01-14 17:55:38,875 - INFO - PROD: 开始执行 AKFilter2 过滤程序...
2025-01-14 17:55:38,875 - INFO - PROD: 当前时间 17:55 晚于收盘时间 15:30，将 2025-01-14 视为处理日期。
2025-01-14 17:55:38,875 - INFO - PROD: 处理日期: 2025-01-14
2025-01-14 17:55:38,879 - INFO - PROD: 从 Filter1Out.csv 读取到 4780 个股票代码
2025-01-14 17:55:39,663 - INFO - PROD: 
过滤结果统计:
2025-01-14 17:55:39,664 - INFO - PROD: 过滤前股票数量: 4780
2025-01-14 17:55:39,664 - INFO - PROD: 过滤后股票数量: 2730
2025-01-14 17:55:39,664 - INFO - PROD: 过滤掉的股票数量: 2050
2025-01-14 17:55:39,664 - INFO - PROD: 过滤比例: 42.89%
2025-01-14 17:55:39,664 - INFO - PROD: 处理耗时: 0.78 秒
2025-01-14 17:55:39,671 - INFO - PROD: Debug信息已保存至 debug_filter2.csv
2025-01-14 17:55:39,671 - INFO - PROD: 过滤结果已保存到数据库
2025-01-14 17:55:39,673 - INFO - PROD: 已将过滤后的股票保存至 Filter2Out.csv
2025-01-14 17:55:39,673 - INFO - PROD: 
AKFilter2 过滤程序执行完成
2025-01-15 21:17:15,780 - INFO - PROD: 开始执行 AKFilter2 过滤程序...
2025-01-15 21:17:15,780 - INFO - PROD: 当前时间 21:17 晚于收盘时间 15:30，将 2025-01-15 视为处理日期。
2025-01-15 21:17:15,780 - INFO - PROD: 处理日期: 2025-01-15
2025-01-15 21:17:15,785 - INFO - PROD: 从 Filter1Out.csv 读取到 4830 个股票代码
2025-01-15 21:17:16,441 - INFO - PROD: 
过滤结果统计:
2025-01-15 21:17:16,442 - INFO - PROD: 过滤前股票数量: 4830
2025-01-15 21:17:16,442 - INFO - PROD: 过滤后股票数量: 2710
2025-01-15 21:17:16,442 - INFO - PROD: 过滤掉的股票数量: 2120
2025-01-15 21:17:16,442 - INFO - PROD: 过滤比例: 43.89%
2025-01-15 21:17:16,442 - INFO - PROD: 处理耗时: 0.66 秒
2025-01-15 21:17:16,448 - INFO - PROD: Debug信息已保存至 debug_filter2.csv
2025-01-15 21:17:16,449 - INFO - PROD: 过滤结果已保存到数据库
2025-01-15 21:17:16,452 - INFO - PROD: 已将过滤后的股票保存至 Filter2Out.csv
2025-01-15 21:17:16,452 - INFO - PROD: 
AKFilter2 过滤程序执行完成
2025-01-16 19:11:02,956 - INFO - PROD: 开始执行 AKFilter2 过滤程序...
2025-01-16 19:11:02,956 - INFO - PROD: 当前时间 19:11 晚于收盘时间 15:30，将 2025-01-16 视为处理日期。
2025-01-16 19:11:02,956 - INFO - PROD: 处理日期: 2025-01-16
2025-01-16 19:11:02,959 - INFO - PROD: 从 Filter1Out.csv 读取到 4770 个股票代码
2025-01-16 19:11:03,646 - INFO - PROD: 
过滤结果统计:
2025-01-16 19:11:03,646 - INFO - PROD: 过滤前股票数量: 4770
2025-01-16 19:11:03,646 - INFO - PROD: 过滤后股票数量: 2754
2025-01-16 19:11:03,646 - INFO - PROD: 过滤掉的股票数量: 2016
2025-01-16 19:11:03,646 - INFO - PROD: 过滤比例: 42.26%
2025-01-16 19:11:03,646 - INFO - PROD: 处理耗时: 0.69 秒
2025-01-16 19:11:03,652 - INFO - PROD: Debug信息已保存至 debug_filter2.csv
2025-01-16 19:11:03,652 - INFO - PROD: 过滤结果已保存到数据库
2025-01-16 19:11:03,654 - INFO - PROD: 已将过滤后的股票保存至 Filter2Out.csv
2025-01-16 19:11:03,654 - INFO - PROD: 
AKFilter2 过滤程序执行完成
2025-01-17 20:14:01,137 - INFO - PROD: 开始执行 AKFilter2 过滤程序...
2025-01-17 20:14:01,137 - INFO - PROD: 当前时间 20:14 晚于收盘时间 15:30，将 2025-01-17 视为处理日期。
2025-01-17 20:14:01,138 - INFO - PROD: 处理日期: 2025-01-17
2025-01-17 20:14:01,142 - INFO - PROD: 从 Filter1Out.csv 读取到 4917 个股票代码
2025-01-17 20:14:01,801 - INFO - PROD: 
过滤结果统计:
2025-01-17 20:14:01,801 - INFO - PROD: 过滤前股票数量: 4917
2025-01-17 20:14:01,801 - INFO - PROD: 过滤后股票数量: 2927
2025-01-17 20:14:01,801 - INFO - PROD: 过滤掉的股票数量: 1990
2025-01-17 20:14:01,801 - INFO - PROD: 过滤比例: 40.47%
2025-01-17 20:14:01,801 - INFO - PROD: 处理耗时: 0.66 秒
2025-01-17 20:14:01,807 - INFO - PROD: Debug信息已保存至 debug_filter2.csv
2025-01-17 20:14:01,810 - INFO - PROD: 过滤结果已保存到数据库
2025-01-17 20:14:01,811 - INFO - PROD: 已将过滤后的股票保存至 Filter2Out.csv
2025-01-17 20:14:01,811 - INFO - PROD: 
AKFilter2 过滤程序执行完成
2025-01-20 16:40:13,147 - INFO - PROD: 开始执行 AKFilter2 过滤程序...
2025-01-20 16:40:13,147 - INFO - PROD: 当前时间 16:40 晚于收盘时间 15:30，将 2025-01-20 视为处理日期。
2025-01-20 16:40:13,147 - INFO - PROD: 处理日期: 2025-01-20
2025-01-20 16:40:13,151 - INFO - PROD: 从 Filter1Out.csv 读取到 4882 个股票代码
2025-01-20 16:40:13,821 - INFO - PROD: 
过滤结果统计:
2025-01-20 16:40:13,821 - INFO - PROD: 过滤前股票数量: 4882
2025-01-20 16:40:13,821 - INFO - PROD: 过滤后股票数量: 3053
2025-01-20 16:40:13,821 - INFO - PROD: 过滤掉的股票数量: 1829
2025-01-20 16:40:13,821 - INFO - PROD: 过滤比例: 37.46%
2025-01-20 16:40:13,821 - INFO - PROD: 处理耗时: 0.67 秒
2025-01-20 16:40:13,826 - INFO - PROD: Debug信息已保存至 debug_filter2.csv
2025-01-20 16:40:13,827 - INFO - PROD: 过滤结果已保存到数据库
2025-01-20 16:40:13,829 - INFO - PROD: 已将过滤后的股票保存至 Filter2Out.csv
2025-01-20 16:40:13,829 - INFO - PROD: 
AKFilter2 过滤程序执行完成
2025-01-21 20:14:33,229 - INFO - PROD: 开始执行 AKFilter2 过滤程序...
2025-01-21 20:14:33,230 - INFO - PROD: 当前时间 20:14 晚于收盘时间 15:30，将 2025-01-21 视为处理日期。
2025-01-21 20:14:33,230 - INFO - PROD: 处理日期: 2025-01-21
2025-01-21 20:14:33,232 - INFO - PROD: 从 Filter1Out.csv 读取到 4889 个股票代码
2025-01-21 20:14:33,918 - INFO - PROD: 
过滤结果统计:
2025-01-21 20:14:33,918 - INFO - PROD: 过滤前股票数量: 4889
2025-01-21 20:14:33,918 - INFO - PROD: 过滤后股票数量: 2992
2025-01-21 20:14:33,918 - INFO - PROD: 过滤掉的股票数量: 1897
2025-01-21 20:14:33,918 - INFO - PROD: 过滤比例: 38.80%
2025-01-21 20:14:33,918 - INFO - PROD: 处理耗时: 0.68 秒
2025-01-21 20:14:33,923 - INFO - PROD: Debug信息已保存至 debug_filter2.csv
2025-01-21 20:14:33,924 - INFO - PROD: 过滤结果已保存到数据库
2025-01-21 20:14:33,926 - INFO - PROD: 已将过滤后的股票保存至 Filter2Out.csv
2025-01-21 20:14:33,927 - INFO - PROD: 
AKFilter2 过滤程序执行完成
2025-01-22 15:39:51,314 - INFO - PROD: 开始执行 AKFilter2 过滤程序...
2025-01-22 15:39:51,315 - INFO - PROD: 当前时间 15:39 晚于收盘时间 15:30，将 2025-01-22 视为处理日期。
2025-01-22 15:39:51,315 - INFO - PROD: 处理日期: 2025-01-22
2025-01-22 15:39:51,316 - INFO - PROD: 从 Filter1Out.csv 读取到 4904 个股票代码
2025-01-22 15:39:51,990 - INFO - PROD: 
过滤结果统计:
2025-01-22 15:39:51,990 - INFO - PROD: 过滤前股票数量: 4904
2025-01-22 15:39:51,990 - INFO - PROD: 过滤后股票数量: 2820
2025-01-22 15:39:51,990 - INFO - PROD: 过滤掉的股票数量: 2084
2025-01-22 15:39:51,990 - INFO - PROD: 过滤比例: 42.50%
2025-01-22 15:39:51,990 - INFO - PROD: 处理耗时: 0.67 秒
2025-01-22 15:39:51,997 - INFO - PROD: Debug信息已保存至 debug_filter2.csv
2025-01-22 15:39:51,998 - INFO - PROD: 过滤结果已保存到数据库
2025-01-22 15:39:52,000 - INFO - PROD: 已将过滤后的股票保存至 Filter2Out.csv
2025-01-22 15:39:52,000 - INFO - PROD: 
AKFilter2 过滤程序执行完成
2025-01-23 05:46:14,612 - INFO - PROD: 开始执行 AKFilter2 过滤程序...
2025-01-23 05:46:14,613 - INFO - PROD: 当前时间 05:46 早于收盘时间 15:30，将 2025-01-22 视为处理日期。
2025-01-23 05:46:15,389 - INFO - PROD: 
过滤结果统计:
2025-01-23 05:46:15,389 - INFO - PROD: 过滤前股票数量: 4818
2025-01-23 05:46:15,389 - INFO - PROD: 过滤后股票数量: 2773
2025-01-23 05:46:15,396 - INFO - PROD: Debug信息已保存至 debug_filter2.csv
2025-01-23 05:46:15,404 - INFO - PROD: 已在 Filter0Out.csv 中标注被过滤股票
2025-01-23 05:46:15,413 - INFO - PROD: 过滤结果已保存到数据库
2025-01-23 05:46:15,417 - INFO - PROD: 已将过滤后的股票保存至 Filter2Out.csv
2025-01-23 05:46:15,417 - INFO - PROD: 
AKFilter2 过滤程序执行完成
2025-01-23 05:46:43,325 - INFO - PROD: 开始执行 AKFilter2 过滤程序...
2025-01-23 05:46:43,325 - INFO - PROD: 当前时间 05:46 早于收盘时间 15:30，将 2025-01-22 视为处理日期。
2025-01-23 05:46:43,998 - INFO - PROD: 
过滤结果统计:
2025-01-23 05:46:43,998 - INFO - PROD: 过滤前股票数量: 4818
2025-01-23 05:46:43,998 - INFO - PROD: 过滤后股票数量: 2773
2025-01-23 05:46:44,005 - INFO - PROD: 已在 Filter0Out.csv 中标注被过滤股票
2025-01-23 05:46:44,007 - INFO - PROD: 过滤结果已保存到数据库
2025-01-23 05:46:44,009 - INFO - PROD: 已将过滤后的股票保存至 Filter2Out.csv
2025-01-23 05:46:44,009 - INFO - PROD: 
AKFilter2 过滤程序执行完成
2025-01-23 16:14:16,926 - INFO - PROD: 开始执行 AKFilter2 过滤程序...
2025-01-23 16:14:16,926 - INFO - PROD: 当前时间 16:14 晚于收盘时间 15:30，将 2025-01-23 视为处理日期。
2025-01-23 16:14:17,711 - INFO - PROD: 
过滤结果统计:
2025-01-23 16:14:17,711 - INFO - PROD: 过滤前股票数量: 4851
2025-01-23 16:14:17,711 - INFO - PROD: 过滤后股票数量: 2796
2025-01-23 16:14:17,719 - INFO - PROD: 已在 Filter0Out.csv 中标注被过滤股票
2025-01-23 16:14:17,719 - INFO - PROD: 过滤结果已保存到数据库
2025-01-23 16:14:17,722 - INFO - PROD: 已将过滤后的股票保存至 Filter2Out.csv
2025-01-23 16:14:17,722 - INFO - PROD: 
AKFilter2 过滤程序执行完成
2025-01-24 16:08:08,636 - INFO - PROD: 开始执行 AKFilter2 过滤程序...
2025-01-24 16:08:08,637 - INFO - PROD: 当前时间 16:08 晚于收盘时间 15:30，将 2025-01-24 视为处理日期。
2025-01-24 16:08:09,312 - INFO - PROD: 
过滤结果统计:
2025-01-24 16:08:09,312 - INFO - PROD: 过滤前股票数量: 4804
2025-01-24 16:08:09,312 - INFO - PROD: 过滤后股票数量: 2919
2025-01-24 16:08:09,318 - INFO - PROD: 已在 Filter0Out.csv 中标注被过滤股票
2025-01-24 16:08:09,318 - INFO - PROD: 过滤结果已保存到数据库
2025-01-24 16:08:09,320 - INFO - PROD: 已将过滤后的股票保存至 Filter2Out.csv
2025-01-24 16:08:09,320 - INFO - PROD: 
AKFilter2 过滤程序执行完成
2025-01-28 07:35:29,762 - INFO - PROD: 开始执行 AKFilter2 过滤程序...
2025-01-28 07:35:29,762 - INFO - PROD: 今天非工作日，将 2025-01-27 视为处理日期。
2025-01-28 07:35:30,452 - INFO - PROD: 
过滤结果统计:
2025-01-28 07:35:30,452 - INFO - PROD: 过滤前股票数量: 4832
2025-01-28 07:35:30,452 - INFO - PROD: 过滤后股票数量: 2851
2025-01-28 07:35:30,457 - INFO - PROD: 已在 Filter0Out.csv 中标注被过滤股票
2025-01-28 07:35:30,458 - INFO - PROD: 过滤结果已保存到数据库
2025-01-28 07:35:30,460 - INFO - PROD: 已将过滤后的股票保存至 Filter2Out.csv
2025-01-28 07:35:30,460 - INFO - PROD: 
AKFilter2 过滤程序执行完成
2025-02-05 22:26:57,087 - INFO - PROD: 开始执行 AKFilter2 过滤程序...
2025-02-05 22:26:57,088 - INFO - PROD: 当前时间 22:26 晚于收盘时间 15:30，将 2025-02-05 视为处理日期。
2025-02-05 22:26:57,729 - INFO - PROD: 
过滤结果统计:
2025-02-05 22:26:57,729 - INFO - PROD: 过滤前股票数量: 4750
2025-02-05 22:26:57,729 - INFO - PROD: 过滤后股票数量: 2890
2025-02-05 22:26:57,735 - INFO - PROD: 已在 Filter0Out.csv 中标注被过滤股票
2025-02-05 22:26:57,735 - INFO - PROD: 过滤结果已保存到数据库
2025-02-05 22:26:57,737 - INFO - PROD: 已将过滤后的股票保存至 Filter2Out.csv
2025-02-05 22:26:57,737 - INFO - PROD: 
AKFilter2 过滤程序执行完成
2025-02-06 22:15:26,772 - INFO - PROD: 开始执行 AKFilter2 过滤程序...
2025-02-06 22:15:26,772 - INFO - PROD: 当前时间 22:15 晚于收盘时间 15:30，将 2025-02-06 视为处理日期。
2025-02-06 22:15:27,423 - INFO - PROD: 
过滤结果统计:
2025-02-06 22:15:27,423 - INFO - PROD: 过滤前股票数量: 4715
2025-02-06 22:15:27,423 - INFO - PROD: 过滤后股票数量: 3135
2025-02-06 22:15:27,429 - INFO - PROD: 已在 Filter0Out.csv 中标注被过滤股票
2025-02-06 22:15:27,430 - INFO - PROD: 过滤结果已保存到数据库
2025-02-06 22:15:27,432 - INFO - PROD: 已将过滤后的股票保存至 Filter2Out.csv
2025-02-06 22:15:27,432 - INFO - PROD: 
AKFilter2 过滤程序执行完成
2025-02-07 22:57:43,367 - INFO - PROD: 开始执行 AKFilter2 过滤程序...
2025-02-07 22:57:43,368 - INFO - PROD: 当前时间 22:57 晚于收盘时间 15:30，将 2025-02-07 视为处理日期。
2025-02-07 22:57:44,011 - INFO - PROD: 
过滤结果统计:
2025-02-07 22:57:44,011 - INFO - PROD: 过滤前股票数量: 4544
2025-02-07 22:57:44,011 - INFO - PROD: 过滤后股票数量: 3134
2025-02-07 22:57:44,017 - INFO - PROD: 已在 Filter0Out.csv 中标注被过滤股票
2025-02-07 22:57:44,019 - INFO - PROD: 过滤结果已保存到数据库
2025-02-07 22:57:44,020 - INFO - PROD: 已将过滤后的股票保存至 Filter2Out.csv
2025-02-07 22:57:44,020 - INFO - PROD: 
AKFilter2 过滤程序执行完成
2025-02-10 16:40:15,685 - INFO - PROD: 开始执行 AKFilter2 过滤程序...
2025-02-10 16:40:15,687 - INFO - PROD: 当前时间 16:40 晚于收盘时间 15:30，将 2025-02-10 视为处理日期。
2025-02-10 16:40:16,300 - INFO - PROD: 
过滤结果统计:
2025-02-10 16:40:16,300 - INFO - PROD: 过滤前股票数量: 4528
2025-02-10 16:40:16,300 - INFO - PROD: 过滤后股票数量: 3283
2025-02-10 16:40:16,306 - INFO - PROD: 已在 Filter0Out.csv 中标注被过滤股票
2025-02-10 16:40:16,306 - INFO - PROD: 过滤结果已保存到数据库
2025-02-10 16:40:16,313 - INFO - PROD: 已将过滤后的股票保存至 Filter2Out.csv
2025-02-10 16:40:16,313 - INFO - PROD: 
AKFilter2 过滤程序执行完成
2025-02-11 15:43:58,693 - INFO - PROD: 开始执行 AKFilter2 过滤程序...
2025-02-11 15:43:58,694 - INFO - PROD: 当前时间 15:43 晚于收盘时间 15:30，将 2025-02-11 视为处理日期。
2025-02-11 15:43:59,369 - INFO - PROD: 
过滤结果统计:
2025-02-11 15:43:59,369 - INFO - PROD: 过滤前股票数量: 4735
2025-02-11 15:43:59,369 - INFO - PROD: 过滤后股票数量: 3422
2025-02-11 15:43:59,375 - INFO - PROD: 已在 Filter0Out.csv 中标注被过滤股票
2025-02-11 15:43:59,377 - INFO - PROD: 过滤结果已保存到数据库
2025-02-11 15:43:59,379 - INFO - PROD: 已将过滤后的股票保存至 Filter2Out.csv
2025-02-11 15:43:59,379 - INFO - PROD: 
AKFilter2 过滤程序执行完成
2025-02-12 16:12:59,067 - INFO - PROD: 开始执行 AKFilter2 过滤程序...
2025-02-12 16:12:59,068 - INFO - PROD: 当前时间 16:12 晚于收盘时间 15:30，将 2025-02-12 视为处理日期。
2025-02-12 16:12:59,703 - INFO - PROD: 
过滤结果统计:
2025-02-12 16:12:59,703 - INFO - PROD: 过滤前股票数量: 4724
2025-02-12 16:12:59,703 - INFO - PROD: 过滤后股票数量: 3477
2025-02-12 16:12:59,709 - INFO - PROD: 已在 Filter0Out.csv 中标注被过滤股票
2025-02-12 16:12:59,710 - INFO - PROD: 过滤结果已保存到数据库
2025-02-12 16:12:59,713 - INFO - PROD: 已将过滤后的股票保存至 Filter2Out.csv
2025-02-12 16:12:59,713 - INFO - PROD: 
AKFilter2 过滤程序执行完成
2025-02-13 15:51:37,522 - INFO - PROD: 开始执行 AKFilter2 过滤程序...
2025-02-13 15:51:37,523 - INFO - PROD: 当前时间 15:51 晚于收盘时间 15:30，将 2025-02-13 视为处理日期。
2025-02-13 15:51:38,170 - INFO - PROD: 
过滤结果统计:
2025-02-13 15:51:38,170 - INFO - PROD: 过滤前股票数量: 4812
2025-02-13 15:51:38,170 - INFO - PROD: 过滤后股票数量: 3410
2025-02-13 15:51:38,175 - INFO - PROD: 已在 Filter0Out.csv 中标注被过滤股票
2025-02-13 15:51:38,176 - INFO - PROD: 过滤结果已保存到数据库
2025-02-13 15:51:38,178 - INFO - PROD: 已将过滤后的股票保存至 Filter2Out.csv
2025-02-13 15:51:38,178 - INFO - PROD: 
AKFilter2 过滤程序执行完成
2025-02-14 16:03:52,451 - INFO - PROD: 开始执行 AKFilter2 过滤程序...
2025-02-14 16:03:52,451 - INFO - PROD: 当前时间 16:03 晚于收盘时间 15:30，将 2025-02-14 视为处理日期。
2025-02-14 16:03:53,094 - INFO - PROD: 
过滤结果统计:
2025-02-14 16:03:53,094 - INFO - PROD: 过滤前股票数量: 4769
2025-02-14 16:03:53,094 - INFO - PROD: 过滤后股票数量: 3384
2025-02-14 16:03:53,100 - INFO - PROD: 已在 Filter0Out.csv 中标注被过滤股票
2025-02-14 16:03:53,101 - INFO - PROD: 过滤结果已保存到数据库
2025-02-14 16:03:53,103 - INFO - PROD: 已将过滤后的股票保存至 Filter2Out.csv
2025-02-14 16:03:53,103 - INFO - PROD: 
AKFilter2 过滤程序执行完成
