2024-12-27 08:02:12,531 - INFO - PROD: 开始执行 Filter3 过滤程序...
2024-12-27 08:02:12,531 - INFO - PROD: 当前时间 08:02 早于收盘时间 15:30，将 2024-12-26 视为处理日期。
2024-12-27 08:02:12,531 - INFO - PROD: 处理日期: 2024-12-26
2024-12-27 08:02:12,574 - INFO - PROD: 从 Filter2Out.csv 读取到 3628 个股票代码
2024-12-27 08:02:13,634 - INFO - PROD: 
过滤结果统计:
2024-12-27 08:02:13,634 - INFO - PROD: 过滤前股票数量: 3628
2024-12-27 08:02:13,634 - INFO - PROD: 过滤后股票数量: 3464
2024-12-27 08:02:13,634 - INFO - PROD: 过滤掉的股票数量: 164
2024-12-27 08:02:13,634 - INFO - PROD: 过滤比例: 4.52%
2024-12-27 08:02:13,634 - INFO - PROD: 处理耗时: 1.06 秒
2024-12-27 08:02:13,645 - INFO - PROD: 过滤结果已保存到数据库
2024-12-27 08:02:13,648 - INFO - PROD: 请增加DEBUG逻辑
2024-12-27 08:02:13,650 - INFO - PROD: 已将过滤后的股票保存至 Filter3Out.csv
2024-12-27 08:02:13,650 - INFO - PROD: 
QAFilter3 过滤程序执行完成
2024-12-27 08:46:13,976 - INFO - PROD: 开始执行 Filter3 过滤程序...
2024-12-27 08:46:13,976 - INFO - PROD: 当前时间 08:46 早于收盘时间 15:30，将 2024-12-26 视为处理日期。
2024-12-27 08:46:13,976 - INFO - PROD: 处理日期: 2024-12-26
2024-12-27 08:46:14,024 - INFO - PROD: 从 Filter2Out.csv 读取到 3628 个股票代码
2024-12-27 08:46:15,173 - INFO - PROD: 
过滤结果统计:
2024-12-27 08:46:15,173 - INFO - PROD: 过滤前股票数量: 3628
2024-12-27 08:46:15,173 - INFO - PROD: 过滤后股票数量: 3464
2024-12-27 08:46:15,173 - INFO - PROD: 过滤掉的股票数量: 164
2024-12-27 08:46:15,173 - INFO - PROD: 过滤比例: 4.52%
2024-12-27 08:46:15,173 - INFO - PROD: 处理耗时: 1.15 秒
2024-12-27 08:46:15,176 - INFO - PROD: Debug信息已保存至 debug_filter3.csv
2024-12-27 08:46:15,187 - INFO - PROD: 过滤结果已保存到数据库
2024-12-27 08:46:15,189 - INFO - PROD: 请增加DEBUG逻辑
2024-12-27 08:46:15,191 - INFO - PROD: 已将过滤后的股票保存至 Filter3Out.csv
2024-12-27 08:46:15,191 - INFO - PROD: 
QAFilter3 过滤程序执行完成
2024-12-27 16:50:32,098 - INFO - PROD: 开始执行 Filter3 过滤程序...
2024-12-27 16:50:32,098 - INFO - PROD: 当前时间 16:50 晚于收盘时间 15:30，将 2024-12-27 视为处理日期。
2024-12-27 16:50:32,098 - INFO - PROD: 处理日期: 2024-12-27
2024-12-27 16:50:32,100 - INFO - PROD: 从 Filter2Out.csv 读取到 3817 个股票代码
2024-12-27 16:50:32,940 - INFO - PROD: 
过滤结果统计:
2024-12-27 16:50:32,940 - INFO - PROD: 过滤前股票数量: 3817
2024-12-27 16:50:32,940 - INFO - PROD: 过滤后股票数量: 3636
2024-12-27 16:50:32,940 - INFO - PROD: 过滤掉的股票数量: 181
2024-12-27 16:50:32,940 - INFO - PROD: 过滤比例: 4.74%
2024-12-27 16:50:32,940 - INFO - PROD: 处理耗时: 0.84 秒
2024-12-27 16:50:32,942 - INFO - PROD: Debug信息已保存至 debug_filter3.csv
2024-12-27 16:50:32,943 - INFO - PROD: 过滤结果已保存到数据库
2024-12-27 16:50:32,944 - INFO - PROD: 请增加DEBUG逻辑
2024-12-27 16:50:32,946 - INFO - PROD: 已将过滤后的股票保存至 Filter3Out.csv
2024-12-27 16:50:32,946 - INFO - PROD: 
QAFilter3 过滤程序执行完成
2024-12-30 16:35:41,519 - INFO - PROD: 开始执行 Filter3 过滤程序...
2024-12-30 16:35:41,520 - INFO - PROD: 当前时间 16:35 晚于收盘时间 15:30，将 2024-12-30 视为处理日期。
2024-12-30 16:35:41,520 - INFO - PROD: 处理日期: 2024-12-30
2024-12-30 16:35:41,522 - INFO - PROD: 从 Filter2Out.csv 读取到 3704 个股票代码
2024-12-30 16:35:42,379 - INFO - PROD: 
过滤结果统计:
2024-12-30 16:35:42,379 - INFO - PROD: 过滤前股票数量: 3704
2024-12-30 16:35:42,379 - INFO - PROD: 过滤后股票数量: 3517
2024-12-30 16:35:42,379 - INFO - PROD: 过滤掉的股票数量: 187
2024-12-30 16:35:42,379 - INFO - PROD: 过滤比例: 5.05%
2024-12-30 16:35:42,379 - INFO - PROD: 处理耗时: 0.86 秒
2024-12-30 16:35:42,381 - INFO - PROD: Debug信息已保存至 debug_filter3.csv
2024-12-30 16:35:42,383 - INFO - PROD: 过滤结果已保存到数据库
2024-12-30 16:35:42,384 - INFO - PROD: 请增加DEBUG逻辑
2024-12-30 16:35:42,386 - INFO - PROD: 已将过滤后的股票保存至 Filter3Out.csv
2024-12-30 16:35:42,386 - INFO - PROD: 
QAFilter3 过滤程序执行完成
2024-12-31 23:54:30,887 - INFO - PROD: 开始执行 Filter3 过滤程序...
2024-12-31 23:54:30,887 - INFO - PROD: 当前时间 23:54 晚于收盘时间 15:30，将 2024-12-31 视为处理日期。
2024-12-31 23:54:30,887 - INFO - PROD: 处理日期: 2024-12-31
2024-12-31 23:54:30,889 - INFO - PROD: 从 Filter2Out.csv 读取到 3409 个股票代码
2024-12-31 23:54:31,711 - INFO - PROD: 
过滤结果统计:
2024-12-31 23:54:31,711 - INFO - PROD: 过滤前股票数量: 3409
2024-12-31 23:54:31,711 - INFO - PROD: 过滤后股票数量: 3302
2024-12-31 23:54:31,711 - INFO - PROD: 过滤掉的股票数量: 107
2024-12-31 23:54:31,711 - INFO - PROD: 过滤比例: 3.14%
2024-12-31 23:54:31,711 - INFO - PROD: 处理耗时: 0.82 秒
2024-12-31 23:54:31,712 - INFO - PROD: Debug信息已保存至 debug_filter3.csv
2024-12-31 23:54:31,713 - INFO - PROD: 过滤结果已保存到数据库
2024-12-31 23:54:31,713 - INFO - PROD: 请增加DEBUG逻辑
2024-12-31 23:54:31,715 - INFO - PROD: 已将过滤后的股票保存至 Filter3Out.csv
2024-12-31 23:54:31,715 - INFO - PROD: 
QAFilter3 过滤程序执行完成
2025-01-03 16:31:17,254 - INFO - PROD: 开始执行 Filter3 过滤程序...
2025-01-03 16:31:17,254 - INFO - PROD: 当前时间 16:31 晚于收盘时间 15:30，将 2025-01-03 视为处理日期。
2025-01-03 16:31:17,254 - INFO - PROD: 处理日期: 2025-01-03
2025-01-03 16:31:17,256 - INFO - PROD: 从 Filter2Out.csv 读取到 2435 个股票代码
2025-01-03 16:31:18,005 - INFO - PROD: 
过滤结果统计:
2025-01-03 16:31:18,005 - INFO - PROD: 过滤前股票数量: 2435
2025-01-03 16:31:18,005 - INFO - PROD: 过滤后股票数量: 2383
2025-01-03 16:31:18,005 - INFO - PROD: 过滤掉的股票数量: 52
2025-01-03 16:31:18,005 - INFO - PROD: 过滤比例: 2.14%
2025-01-03 16:31:18,006 - INFO - PROD: 处理耗时: 0.75 秒
2025-01-03 16:31:18,007 - INFO - PROD: Debug信息已保存至 debug_filter3.csv
2025-01-03 16:31:18,009 - INFO - PROD: 过滤结果已保存到数据库
2025-01-03 16:31:18,010 - INFO - PROD: 请增加DEBUG逻辑
2025-01-03 16:31:18,011 - INFO - PROD: 已将过滤后的股票保存至 Filter3Out.csv
2025-01-03 16:31:18,011 - INFO - PROD: 
QAFilter3 过滤程序执行完成
2025-01-06 15:49:39,414 - INFO - PROD: 开始执行 Filter3 过滤程序...
2025-01-06 15:49:39,414 - INFO - PROD: 当前时间 15:49 晚于收盘时间 15:30，将 2025-01-06 视为处理日期。
2025-01-06 15:49:39,414 - INFO - PROD: 处理日期: 2025-01-06
2025-01-06 15:49:39,416 - INFO - PROD: 从 Filter2Out.csv 读取到 2372 个股票代码
2025-01-06 15:49:40,160 - INFO - PROD: 
过滤结果统计:
2025-01-06 15:49:40,160 - INFO - PROD: 过滤前股票数量: 2372
2025-01-06 15:49:40,160 - INFO - PROD: 过滤后股票数量: 2229
2025-01-06 15:49:40,160 - INFO - PROD: 过滤掉的股票数量: 143
2025-01-06 15:49:40,160 - INFO - PROD: 过滤比例: 6.03%
2025-01-06 15:49:40,160 - INFO - PROD: 处理耗时: 0.74 秒
2025-01-06 15:49:40,161 - INFO - PROD: Debug信息已保存至 debug_filter3.csv
2025-01-06 15:49:40,162 - INFO - PROD: 过滤结果已保存到数据库
2025-01-06 15:49:40,163 - INFO - PROD: 请增加DEBUG逻辑
2025-01-06 15:49:40,164 - INFO - PROD: 已将过滤后的股票保存至 Filter3Out.csv
2025-01-06 15:49:40,164 - INFO - PROD: 
QAFilter3 过滤程序执行完成
2025-01-07 20:40:42,426 - INFO - PROD: 开始执行 Filter3 过滤程序...
2025-01-07 20:40:42,426 - INFO - PROD: 当前时间 20:40 晚于收盘时间 15:30，将 2025-01-07 视为处理日期。
2025-01-07 20:40:42,426 - INFO - PROD: 处理日期: 2025-01-07
2025-01-07 20:40:42,428 - INFO - PROD: 从 Filter2Out.csv 读取到 2574 个股票代码
2025-01-07 20:40:43,192 - INFO - PROD: 
过滤结果统计:
2025-01-07 20:40:43,192 - INFO - PROD: 过滤前股票数量: 2574
2025-01-07 20:40:43,192 - INFO - PROD: 过滤后股票数量: 2387
2025-01-07 20:40:43,192 - INFO - PROD: 过滤掉的股票数量: 187
2025-01-07 20:40:43,192 - INFO - PROD: 过滤比例: 7.26%
2025-01-07 20:40:43,192 - INFO - PROD: 处理耗时: 0.76 秒
2025-01-07 20:40:43,194 - INFO - PROD: Debug信息已保存至 debug_filter3.csv
2025-01-07 20:40:43,195 - INFO - PROD: 过滤结果已保存到数据库
2025-01-07 20:40:43,196 - INFO - PROD: 请增加DEBUG逻辑
2025-01-07 20:40:43,197 - INFO - PROD: 已将过滤后的股票保存至 Filter3Out.csv
2025-01-07 20:40:43,197 - INFO - PROD: 
QAFilter3 过滤程序执行完成
2025-01-08 16:41:52,952 - INFO - PROD: 开始执行 Filter3 过滤程序...
2025-01-08 16:41:52,952 - INFO - PROD: 当前时间 16:41 晚于收盘时间 15:30，将 2025-01-08 视为处理日期。
2025-01-08 16:41:52,952 - INFO - PROD: 处理日期: 2025-01-08
2025-01-08 16:41:52,954 - INFO - PROD: 从 Filter2Out.csv 读取到 2510 个股票代码
2025-01-08 16:41:53,723 - INFO - PROD: 
过滤结果统计:
2025-01-08 16:41:53,723 - INFO - PROD: 过滤前股票数量: 2510
2025-01-08 16:41:53,723 - INFO - PROD: 过滤后股票数量: 2344
2025-01-08 16:41:53,723 - INFO - PROD: 过滤掉的股票数量: 166
2025-01-08 16:41:53,723 - INFO - PROD: 过滤比例: 6.61%
2025-01-08 16:41:53,723 - INFO - PROD: 处理耗时: 0.77 秒
2025-01-08 16:41:53,726 - INFO - PROD: Debug信息已保存至 debug_filter3.csv
2025-01-08 16:41:53,727 - INFO - PROD: 过滤结果已保存到数据库
2025-01-08 16:41:53,728 - INFO - PROD: 请增加DEBUG逻辑
2025-01-08 16:41:53,729 - INFO - PROD: 已将过滤后的股票保存至 Filter3Out.csv
2025-01-08 16:41:53,729 - INFO - PROD: 
QAFilter3 过滤程序执行完成
2025-01-09 22:08:17,676 - INFO - PROD: 开始执行 Filter3 过滤程序...
2025-01-09 22:08:17,676 - INFO - PROD: 当前时间 22:08 晚于收盘时间 15:30，将 2025-01-09 视为处理日期。
2025-01-09 22:08:17,677 - INFO - PROD: 处理日期: 2025-01-09
2025-01-09 22:08:17,679 - INFO - PROD: 从 Filter2Out.csv 读取到 2453 个股票代码
2025-01-09 22:08:18,438 - INFO - PROD: 
过滤结果统计:
2025-01-09 22:08:18,439 - INFO - PROD: 过滤前股票数量: 2453
2025-01-09 22:08:18,439 - INFO - PROD: 过滤后股票数量: 2303
2025-01-09 22:08:18,439 - INFO - PROD: 过滤掉的股票数量: 150
2025-01-09 22:08:18,439 - INFO - PROD: 过滤比例: 6.11%
2025-01-09 22:08:18,439 - INFO - PROD: 处理耗时: 0.76 秒
2025-01-09 22:08:18,441 - INFO - PROD: Debug信息已保存至 debug_filter3.csv
2025-01-09 22:08:18,442 - INFO - PROD: 过滤结果已保存到数据库
2025-01-09 22:08:18,443 - INFO - PROD: 请增加DEBUG逻辑
2025-01-09 22:08:18,445 - INFO - PROD: 已将过滤后的股票保存至 Filter3Out.csv
2025-01-09 22:08:18,445 - INFO - PROD: 
QAFilter3 过滤程序执行完成
2025-01-10 21:44:49,322 - INFO - PROD: 开始执行 Filter3 过滤程序...
2025-01-10 21:44:49,322 - INFO - PROD: 当前时间 21:44 晚于收盘时间 15:30，将 2025-01-10 视为处理日期。
2025-01-10 21:44:49,322 - INFO - PROD: 处理日期: 2025-01-10
2025-01-10 21:44:49,324 - INFO - PROD: 从 Filter2Out.csv 读取到 2280 个股票代码
2025-01-10 21:44:50,071 - INFO - PROD: 
过滤结果统计:
2025-01-10 21:44:50,071 - INFO - PROD: 过滤前股票数量: 2280
2025-01-10 21:44:50,071 - INFO - PROD: 过滤后股票数量: 2191
2025-01-10 21:44:50,072 - INFO - PROD: 过滤掉的股票数量: 89
2025-01-10 21:44:50,072 - INFO - PROD: 过滤比例: 3.90%
2025-01-10 21:44:50,072 - INFO - PROD: 处理耗时: 0.75 秒
2025-01-10 21:44:50,073 - INFO - PROD: Debug信息已保存至 debug_filter3.csv
2025-01-10 21:44:50,074 - INFO - PROD: 过滤结果已保存到数据库
2025-01-10 21:44:50,074 - INFO - PROD: 请增加DEBUG逻辑
2025-01-10 21:44:50,076 - INFO - PROD: 已将过滤后的股票保存至 Filter3Out.csv
2025-01-10 21:44:50,076 - INFO - PROD: 
QAFilter3 过滤程序执行完成
2025-01-13 20:38:13,046 - INFO - PROD: 开始执行 Filter3 过滤程序...
2025-01-13 20:38:13,046 - INFO - PROD: 当前时间 20:38 晚于收盘时间 15:30，将 2025-01-13 视为处理日期。
2025-01-13 20:38:13,046 - INFO - PROD: 处理日期: 2025-01-13
2025-01-13 20:38:13,048 - INFO - PROD: 从 Filter2Out.csv 读取到 2225 个股票代码
2025-01-13 20:38:13,816 - INFO - PROD: 
过滤结果统计:
2025-01-13 20:38:13,816 - INFO - PROD: 过滤前股票数量: 2225
2025-01-13 20:38:13,816 - INFO - PROD: 过滤后股票数量: 1904
2025-01-13 20:38:13,816 - INFO - PROD: 过滤掉的股票数量: 321
2025-01-13 20:38:13,816 - INFO - PROD: 过滤比例: 14.43%
2025-01-13 20:38:13,816 - INFO - PROD: 处理耗时: 0.77 秒
2025-01-13 20:38:13,818 - INFO - PROD: Debug信息已保存至 debug_filter3.csv
2025-01-13 20:38:13,819 - INFO - PROD: 过滤结果已保存到数据库
2025-01-13 20:38:13,820 - INFO - PROD: 请增加DEBUG逻辑
2025-01-13 20:38:13,821 - INFO - PROD: 已将过滤后的股票保存至 Filter3Out.csv
2025-01-13 20:38:13,821 - INFO - PROD: 
QAFilter3 过滤程序执行完成
2025-01-14 17:55:39,675 - INFO - PROD: 开始执行 Filter3 过滤程序...
2025-01-14 17:55:39,675 - INFO - PROD: 当前时间 17:55 晚于收盘时间 15:30，将 2025-01-14 视为处理日期。
2025-01-14 17:55:39,675 - INFO - PROD: 处理日期: 2025-01-14
2025-01-14 17:55:39,678 - INFO - PROD: 从 Filter2Out.csv 读取到 2730 个股票代码
2025-01-14 17:55:40,527 - INFO - PROD: 
过滤结果统计:
2025-01-14 17:55:40,527 - INFO - PROD: 过滤前股票数量: 2730
2025-01-14 17:55:40,527 - INFO - PROD: 过滤后股票数量: 2519
2025-01-14 17:55:40,527 - INFO - PROD: 过滤掉的股票数量: 211
2025-01-14 17:55:40,527 - INFO - PROD: 过滤比例: 7.73%
2025-01-14 17:55:40,527 - INFO - PROD: 处理耗时: 0.85 秒
2025-01-14 17:55:40,528 - INFO - PROD: Debug信息已保存至 debug_filter3.csv
2025-01-14 17:55:40,530 - INFO - PROD: 过滤结果已保存到数据库
2025-01-14 17:55:40,531 - INFO - PROD: 请增加DEBUG逻辑
2025-01-14 17:55:40,532 - INFO - PROD: 已将过滤后的股票保存至 Filter3Out.csv
2025-01-14 17:55:40,532 - INFO - PROD: 
QAFilter3 过滤程序执行完成
2025-01-15 21:17:16,453 - INFO - PROD: 开始执行 Filter3 过滤程序...
2025-01-15 21:17:16,453 - INFO - PROD: 当前时间 21:17 晚于收盘时间 15:30，将 2025-01-15 视为处理日期。
2025-01-15 21:17:16,453 - INFO - PROD: 处理日期: 2025-01-15
2025-01-15 21:17:16,455 - INFO - PROD: 从 Filter2Out.csv 读取到 2710 个股票代码
2025-01-15 21:17:17,231 - INFO - PROD: 
过滤结果统计:
2025-01-15 21:17:17,231 - INFO - PROD: 过滤前股票数量: 2710
2025-01-15 21:17:17,231 - INFO - PROD: 过滤后股票数量: 2536
2025-01-15 21:17:17,231 - INFO - PROD: 过滤掉的股票数量: 174
2025-01-15 21:17:17,231 - INFO - PROD: 过滤比例: 6.42%
2025-01-15 21:17:17,231 - INFO - PROD: 处理耗时: 0.78 秒
2025-01-15 21:17:17,233 - INFO - PROD: Debug信息已保存至 debug_filter3.csv
2025-01-15 21:17:17,234 - INFO - PROD: 过滤结果已保存到数据库
2025-01-15 21:17:17,235 - INFO - PROD: 请增加DEBUG逻辑
2025-01-15 21:17:17,236 - INFO - PROD: 已将过滤后的股票保存至 Filter3Out.csv
2025-01-15 21:17:17,236 - INFO - PROD: 
QAFilter3 过滤程序执行完成
2025-01-16 19:11:03,655 - INFO - PROD: 开始执行 Filter3 过滤程序...
2025-01-16 19:11:03,655 - INFO - PROD: 当前时间 19:11 晚于收盘时间 15:30，将 2025-01-16 视为处理日期。
2025-01-16 19:11:03,655 - INFO - PROD: 处理日期: 2025-01-16
2025-01-16 19:11:03,657 - INFO - PROD: 从 Filter2Out.csv 读取到 2754 个股票代码
2025-01-16 19:11:04,450 - INFO - PROD: 
过滤结果统计:
2025-01-16 19:11:04,450 - INFO - PROD: 过滤前股票数量: 2754
2025-01-16 19:11:04,450 - INFO - PROD: 过滤后股票数量: 2591
2025-01-16 19:11:04,451 - INFO - PROD: 过滤掉的股票数量: 163
2025-01-16 19:11:04,451 - INFO - PROD: 过滤比例: 5.92%
2025-01-16 19:11:04,451 - INFO - PROD: 处理耗时: 0.79 秒
2025-01-16 19:11:04,452 - INFO - PROD: Debug信息已保存至 debug_filter3.csv
2025-01-16 19:11:04,454 - INFO - PROD: 过滤结果已保存到数据库
2025-01-16 19:11:04,454 - INFO - PROD: 请增加DEBUG逻辑
2025-01-16 19:11:04,456 - INFO - PROD: 已将过滤后的股票保存至 Filter3Out.csv
2025-01-16 19:11:04,456 - INFO - PROD: 
QAFilter3 过滤程序执行完成
2025-01-17 20:14:01,812 - INFO - PROD: 开始执行 Filter3 过滤程序...
2025-01-17 20:14:01,813 - INFO - PROD: 当前时间 20:14 晚于收盘时间 15:30，将 2025-01-17 视为处理日期。
2025-01-17 20:14:01,813 - INFO - PROD: 处理日期: 2025-01-17
2025-01-17 20:14:01,814 - INFO - PROD: 从 Filter2Out.csv 读取到 2927 个股票代码
2025-01-17 20:14:02,758 - INFO - PROD: 
过滤结果统计:
2025-01-17 20:14:02,759 - INFO - PROD: 过滤前股票数量: 2927
2025-01-17 20:14:02,759 - INFO - PROD: 过滤后股票数量: 2755
2025-01-17 20:14:02,759 - INFO - PROD: 过滤掉的股票数量: 172
2025-01-17 20:14:02,759 - INFO - PROD: 过滤比例: 5.88%
2025-01-17 20:14:02,759 - INFO - PROD: 处理耗时: 0.94 秒
2025-01-17 20:14:02,760 - INFO - PROD: Debug信息已保存至 debug_filter3.csv
2025-01-17 20:14:02,762 - INFO - PROD: 过滤结果已保存到数据库
2025-01-17 20:14:02,763 - INFO - PROD: 请增加DEBUG逻辑
2025-01-17 20:14:02,764 - INFO - PROD: 已将过滤后的股票保存至 Filter3Out.csv
2025-01-17 20:14:02,764 - INFO - PROD: 
QAFilter3 过滤程序执行完成
2025-01-20 16:40:13,829 - INFO - PROD: 开始执行 Filter3 过滤程序...
2025-01-20 16:40:13,830 - INFO - PROD: 当前时间 16:40 晚于收盘时间 15:30，将 2025-01-20 视为处理日期。
2025-01-20 16:40:13,830 - INFO - PROD: 处理日期: 2025-01-20
2025-01-20 16:40:13,831 - INFO - PROD: 从 Filter2Out.csv 读取到 3053 个股票代码
2025-01-20 16:40:14,653 - INFO - PROD: 
过滤结果统计:
2025-01-20 16:40:14,654 - INFO - PROD: 过滤前股票数量: 3053
2025-01-20 16:40:14,654 - INFO - PROD: 过滤后股票数量: 2837
2025-01-20 16:40:14,654 - INFO - PROD: 过滤掉的股票数量: 216
2025-01-20 16:40:14,654 - INFO - PROD: 过滤比例: 7.08%
2025-01-20 16:40:14,654 - INFO - PROD: 处理耗时: 0.82 秒
2025-01-20 16:40:14,655 - INFO - PROD: Debug信息已保存至 debug_filter3.csv
2025-01-20 16:40:14,657 - INFO - PROD: 过滤结果已保存到数据库
2025-01-20 16:40:14,657 - INFO - PROD: 请增加DEBUG逻辑
2025-01-20 16:40:14,658 - INFO - PROD: 已将过滤后的股票保存至 Filter3Out.csv
2025-01-20 16:40:14,658 - INFO - PROD: 
QAFilter3 过滤程序执行完成
2025-01-21 20:14:33,927 - INFO - PROD: 开始执行 Filter3 过滤程序...
2025-01-21 20:14:33,928 - INFO - PROD: 当前时间 20:14 晚于收盘时间 15:30，将 2025-01-21 视为处理日期。
2025-01-21 20:14:33,928 - INFO - PROD: 处理日期: 2025-01-21
2025-01-21 20:14:33,930 - INFO - PROD: 从 Filter2Out.csv 读取到 2992 个股票代码
2025-01-21 20:14:34,833 - INFO - PROD: 
过滤结果统计:
2025-01-21 20:14:34,833 - INFO - PROD: 过滤前股票数量: 2992
2025-01-21 20:14:34,833 - INFO - PROD: 过滤后股票数量: 2777
2025-01-21 20:14:34,833 - INFO - PROD: 过滤掉的股票数量: 215
2025-01-21 20:14:34,833 - INFO - PROD: 过滤比例: 7.19%
2025-01-21 20:14:34,833 - INFO - PROD: 处理耗时: 0.90 秒
2025-01-21 20:14:34,834 - INFO - PROD: Debug信息已保存至 debug_filter3.csv
2025-01-21 20:14:34,835 - INFO - PROD: 过滤结果已保存到数据库
2025-01-21 20:14:34,835 - INFO - PROD: 请增加DEBUG逻辑
2025-01-21 20:14:34,837 - INFO - PROD: 已将过滤后的股票保存至 Filter3Out.csv
2025-01-21 20:14:34,837 - INFO - PROD: 
QAFilter3 过滤程序执行完成
2025-01-22 15:39:52,001 - INFO - PROD: 开始执行 Filter3 过滤程序...
2025-01-22 15:39:52,001 - INFO - PROD: 当前时间 15:39 晚于收盘时间 15:30，将 2025-01-22 视为处理日期。
2025-01-22 15:39:52,001 - INFO - PROD: 处理日期: 2025-01-22
2025-01-22 15:39:52,003 - INFO - PROD: 从 Filter2Out.csv 读取到 2820 个股票代码
2025-01-22 15:39:52,887 - INFO - PROD: 
过滤结果统计:
2025-01-22 15:39:52,887 - INFO - PROD: 过滤前股票数量: 2820
2025-01-22 15:39:52,887 - INFO - PROD: 过滤后股票数量: 2605
2025-01-22 15:39:52,887 - INFO - PROD: 过滤掉的股票数量: 215
2025-01-22 15:39:52,887 - INFO - PROD: 过滤比例: 7.62%
2025-01-22 15:39:52,887 - INFO - PROD: 处理耗时: 0.88 秒
2025-01-22 15:39:52,889 - INFO - PROD: Debug信息已保存至 debug_filter3.csv
2025-01-22 15:39:52,890 - INFO - PROD: 过滤结果已保存到数据库
2025-01-22 15:39:52,890 - INFO - PROD: 请增加DEBUG逻辑
2025-01-22 15:39:52,892 - INFO - PROD: 已将过滤后的股票保存至 Filter3Out.csv
2025-01-22 15:39:52,892 - INFO - PROD: 
QAFilter3 过滤程序执行完成
2025-01-23 06:09:17,308 - INFO - PROD: 开始执行 Filter3 过滤程序...
2025-01-23 06:09:17,308 - INFO - PROD: 当前时间 06:09 早于收盘时间 15:30，将 2025-01-22 视为处理日期。
2025-01-23 06:09:17,308 - INFO - PROD: 处理日期: 2025-01-22
2025-01-23 06:09:17,313 - INFO - PROD: 从 Filter2Out.csv 读取到 2773 个股票代码
2025-01-23 06:09:18,227 - INFO - PROD: 
过滤结果统计:
2025-01-23 06:09:18,227 - INFO - PROD: 过滤前股票数量: 2773
2025-01-23 06:09:18,227 - INFO - PROD: 过滤后股票数量: 2563
2025-01-23 06:09:18,228 - INFO - PROD: 过滤掉的股票数量: 210
2025-01-23 06:09:18,228 - INFO - PROD: 过滤比例: 7.57%
2025-01-23 06:09:18,228 - INFO - PROD: 处理耗时: 0.91 秒
2025-01-23 06:09:18,231 - INFO - PROD: 过滤结果已保存到数据库
2025-01-23 06:09:18,234 - INFO - PROD: 已将过滤后的股票保存至 Filter3Out.csv
2025-01-23 06:09:18,234 - INFO - PROD: 
QAFilter3 过滤程序执行完成
2025-01-23 06:10:08,722 - INFO - PROD: 开始执行 Filter3 过滤程序...
2025-01-23 06:10:08,723 - INFO - PROD: 当前时间 06:10 早于收盘时间 15:30，将 2025-01-22 视为处理日期。
2025-01-23 06:10:08,723 - INFO - PROD: 处理日期: 2025-01-22
2025-01-23 06:10:09,700 - INFO - PROD: 已在 Filter0Out.csv 中标注被过滤股票
2025-01-23 06:10:09,700 - INFO - PROD: 
过滤结果统计:
2025-01-23 06:10:09,700 - INFO - PROD: 过滤前股票数量: 2773
2025-01-23 06:10:09,700 - INFO - PROD: 过滤后股票数量: 2563
2025-01-23 06:10:09,700 - INFO - PROD: 处理耗时: 0.97 秒
2025-01-23 06:10:09,703 - INFO - PROD: 过滤结果已保存到数据库
2025-01-23 06:10:09,706 - INFO - PROD: 已将过滤后的股票保存至 Filter3Out.csv
2025-01-23 06:10:09,706 - INFO - PROD: 
QAFilter3 过滤程序执行完成
2025-01-23 16:14:17,723 - INFO - PROD: 开始执行 Filter3 过滤程序...
2025-01-23 16:14:17,723 - INFO - PROD: 当前时间 16:14 晚于收盘时间 15:30，将 2025-01-23 视为处理日期。
2025-01-23 16:14:17,723 - INFO - PROD: 处理日期: 2025-01-23
2025-01-23 16:14:18,735 - INFO - PROD: 已在 Filter0Out.csv 中标注被过滤股票
2025-01-23 16:14:18,735 - INFO - PROD: 
过滤结果统计:
2025-01-23 16:14:18,735 - INFO - PROD: 过滤前股票数量: 2796
2025-01-23 16:14:18,735 - INFO - PROD: 过滤后股票数量: 2626
2025-01-23 16:14:18,735 - INFO - PROD: 处理耗时: 1.00 秒
2025-01-23 16:14:18,736 - INFO - PROD: 过滤结果已保存到数据库
2025-01-23 16:14:18,738 - INFO - PROD: 已将过滤后的股票保存至 Filter3Out.csv
2025-01-23 16:14:18,738 - INFO - PROD: 
QAFilter3 过滤程序执行完成
2025-01-24 16:08:09,321 - INFO - PROD: 开始执行 Filter3 过滤程序...
2025-01-24 16:08:09,321 - INFO - PROD: 当前时间 16:08 晚于收盘时间 15:30，将 2025-01-24 视为处理日期。
2025-01-24 16:08:09,321 - INFO - PROD: 处理日期: 2025-01-24
2025-01-24 16:08:10,209 - INFO - PROD: 已在 Filter0Out.csv 中标注被过滤股票
2025-01-24 16:08:10,209 - INFO - PROD: 
过滤结果统计:
2025-01-24 16:08:10,209 - INFO - PROD: 过滤前股票数量: 2919
2025-01-24 16:08:10,209 - INFO - PROD: 过滤后股票数量: 2683
2025-01-24 16:08:10,209 - INFO - PROD: 处理耗时: 0.88 秒
2025-01-24 16:08:10,210 - INFO - PROD: 过滤结果已保存到数据库
2025-01-24 16:08:10,212 - INFO - PROD: 已将过滤后的股票保存至 Filter3Out.csv
2025-01-24 16:08:10,212 - INFO - PROD: 
QAFilter3 过滤程序执行完成
2025-01-28 07:35:30,461 - INFO - PROD: 开始执行 Filter3 过滤程序...
2025-01-28 07:35:30,461 - INFO - PROD: 今天非工作日，将 2025-01-27 视为处理日期。
2025-01-28 07:35:30,461 - INFO - PROD: 处理日期: 2025-01-27
2025-01-28 07:35:31,376 - INFO - PROD: 已在 Filter0Out.csv 中标注被过滤股票
2025-01-28 07:35:31,376 - INFO - PROD: 
过滤结果统计:
2025-01-28 07:35:31,376 - INFO - PROD: 过滤前股票数量: 2851
2025-01-28 07:35:31,376 - INFO - PROD: 过滤后股票数量: 2636
2025-01-28 07:35:31,376 - INFO - PROD: 处理耗时: 0.91 秒
2025-01-28 07:35:31,376 - INFO - PROD: 过滤结果已保存到数据库
2025-01-28 07:35:31,378 - INFO - PROD: 已将过滤后的股票保存至 Filter3Out.csv
2025-01-28 07:35:31,378 - INFO - PROD: 
QAFilter3 过滤程序执行完成
2025-02-05 22:26:57,738 - INFO - PROD: 开始执行 Filter3 过滤程序...
2025-02-05 22:26:57,738 - INFO - PROD: 当前时间 22:26 晚于收盘时间 15:30，将 2025-02-05 视为处理日期。
2025-02-05 22:26:57,738 - INFO - PROD: 处理日期: 2025-02-05
2025-02-05 22:26:58,570 - INFO - PROD: 已在 Filter0Out.csv 中标注被过滤股票
2025-02-05 22:26:58,570 - INFO - PROD: 
过滤结果统计:
2025-02-05 22:26:58,570 - INFO - PROD: 过滤前股票数量: 2890
2025-02-05 22:26:58,570 - INFO - PROD: 过滤后股票数量: 2630
2025-02-05 22:26:58,570 - INFO - PROD: 处理耗时: 0.83 秒
2025-02-05 22:26:58,571 - INFO - PROD: 过滤结果已保存到数据库
2025-02-05 22:26:58,573 - INFO - PROD: 已将过滤后的股票保存至 Filter3Out.csv
2025-02-05 22:26:58,573 - INFO - PROD: 
QAFilter3 过滤程序执行完成
2025-02-06 22:15:27,433 - INFO - PROD: 开始执行 Filter3 过滤程序...
2025-02-06 22:15:27,433 - INFO - PROD: 当前时间 22:15 晚于收盘时间 15:30，将 2025-02-06 视为处理日期。
2025-02-06 22:15:27,433 - INFO - PROD: 处理日期: 2025-02-06
2025-02-06 22:15:28,288 - INFO - PROD: 已在 Filter0Out.csv 中标注被过滤股票
2025-02-06 22:15:28,288 - INFO - PROD: 
过滤结果统计:
2025-02-06 22:15:28,288 - INFO - PROD: 过滤前股票数量: 3135
2025-02-06 22:15:28,288 - INFO - PROD: 过滤后股票数量: 2837
2025-02-06 22:15:28,288 - INFO - PROD: 处理耗时: 0.85 秒
2025-02-06 22:15:28,289 - INFO - PROD: 过滤结果已保存到数据库
2025-02-06 22:15:28,291 - INFO - PROD: 已将过滤后的股票保存至 Filter3Out.csv
2025-02-06 22:15:28,292 - INFO - PROD: 
QAFilter3 过滤程序执行完成
2025-02-07 22:57:44,021 - INFO - PROD: 开始执行 Filter3 过滤程序...
2025-02-07 22:57:44,021 - INFO - PROD: 当前时间 22:57 晚于收盘时间 15:30，将 2025-02-07 视为处理日期。
2025-02-07 22:57:44,021 - INFO - PROD: 处理日期: 2025-02-07
2025-02-07 22:57:44,870 - INFO - PROD: 已在 Filter0Out.csv 中标注被过滤股票
2025-02-07 22:57:44,870 - INFO - PROD: 
过滤结果统计:
2025-02-07 22:57:44,870 - INFO - PROD: 过滤前股票数量: 3134
2025-02-07 22:57:44,870 - INFO - PROD: 过滤后股票数量: 2868
2025-02-07 22:57:44,870 - INFO - PROD: 处理耗时: 0.84 秒
2025-02-07 22:57:44,872 - INFO - PROD: 过滤结果已保存到数据库
2025-02-07 22:57:44,874 - INFO - PROD: 已将过滤后的股票保存至 Filter3Out.csv
2025-02-07 22:57:44,874 - INFO - PROD: 
QAFilter3 过滤程序执行完成
2025-02-10 16:40:16,315 - INFO - PROD: 开始执行 Filter3 过滤程序...
2025-02-10 16:40:16,316 - INFO - PROD: 当前时间 16:40 晚于收盘时间 15:30，将 2025-02-10 视为处理日期。
2025-02-10 16:40:16,316 - INFO - PROD: 处理日期: 2025-02-10
2025-02-10 16:40:17,172 - INFO - PROD: 已在 Filter0Out.csv 中标注被过滤股票
2025-02-10 16:40:17,172 - INFO - PROD: 
过滤结果统计:
2025-02-10 16:40:17,172 - INFO - PROD: 过滤前股票数量: 3283
2025-02-10 16:40:17,172 - INFO - PROD: 过滤后股票数量: 3012
2025-02-10 16:40:17,172 - INFO - PROD: 处理耗时: 0.85 秒
2025-02-10 16:40:17,173 - INFO - PROD: 过滤结果已保存到数据库
2025-02-10 16:40:17,177 - INFO - PROD: 已将过滤后的股票保存至 Filter3Out.csv
2025-02-10 16:40:17,177 - INFO - PROD: 
QAFilter3 过滤程序执行完成
2025-02-11 15:43:59,380 - INFO - PROD: 开始执行 Filter3 过滤程序...
2025-02-11 15:43:59,380 - INFO - PROD: 当前时间 15:43 晚于收盘时间 15:30，将 2025-02-11 视为处理日期。
2025-02-11 15:43:59,380 - INFO - PROD: 处理日期: 2025-02-11
2025-02-11 15:44:00,259 - INFO - PROD: 已在 Filter0Out.csv 中标注被过滤股票
2025-02-11 15:44:00,259 - INFO - PROD: 
过滤结果统计:
2025-02-11 15:44:00,259 - INFO - PROD: 过滤前股票数量: 3422
2025-02-11 15:44:00,259 - INFO - PROD: 过滤后股票数量: 3169
2025-02-11 15:44:00,259 - INFO - PROD: 处理耗时: 0.87 秒
2025-02-11 15:44:00,261 - INFO - PROD: 过滤结果已保存到数据库
2025-02-11 15:44:00,263 - INFO - PROD: 已将过滤后的股票保存至 Filter3Out.csv
2025-02-11 15:44:00,263 - INFO - PROD: 
QAFilter3 过滤程序执行完成
2025-02-12 16:12:59,714 - INFO - PROD: 开始执行 Filter3 过滤程序...
2025-02-12 16:12:59,714 - INFO - PROD: 当前时间 16:12 晚于收盘时间 15:30，将 2025-02-12 视为处理日期。
2025-02-12 16:12:59,714 - INFO - PROD: 处理日期: 2025-02-12
2025-02-12 16:13:00,584 - INFO - PROD: 已在 Filter0Out.csv 中标注被过滤股票
2025-02-12 16:13:00,585 - INFO - PROD: 
过滤结果统计:
2025-02-12 16:13:00,585 - INFO - PROD: 过滤前股票数量: 3477
2025-02-12 16:13:00,585 - INFO - PROD: 过滤后股票数量: 3203
2025-02-12 16:13:00,585 - INFO - PROD: 处理耗时: 0.86 秒
2025-02-12 16:13:00,586 - INFO - PROD: 过滤结果已保存到数据库
2025-02-12 16:13:00,588 - INFO - PROD: 已将过滤后的股票保存至 Filter3Out.csv
2025-02-12 16:13:00,588 - INFO - PROD: 
QAFilter3 过滤程序执行完成
2025-02-13 15:51:38,179 - INFO - PROD: 开始执行 Filter3 过滤程序...
2025-02-13 15:51:38,179 - INFO - PROD: 当前时间 15:51 晚于收盘时间 15:30，将 2025-02-13 视为处理日期。
2025-02-13 15:51:38,179 - INFO - PROD: 处理日期: 2025-02-13
2025-02-13 15:51:39,054 - INFO - PROD: 已在 Filter0Out.csv 中标注被过滤股票
2025-02-13 15:51:39,055 - INFO - PROD: 
过滤结果统计:
2025-02-13 15:51:39,055 - INFO - PROD: 过滤前股票数量: 3410
2025-02-13 15:51:39,055 - INFO - PROD: 过滤后股票数量: 3191
2025-02-13 15:51:39,055 - INFO - PROD: 处理耗时: 0.87 秒
2025-02-13 15:51:39,056 - INFO - PROD: 过滤结果已保存到数据库
2025-02-13 15:51:39,058 - INFO - PROD: 已将过滤后的股票保存至 Filter3Out.csv
2025-02-13 15:51:39,058 - INFO - PROD: 
QAFilter3 过滤程序执行完成
2025-02-14 16:03:53,104 - INFO - PROD: 开始执行 Filter3 过滤程序...
2025-02-14 16:03:53,105 - INFO - PROD: 当前时间 16:03 晚于收盘时间 15:30，将 2025-02-14 视为处理日期。
2025-02-14 16:03:53,105 - INFO - PROD: 处理日期: 2025-02-14
2025-02-14 16:03:53,980 - INFO - PROD: 已在 Filter0Out.csv 中标注被过滤股票
2025-02-14 16:03:53,980 - INFO - PROD: 
过滤结果统计:
2025-02-14 16:03:53,980 - INFO - PROD: 过滤前股票数量: 3384
2025-02-14 16:03:53,980 - INFO - PROD: 过滤后股票数量: 3156
2025-02-14 16:03:53,980 - INFO - PROD: 处理耗时: 0.87 秒
2025-02-14 16:03:53,981 - INFO - PROD: 过滤结果已保存到数据库
2025-02-14 16:03:53,983 - INFO - PROD: 已将过滤后的股票保存至 Filter3Out.csv
2025-02-14 16:03:53,983 - INFO - PROD: 
QAFilter3 过滤程序执行完成
